XRT Build Version: 2.14.354 (2022.2)
       Build Date: 2022-10-08 09:51:53
          Hash ID: 43926231f7183688add2dccfd391b36a1f000bea
Creating a default 'in-memory' xclbin image.

Section: 'BITSTREAM'(0) was successfully added.
Size   : 3961568 bytes
Format : RAW
File   : '/home/biloba/Documents/Repositories/A3D3-Neuro-Demo/LFADS-2023_12_19_U55C_Full_LFADS/build_dir.sw_emu.xilinx_u55c_gen3x16_xdma_3_202210_1/link/int/alveo_hls4ml.so'

Section: 'MEM_TOPOLOGY'(6) was successfully added.
Format : JSON
File   : 'mem_topology'

Section: 'IP_LAYOUT'(8) was successfully added.
Format : JSON
File   : 'ip_layout'

Section: 'CONNECTIVITY'(7) was successfully added.
Format : JSON
File   : 'connectivity'
WARNING: Skipping CLOCK_FREQ_TOPOLOGY section for count size is zero.
WARNING: Section 'CLOCK_FREQ_TOPOLOGY' content is empty.  No data in the given JSON file.

Section: 'CLOCK_FREQ_TOPOLOGY'(11) was empty.  No action taken.
Format : JSON
File   : '/home/biloba/Documents/Repositories/A3D3-Neuro-Demo/LFADS-2023_12_19_U55C_Full_LFADS/build_dir.sw_emu.xilinx_u55c_gen3x16_xdma_3_202210_1/link/int/alveo_hls4ml_xml.rtd'

Section: 'BUILD_METADATA'(14) was successfully added.
Size   : 2582 bytes
Format : JSON
File   : '/home/biloba/Documents/Repositories/A3D3-Neuro-Demo/LFADS-2023_12_19_U55C_Full_LFADS/build_dir.sw_emu.xilinx_u55c_gen3x16_xdma_3_202210_1/link/int/alveo_hls4ml_build.rtd'

Section: 'EMBEDDED_METADATA'(2) was successfully added.
Size   : 2501 bytes
Format : RAW
File   : '/home/biloba/Documents/Repositories/A3D3-Neuro-Demo/LFADS-2023_12_19_U55C_Full_LFADS/build_dir.sw_emu.xilinx_u55c_gen3x16_xdma_3_202210_1/link/int/alveo_hls4ml.xml'

Section: 'DEBUG_DATA'(4) was successfully added.
Size   : 0 bytes
Format : RAW
File   : '/dev/null'

Section: 'SYSTEM_METADATA'(22) was successfully added.
Size   : 13211 bytes
Format : RAW
File   : '/home/biloba/Documents/Repositories/A3D3-Neuro-Demo/LFADS-2023_12_19_U55C_Full_LFADS/build_dir.sw_emu.xilinx_u55c_gen3x16_xdma_3_202210_1/link/int/systemDiagramModel.json'

Section: 'PARTITION_METADATA'(20) was successfully appended to.
Format : JSON
File   : 'partition_metadata'

Section: 'IP_LAYOUT'(8) was successfully appended to.
Format : JSON
File   : 'ip_layout'
Successfully wrote (4006800 bytes) to the output file: /home/biloba/Documents/Repositories/A3D3-Neuro-Demo/LFADS-2023_12_19_U55C_Full_LFADS/build_dir.sw_emu.xilinx_u55c_gen3x16_xdma_3_202210_1/alveo_hls4ml.xclbin
Leaving xclbinutil.
