Vivado Simulator v2022.2
Copyright 1986-1999, 2001-2022 Xilinx, Inc. All Rights Reserved.
Running: /tools/Xilinx/Vivado/2022.2/bin/unwrapped/lnx64.o/xelab --incr --debug typical --relax --mt 8 -sv_root /tools/Xilinx/Vivado/2022.2/data/xsim/ip/sim_qdma_sc_v1_0 -sc_lib libsim_qdma_sc_v1_0.so --include /tools/Xilinx/Vivado/2022.2/data/xsim/ip/sim_qdma_sc_v1_0/include -sv_root /tools/Xilinx/Vivado/2022.2/data/simmodels/xsim/2022.2/lnx64/6.2.0/ext/protobuf -sc_lib libprotobuf.so --include /tools/Xilinx/Vivado/2022.2/data/simmodels/xsim/2022.2/lnx64/6.2.0/ext/protobuf/include -sv_root /tools/Xilinx/Vivado/2022.2/data/xsim/ip/xtlm_ipc_v1_0 -sc_lib libxtlm_ipc_v1_0.so --include /tools/Xilinx/Vivado/2022.2/data/xsim/ip/xtlm_ipc_v1_0/include -sv_root /tools/Xilinx/Vivado/2022.2/data/xsim/ip/xtlm -sc_lib libxtlm.so --include /tools/Xilinx/Vivado/2022.2/data/xsim/ip/xtlm/include -sv_root /tools/Xilinx/Vivado/2022.2/data/xsim/ip/xscl -sc_lib libxscl.so --include /tools/Xilinx/Vivado/2022.2/data/xsim/ip/xscl/include -sv_root /tools/Xilinx/Vivado/2022.2/data/xsim/ip/sim_qdma_cpp_v1_0 -sc_lib libsim_qdma_cpp_v1_0.so --include /tools/Xilinx/Vivado/2022.2/data/xsim/ip/sim_qdma_cpp_v1_0/include -sv_root /tools/Xilinx/Vivado/2022.2/data/xsim/ip/xtlm_ap_ctrl_v1_0 -sc_lib libxtlm_ap_ctrl_v1_0.so --include /tools/Xilinx/Vivado/2022.2/data/xsim/ip/xtlm_ap_ctrl_v1_0/include -sv_root /tools/Xilinx/Vivado/2022.2/data/xsim/ip/xtlm_simple_interconnect_v1_0 -sc_lib libxtlm_simple_interconnect_v1_0.so --include /tools/Xilinx/Vivado/2022.2/data/xsim/ip/xtlm_simple_interconnect_v1_0/include -sv_root /tools/Xilinx/Vivado/2022.2/data/xsim/ip/common_rpc_v1 -sc_lib libcommon_rpc_v1.so --include /tools/Xilinx/Vivado/2022.2/data/xsim/ip/common_rpc_v1/include -sv_root /tools/Xilinx/Vivado/2022.2/data/xsim/ip/common_cpp_v1_0 -sc_lib libcommon_cpp_v1_0.so --include /tools/Xilinx/Vivado/2022.2/data/xsim/ip/common_cpp_v1_0/include -sv_root /tools/Xilinx/Vivado/2022.2/data/xsim/ip/emu_perf_common_v1_0 -sc_lib libemu_perf_common_v1_0.so --include /tools/Xilinx/Vivado/2022.2/data/xsim/ip/emu_perf_common_v1_0/include --include ../../../../prj.ip_user_files/bd/pfm_dynamic/ip/pfm_dynamic_smartconn_data_0_0/xtlm --include ../../../../prj.ip_user_files/bd/pfm_dynamic/ip/pfm_dynamic_smartconn_data_0_0/sim --include ../../../../prj.ip_user_files/bd/pfm_dynamic/ip/pfm_dynamic_memory_subsystem_0/bd_0/ip/ip_4/xtlm --include ../../../../prj.ip_user_files/bd/pfm_dynamic/ip/pfm_dynamic_memory_subsystem_0/bd_0/ip/ip_4/sim --include ../../../../prj.ip_user_files/bd/pfm_dynamic/ip/pfm_dynamic_memory_subsystem_0/bd_0/ip/ip_5/xtlm --include ../../../../prj.ip_user_files/bd/pfm_dynamic/ip/pfm_dynamic_memory_subsystem_0/bd_0/ip/ip_5/sim --include ../../../../prj.ip_user_files/bd/pfm_dynamic/ip/pfm_dynamic_memory_subsystem_0/bd_0/ip/ip_6/xtlm --include ../../../../prj.ip_user_files/bd/pfm_dynamic/ip/pfm_dynamic_memory_subsystem_0/bd_0/ip/ip_6/sim --include ../../../../prj.ip_user_files/bd/pfm_dynamic/ip/pfm_dynamic_memory_subsystem_0/bd_0/ip/ip_7/xtlm --include ../../../../prj.ip_user_files/bd/pfm_dynamic/ip/pfm_dynamic_memory_subsystem_0/bd_0/ip/ip_7/sim --include ../../../../prj.ip_user_files/bd/pfm_dynamic/ip/pfm_dynamic_memory_subsystem_0/bd_0/ip/ip_8/xtlm --include ../../../../prj.ip_user_files/bd/pfm_dynamic/ip/pfm_dynamic_memory_subsystem_0/bd_0/ip/ip_8/sim --include ../../../../prj.ip_user_files/bd/pfm_dynamic/ip/pfm_dynamic_memory_subsystem_0/bd_0/ip/ip_9/xtlm --include ../../../../prj.ip_user_files/bd/pfm_dynamic/ip/pfm_dynamic_memory_subsystem_0/bd_0/ip/ip_9/sim --include ../../../../prj.ip_user_files/bd/pfm_dynamic/ip/pfm_dynamic_memory_subsystem_0/bd_0/ip/ip_10/xtlm --include ../../../../prj.ip_user_files/bd/pfm_dynamic/ip/pfm_dynamic_memory_subsystem_0/bd_0/ip/ip_10/sim --include ../../../../prj.ip_user_files/bd/pfm_dynamic/ip/pfm_dynamic_memory_subsystem_0/bd_0/ip/ip_11/xtlm --include ../../../../prj.ip_user_files/bd/pfm_dynamic/ip/pfm_dynamic_memory_subsystem_0/bd_0/ip/ip_11/sim --include ../../../../prj.ip_user_files/bd/pfm_dynamic/ip/pfm_dynamic_memory_subsystem_0/bd_0/ip/ip_24/sysc --include ../../../../prj.ip_user_files/bd/pfm_dynamic/ip/pfm_dynamic_memory_subsystem_0/bd_0/ip/ip_24/sim --include ../../../../prj.ip_user_files/bd/pfm_dynamic/ip/pfm_dynamic_memory_subsystem_0/bd_0/ip/ip_12/src --include ../../../../prj.ip_user_files/bd/pfm_dynamic/ip/pfm_dynamic_memory_subsystem_0/bd_0/ip/ip_12/sim --include ../../../../prj.ip_user_files/bd/pfm_dynamic/ip/pfm_dynamic_memory_subsystem_0/bd_0/ip/ip_14/src --include ../../../../prj.ip_user_files/bd/pfm_dynamic/ip/pfm_dynamic_memory_subsystem_0/bd_0/ip/ip_14/sim --include ../../../../prj.ip_user_files/bd/pfm_dynamic/ip/pfm_dynamic_memory_subsystem_0/bd_0/ip/ip_16/src --include ../../../../prj.ip_user_files/bd/pfm_dynamic/ip/pfm_dynamic_memory_subsystem_0/bd_0/ip/ip_16/sim --include ../../../../prj.ip_user_files/bd/pfm_dynamic/ip/pfm_dynamic_memory_subsystem_0/bd_0/ip/ip_18/src --include ../../../../prj.ip_user_files/bd/pfm_dynamic/ip/pfm_dynamic_memory_subsystem_0/bd_0/ip/ip_18/sim --include ../../../../prj.ip_user_files/bd/pfm_dynamic/ip/pfm_dynamic_memory_subsystem_0/bd_0/ip/ip_20/src --include ../../../../prj.ip_user_files/bd/pfm_dynamic/ip/pfm_dynamic_memory_subsystem_0/bd_0/ip/ip_20/sim --include ../../../../prj.ip_user_files/bd/pfm_dynamic/ip/pfm_dynamic_memory_subsystem_0/bd_0/ip/ip_22/src --include ../../../../prj.ip_user_files/bd/pfm_dynamic/ip/pfm_dynamic_memory_subsystem_0/bd_0/ip/ip_22/sim --include ../../../../prj.ip_user_files/bd/pfm_dynamic/ip/pfm_dynamic_memory_subsystem_0/bd_0/sim --include ../../../../prj.ip_user_files/bd/pfm_dynamic/ip/pfm_dynamic_hmss_0_0/bd_0/ip/ip_0/sysc/include --include ../../../../prj.ip_user_files/bd/pfm_dynamic/ip/pfm_dynamic_hmss_0_0/bd_0/ip/ip_0/sim --include ../../../../prj.ip_user_files/bd/pfm_dynamic/ip/pfm_dynamic_hmss_0_0/bd_0/ip/ip_5/sysc --include ../../../../prj.ip_user_files/bd/pfm_dynamic/ip/pfm_dynamic_hmss_0_0/bd_0/ip/ip_5/sim --include ../../../../prj.ip_user_files/bd/pfm_dynamic/ip/pfm_dynamic_hmss_0_0/bd_0/ip/ip_8/sysc --include ../../../../prj.ip_user_files/bd/pfm_dynamic/ip/pfm_dynamic_hmss_0_0/bd_0/ip/ip_8/sim --include ../../../../prj.ip_user_files/bd/pfm_dynamic/ip/pfm_dynamic_hmss_0_0/bd_0/ip/ip_11/sysc --include ../../../../prj.ip_user_files/bd/pfm_dynamic/ip/pfm_dynamic_hmss_0_0/bd_0/ip/ip_11/sim --include ../../../../prj.ip_user_files/bd/pfm_dynamic/ip/pfm_dynamic_hmss_0_0/bd_0/ip/ip_14/sysc --include ../../../../prj.ip_user_files/bd/pfm_dynamic/ip/pfm_dynamic_hmss_0_0/bd_0/ip/ip_14/sim --include ../../../../prj.ip_user_files/bd/pfm_dynamic/ip/pfm_dynamic_hmss_0_0/bd_0/ip/ip_3/xtlm --include ../../../../prj.ip_user_files/bd/pfm_dynamic/ip/pfm_dynamic_hmss_0_0/bd_0/ip/ip_3/sim --include ../../../../prj.ip_user_files/bd/pfm_dynamic/ip/pfm_dynamic_hmss_0_0/bd_0/ip/ip_4/sysc --include ../../../../prj.ip_user_files/bd/pfm_dynamic/ip/pfm_dynamic_hmss_0_0/bd_0/ip/ip_4/sim --include ../../../../prj.ip_user_files/bd/pfm_dynamic/ip/pfm_dynamic_hmss_0_0/bd_0/ip/ip_6/xtlm --include ../../../../prj.ip_user_files/bd/pfm_dynamic/ip/pfm_dynamic_hmss_0_0/bd_0/ip/ip_6/sim --include ../../../../prj.ip_user_files/bd/pfm_dynamic/ip/pfm_dynamic_hmss_0_0/bd_0/ip/ip_7/sysc --include ../../../../prj.ip_user_files/bd/pfm_dynamic/ip/pfm_dynamic_hmss_0_0/bd_0/ip/ip_7/sim --include ../../../../prj.ip_user_files/bd/pfm_dynamic/ip/pfm_dynamic_hmss_0_0/bd_0/ip/ip_9/xtlm --include ../../../../prj.ip_user_files/bd/pfm_dynamic/ip/pfm_dynamic_hmss_0_0/bd_0/ip/ip_9/sim --include ../../../../prj.ip_user_files/bd/pfm_dynamic/ip/pfm_dynamic_hmss_0_0/bd_0/ip/ip_10/sysc --include ../../../../prj.ip_user_files/bd/pfm_dynamic/ip/pfm_dynamic_hmss_0_0/bd_0/ip/ip_10/sim --include ../../../../prj.ip_user_files/bd/pfm_dynamic/ip/pfm_dynamic_hmss_0_0/bd_0/ip/ip_12/xtlm --include ../../../../prj.ip_user_files/bd/pfm_dynamic/ip/pfm_dynamic_hmss_0_0/bd_0/ip/ip_12/sim --include ../../../../prj.ip_user_files/bd/pfm_dynamic/ip/pfm_dynamic_hmss_0_0/bd_0/ip/ip_13/sysc --include ../../../../prj.ip_user_files/bd/pfm_dynamic/ip/pfm_dynamic_hmss_0_0/bd_0/ip/ip_13/sim --include ../../../../prj.ip_user_files/bd/pfm_dynamic/ip/pfm_dynamic_hmss_0_0/bd_0/sim --include ../../../../prj.ip_user_files/bd/pfm_dynamic/ip/pfm_dynamic_profile_vip_0_0/sysc --include ../../../../prj.ip_user_files/bd/pfm_dynamic/ip/pfm_dynamic_profile_vip_0_0/sim --include ../../../../prj.ip_user_files/bd/pfm_dynamic/ip/pfm_dynamic_irq_const_tieoff_0/sim --include ../../../../prj.ip_user_files/bd/pfm_dynamic/ip/pfm_dynamic_dpa_hub_0/src --include ../../../../prj.ip_user_files/bd/pfm_dynamic/ip/pfm_dynamic_dpa_hub_0/sim --include ../../../../prj.ip_user_files/bd/pfm_dynamic/ip/pfm_dynamic_dpa_mon0_0/src --include ../../../../prj.ip_user_files/bd/pfm_dynamic/ip/pfm_dynamic_dpa_mon0_0/sim --include ../../../../prj.ip_user_files/bd/pfm_dynamic/ip/pfm_dynamic_dpa_mon1_0/src --include ../../../../prj.ip_user_files/bd/pfm_dynamic/ip/pfm_dynamic_dpa_mon1_0/sim --include ../../../../prj.ip_user_files/bd/pfm_dynamic/ip/pfm_dynamic_dpa_mon2_0/src --include ../../../../prj.ip_user_files/bd/pfm_dynamic/ip/pfm_dynamic_dpa_mon2_0/sim --include ../../../../prj.ip_user_files/bd/pfm_dynamic/ip/pfm_dynamic_xbar_3/src --include ../../../../prj.ip_user_files/bd/pfm_dynamic/ip/pfm_dynamic_xbar_3/sim --include ../../../../prj.ip_user_files/bd/pfm_dynamic/ip/pfm_dynamic_xbar_4/src --include ../../../../prj.ip_user_files/bd/pfm_dynamic/ip/pfm_dynamic_xbar_4/sim --include ../../../../prj.ip_user_files/bd/pfm_dynamic/ip/pfm_dynamic_m01_regslice_4/sysc --include ../../../../prj.ip_user_files/bd/pfm_dynamic/ip/pfm_dynamic_m01_regslice_4/sim --include ../../../../prj.ip_user_files/bd/pfm_dynamic/ip/pfm_dynamic_m02_regslice_4/sysc --include ../../../../prj.ip_user_files/bd/pfm_dynamic/ip/pfm_dynamic_m02_regslice_4/sim --include ../../../../prj.ip_user_files/bd/pfm_dynamic/ip/pfm_dynamic_auto_cc_0/sysc --include ../../../../prj.ip_user_files/bd/pfm_dynamic/ip/pfm_dynamic_auto_cc_0/sim --include ../../../../prj.ip_user_files/bd/pfm_dynamic/ip/pfm_dynamic_s00_regslice_0/sysc --include ../../../../prj.ip_user_files/bd/pfm_dynamic/ip/pfm_dynamic_s00_regslice_0/sim --include ../../../../prj.ip_user_files/bd/pfm_dynamic/ip/pfm_dynamic_m00_regslice_0/sysc --include ../../../../prj.ip_user_files/bd/pfm_dynamic/ip/pfm_dynamic_m00_regslice_0/sim --include ../../../../prj.ip_user_files/bd/pfm_dynamic/ip/pfm_dynamic_auto_cc_1/sysc --include ../../../../prj.ip_user_files/bd/pfm_dynamic/ip/pfm_dynamic_auto_cc_1/sim --include ../../../../prj.ip_user_files/bd/pfm_dynamic/ip/pfm_dynamic_m01_regslice_5/sysc --include ../../../../prj.ip_user_files/bd/pfm_dynamic/ip/pfm_dynamic_m01_regslice_5/sim --include ../../../../prj.ip_user_files/bd/pfm_dynamic/ip/pfm_dynamic_auto_cc_2/sysc --include ../../../../prj.ip_user_files/bd/pfm_dynamic/ip/pfm_dynamic_auto_cc_2/sim --include ../../../../prj.ip_user_files/bd/pfm_dynamic/ip/pfm_dynamic_m02_regslice_5/sysc --include ../../../../prj.ip_user_files/bd/pfm_dynamic/ip/pfm_dynamic_m02_regslice_5/sim --include ../../../../prj.ip_user_files/bd/pfm_dynamic/ip/pfm_dynamic_auto_cc_3/sysc --include ../../../../prj.ip_user_files/bd/pfm_dynamic/ip/pfm_dynamic_auto_cc_3/sim --include ../../../../prj.ip_user_files/bd/pfm_dynamic/ip/pfm_dynamic_m03_regslice_0/sysc --include ../../../../prj.ip_user_files/bd/pfm_dynamic/ip/pfm_dynamic_m03_regslice_0/sim --include ../../../../prj.ip_user_files/bd/pfm_dynamic/ip/pfm_dynamic_auto_cc_4/sysc --include ../../../../prj.ip_user_files/bd/pfm_dynamic/ip/pfm_dynamic_auto_cc_4/sim --include ../../../../prj.ip_user_files/bd/pfm_dynamic/ip/pfm_dynamic_m04_regslice_0/sysc --include ../../../../prj.ip_user_files/bd/pfm_dynamic/ip/pfm_dynamic_m04_regslice_0/sim --include ../../../../prj.ip_user_files/bd/pfm_dynamic/ip/pfm_dynamic_auto_cc_5/sysc --include ../../../../prj.ip_user_files/bd/pfm_dynamic/ip/pfm_dynamic_auto_cc_5/sim --include ../../../../prj.ip_user_files/bd/pfm_dynamic/sim --include ../../../../prj.ip_user_files/bd/pfm_top/ip/pfm_top_embedded_schedular_0/sysc --include ../../../../prj.ip_user_files/bd/pfm_top/ip/pfm_top_embedded_schedular_0/sim --include ../../../../prj.ip_user_files/bd/pfm_top/ip/pfm_top_smartconnect_0_0/xtlm --include ../../../../prj.ip_user_files/bd/pfm_top/ip/pfm_top_smartconnect_0_0/sim --include ../../../../prj.ip_user_files/bd/pfm_top/ip/pfm_top_axi_vip_0_0/sysc --include ../../../../prj.ip_user_files/bd/pfm_top/ip/pfm_top_axi_vip_0_0/sim --include ../../../../prj.ip_user_files/bd/pfm_top/ip/pfm_top_sim_address_0_0/sysc --include ../../../../prj.ip_user_files/bd/pfm_top/ip/pfm_top_sim_address_0_0/sim --include ../../../../prj.ip_user_files/bd/pfm_top/ip/pfm_top_sim_qdma_0_0/sim --include ../../../../prj.ip_user_files/bd/pfm_top/sim --include ../../../../prj.ip_user_files/bd/pfm_top/ip/pfm_top_xbar_0/src --include ../../../../prj.ip_user_files/bd/pfm_top/ip/pfm_top_xbar_0/sim --include /tools/Xilinx/Vivado/2022.2/tps/boost_1_72_0 -L xil_defaultlib -L sim_clk_gen_v1_0_3 -L lib_cdc_v1_0_2 -L proc_sys_reset_v5_0_13 -L xlconcat_v2_1_4 -L blk_mem_gen_v8_4_5 -L lib_pkg_v1_0_2 -L axi_apb_bridge_v3_0_17 -L util_reduced_logic_v2_0_4 -L axi_lite_ipif_v3_0_4 -L interrupt_control_v3_1_4 -L axi_gpio_v2_0_29 -L uvm -L xilinx_vip -L unisims_ver -L unimacro_ver -L secureip -L xpm -sv_root . -sc_lib libdpi.so --snapshot pfm_top_wrapper_behav xil_defaultlib.pfm_top_wrapper xil_defaultlib.glbl -log elaborate.log -ignore_assertions --debug sc 
Using 8 slave threads.
WARNING: [XSIM 43-3431] One or more environment variables have been detected which affect the operation of the C compiler. These are typically not set in standard installations and are not tested by Xilinx, however they may be appropriate for your system, so the flow will attempt to continue.  If errors occur, try running xelab with the "-mt off -v 1" switches to see more information from the C compiler. The following environment variables have been detected:
Starting static elaboration
Pass Through NonSizing Optimizer
WARNING: [VRFC 10-5021] port 'mb_reset' is not connected on this instance [/home/biloba/Documents/A3D3-Neuro-Demo/LFADS-2023_12_19_U55C_Full_LFADS/build_dir.hw_emu.xilinx_u55c_gen3x16_xdma_3_202210_1/link/vivado/vpl/prj/prj.ip_user_files/bd/pfm_dynamic/sim/pfm_dynamic.v:4552]
WARNING: [VRFC 10-5021] port 'mb_reset' is not connected on this instance [/home/biloba/Documents/A3D3-Neuro-Demo/LFADS-2023_12_19_U55C_Full_LFADS/build_dir.hw_emu.xilinx_u55c_gen3x16_xdma_3_202210_1/link/vivado/vpl/prj/prj.ip_user_files/bd/pfm_dynamic/sim/pfm_dynamic.v:4558]
WARNING: [VRFC 10-5021] port 'mb_reset' is not connected on this instance [/home/biloba/Documents/A3D3-Neuro-Demo/LFADS-2023_12_19_U55C_Full_LFADS/build_dir.hw_emu.xilinx_u55c_gen3x16_xdma_3_202210_1/link/vivado/vpl/prj/prj.ip_user_files/bd/pfm_dynamic/sim/pfm_dynamic.v:4566]
WARNING: [VRFC 10-5021] port 'mb_reset' is not connected on this instance [/home/biloba/Documents/A3D3-Neuro-Demo/LFADS-2023_12_19_U55C_Full_LFADS/build_dir.hw_emu.xilinx_u55c_gen3x16_xdma_3_202210_1/link/vivado/vpl/prj/prj.ip_user_files/bd/pfm_dynamic/sim/pfm_dynamic.v:4572]
WARNING: [VRFC 10-5021] port 'mb_reset' is not connected on this instance [/home/biloba/Documents/A3D3-Neuro-Demo/LFADS-2023_12_19_U55C_Full_LFADS/build_dir.hw_emu.xilinx_u55c_gen3x16_xdma_3_202210_1/link/vivado/vpl/prj/prj.ip_user_files/bd/pfm_dynamic/ip/pfm_dynamic_hmss_0_0/bd_0/sim/bd_5dca.v:867]
WARNING: [VRFC 10-5021] port 'mb_reset' is not connected on this instance [/home/biloba/Documents/A3D3-Neuro-Demo/LFADS-2023_12_19_U55C_Full_LFADS/build_dir.hw_emu.xilinx_u55c_gen3x16_xdma_3_202210_1/link/vivado/vpl/prj/prj.ip_user_files/bd/pfm_dynamic/ip/pfm_dynamic_hmss_0_0/bd_0/sim/bd_5dca.v:874]
WARNING: [VRFC 10-5021] port 'mb_reset' is not connected on this instance [/home/biloba/Documents/A3D3-Neuro-Demo/LFADS-2023_12_19_U55C_Full_LFADS/build_dir.hw_emu.xilinx_u55c_gen3x16_xdma_3_202210_1/link/vivado/vpl/prj/prj.ip_user_files/bd/pfm_dynamic/ip/pfm_dynamic_memory_subsystem_0/bd_0/sim/bd_d216.v:4493]
WARNING: [VRFC 10-5021] port 'mb_reset' is not connected on this instance [/home/biloba/Documents/A3D3-Neuro-Demo/LFADS-2023_12_19_U55C_Full_LFADS/build_dir.hw_emu.xilinx_u55c_gen3x16_xdma_3_202210_1/link/vivado/vpl/prj/prj.ip_user_files/bd/pfm_dynamic/ip/pfm_dynamic_memory_subsystem_0/bd_0/sim/bd_d216.v:4500]
WARNING: [VRFC 10-5021] port 'mb_reset' is not connected on this instance [/home/biloba/Documents/A3D3-Neuro-Demo/LFADS-2023_12_19_U55C_Full_LFADS/build_dir.hw_emu.xilinx_u55c_gen3x16_xdma_3_202210_1/link/vivado/vpl/prj/prj.ip_user_files/bd/pfm_dynamic/ip/pfm_dynamic_memory_subsystem_0/bd_0/sim/bd_d216.v:4507]
WARNING: [VRFC 10-5021] port 'gpio_io_o' is not connected on this instance [/home/biloba/Documents/A3D3-Neuro-Demo/LFADS-2023_12_19_U55C_Full_LFADS/build_dir.hw_emu.xilinx_u55c_gen3x16_xdma_3_202210_1/link/vivado/vpl/prj/prj.ip_user_files/bd/pfm_dynamic/sim/pfm_dynamic.v:7695]
WARNING: [VRFC 10-5021] port 'gpio_io_o' is not connected on this instance [/home/biloba/Documents/A3D3-Neuro-Demo/LFADS-2023_12_19_U55C_Full_LFADS/build_dir.hw_emu.xilinx_u55c_gen3x16_xdma_3_202210_1/link/vivado/vpl/prj/prj.ip_user_files/bd/pfm_dynamic/sim/pfm_dynamic.v:7855]
WARNING: [VRFC 10-5021] port 'gpio_io_o' is not connected on this instance [/home/biloba/Documents/A3D3-Neuro-Demo/LFADS-2023_12_19_U55C_Full_LFADS/build_dir.hw_emu.xilinx_u55c_gen3x16_xdma_3_202210_1/link/vivado/vpl/prj/prj.ip_user_files/bd/pfm_dynamic/sim/pfm_dynamic.v:8015]
Completed static elaboration
Starting simulation data flow analysis
WARNING: [XSIM 43-4099] "/home/biloba/Documents/A3D3-Neuro-Demo/LFADS-2023_12_19_U55C_Full_LFADS/build_dir.hw_emu.xilinx_u55c_gen3x16_xdma_3_202210_1/link/vivado/vpl/prj/prj.ip_user_files/bd/pfm_dynamic/ip/pfm_dynamic_hmss_0_0/bd_0/sim/bd_5dca_sci_stub.sv" Line 10. Module bd_5dca_sci doesn't have a timescale but at least one module in design has a timescale.
WARNING: [XSIM 43-4099] "/home/biloba/Documents/A3D3-Neuro-Demo/LFADS-2023_12_19_U55C_Full_LFADS/build_dir.hw_emu.xilinx_u55c_gen3x16_xdma_3_202210_1/link/vivado/vpl/prj/prj.ip_user_files/bd/pfm_dynamic/ip/pfm_dynamic_irq_const_tieoff_0/sim/pfm_dynamic_irq_const_tieoff_0_stub.sv" Line 63. Module pfm_dynamic_irq_const_tieoff_0 doesn't have a timescale but at least one module in design has a timescale.
WARNING: [XSIM 43-4099] "/home/biloba/Documents/A3D3-Neuro-Demo/LFADS-2023_12_19_U55C_Full_LFADS/build_dir.hw_emu.xilinx_u55c_gen3x16_xdma_3_202210_1/link/vivado/vpl/prj/prj.ip_user_files/bd/pfm_dynamic/ip/pfm_dynamic_memory_subsystem_0/bd_0/sim/bd_d216_sci_stub.sv" Line 10. Module bd_d216_sci doesn't have a timescale but at least one module in design has a timescale.
WARNING: [XSIM 43-4099] "/home/biloba/Documents/A3D3-Neuro-Demo/LFADS-2023_12_19_U55C_Full_LFADS/build_dir.hw_emu.xilinx_u55c_gen3x16_xdma_3_202210_1/link/vivado/vpl/prj/prj.ip_user_files/bd/pfm_top/sim/pfm_top_sci_stub.sv" Line 10. Module pfm_top_sci doesn't have a timescale but at least one module in design has a timescale.
WARNING: [XSIM 43-4099] "/home/biloba/Documents/A3D3-Neuro-Demo/LFADS-2023_12_19_U55C_Full_LFADS/build_dir.hw_emu.xilinx_u55c_gen3x16_xdma_3_202210_1/link/vivado/vpl/prj/prj.ip_user_files/bd/pfm_dynamic/ip/pfm_dynamic_hmss_0_0/bd_0/sim/bd_5dca_sci_stub.sv" Line 10. Module bd_5dca_sci doesn't have a timescale but at least one module in design has a timescale.
WARNING: [XSIM 43-4099] "/home/biloba/Documents/A3D3-Neuro-Demo/LFADS-2023_12_19_U55C_Full_LFADS/build_dir.hw_emu.xilinx_u55c_gen3x16_xdma_3_202210_1/link/vivado/vpl/prj/prj.ip_user_files/bd/pfm_dynamic/ip/pfm_dynamic_irq_const_tieoff_0/sim/pfm_dynamic_irq_const_tieoff_0_stub.sv" Line 63. Module pfm_dynamic_irq_const_tieoff_0 doesn't have a timescale but at least one module in design has a timescale.
WARNING: [XSIM 43-4099] "/home/biloba/Documents/A3D3-Neuro-Demo/LFADS-2023_12_19_U55C_Full_LFADS/build_dir.hw_emu.xilinx_u55c_gen3x16_xdma_3_202210_1/link/vivado/vpl/prj/prj.ip_user_files/bd/pfm_dynamic/ip/pfm_dynamic_memory_subsystem_0/bd_0/sim/bd_d216_sci_stub.sv" Line 10. Module bd_d216_sci doesn't have a timescale but at least one module in design has a timescale.
WARNING: [XSIM 43-4099] "/home/biloba/Documents/A3D3-Neuro-Demo/LFADS-2023_12_19_U55C_Full_LFADS/build_dir.hw_emu.xilinx_u55c_gen3x16_xdma_3_202210_1/link/vivado/vpl/prj/prj.ip_user_files/bd/pfm_top/sim/pfm_top_sci_stub.sv" Line 10. Module pfm_top_sci doesn't have a timescale but at least one module in design has a timescale.
Completed simulation data flow analysis
Time Resolution for simulation is 1ps
INFO: [XSIM 43-4431] System-C Modules instantiated in Design
Compiling package std.standard
Compiling package std.textio
Compiling package ieee.std_logic_1164
Compiling package ieee.numeric_std
Compiling package ieee.std_logic_arith
Compiling package ieee.std_logic_unsigned
Compiling package synopsys.attributes
Compiling package ieee.std_logic_misc
Compiling package lib_pkg_v1_0_2.lib_pkg
Compiling package unisim.vcomponents
Compiling package ieee.vital_timing
Compiling package ieee.vital_primitives
Compiling package unisim.vpkg
Compiling package axi_lite_ipif_v3_0_4.ipif_pkg
Compiling package xil_defaultlib.$unit_pfm_dynamic_irq_const_tieo...
Compiling package xil_defaultlib.$unit_bd_5dca_hbm_inst_0_stub_sv...
Compiling package xil_defaultlib.$unit_bd_5dca_interconnect1_0_0_...
Compiling package xil_defaultlib.$unit_bd_5dca_interconnect2_1_0_...
Compiling package xil_defaultlib.$unit_bd_5dca_interconnect3_2_0_...
Compiling package xil_defaultlib.$unit_bd_5dca_interconnect0_3_0_...
Compiling package xil_defaultlib.$unit_bd_d216_interconnect_M00_A...
Compiling package xil_defaultlib.$unit_bd_d216_interconnect_PLRAM...
Compiling package xil_defaultlib.$unit_bd_d216_interconnect_PLRAM...
Compiling package xil_defaultlib.$unit_bd_d216_interconnect_PLRAM...
Compiling package xil_defaultlib.$unit_bd_d216_interconnect_PLRAM...
Compiling package xil_defaultlib.$unit_bd_d216_interconnect_PLRAM...
Compiling package xil_defaultlib.$unit_bd_d216_interconnect_PLRAM...
Compiling package xil_defaultlib.$unit_bd_d216_interconnect_S00_A...
Compiling package xil_defaultlib.$unit_bd_d216_plram_mem01_0_stub...
Compiling package xil_defaultlib.$unit_bd_d216_plram_mem02_0_stub...
Compiling package xil_defaultlib.$unit_bd_d216_plram_mem03_0_stub...
Compiling package xil_defaultlib.$unit_bd_d216_plram_mem04_0_stub...
Compiling package xil_defaultlib.$unit_bd_d216_plram_mem05_0_stub...
Compiling package xil_defaultlib.$unit_pfm_dynamic_profile_vip_0_...
Compiling package xil_defaultlib.$unit_pfm_dynamic_smartconn_data...
Compiling package xil_defaultlib.$unit_pfm_top_embedded_schedular...
Compiling module xil_defaultlib.pfm_dynamic_auto_cc_1
Compiling module xil_defaultlib.pfm_dynamic_m00_regslice_0
Compiling module xil_defaultlib.m00_couplers_imp_184K1VH
Compiling module xil_defaultlib.pfm_dynamic_auto_cc_2
Compiling module xil_defaultlib.pfm_dynamic_m01_regslice_5
Compiling module xil_defaultlib.m01_couplers_imp_87NC3
Compiling module xil_defaultlib.pfm_dynamic_auto_cc_3
Compiling module xil_defaultlib.pfm_dynamic_m02_regslice_5
Compiling module xil_defaultlib.m02_couplers_imp_YCLZI8
Compiling module xil_defaultlib.pfm_dynamic_auto_cc_4
Compiling module xil_defaultlib.pfm_dynamic_m03_regslice_0
Compiling module xil_defaultlib.m03_couplers_imp_1RAAZKU
Compiling module xil_defaultlib.pfm_dynamic_auto_cc_5
Compiling module xil_defaultlib.pfm_dynamic_m04_regslice_0
Compiling module xil_defaultlib.m04_couplers_imp_13DUO5I
Compiling module xil_defaultlib.pfm_dynamic_s00_regslice_0
Compiling module xil_defaultlib.s00_couplers_imp_VX2DF1
Compiling module xil_defaultlib.pfm_dynamic_xbar_4
Compiling module xil_defaultlib.pfm_dynamic_dpa_ctrl_interconnec...
Compiling module xil_defaultlib.pfm_dynamic_dpa_hub_0
Compiling module xil_defaultlib.pfm_dynamic_dpa_mon0_0
Compiling module xil_defaultlib.pfm_dynamic_dpa_mon1_0
Compiling module xil_defaultlib.pfm_dynamic_dpa_mon2_0
Compiling module xil_defaultlib.System_DPA_imp_NCWU00
Compiling module xil_defaultlib.alveo_hls4ml_control_s_axi
Compiling module xil_defaultlib.alveo_hls4ml_gmem0_m_axi_srl(DAT...
Compiling module xil_defaultlib.alveo_hls4ml_gmem0_m_axi_fifo(DA...
Compiling module xil_defaultlib.alveo_hls4ml_gmem0_m_axi_mem(MEM...
Compiling module xil_defaultlib.alveo_hls4ml_gmem0_m_axi_fifo(ME...
Compiling module xil_defaultlib.alveo_hls4ml_gmem0_m_axi_srl(DAT...
Compiling module xil_defaultlib.alveo_hls4ml_gmem0_m_axi_fifo(DA...
Compiling module xil_defaultlib.alveo_hls4ml_gmem0_m_axi_srl(DAT...
Compiling module xil_defaultlib.alveo_hls4ml_gmem0_m_axi_fifo(DA...
Compiling module xil_defaultlib.alveo_hls4ml_gmem0_m_axi_store(N...
Compiling module xil_defaultlib.alveo_hls4ml_gmem0_m_axi_mem(MEM...
Compiling module xil_defaultlib.alveo_hls4ml_gmem0_m_axi_fifo(ME...
Compiling module xil_defaultlib.alveo_hls4ml_gmem0_m_axi_load(NU...
Compiling module xil_defaultlib.alveo_hls4ml_gmem0_m_axi_reg_sli...
Compiling module xil_defaultlib.alveo_hls4ml_gmem0_m_axi_srl(DAT...
Compiling module xil_defaultlib.alveo_hls4ml_gmem0_m_axi_fifo(DA...
Compiling module xil_defaultlib.alveo_hls4ml_gmem0_m_axi_reg_sli...
Compiling module xil_defaultlib.alveo_hls4ml_gmem0_m_axi_srl(DAT...
Compiling module xil_defaultlib.alveo_hls4ml_gmem0_m_axi_fifo(DA...
Compiling module xil_defaultlib.alveo_hls4ml_gmem0_m_axi_srl(DAT...
Compiling module xil_defaultlib.alveo_hls4ml_gmem0_m_axi_fifo(DA...
Compiling module xil_defaultlib.alveo_hls4ml_gmem0_m_axi_throttl...
Compiling module xil_defaultlib.alveo_hls4ml_gmem0_m_axi_reg_sli...
Compiling module xil_defaultlib.alveo_hls4ml_gmem0_m_axi_write(C...
Compiling module xil_defaultlib.alveo_hls4ml_gmem0_m_axi_reg_sli...
Compiling module xil_defaultlib.alveo_hls4ml_gmem0_m_axi_read(C_...
Compiling module xil_defaultlib.alveo_hls4ml_gmem0_m_axi(CONSERV...
Compiling module xil_defaultlib.alveo_hls4ml_gmem1_m_axi_srl(DAT...
Compiling module xil_defaultlib.alveo_hls4ml_gmem1_m_axi_fifo(DA...
Compiling module xil_defaultlib.alveo_hls4ml_gmem1_m_axi_mem(MEM...
Compiling module xil_defaultlib.alveo_hls4ml_gmem1_m_axi_fifo(ME...
Compiling module xil_defaultlib.alveo_hls4ml_gmem1_m_axi_srl(DAT...
Compiling module xil_defaultlib.alveo_hls4ml_gmem1_m_axi_fifo(DA...
Compiling module xil_defaultlib.alveo_hls4ml_gmem1_m_axi_srl(DAT...
Compiling module xil_defaultlib.alveo_hls4ml_gmem1_m_axi_fifo(DA...
Compiling module xil_defaultlib.alveo_hls4ml_gmem1_m_axi_store(N...
Compiling module xil_defaultlib.alveo_hls4ml_gmem1_m_axi_mem(MEM...
Compiling module xil_defaultlib.alveo_hls4ml_gmem1_m_axi_fifo(ME...
Compiling module xil_defaultlib.alveo_hls4ml_gmem1_m_axi_load(NU...
Compiling module xil_defaultlib.alveo_hls4ml_gmem1_m_axi_reg_sli...
Compiling module xil_defaultlib.alveo_hls4ml_gmem1_m_axi_srl(DAT...
Compiling module xil_defaultlib.alveo_hls4ml_gmem1_m_axi_fifo(DA...
Compiling module xil_defaultlib.alveo_hls4ml_gmem1_m_axi_reg_sli...
Compiling module xil_defaultlib.alveo_hls4ml_gmem1_m_axi_srl(DAT...
Compiling module xil_defaultlib.alveo_hls4ml_gmem1_m_axi_fifo(DA...
Compiling module xil_defaultlib.alveo_hls4ml_gmem1_m_axi_srl(DAT...
Compiling module xil_defaultlib.alveo_hls4ml_gmem1_m_axi_fifo(DA...
Compiling module xil_defaultlib.alveo_hls4ml_gmem1_m_axi_throttl...
Compiling module xil_defaultlib.alveo_hls4ml_gmem1_m_axi_reg_sli...
Compiling module xil_defaultlib.alveo_hls4ml_gmem1_m_axi_write(C...
Compiling module xil_defaultlib.alveo_hls4ml_gmem1_m_axi_reg_sli...
Compiling module xil_defaultlib.alveo_hls4ml_gmem1_m_axi_read(C_...
Compiling module xil_defaultlib.alveo_hls4ml_gmem1_m_axi(CONSERV...
Compiling module xil_defaultlib.alveo_hls4ml_gmem2_m_axi_srl(DAT...
Compiling module xil_defaultlib.alveo_hls4ml_gmem2_m_axi_fifo(DA...
Compiling module xil_defaultlib.alveo_hls4ml_gmem2_m_axi_mem(MEM...
Compiling module xil_defaultlib.alveo_hls4ml_gmem2_m_axi_fifo(ME...
Compiling module xil_defaultlib.alveo_hls4ml_gmem2_m_axi_srl(DAT...
Compiling module xil_defaultlib.alveo_hls4ml_gmem2_m_axi_fifo(DA...
Compiling module xil_defaultlib.alveo_hls4ml_gmem2_m_axi_srl(DAT...
Compiling module xil_defaultlib.alveo_hls4ml_gmem2_m_axi_fifo(DA...
Compiling module xil_defaultlib.alveo_hls4ml_gmem2_m_axi_store(N...
Compiling module xil_defaultlib.alveo_hls4ml_gmem2_m_axi_mem(MEM...
Compiling module xil_defaultlib.alveo_hls4ml_gmem2_m_axi_fifo(ME...
Compiling module xil_defaultlib.alveo_hls4ml_gmem2_m_axi_load(NU...
Compiling module xil_defaultlib.alveo_hls4ml_gmem2_m_axi_reg_sli...
Compiling module xil_defaultlib.alveo_hls4ml_gmem2_m_axi_srl(DAT...
Compiling module xil_defaultlib.alveo_hls4ml_gmem2_m_axi_fifo(DA...
Compiling module xil_defaultlib.alveo_hls4ml_gmem2_m_axi_reg_sli...
Compiling module xil_defaultlib.alveo_hls4ml_gmem2_m_axi_srl(DAT...
Compiling module xil_defaultlib.alveo_hls4ml_gmem2_m_axi_fifo(DA...
Compiling module xil_defaultlib.alveo_hls4ml_gmem2_m_axi_srl(DAT...
Compiling module xil_defaultlib.alveo_hls4ml_gmem2_m_axi_fifo(DA...
Compiling module xil_defaultlib.alveo_hls4ml_gmem2_m_axi_throttl...
Compiling module xil_defaultlib.alveo_hls4ml_gmem2_m_axi_reg_sli...
Compiling module xil_defaultlib.alveo_hls4ml_gmem2_m_axi_write(C...
Compiling module xil_defaultlib.alveo_hls4ml_gmem2_m_axi_reg_sli...
Compiling module xil_defaultlib.alveo_hls4ml_gmem2_m_axi_read(C_...
Compiling module xil_defaultlib.alveo_hls4ml_gmem2_m_axi(CONSERV...
Compiling module xil_defaultlib.alveo_hls4ml_entry_proc
Compiling module xil_defaultlib.alveo_hls4ml_flow_control_loop_p...
Compiling module xil_defaultlib.alveo_hls4ml_Loop_VITIS_LOOP_67_...
Compiling module xil_defaultlib.alveo_hls4ml_Loop_VITIS_LOOP_67_...
Compiling module xil_defaultlib.alveo_hls4ml_Loop_VITIS_LOOP_74_...
Compiling module xil_defaultlib.alveo_hls4ml_Loop_VITIS_LOOP_74_...
Compiling module xil_defaultlib.alveo_hls4ml_bidirectional_array...
Compiling module xil_defaultlib.alveo_hls4ml_bidirectional_array...
Compiling module xil_defaultlib.alveo_hls4ml_gru_static_ap_fixed...
Compiling module xil_defaultlib.alveo_hls4ml_gru_static_ap_fixed...
Compiling module xil_defaultlib.alveo_hls4ml_gru_static_ap_fixed...
Compiling module xil_defaultlib.alveo_hls4ml_mul_mul_16s_16s_32_...
Compiling module xil_defaultlib.alveo_hls4ml_mul_mul_16s_16s_32_...
Compiling module xil_defaultlib.alveo_hls4ml_mul_mul_16s_15s_31_...
Compiling module xil_defaultlib.alveo_hls4ml_mul_mul_16s_15s_31_...
Compiling module xil_defaultlib.alveo_hls4ml_flow_control_loop_p...
Compiling module xil_defaultlib.alveo_hls4ml_dense_resource_ap_f...
Compiling module xil_defaultlib.alveo_hls4ml_mul_mul_16s_16s_32_...
Compiling module xil_defaultlib.alveo_hls4ml_mul_mul_16s_16s_32_...
Compiling module xil_defaultlib.alveo_hls4ml_mul_mul_16s_15s_31_...
Compiling module xil_defaultlib.alveo_hls4ml_mul_mul_16s_15s_31_...
Compiling module xil_defaultlib.alveo_hls4ml_dense_resource_ap_f...
Compiling module xil_defaultlib.alveo_hls4ml_hard_sigmoid_ap_fix...
Compiling module xil_defaultlib.alveo_hls4ml_mul_32s_16ns_48_2_1...
Compiling module xil_defaultlib.alveo_hls4ml_mux_646_32_1_1(ID=1...
Compiling module xil_defaultlib.alveo_hls4ml_mul_mul_16s_16ns_32...
Compiling module xil_defaultlib.alveo_hls4ml_mul_mul_16s_16ns_32...
Compiling module xil_defaultlib.alveo_hls4ml_mac_muladd_17ns_16s...
Compiling module xil_defaultlib.alveo_hls4ml_mac_muladd_17ns_16s...
Compiling module xil_defaultlib.alveo_hls4ml_gru_static_ap_fixed...
Compiling module xil_defaultlib.alveo_hls4ml_gru_stack_for_bidir...
Compiling module xil_defaultlib.alveo_hls4ml_gru_static_ap_fixed...
Compiling module xil_defaultlib.alveo_hls4ml_gru_static_ap_fixed...
Compiling module xil_defaultlib.alveo_hls4ml_gru_static_ap_fixed...
Compiling module xil_defaultlib.alveo_hls4ml_gru_stack_for_bidir...
Compiling module xil_defaultlib.alveo_hls4ml_bidirectional_array...
Compiling module xil_defaultlib.alveo_hls4ml_linear_ap_fixed_33_...
Compiling module xil_defaultlib.alveo_hls4ml_clone_stream_ap_fix...
Compiling module xil_defaultlib.alveo_hls4ml_dense_wrapper_ap_fi...
Compiling module xil_defaultlib.alveo_hls4ml_mux_1287_16_1_1(ID=...
Compiling module xil_defaultlib.alveo_hls4ml_mul_mul_16s_14s_30_...
Compiling module xil_defaultlib.alveo_hls4ml_mul_mul_16s_14s_30_...
Compiling module xil_defaultlib.alveo_hls4ml_dense_wrapper_ap_fi...
Compiling module xil_defaultlib.alveo_hls4ml_dense_ap_fixed_16_6...
Compiling module xil_defaultlib.alveo_hls4ml_dense_wrapper_ap_fi...
Compiling module xil_defaultlib.alveo_hls4ml_dense_wrapper_ap_fi...
Compiling module xil_defaultlib.alveo_hls4ml_dense_ap_fixed_16_6...
Compiling module xil_defaultlib.alveo_hls4ml_linear_ap_fixed_16_...
Compiling module xil_defaultlib.alveo_hls4ml_clone_stream_ap_fix...
Compiling module xil_defaultlib.alveo_hls4ml_linear_ap_fixed_16_...
Compiling module xil_defaultlib.alveo_hls4ml_explogvar_ap_fixed_...
Compiling module xil_defaultlib.alveo_hls4ml_explogvar_ap_fixed_...
Compiling module xil_defaultlib.alveo_hls4ml_srn_ap_fixed_32_16_...
Compiling module xil_defaultlib.alveo_hls4ml_srn_ap_fixed_ap_fix...
Compiling module xil_defaultlib.alveo_hls4ml_srn_ap_fixed_ap_fix...
Compiling module xil_defaultlib.alveo_hls4ml_srn_ap_fixed_ap_fix...
Compiling module xil_defaultlib.alveo_hls4ml_srn_ap_fixed_ap_fix...
Compiling module xil_defaultlib.alveo_hls4ml_srn_ap_fixed_ap_fix...
Compiling module xil_defaultlib.alveo_hls4ml_mul_34s_34ns_67_2_1...
Compiling module xil_defaultlib.alveo_hls4ml_srn_ap_fixed_ap_fix...
Compiling module xil_defaultlib.alveo_hls4ml_srn_ap_fixed_32_16_...
Compiling module xil_defaultlib.alveo_hls4ml_linear_ap_fixed_16_...
Compiling module xil_defaultlib.alveo_hls4ml_linear_ap_fixed_32_...
Compiling module xil_defaultlib.alveo_hls4ml_mul_mul_18s_16s_29_...
Compiling module xil_defaultlib.alveo_hls4ml_mul_mul_18s_16s_29_...
Compiling module xil_defaultlib.alveo_hls4ml_multiply_ap_fixed_a...
Compiling module xil_defaultlib.alveo_hls4ml_linear_ap_fixed_16_...
Compiling module xil_defaultlib.alveo_hls4ml_add_ap_fixed_ap_fix...
Compiling module xil_defaultlib.alveo_hls4ml_linear_ap_fixed_16_...
Compiling module xil_defaultlib.alveo_hls4ml_dense_resource_ap_f...
Compiling module xil_defaultlib.alveo_hls4ml_dense_resource_ap_f...
Compiling module xil_defaultlib.alveo_hls4ml_dense_resource_ap_f...
Compiling module xil_defaultlib.alveo_hls4ml_dense_resource_ap_f...
Compiling module xil_defaultlib.alveo_hls4ml_hard_sigmoid_ap_fix...
Compiling module xil_defaultlib.alveo_hls4ml_gru_static_ap_fixed...
Compiling module xil_defaultlib.alveo_hls4ml_gru_stack_array_ap_...
Compiling module xil_defaultlib.alveo_hls4ml_flow_control_loop_p...
Compiling module xil_defaultlib.alveo_hls4ml_linear_ap_fixed_33_...
Compiling module xil_defaultlib.alveo_hls4ml_mux_646_16_1_1(ID=1...
Compiling module xil_defaultlib.alveo_hls4ml_dense_resource_ap_f...
Compiling module xil_defaultlib.alveo_hls4ml_pointwise_conv_1d_c...
Compiling module xil_defaultlib.alveo_hls4ml_linear_ap_fixed_16_...
Compiling module xil_defaultlib.alveo_hls4ml_mux_42_16_1_1(ID=1,...
Compiling module xil_defaultlib.alveo_hls4ml_dense_resource_ap_f...
Compiling module xil_defaultlib.alveo_hls4ml_pointwise_conv_1d_c...
Compiling module xil_defaultlib.alveo_hls4ml_fifo_w33_d1_S_Shift...
Compiling module xil_defaultlib.alveo_hls4ml_fifo_w33_d1_S
Compiling module xil_defaultlib.alveo_hls4ml_fifo_w16_d1_S_Shift...
Compiling module xil_defaultlib.alveo_hls4ml_fifo_w16_d1_S
Compiling module xil_defaultlib.alveo_hls4ml_fifo_w32_d1_S_Shift...
Compiling module xil_defaultlib.alveo_hls4ml_fifo_w32_d1_S
Compiling module xil_defaultlib.alveo_hls4ml_fifo_w10_d1_S_Shift...
Compiling module xil_defaultlib.alveo_hls4ml_fifo_w10_d1_S
Compiling module xil_defaultlib.alveo_hls4ml_fifo_w18_d1_S_Shift...
Compiling module xil_defaultlib.alveo_hls4ml_fifo_w18_d1_S
Compiling module xil_defaultlib.alveo_hls4ml_fifo_w33_d73_A_ram
Compiling module xil_defaultlib.alveo_hls4ml_fifo_w33_d73_A
Compiling module xil_defaultlib.alveo_hls4ml_fifo_w16_d73_A_ram
Compiling module xil_defaultlib.alveo_hls4ml_fifo_w16_d73_A
Compiling module xil_defaultlib.alveo_hls4ml_start_for_linear_ap...
Compiling module xil_defaultlib.alveo_hls4ml_start_for_linear_ap...
Compiling module xil_defaultlib.alveo_hls4ml_start_for_clone_str...
Compiling module xil_defaultlib.alveo_hls4ml_start_for_clone_str...
Compiling module xil_defaultlib.alveo_hls4ml_start_for_dense_ap_...
Compiling module xil_defaultlib.alveo_hls4ml_start_for_dense_ap_...
Compiling module xil_defaultlib.alveo_hls4ml_start_for_dense_ap_...
Compiling module xil_defaultlib.alveo_hls4ml_start_for_dense_ap_...
Compiling module xil_defaultlib.alveo_hls4ml_start_for_linear_ap...
Compiling module xil_defaultlib.alveo_hls4ml_start_for_linear_ap...
Compiling module xil_defaultlib.alveo_hls4ml_start_for_linear_ap...
Compiling module xil_defaultlib.alveo_hls4ml_start_for_linear_ap...
Compiling module xil_defaultlib.alveo_hls4ml_start_for_clone_str...
Compiling module xil_defaultlib.alveo_hls4ml_start_for_clone_str...
Compiling module xil_defaultlib.alveo_hls4ml_start_for_srn_ap_fi...
Compiling module xil_defaultlib.alveo_hls4ml_start_for_srn_ap_fi...
Compiling module xil_defaultlib.alveo_hls4ml_start_for_add_ap_fi...
Compiling module xil_defaultlib.alveo_hls4ml_start_for_add_ap_fi...
Compiling module xil_defaultlib.alveo_hls4ml_start_for_explogvar...
Compiling module xil_defaultlib.alveo_hls4ml_start_for_explogvar...
Compiling module xil_defaultlib.alveo_hls4ml_start_for_linear_ap...
Compiling module xil_defaultlib.alveo_hls4ml_start_for_linear_ap...
Compiling module xil_defaultlib.alveo_hls4ml_start_for_linear_ap...
Compiling module xil_defaultlib.alveo_hls4ml_start_for_linear_ap...
Compiling module xil_defaultlib.alveo_hls4ml_start_for_multiply_...
Compiling module xil_defaultlib.alveo_hls4ml_start_for_multiply_...
Compiling module xil_defaultlib.alveo_hls4ml_start_for_linear_ap...
Compiling module xil_defaultlib.alveo_hls4ml_start_for_linear_ap...
Compiling module xil_defaultlib.alveo_hls4ml_start_for_linear_ap...
Compiling module xil_defaultlib.alveo_hls4ml_start_for_linear_ap...
Compiling module xil_defaultlib.alveo_hls4ml_start_for_gru_stack...
Compiling module xil_defaultlib.alveo_hls4ml_start_for_gru_stack...
Compiling module xil_defaultlib.alveo_hls4ml_start_for_linear_ap...
Compiling module xil_defaultlib.alveo_hls4ml_start_for_linear_ap...
Compiling module xil_defaultlib.alveo_hls4ml_start_for_pointwise...
Compiling module xil_defaultlib.alveo_hls4ml_start_for_pointwise...
Compiling module xil_defaultlib.alveo_hls4ml_start_for_linear_ap...
Compiling module xil_defaultlib.alveo_hls4ml_start_for_linear_ap...
Compiling module xil_defaultlib.alveo_hls4ml_start_for_pointwise...
Compiling module xil_defaultlib.alveo_hls4ml_start_for_pointwise...
Compiling module xil_defaultlib.alveo_hls4ml_myproject
Compiling module xil_defaultlib.alveo_hls4ml_Loop_VITIS_LOOP_93_...
Compiling module xil_defaultlib.alveo_hls4ml_Loop_VITIS_LOOP_93_...
Compiling module xil_defaultlib.alveo_hls4ml_fifo_w64_d4_S_Shift...
Compiling module xil_defaultlib.alveo_hls4ml_fifo_w64_d4_S
Compiling module xil_defaultlib.alveo_hls4ml_fifo_w16_d73_A_x_ra...
Compiling module xil_defaultlib.alveo_hls4ml_fifo_w16_d73_A_x
Compiling module xil_defaultlib.alveo_hls4ml_start_for_Loop_VITI...
Compiling module xil_defaultlib.alveo_hls4ml_start_for_Loop_VITI...
Compiling module xil_defaultlib.alveo_hls4ml_start_for_myproject...
Compiling module xil_defaultlib.alveo_hls4ml_start_for_myproject...
Compiling module xil_defaultlib.alveo_hls4ml_hls_deadlock_detect...
Compiling module xil_defaultlib.alveo_hls4ml_hls_deadlock_detect...
Compiling module xil_defaultlib.alveo_hls4ml_hls_deadlock_detect...
Compiling module xil_defaultlib.alveo_hls4ml_hls_deadlock_detect...
Compiling module xil_defaultlib.alveo_hls4ml_hls_deadlock_detect...
Compiling module xil_defaultlib.alveo_hls4ml_hls_deadlock_detect...
Compiling module xil_defaultlib.alveo_hls4ml_hls_deadlock_detect...
Compiling module xil_defaultlib.alveo_hls4ml_hls_deadlock_detect...
Compiling module xil_defaultlib.alveo_hls4ml_hls_deadlock_detect...
Compiling module xil_defaultlib.alveo_hls4ml_hls_deadlock_detect...
Compiling module xil_defaultlib.alveo_hls4ml_hls_deadlock_detect...
Compiling module xil_defaultlib.alveo_hls4ml_hls_deadlock_detect...
Compiling module xil_defaultlib.alveo_hls4ml_hls_deadlock_detect...
Compiling module xil_defaultlib.alveo_hls4ml_hls_deadlock_detect...
Compiling module xil_defaultlib.alveo_hls4ml_hls_deadlock_detect...
Compiling module xil_defaultlib.alveo_hls4ml_hls_deadlock_detect...
Compiling module xil_defaultlib.alveo_hls4ml_hls_deadlock_detect...
Compiling module xil_defaultlib.alveo_hls4ml_hls_deadlock_detect...
Compiling module xil_defaultlib.alveo_hls4ml_hls_deadlock_detect...
Compiling module xil_defaultlib.alveo_hls4ml_hls_deadlock_detect...
Compiling module xil_defaultlib.alveo_hls4ml_hls_deadlock_detect...
Compiling module xil_defaultlib.alveo_hls4ml_hls_deadlock_detect...
Compiling module xil_defaultlib.alveo_hls4ml_hls_deadlock_detect...
Compiling module xil_defaultlib.alveo_hls4ml_hls_deadlock_detect...
Compiling module xil_defaultlib.alveo_hls4ml_hls_deadlock_detect...
Compiling module xil_defaultlib.alveo_hls4ml_hls_deadlock_detect...
Compiling module xil_defaultlib.alveo_hls4ml(C_M_AXI_GMEM0_USER_...
Compiling module xil_defaultlib.pfm_dynamic_alveo_hls4ml_1_0
Compiling module sim_clk_gen_v1_0_3.sim_clk_gen(CLOCK_PERIOD=20.0,RE...
Compiling module xil_defaultlib.pfm_dynamic_ctrl_aclk_1_0
Compiling module sim_clk_gen_v1_0_3.sim_clk_gen(CLOCK_PERIOD=2.22222...
Compiling module xil_defaultlib.pfm_dynamic_hbm_aclk_1_0
Compiling module sim_clk_gen_v1_0_3.sim_clk_gen(CLOCK_PERIOD=10,RESE...
Compiling module xil_defaultlib.pfm_dynamic_hbm_ref_clk_1_0
Compiling architecture rtl of entity axi_apb_bridge_v3_0_17.psel_decoder [\psel_decoder(c_family="virtexup...]
Compiling architecture rtl of entity axi_apb_bridge_v3_0_17.multiplexor [\multiplexor(c_apb_num_slaves=1)...]
Compiling architecture rtl of entity axi_apb_bridge_v3_0_17.axilite_sif [\axilite_sif(c_family="virtexupl...]
Compiling architecture rtl of entity axi_apb_bridge_v3_0_17.apb_mif [\apb_mif(c_m_apb_addr_width=22,c...]
Compiling architecture rtl of entity axi_apb_bridge_v3_0_17.axi_apb_bridge [\axi_apb_bridge(c_family="virtex...]
Compiling architecture bd_5dca_axi_apb_bridge_inst_0_arch of entity xil_defaultlib.bd_5dca_axi_apb_bridge_inst_0 [bd_5dca_axi_apb_bridge_inst_0_de...]
Compiling module xil_defaultlib.bd_5dca_sci
Compiling module xil_defaultlib.bd_5dca_hbm_inst_0
Compiling architecture fdre_v of entity unisim.FDRE [fdre_default]
Compiling architecture fdre_v of entity unisim.FDRE [\FDRE(init='1')\]
Compiling architecture fdr_v of entity unisim.FDR [fdr_default]
Compiling architecture implementation of entity lib_cdc_v1_0_2.cdc_sync [\cdc_sync(c_vector_width=2,c_mtb...]
Compiling architecture srl16e_v of entity unisim.SRL16E [\SRL16E(init="1111111111111111")...]
Compiling architecture srl16_v of entity unisim.SRL16 [\SRL16(init="1111111111111111")(...]
Compiling architecture imp of entity proc_sys_reset_v5_0_13.lpf [\lpf(c_ext_rst_width=4,c_aux_rst...]
Compiling architecture imp of entity proc_sys_reset_v5_0_13.upcnt_n [\upcnt_n(c_size=6)\]
Compiling architecture imp of entity proc_sys_reset_v5_0_13.sequence_psr [sequence_psr_default]
Compiling architecture imp of entity proc_sys_reset_v5_0_13.proc_sys_reset [\proc_sys_reset(c_family="virtex...]
Compiling architecture bd_5dca_hbm_reset_sync_slr0_0_arch of entity xil_defaultlib.bd_5dca_hbm_reset_sync_SLR0_0 [bd_5dca_hbm_reset_sync_slr0_0_de...]
Compiling architecture bd_5dca_hbm_reset_sync_slr2_0_arch of entity xil_defaultlib.bd_5dca_hbm_reset_sync_SLR2_0 [bd_5dca_hbm_reset_sync_slr2_0_de...]
Compiling module xlconcat_v2_1_4.xlconcat_v2_1_4_xlconcat(dout_wi...
Compiling module xil_defaultlib.bd_5dca_init_concat_0
Compiling module util_reduced_logic_v2_0_4.util_reduced_logic_v2_0_4_util_r...
Compiling module xil_defaultlib.bd_5dca_init_reduce_0
Compiling module xil_defaultlib.init_logic_imp_156LN22
Compiling module xil_defaultlib.bd_5dca_interconnect1_0_0
Compiling module xil_defaultlib.bd_5dca_slice1_0_0
Compiling module xil_defaultlib.path_0_imp_D0DQII
Compiling module xil_defaultlib.bd_5dca_interconnect2_1_0
Compiling module xil_defaultlib.bd_5dca_slice2_1_0
Compiling module xil_defaultlib.path_1_imp_1QSHYAS
Compiling module xil_defaultlib.bd_5dca_interconnect3_2_0
Compiling module xil_defaultlib.bd_5dca_slice3_2_0
Compiling module xil_defaultlib.path_2_imp_U6BEH3
Compiling module xil_defaultlib.bd_5dca_interconnect0_3_0
Compiling module xil_defaultlib.bd_5dca_slice0_3_0
Compiling module xil_defaultlib.path_3_imp_18IDHND
Compiling module xil_defaultlib.bd_5dca_vip_S00_0
Compiling module xil_defaultlib.bd_5dca_vip_S01_0
Compiling module xil_defaultlib.bd_5dca_vip_S02_0
Compiling module xil_defaultlib.bd_5dca_vip_S03_0
Compiling module xil_defaultlib.bd_5dca
Compiling module xil_defaultlib.pfm_dynamic_hmss_0_0
Compiling module xlconcat_v2_1_4.xlconcat_v2_1_4_xlconcat(IN0_WID...
Compiling module xil_defaultlib.pfm_dynamic_xlconcat_interrupt_0
Compiling module xlconcat_v2_1_4.xlconcat_v2_1_4_xlconcat(dout_wi...
Compiling module xil_defaultlib.pfm_dynamic_xlconcat_interrupt_0...
Compiling module xil_defaultlib.pfm_dynamic_xlconcat_interrupt_1...
Compiling module xil_defaultlib.pfm_dynamic_xlconcat_interrupt_2...
Compiling module xil_defaultlib.pfm_dynamic_xlconcat_interrupt_3...
Compiling module xil_defaultlib.interrupt_concat_imp_1SXQM3I
Compiling module xil_defaultlib.pfm_dynamic_irq_const_tieoff_0
Compiling module sim_clk_gen_v1_0_3.sim_clk_gen(CLOCK_PERIOD=2.0,RES...
Compiling module xil_defaultlib.pfm_dynamic_kernel2_clk_0
Compiling module sim_clk_gen_v1_0_3.sim_clk_gen(CLOCK_PERIOD=3.33333...
Compiling module xil_defaultlib.pfm_dynamic_kernel_clk_0
Compiling module xil_defaultlib.bd_d216_sci
Compiling module xil_defaultlib.bd_d216_interconnect_M00_AXI_MEM...
Compiling module xil_defaultlib.bd_d216_interconnect_PLRAM_MEM00...
Compiling module xil_defaultlib.bd_d216_interconnect_PLRAM_MEM01...
Compiling module xil_defaultlib.bd_d216_interconnect_PLRAM_MEM02...
Compiling module xil_defaultlib.bd_d216_interconnect_PLRAM_MEM03...
Compiling module xil_defaultlib.bd_d216_interconnect_PLRAM_MEM04...
Compiling module xil_defaultlib.bd_d216_interconnect_PLRAM_MEM05...
Compiling module xil_defaultlib.bd_d216_interconnect_S00_AXI_0
Compiling module xil_defaultlib.bd_d216_rs_M00_AXI_0
Compiling module xil_defaultlib.interconnect_imp_6HQKUY
Compiling module xil_defaultlib.bd_d216_plram_mem00_0
Compiling module blk_mem_gen_v8_4_5.blk_mem_gen_v8_4_5_output_stage(...
Compiling module blk_mem_gen_v8_4_5.blk_mem_gen_v8_4_5_softecc_outpu...
Compiling module blk_mem_gen_v8_4_5.blk_mem_gen_v8_4_5_mem_module(C_...
Compiling module blk_mem_gen_v8_4_5.blk_mem_gen_v8_4_5(C_FAMILY="vir...
Compiling module xil_defaultlib.bd_d216_plram_mem00_bram_0
Compiling module xil_defaultlib.bd_d216_plram_mem01_0
Compiling module xil_defaultlib.bd_d216_plram_mem01_bram_0
Compiling module xil_defaultlib.bd_d216_plram_mem02_0
Compiling module xil_defaultlib.bd_d216_plram_mem02_bram_0
Compiling module xil_defaultlib.bd_d216_plram_mem03_0
Compiling module xil_defaultlib.bd_d216_plram_mem03_bram_0
Compiling module xil_defaultlib.bd_d216_plram_mem04_0
Compiling module xil_defaultlib.bd_d216_plram_mem04_bram_0
Compiling module xil_defaultlib.bd_d216_plram_mem05_0
Compiling module xil_defaultlib.bd_d216_plram_mem05_bram_0
Compiling module xil_defaultlib.memory_imp_1K98CM8
Compiling architecture imp of entity proc_sys_reset_v5_0_13.lpf [\lpf(c_ext_rst_width=4,c_aux_rst...]
Compiling architecture imp of entity proc_sys_reset_v5_0_13.proc_sys_reset [\proc_sys_reset(c_family="virtex...]
Compiling architecture bd_d216_psr_aclk_slr0_0_arch of entity xil_defaultlib.bd_d216_psr_aclk_SLR0_0 [bd_d216_psr_aclk_slr0_0_default]
Compiling architecture bd_d216_psr_aclk_slr1_0_arch of entity xil_defaultlib.bd_d216_psr_aclk_SLR1_0 [bd_d216_psr_aclk_slr1_0_default]
Compiling architecture bd_d216_psr_aclk_slr2_0_arch of entity xil_defaultlib.bd_d216_psr_aclk_SLR2_0 [bd_d216_psr_aclk_slr2_0_default]
Compiling module xil_defaultlib.reset_imp_1YKOSPE
Compiling module xil_defaultlib.bd_d216
Compiling module xil_defaultlib.pfm_dynamic_memory_subsystem_0
Compiling module xil_defaultlib.pfm_dynamic_pfm_clk_2_0
Compiling module sim_clk_gen_v1_0_3.sim_clk_gen(CLOCK_PERIOD=4.0,RES...
Compiling module xil_defaultlib.pfm_dynamic_pfm_clk_3_0
Compiling module xil_defaultlib.pfm_dynamic_sci
Compiling module xil_defaultlib.pfm_dynamic_profile_vip_0_0
Compiling architecture pfm_dynamic_psr_kernel2_clk_0_0_arch of entity xil_defaultlib.pfm_dynamic_psr_kernel2_clk_0_0 [pfm_dynamic_psr_kernel2_clk_0_0_...]
Compiling architecture pfm_dynamic_psr_kernel_clk_0_0_arch of entity xil_defaultlib.pfm_dynamic_psr_kernel_clk_0_0 [pfm_dynamic_psr_kernel_clk_0_0_d...]
Compiling architecture pfm_dynamic_psr_pfm_clk_0_2_0_arch of entity xil_defaultlib.pfm_dynamic_psr_pfm_clk_0_2_0 [pfm_dynamic_psr_pfm_clk_0_2_0_de...]
Compiling architecture pfm_dynamic_psr_pfm_clk_0_3_0_arch of entity xil_defaultlib.pfm_dynamic_psr_pfm_clk_0_3_0 [pfm_dynamic_psr_pfm_clk_0_3_0_de...]
Compiling module xil_defaultlib.m00_couplers_imp_8JNEI7
Compiling module xil_defaultlib.pfm_dynamic_m01_regslice_4
Compiling module xil_defaultlib.m01_couplers_imp_ZTEVG1
Compiling module xil_defaultlib.pfm_dynamic_auto_cc_0
Compiling module xil_defaultlib.pfm_dynamic_m02_regslice_4
Compiling module xil_defaultlib.m02_couplers_imp_1XDIRMA
Compiling module xil_defaultlib.s00_couplers_imp_1VD9R9B
Compiling module xil_defaultlib.pfm_dynamic_xbar_3
Compiling module xil_defaultlib.pfm_dynamic_interconnect_axilite...
Compiling architecture imp of entity axi_lite_ipif_v3_0_4.pselect_f [\pselect_f(c_ab=2,c_aw=2,c_bar="...]
Compiling architecture imp of entity axi_lite_ipif_v3_0_4.pselect_f [\pselect_f(c_ab=2,c_aw=2,c_bar="...]
Compiling architecture imp of entity axi_lite_ipif_v3_0_4.pselect_f [\pselect_f(c_ab=2,c_aw=2,c_bar="...]
Compiling architecture imp of entity axi_lite_ipif_v3_0_4.pselect_f [\pselect_f(c_ab=2,c_aw=2,c_bar="...]
Compiling architecture imp of entity axi_lite_ipif_v3_0_4.address_decoder [\address_decoder(c_bus_awidth=9,...]
Compiling architecture imp of entity axi_lite_ipif_v3_0_4.slave_attachment [\slave_attachment(c_ard_addr_ran...]
Compiling architecture imp of entity axi_lite_ipif_v3_0_4.axi_lite_ipif [\axi_lite_ipif(c_s_axi_addr_widt...]
Compiling architecture implementation of entity lib_cdc_v1_0_2.cdc_sync [\cdc_sync(c_single_bit=0,c_mtbf_...]
Compiling architecture imp of entity axi_gpio_v2_0_29.GPIO_Core [\GPIO_Core(c_aw=9,c_family="virt...]
Compiling architecture imp of entity axi_gpio_v2_0_29.axi_gpio [\axi_gpio(c_family="virtexuplusH...]
Compiling architecture pfm_dynamic_to_delete_kernel_ctrl_0_0_arch of entity xil_defaultlib.pfm_dynamic_to_delete_kernel_ctrl_0_0 [pfm_dynamic_to_delete_kernel_ctr...]
Compiling module xil_defaultlib.slr0_imp_1Q3M93Z
Compiling module xil_defaultlib.s00_couplers_imp_BJPJ00
Compiling module xil_defaultlib.pfm_dynamic_interconnect_axilite...
Compiling architecture pfm_dynamic_to_delete_kernel_ctrl_1_0_arch of entity xil_defaultlib.pfm_dynamic_to_delete_kernel_ctrl_1_0 [pfm_dynamic_to_delete_kernel_ctr...]
Compiling module xil_defaultlib.slr1_imp_IZT2WG
Compiling module xil_defaultlib.s00_couplers_imp_1858E00
Compiling module xil_defaultlib.pfm_dynamic_interconnect_axilite...
Compiling architecture pfm_dynamic_to_delete_kernel_ctrl_2_0_arch of entity xil_defaultlib.pfm_dynamic_to_delete_kernel_ctrl_2_0 [pfm_dynamic_to_delete_kernel_ctr...]
Compiling module xil_defaultlib.slr2_imp_EEMOLC
Compiling module xil_defaultlib.pfm_dynamic_smartconn_data_0_0
Compiling module xil_defaultlib.pfm_dynamic
Compiling module xil_defaultlib.pfm_top_sci
Compiling module xil_defaultlib.pfm_top_axi_vip_0_0
Compiling module xil_defaultlib.pfm_top_kernel2_clk_0
Compiling module xil_defaultlib.pfm_top_kernel_clk_0
Compiling module xil_defaultlib.clk_reset_wizard_imp_1ULW1Z6
Compiling module xil_defaultlib.m00_couplers_imp_1WWR602
Compiling module xil_defaultlib.m01_couplers_imp_ZIGXNL
Compiling module xil_defaultlib.m02_couplers_imp_CBJNC5
Compiling module xil_defaultlib.m03_couplers_imp_1BNM6CM
Compiling module xil_defaultlib.s00_couplers_imp_ZCH4U6
Compiling module xil_defaultlib.s01_couplers_imp_1X0T1Q5
Compiling module xil_defaultlib.pfm_top_xbar_0
Compiling module xil_defaultlib.pfm_top_connect_to_es_cu_0
Compiling module xil_defaultlib.pfm_top_dma_pcie_clk_0
Compiling module xil_defaultlib.pfm_top_embedded_schedular_0
Compiling module xil_defaultlib.pfm_top_sim_address_0_0
Compiling module xil_defaultlib.pfm_top_sim_qdma_0_0
Compiling module xil_defaultlib.pfm_top_smartconnect_0_0
Compiling module xil_defaultlib.static_region_imp_1TEKTPK
Compiling module xil_defaultlib.pfm_top
Compiling module xil_defaultlib.pfm_top_wrapper
Compiling module xil_defaultlib.glbl
Built simulation snapshot pfm_top_wrapper_behav
