#
# An unexpected error has occurred (11)
#
Stack:
/lib/x86_64-linux-gnu/libpthread.so.0(+0x12980) [0x7f5cccdff980]
/tools/Xilinx/Vivado/2022.2/lib/lnx64.o/librdi_simbridge_kernel.so(SimBridge::CArray::empty() const+0) [0x7f5c972fb800]
/tools/Xilinx/Vivado/2022.2/lib/lnx64.o/librdi_simbridge_kernel.so(SimBridge::WdbEventBlock::addBlock(SimBridge::WdbIBlockManager&, unsigned int&) const+0x1c) [0x7f5c972fbe6c]
/tools/Xilinx/Vivado/2022.2/lib/lnx64.o/librdi_simbridge_kernel.so(SimBridge::WdbMultipleBucketEventDatabase::getEventBlockDatabaseIterator(std::vector<SimBridge::WdbScalarBTree*, std::allocator<SimBridge::WdbScalarBTree*> > const&, std::vector<boost::shared_ptr<SimBridge::WdbIEventBlockIterator>, std::allocator<boost::shared_ptr<SimBridge::WdbIEventBlockIterator> > >&, std::vector<std::vector<SimBridge::WdbScalarBTree*, std::allocator<SimBridge::WdbScalarBTree*> >, std::allocator<std::vector<SimBridge::WdbScalarBTree*, std::allocator<SimBridge::WdbScalarBTree*> > > >&) const+0x51e) [0x7f5c97312f6e]
/tools/Xilinx/Vivado/2022.2/lib/lnx64.o/librdi_simbridge_kernel.so(SimBridge::WdbAddressBTreeManager::scanWdbDatabaseMultiThread(std::vector<SimBridge::WdbScalarBTree*, std::allocator<SimBridge::WdbScalarBTree*> > const&, ISIM::IGuiStatus*)+0xd7) [0x7f5c972f2d17]
/tools/Xilinx/Vivado/2022.2/lib/lnx64.o/librdi_wavedata.so(SimBridge::DataObjMgr::createDrawingBTree(std::vector<SimBridge::IDataObj const*, std::allocator<SimBridge::IDataObj const*> > const&, ISIM::IGuiStatus*, bool)+0x357) [0x7f5cb6cb4c77]
/tools/Xilinx/Vivado/2022.2/lib/lnx64.o/librdi_wavedata.so(SimBridge::DataReader::getValue(SimBridge::IDataObj const*, long long, SimBridge::ValueFormat const&, SimBridge::Value&) const+0xe8) [0x7f5cb6cc0358]
/tools/Xilinx/Vivado/2022.2/lib/lnx64.o/librdi_simtcltasks.so(+0x1b37aa) [0x7f5cbf2af7aa]
/tools/Xilinx/Vivado/2022.2/lib/lnx64.o/librdi_common.so(+0xb9430f) [0x7f5cce13a30f]
/tools/Xilinx/Vivado/2022.2/lib/lnx64.o/libtcl8.5.so(+0x3356f) [0x7f5cc8c3156f]
/tools/Xilinx/Vivado/2022.2/lib/lnx64.o/libtcl8.5.so(+0x34bf8) [0x7f5cc8c32bf8]
/tools/Xilinx/Vivado/2022.2/lib/lnx64.o/libtcl8.5.so(Tcl_EvalEx+0x13) [0x7f5cc8c33163]
/tools/Xilinx/Vivado/2022.2/lib/lnx64.o/libtcl8.5.so(Tcl_FSEvalFileEx+0x1da) [0x7f5cc8c97d2a]
/tools/Xilinx/Vivado/2022.2/lib/lnx64.o/librdi_commontasks.so(+0x2752c0) [0x7f5cbc6092c0]
/tools/Xilinx/Vivado/2022.2/lib/lnx64.o/librdi_common.so(+0xb9430f) [0x7f5cce13a30f]
/tools/Xilinx/Vivado/2022.2/lib/lnx64.o/libtcl8.5.so(+0x3356f) [0x7f5cc8c3156f]
/tools/Xilinx/Vivado/2022.2/lib/lnx64.o/libtcl8.5.so(+0x76945) [0x7f5cc8c74945]
/tools/Xilinx/Vivado/2022.2/lib/lnx64.o/libtcl8.5.so(+0x7e0f9) [0x7f5cc8c7c0f9]
/tools/Xilinx/Vivado/2022.2/lib/lnx64.o/libtcl8.5.so(TclEvalObjEx+0x76) [0x7f5cc8c33216]
/tools/Xilinx/Vivado/2022.2/lib/lnx64.o/librdi_commontasks.so(+0x2598ae) [0x7f5cbc5ed8ae]
/tools/Xilinx/Vivado/2022.2/lib/lnx64.o/libtcl8.5.so(+0x3356f) [0x7f5cc8c3156f]
/tools/Xilinx/Vivado/2022.2/lib/lnx64.o/libtcl8.5.so(+0x76945) [0x7f5cc8c74945]
/tools/Xilinx/Vivado/2022.2/lib/lnx64.o/libtcl8.5.so(Tcl_ExprObj+0xf8) [0x7f5cc8c7bcd8]
/tools/Xilinx/Vivado/2022.2/lib/lnx64.o/libtcl8.5.so(Tcl_ExprBooleanObj+0x16) [0x7f5cc8c31f56]
/tools/Xilinx/Vivado/2022.2/lib/lnx64.o/libtcl8.5.so(+0x3e7ae) [0x7f5cc8c3c7ae]
/tools/Xilinx/Vivado/2022.2/lib/lnx64.o/libtcl8.5.so(+0x3356f) [0x7f5cc8c3156f]
/tools/Xilinx/Vivado/2022.2/lib/lnx64.o/libtcl8.5.so(+0x76945) [0x7f5cc8c74945]
/tools/Xilinx/Vivado/2022.2/lib/lnx64.o/libtcl8.5.so(+0x7e0f9) [0x7f5cc8c7c0f9]
/tools/Xilinx/Vivado/2022.2/lib/lnx64.o/libtcl8.5.so(TclEvalObjEx+0x76) [0x7f5cc8c33216]
/tools/Xilinx/Vivado/2022.2/lib/lnx64.o/libtcl8.5.so(+0x3e824) [0x7f5cc8c3c824]
/tools/Xilinx/Vivado/2022.2/lib/lnx64.o/libtcl8.5.so(+0x3356f) [0x7f5cc8c3156f]
/tools/Xilinx/Vivado/2022.2/lib/lnx64.o/libtcl8.5.so(+0x34bf8) [0x7f5cc8c32bf8]
/tools/Xilinx/Vivado/2022.2/lib/lnx64.o/libtcl8.5.so(Tcl_EvalEx+0x13) [0x7f5cc8c33163]
/tools/Xilinx/Vivado/2022.2/lib/lnx64.o/libtcl8.5.so(Tcl_FSEvalFileEx+0x1da) [0x7f5cc8c97d2a]
/tools/Xilinx/Vivado/2022.2/lib/lnx64.o/librdi_commontasks.so(+0x2752c0) [0x7f5cbc6092c0]
/tools/Xilinx/Vivado/2022.2/lib/lnx64.o/librdi_common.so(+0xb9430f) [0x7f5cce13a30f]
/tools/Xilinx/Vivado/2022.2/lib/lnx64.o/libtcl8.5.so(+0x3356f) [0x7f5cc8c3156f]
/tools/Xilinx/Vivado/2022.2/lib/lnx64.o/libtcl8.5.so(+0x76945) [0x7f5cc8c74945]
/tools/Xilinx/Vivado/2022.2/lib/lnx64.o/libtcl8.5.so(+0x7e0f9) [0x7f5cc8c7c0f9]
/tools/Xilinx/Vivado/2022.2/lib/lnx64.o/libtcl8.5.so(TclEvalObjEx+0x76) [0x7f5cc8c33216]
/tools/Xilinx/Vivado/2022.2/lib/lnx64.o/libtcl8.5.so(+0x3e824) [0x7f5cc8c3c824]
/tools/Xilinx/Vivado/2022.2/lib/lnx64.o/libtcl8.5.so(+0x3356f) [0x7f5cc8c3156f]
/tools/Xilinx/Vivado/2022.2/lib/lnx64.o/libtcl8.5.so(+0x34bf8) [0x7f5cc8c32bf8]
/tools/Xilinx/Vivado/2022.2/lib/lnx64.o/libtcl8.5.so(Tcl_EvalEx+0x13) [0x7f5cc8c33163]
/tools/Xilinx/Vivado/2022.2/lib/lnx64.o/libtcl8.5.so(Tcl_FSEvalFileEx+0x1da) [0x7f5cc8c97d2a]
/tools/Xilinx/Vivado/2022.2/lib/lnx64.o/librdi_commontasks.so(+0x2752c0) [0x7f5cbc6092c0]
/tools/Xilinx/Vivado/2022.2/lib/lnx64.o/librdi_common.so(+0xb9430f) [0x7f5cce13a30f]
/tools/Xilinx/Vivado/2022.2/lib/lnx64.o/libtcl8.5.so(+0x3356f) [0x7f5cc8c3156f]
/tools/Xilinx/Vivado/2022.2/lib/lnx64.o/libtcl8.5.so(Tcl_EvalObjv+0x32) [0x7f5cc8c316a2]
/tools/Xilinx/Vivado/2022.2/lib/lnx64.o/libtcl8.5.so(TclEvalObjEx+0x322) [0x7f5cc8c334c2]
/tools/Xilinx/Vivado/2022.2/lib/lnx64.o/librdi_common.so(hdi::tcltasks::task_manager::eval_in_tcl(Tcl_Interp*, Tcl_Obj*, char const*, bool)+0x7ad) [0x7f5cce1386fd]
/tools/Xilinx/Vivado/2022.2/lib/lnx64.o/librdi_simtcltasks.so(RSTTclHelper::processTclbatchOption(hdi::tcltasks::task_options_base&, Tcl_Interp*)+0xf0) [0x7f5cbf1fb430]
/tools/Xilinx/Vivado/2022.2/lib/lnx64.o/librdi_simtcltasks.so(+0x176465) [0x7f5cbf272465]
/tools/Xilinx/Vivado/2022.2/lib/lnx64.o/librdi_common.so(+0xb9430f) [0x7f5cce13a30f]
/tools/Xilinx/Vivado/2022.2/lib/lnx64.o/libtcl8.5.so(+0x3356f) [0x7f5cc8c3156f]
/tools/Xilinx/Vivado/2022.2/lib/lnx64.o/libtcl8.5.so(+0x34bf8) [0x7f5cc8c32bf8]
/tools/Xilinx/Vivado/2022.2/lib/lnx64.o/libtcl8.5.so(Tcl_EvalEx+0x13) [0x7f5cc8c33163]
/tools/Xilinx/Vivado/2022.2/lib/lnx64.o/libtcl8.5.so(Tcl_FSEvalFileEx+0x1da) [0x7f5cc8c97d2a]
/tools/Xilinx/Vivado/2022.2/lib/lnx64.o/librdi_commontasks.so(+0x2752c0) [0x7f5cbc6092c0]
/tools/Xilinx/Vivado/2022.2/lib/lnx64.o/librdi_common.so(+0xb9430f) [0x7f5cce13a30f]
/tools/Xilinx/Vivado/2022.2/lib/lnx64.o/libtcl8.5.so(+0x3356f) [0x7f5cc8c3156f]
/tools/Xilinx/Vivado/2022.2/lib/lnx64.o/libtcl8.5.so(Tcl_EvalObjv+0x32) [0x7f5cc8c316a2]
/tools/Xilinx/Vivado/2022.2/lib/lnx64.o/libtcl8.5.so(TclEvalObjEx+0x322) [0x7f5cc8c334c2]
/tools/Xilinx/Vivado/2022.2/lib/lnx64.o/librdi_commontasks.so(+0x2bb7f8) [0x7f5cbc64f7f8]
/tools/Xilinx/Vivado/2022.2/lib/lnx64.o/librdi_commontasks.so(+0x2bcdff) [0x7f5cbc650dff]
/tools/Xilinx/Vivado/2022.2/lib/lnx64.o/librdi_common.so(+0xb9430f) [0x7f5cce13a30f]
/tools/Xilinx/Vivado/2022.2/lib/lnx64.o/libtcl8.5.so(+0x3356f) [0x7f5cc8c3156f]
/tools/Xilinx/Vivado/2022.2/lib/lnx64.o/libtcl8.5.so(Tcl_EvalObjv+0x32) [0x7f5cc8c316a2]
/tools/Xilinx/Vivado/2022.2/lib/lnx64.o/libtcl8.5.so(TclEvalObjEx+0x322) [0x7f5cc8c334c2]
/tools/Xilinx/Vivado/2022.2/lib/lnx64.o/librdi_commonmain.so(+0xc3d8) [0x7f5cced813d8]
/tools/Xilinx/Vivado/2022.2/lib/lnx64.o/libtcl8.5.so(Tcl_Main+0x1d0) [0x7f5cc8c9e2f0]
/tools/Xilinx/Vivado/2022.2/lib/lnx64.o/librdi_common.so(+0xbc17ab) [0x7f5cce1677ab]
/lib/x86_64-linux-gnu/libpthread.so.0(+0x76db) [0x7f5cccdf46db]
/lib/x86_64-linux-gnu/libc.so.6(clone+0x3f) [0x7f5cccb1d61f]
