#-----------------------------------------------------------
# Vivado v2022.2 (64-bit)
# SW Build 3671981 on Fri Oct 14 04:59:54 MDT 2022
# IP Build 3669848 on Fri Oct 14 08:30:02 MDT 2022
# Start of session at: Thu May 16 18:57:03 2024
# Process ID: 5049
# Current directory: /home/biloba/Documents/Repositories/A3D3-Neuro-Demo/LFADS-2023_12_19_U55C_Full_LFADS/build_dir.hw.xilinx_u55c_gen3x16_xdma_3_202210_1/link/vivado/vpl
# Command line: vivado -log vivado.log -applog -messageDb vivado.pb -mode batch -source vpl.tcl -notrace
# Log file: /home/biloba/Documents/Repositories/A3D3-Neuro-Demo/LFADS-2023_12_19_U55C_Full_LFADS/build_dir.hw.xilinx_u55c_gen3x16_xdma_3_202210_1/link/vivado/vpl/vivado.log
# Journal file: /home/biloba/Documents/Repositories/A3D3-Neuro-Demo/LFADS-2023_12_19_U55C_Full_LFADS/build_dir.hw.xilinx_u55c_gen3x16_xdma_3_202210_1/link/vivado/vpl/vivado.jou
# Running On: gingkgo, OS: Linux, CPU Frequency: 1197.580 MHz, CPU Physical cores: 14, Host memory: 135003 MB
#-----------------------------------------------------------
source vpl.tcl -notrace
INFO: Dispatch client connection id - 39101
[18:57:08] Run vpl: Step create_project: Started
INFO: [OCL_UTIL] current step: vpl.create_project
Creating Vivado project.
INFO: [OCL_UTIL] internal step: source .local/hw_platform/tcl_hooks/prelink.tcl
INFO: [OCL_UTIL] internal step: create_project -part xcu55c-fsvh2892-2L-e -force prj prj
create_project: Time (s): cpu = 00:00:06 ; elapsed = 00:00:06 . Memory (MB): peak = 1434.844 ; gain = 2.016 ; free physical = 118984 ; free virtual = 126362
INFO: [OCL_UTIL] set_property design_mode GateLvl [current_fileset]
INFO: [Vivado 12-3498] Setting project source management mode (property SOURCE_MGMT_MODE) to "None".
INFO: [OCL_UTIL] set_property PR_FLOW 1 [current_project]
INFO: [OCL_UTIL] internal step: add_files .local/hw_platform/hw_bb_locked.dcp
INFO: [OCL_UTIL] internal step: create_partition_def -name my_pd -module ulp
INFO: [OCL_UTIL] internal step: create_reconfig_module -name my_rm -partition_def [get_partition_defs my_pd ] -top ulp
INFO: [OCL_UTIL] set_property use_blackbox_stub false [get_filesets my_rm -of_objects [get_reconfig_modules my_rm]]
INFO: [OCL_UTIL] set_property USE_BLACKBOX_STUB 0 [get_partition_defs my_pd]
INFO: [OCL_UTIL] internal step: create_pr_configuration -name config_1 -partitions [list level0_i/ulp:my_rm]
CRITICAL WARNING: [filemgmt 20-730] Could not find a top module in the fileset my_rm.
Resolution: With the gui up, review the source files in the Sources window. Use Add Sources to add any needed sources. If the files are disabled, enable them. You can also select the file and choose Set Used In from the pop-up menu. Review if they are being used at the proper points of the flow.
INFO: [OCL_UTIL] set_property AUTO_IMPORT 0 [get_pr_configuration config_1]
INFO: [OCL_UTIL] set_property USE_BLACKBOX 0 [get_pr_configuration config_1]
[18:57:14] Run vpl: Step create_project: Completed
[18:57:14] Run vpl: Step create_bd: Started
INFO: [OCL_UTIL] current step: vpl.create_bd
INFO: [OCL_UTIL] set_property board_part_repo_paths .local/hw_platform/board [current_project]
INFO: [OCL_UTIL] set_property board_part xilinx.com:au55c:part0:1.0 [current_project]
WARNING: [Board 49-151] The current board 'xilinx.com::au55c:1.0' is from a local repo. The vivado install has a corresponding board with version greater than or equal to the local repo board. Please use boards from vivado install to avoid any upgrade/migrate issues
INFO: [OCL_UTIL] set_property ip_repo_paths /home/biloba/Documents/Repositories/A3D3-Neuro-Demo/LFADS-2023_12_19_U55C_Full_LFADS/build_dir.hw.xilinx_u55c_gen3x16_xdma_3_202210_1/link/int/xo/ip_repo/xilinx_com_hls_alveo_hls4ml_1_0 .local/hw_platform/iprepo /tools/Xilinx/Vitis/2022.2/data/cache/xilinx .local/hw_platform/ipcache /tools/Xilinx/Vitis/2022.2/data/ip [current_project]
INFO: [OCL_UTIL] internal step: update_ip_catalog
INFO: [IP_Flow 19-234] Refreshing IP repositories
INFO: [IP_Flow 19-1700] Loaded user IP repository '/home/biloba/Documents/Repositories/A3D3-Neuro-Demo/LFADS-2023_12_19_U55C_Full_LFADS/build_dir.hw.xilinx_u55c_gen3x16_xdma_3_202210_1/link/int/xo/ip_repo/xilinx_com_hls_alveo_hls4ml_1_0'.
INFO: [IP_Flow 19-1700] Loaded user IP repository '/home/biloba/Documents/Repositories/A3D3-Neuro-Demo/LFADS-2023_12_19_U55C_Full_LFADS/build_dir.hw.xilinx_u55c_gen3x16_xdma_3_202210_1/link/vivado/vpl/.local/hw_platform/iprepo'.
INFO: [IP_Flow 19-1700] Loaded user IP repository '/tools/Xilinx/Vitis/2022.2/data/cache/xilinx'.
INFO: [IP_Flow 19-1700] Loaded user IP repository '/home/biloba/Documents/Repositories/A3D3-Neuro-Demo/LFADS-2023_12_19_U55C_Full_LFADS/build_dir.hw.xilinx_u55c_gen3x16_xdma_3_202210_1/link/vivado/vpl/.local/hw_platform/ipcache'.
INFO: [IP_Flow 19-1700] Loaded user IP repository '/tools/Xilinx/Vitis/2022.2/data/ip'.
INFO: [IP_Flow 19-2313] Loaded Vivado IP repository '/tools/Xilinx/Vivado/2022.2/data/ip'.
WARNING: [IP_Flow 19-1663] Duplicate IP found for 'xilinx.com:ip:axi_clk_metadata_adapter:1.0'. The one found in IP location '/home/biloba/Documents/Repositories/A3D3-Neuro-Demo/LFADS-2023_12_19_U55C_Full_LFADS/build_dir.hw.xilinx_u55c_gen3x16_xdma_3_202210_1/link/vivado/vpl/.local/hw_platform/iprepo/ipdefs/other_ipdefs/axi_clk_metadata_adapter_v1_0' will take precedence over the same IP in location /home/biloba/Documents/Repositories/A3D3-Neuro-Demo/LFADS-2023_12_19_U55C_Full_LFADS/build_dir.hw.xilinx_u55c_gen3x16_xdma_3_202210_1/link/vivado/vpl/.local/hw_platform/iprepo/ipdefs/pxi_ii_infra/axi_clk_metadata_adapter_v1_0
WARNING: [IP_Flow 19-1663] Duplicate IP found for 'xilinx.com:ip:pipeline_reg:1.0'. The one found in IP location '/home/biloba/Documents/Repositories/A3D3-Neuro-Demo/LFADS-2023_12_19_U55C_Full_LFADS/build_dir.hw.xilinx_u55c_gen3x16_xdma_3_202210_1/link/vivado/vpl/.local/hw_platform/iprepo/ipdefs/other_ipdefs/pipeline_reg_v1_0' will take precedence over the same IP in location /home/biloba/Documents/Repositories/A3D3-Neuro-Demo/LFADS-2023_12_19_U55C_Full_LFADS/build_dir.hw.xilinx_u55c_gen3x16_xdma_3_202210_1/link/vivado/vpl/.local/hw_platform/iprepo/ipdefs/pxi_ii_infra/pipeline_reg_v1_0
WARNING: [IP_Flow 19-1663] Duplicate IP found for 'xilinx.com:ip:shell_utils_build_info:1.0'. The one found in IP location '/home/biloba/Documents/Repositories/A3D3-Neuro-Demo/LFADS-2023_12_19_U55C_Full_LFADS/build_dir.hw.xilinx_u55c_gen3x16_xdma_3_202210_1/link/vivado/vpl/.local/hw_platform/iprepo/ipdefs/other_ipdefs/shell_utils_build_info_v1_0' will take precedence over the same IP in the Xilinx installed IP.
WARNING: [IP_Flow 19-1663] Duplicate IP found for 'xilinx.com:ip:axis_clk_metadata_adapter:1.0'. The one found in IP location '/home/biloba/Documents/Repositories/A3D3-Neuro-Demo/LFADS-2023_12_19_U55C_Full_LFADS/build_dir.hw.xilinx_u55c_gen3x16_xdma_3_202210_1/link/vivado/vpl/.local/hw_platform/iprepo/ipdefs/other_ipdefs/axis_clk_metadata_adapter_v1_0' will take precedence over the same IP in location /home/biloba/Documents/Repositories/A3D3-Neuro-Demo/LFADS-2023_12_19_U55C_Full_LFADS/build_dir.hw.xilinx_u55c_gen3x16_xdma_3_202210_1/link/vivado/vpl/.local/hw_platform/iprepo/ipdefs/pxi_ii_infra/axis_clk_metadata_adapter_v1_0
WARNING: [IP_Flow 19-1663] Duplicate IP found for 'xilinx.com:ip:clk_metadata_adapter:1.0'. The one found in IP location '/home/biloba/Documents/Repositories/A3D3-Neuro-Demo/LFADS-2023_12_19_U55C_Full_LFADS/build_dir.hw.xilinx_u55c_gen3x16_xdma_3_202210_1/link/vivado/vpl/.local/hw_platform/iprepo/ipdefs/other_ipdefs/clk_metadata_adapter_v1_0' will take precedence over the same IP in location /home/biloba/Documents/Repositories/A3D3-Neuro-Demo/LFADS-2023_12_19_U55C_Full_LFADS/build_dir.hw.xilinx_u55c_gen3x16_xdma_3_202210_1/link/vivado/vpl/.local/hw_platform/iprepo/ipdefs/pxi_ii_infra/clk_metadata_adapter_v1_0
INFO: [OCL_UTIL] internal step: config_ip_cache -use_cache_location /home/biloba/Documents/Repositories/A3D3-Neuro-Demo/LFADS-2023_12_19_U55C_Full_LFADS/.ipcache
INFO: [OCL_UTIL] internal step: import_files -norecurse .local/hw_platform/bd/202210_1_dev.srcs/sources_1/bd/ulp/ulp.bd -of_objects my_rm
INFO: [Project 1-1727] Source BDs should be added before importing the top BD /home/biloba/Documents/Repositories/A3D3-Neuro-Demo/LFADS-2023_12_19_U55C_Full_LFADS/build_dir.hw.xilinx_u55c_gen3x16_xdma_3_202210_1/link/vivado/vpl/.local/hw_platform/bd/202210_1_dev.srcs/sources_1/bd/ulp/ulp.bd with BDC
WARNING: [BD 41-1661] One or more IPs have been locked in the design 'ulp.bd'. Please run report_ip_status for more details and recommendations on how to fix this issue.
List of locked IPs:
ulp_regslice_data_2
ulp_auto_cc_2
ulp_s00_regslice_8
ulp_axi_gpio_null_2
ulp_regslice_data_1
ulp_axi_vip_data_2
ulp_regslice_control_userpf_1
ulp_axi_regslice_slr2_0
ulp_axi_vip_data_3
ulp_regslice_control_userpf_2
ulp_axi_regslice_slr1_0
ulp_regslice_data_0
ulp_axi_regslice_slr0_0
ulp_hmss_0_0
ulp_axi_gpio_null_1
ulp_interconnect_axilite_user_2
ulp_axi_gpio_null_0
ulp_axi_data_sc_0
ulp_auto_cc_1
ulp_axi_vip_data_0
ulp_xbar_0
ulp_axi_vip_ctrl_userpf_2
ulp_s00_regslice_7
ulp_memory_subsystem_0
ulp_interconnect_axilite_user_1
ulp_axi_ic_ctrl_mgmt_slr1_0
ulp_axi_vip_ctrl_userpf_0
ulp_auto_cc_0
ulp_interconnect_axilite_user_0
ulp_regslice_control_userpf_0
ulp_axi_vip_data_1
ulp_s00_regslice_6
ulp_axi_vip_ctrl_userpf_1

WARNING: [IP_Flow 19-2162] IP 'ulp_xbar_0' is locked:
* IP definition 'AXI Crossbar (2.1)' for IP 'ulp_xbar_0' (customized with software release 2022.1) has a different revision in the IP Catalog.
WARNING: [IP_Flow 19-2162] IP 'ulp_axi_ic_ctrl_mgmt_slr1_0' is locked:
* IP definition 'AXI Interconnect (2.1)' for IP 'ulp_axi_ic_ctrl_mgmt_slr1_0' (customized with software release 2022.1) has a different revision in the IP Catalog.
WARNING: [IP_Flow 19-2162] IP 'ulp_memory_subsystem_0' is locked:
* IP definition 'SDx Memory Subsystem (1.0)' for IP 'ulp_memory_subsystem_0' (customized with software release 2022.1) has a different revision in the IP Catalog.
WARNING: [IP_Flow 19-2162] IP 'ulp_hmss_0_0' is locked:
* IP definition 'HBM Memory Subsystem (HMSS) (2.0)' for IP 'ulp_hmss_0_0' (customized with software release 2022.1) has a different revision in the IP Catalog.
WARNING: [IP_Flow 19-2162] IP 'ulp_axi_vip_data_0' is locked:
* IP definition 'AXI Verification IP (1.1)' for IP 'ulp_axi_vip_data_0' (customized with software release 2022.1) has a different revision in the IP Catalog.
WARNING: [IP_Flow 19-2162] IP 'ulp_axi_data_sc_0' is locked:
* IP definition 'AXI SmartConnect (1.0)' for IP 'ulp_axi_data_sc_0' (customized with software release 2022.1) has a different revision in the IP Catalog.
WARNING: [IP_Flow 19-2162] IP 'ulp_axi_regslice_slr0_0' is locked:
* IP definition 'AXI Register Slice (2.1)' for IP 'ulp_axi_regslice_slr0_0' (customized with software release 2022.1) has a different revision in the IP Catalog.
WARNING: [IP_Flow 19-2162] IP 'ulp_axi_regslice_slr1_0' is locked:
* IP definition 'AXI Register Slice (2.1)' for IP 'ulp_axi_regslice_slr1_0' (customized with software release 2022.1) has a different revision in the IP Catalog.
WARNING: [IP_Flow 19-2162] IP 'ulp_axi_regslice_slr2_0' is locked:
* IP definition 'AXI Register Slice (2.1)' for IP 'ulp_axi_regslice_slr2_0' (customized with software release 2022.1) has a different revision in the IP Catalog.
WARNING: [IP_Flow 19-2162] IP 'ulp_axi_gpio_null_0' is locked:
* IP definition 'AXI GPIO (2.0)' for IP 'ulp_axi_gpio_null_0' (customized with software release 2022.1) has a different revision in the IP Catalog.
WARNING: [IP_Flow 19-2162] IP 'ulp_axi_vip_ctrl_userpf_0' is locked:
* IP definition 'AXI Verification IP (1.1)' for IP 'ulp_axi_vip_ctrl_userpf_0' (customized with software release 2022.1) has a different revision in the IP Catalog.
WARNING: [IP_Flow 19-2162] IP 'ulp_s00_regslice_6' is locked:
* IP definition 'AXI Register Slice (2.1)' for IP 'ulp_s00_regslice_6' (customized with software release 2022.1) has a different revision in the IP Catalog.
WARNING: [IP_Flow 19-2162] IP 'ulp_auto_cc_0' is locked:
* IP definition 'AXI Clock Converter (2.1)' for IP 'ulp_auto_cc_0' (customized with software release 2022.1) has a different revision in the IP Catalog.
WARNING: [IP_Flow 19-2162] IP 'ulp_interconnect_axilite_user_0' is locked:
* IP definition 'AXI Interconnect (2.1)' for IP 'ulp_interconnect_axilite_user_0' (customized with software release 2022.1) has a different revision in the IP Catalog.
WARNING: [IP_Flow 19-2162] IP 'ulp_regslice_control_userpf_0' is locked:
* IP definition 'AXI Register Slice (2.1)' for IP 'ulp_regslice_control_userpf_0' (customized with software release 2022.1) has a different revision in the IP Catalog.
WARNING: [IP_Flow 19-2162] IP 'ulp_regslice_data_0' is locked:
* IP definition 'AXI Register Slice (2.1)' for IP 'ulp_regslice_data_0' (customized with software release 2022.1) has a different revision in the IP Catalog.
WARNING: [IP_Flow 19-2162] IP 'ulp_axi_vip_data_1' is locked:
* IP definition 'AXI Verification IP (1.1)' for IP 'ulp_axi_vip_data_1' (customized with software release 2022.1) has a different revision in the IP Catalog.
WARNING: [IP_Flow 19-2162] IP 'ulp_axi_gpio_null_1' is locked:
* IP definition 'AXI GPIO (2.0)' for IP 'ulp_axi_gpio_null_1' (customized with software release 2022.1) has a different revision in the IP Catalog.
WARNING: [IP_Flow 19-2162] IP 'ulp_axi_vip_ctrl_userpf_1' is locked:
* IP definition 'AXI Verification IP (1.1)' for IP 'ulp_axi_vip_ctrl_userpf_1' (customized with software release 2022.1) has a different revision in the IP Catalog.
WARNING: [IP_Flow 19-2162] IP 'ulp_s00_regslice_7' is locked:
* IP definition 'AXI Register Slice (2.1)' for IP 'ulp_s00_regslice_7' (customized with software release 2022.1) has a different revision in the IP Catalog.
WARNING: [IP_Flow 19-2162] IP 'ulp_auto_cc_1' is locked:
* IP definition 'AXI Clock Converter (2.1)' for IP 'ulp_auto_cc_1' (customized with software release 2022.1) has a different revision in the IP Catalog.
WARNING: [IP_Flow 19-2162] IP 'ulp_interconnect_axilite_user_1' is locked:
* IP definition 'AXI Interconnect (2.1)' for IP 'ulp_interconnect_axilite_user_1' (customized with software release 2022.1) has a different revision in the IP Catalog.
WARNING: [IP_Flow 19-2162] IP 'ulp_regslice_control_userpf_1' is locked:
* IP definition 'AXI Register Slice (2.1)' for IP 'ulp_regslice_control_userpf_1' (customized with software release 2022.1) has a different revision in the IP Catalog.
WARNING: [IP_Flow 19-2162] IP 'ulp_regslice_data_1' is locked:
* IP definition 'AXI Register Slice (2.1)' for IP 'ulp_regslice_data_1' (customized with software release 2022.1) has a different revision in the IP Catalog.
WARNING: [IP_Flow 19-2162] IP 'ulp_axi_vip_data_2' is locked:
* IP definition 'AXI Verification IP (1.1)' for IP 'ulp_axi_vip_data_2' (customized with software release 2022.1) has a different revision in the IP Catalog.
WARNING: [IP_Flow 19-2162] IP 'ulp_axi_gpio_null_2' is locked:
* IP definition 'AXI GPIO (2.0)' for IP 'ulp_axi_gpio_null_2' (customized with software release 2022.1) has a different revision in the IP Catalog.
WARNING: [IP_Flow 19-2162] IP 'ulp_axi_vip_ctrl_userpf_2' is locked:
* IP definition 'AXI Verification IP (1.1)' for IP 'ulp_axi_vip_ctrl_userpf_2' (customized with software release 2022.1) has a different revision in the IP Catalog.
WARNING: [IP_Flow 19-2162] IP 'ulp_s00_regslice_8' is locked:
* IP definition 'AXI Register Slice (2.1)' for IP 'ulp_s00_regslice_8' (customized with software release 2022.1) has a different revision in the IP Catalog.
WARNING: [IP_Flow 19-2162] IP 'ulp_auto_cc_2' is locked:
* IP definition 'AXI Clock Converter (2.1)' for IP 'ulp_auto_cc_2' (customized with software release 2022.1) has a different revision in the IP Catalog.
WARNING: [IP_Flow 19-2162] IP 'ulp_interconnect_axilite_user_2' is locked:
* IP definition 'AXI Interconnect (2.1)' for IP 'ulp_interconnect_axilite_user_2' (customized with software release 2022.1) has a different revision in the IP Catalog.
WARNING: [IP_Flow 19-2162] IP 'ulp_regslice_control_userpf_2' is locked:
* IP definition 'AXI Register Slice (2.1)' for IP 'ulp_regslice_control_userpf_2' (customized with software release 2022.1) has a different revision in the IP Catalog.
WARNING: [IP_Flow 19-2162] IP 'ulp_regslice_data_2' is locked:
* IP definition 'AXI Register Slice (2.1)' for IP 'ulp_regslice_data_2' (customized with software release 2022.1) has a different revision in the IP Catalog.
WARNING: [IP_Flow 19-2162] IP 'ulp_axi_vip_data_3' is locked:
* IP definition 'AXI Verification IP (1.1)' for IP 'ulp_axi_vip_data_3' (customized with software release 2022.1) has a different revision in the IP Catalog.
INFO: [OCL_UTIL] set_property synth_checkpoint_mode Hierarchical [get_files -all ulp.bd]
INFO: [OCL_UTIL] internal step: open_bd_design -auto_upgrade [get_files ulp.bd]
Reading block design file </home/biloba/Documents/Repositories/A3D3-Neuro-Demo/LFADS-2023_12_19_U55C_Full_LFADS/build_dir.hw.xilinx_u55c_gen3x16_xdma_3_202210_1/link/vivado/vpl/prj/prj.srcs/my_rm/bd/ulp/ulp.bd>...
Adding component instance block -- xilinx.com:ip:ii_level0_wire:1.0 - ii_level0_wire
Adding component instance block -- xilinx.com:ip:shell_cmp_subsystem:3.0 - ulp_cmp
INFO: [xilinx.com:ip:debug_bridge:3.0-0] bd_097b_user_debug_bridge_0:  Update boundary has completed 
INFO: [xilinx.com:ip:debug_bridge:3.0-0] bd_097b_user_debug_bridge_0:  Update boundary has started running 
INFO: [xilinx.com:ip:debug_bridge:3.0-0] bd_097b_user_debug_bridge_0:  Update content has started running 
INFO: [xilinx.com:ip:debug_bridge:3.0-0] bd_097b_user_debug_hub_0:  Update boundary has completed 
INFO: [xilinx.com:ip:debug_bridge:3.0-0] bd_097b_user_debug_hub_0:  Update boundary has started running 
INFO: [xilinx.com:ip:debug_bridge:3.0-0] bd_097b_user_debug_hub_0:  Update content has started running 
create_bd_cell: Time (s): cpu = 00:00:05 ; elapsed = 00:00:06 . Memory (MB): peak = 2951.453 ; gain = 1312.840 ; free physical = 117623 ; free virtual = 125150
create_bd_cell: Time (s): cpu = 00:00:05 ; elapsed = 00:00:06 . Memory (MB): peak = 2951.457 ; gain = 1315.816 ; free physical = 117621 ; free virtual = 125149
Slave segment '/user_debug_bridge/S_AXI/REG' is being assigned into address space '/s_axi_ctrl_user_debug' at <0x0140_0000 [ 64K ]>.
Address Space </s_axi_ctrl_user_debug> has no unaddressed segments
Slave segment '/build_info/S_AXI/reg0' is being assigned into address space '/s_axi_ctrl_mgmt' at <0x0102_0000 [ 4K ]>.
Address Space </s_axi_ctrl_mgmt> has no unaddressed segments
xit::source_ipfile: Time (s): cpu = 00:00:06 ; elapsed = 00:00:07 . Memory (MB): peak = 2951.457 ; gain = 1330.656 ; free physical = 117621 ; free virtual = 125149
Adding component instance block -- xilinx.com:ip:axi_interconnect:2.1 - axi_ic_ctrl_mgmt_slr1
Adding component instance block -- xilinx.com:ip:axi_crossbar:2.1 - xbar
Adding component instance block -- xilinx.com:ip:sdx_memory_subsystem:1.0 - memory_subsystem
Adding component instance block -- xilinx.com:ip:hbm_memory_subsystem:2.0 - hmss_0
Adding component instance block -- xilinx.com:ip:axi_vip:1.1 - axi_vip_data
Adding component instance block -- xilinx.com:ip:smartconnect:1.0 - axi_data_sc
Adding component instance block -- xilinx.com:ip:xlslice:1.0 - satellite_gpio_slice_1
Adding component instance block -- xilinx.com:ip:shell_ucs_subsystem:3.0 - ulp_ucs
WARNING: [BD 41-1753] The name 'gpio_gapping_demand_concat' you have specified is long. The Windows OS has path length limitations. It is recommended you use shorter names(less than 25 characters) to reduce the likelihood of issues when/if running on windows OS.
WARNING: [BD 41-1753] The name 'slice_gapping_demand_enable' you have specified is long. The Windows OS has path length limitations. It is recommended you use shorter names(less than 25 characters) to reduce the likelihood of issues when/if running on windows OS.
WARNING: [BD 41-1306] The connection to interface pin </gapping_demand/gpio_gapping_demand/s_axi_bvalid> is being overridden by the user with net <gapping_demand_bvalid_net>. This pin will not be connected as a part of interface connection <S_AXI>.
WARNING: [BD 41-1306] The connection to interface pin </gapping_demand/gpio_gapping_demand/s_axi_bready> is being overridden by the user with net <gapping_demand_bready_net>. This pin will not be connected as a part of interface connection <S_AXI>.
WARNING: [BD 41-1306] The connection to interface pin </gapping_demand/gpio_gapping_demand/gpio2_io_i> is being overridden by the user with net <gpio_gapping_demand_conc_net>. This pin will not be connected as a part of interface connection <GPIO2>.
WARNING: [BD 41-1306] The connection to interface pin </gapping_demand/gpio_gapping_demand/gpio_io_o> is being overridden by the user with net <gpio_gapping_demand_gpio_net>. This pin will not be connected as a part of interface connection <GPIO>.
WARNING: [BD 41-1753] The name 'slice_ucs_control_status_done' you have specified is long. The Windows OS has path length limitations. It is recommended you use shorter names(less than 25 characters) to reduce the likelihood of issues when/if running on windows OS.
WARNING: [BD 41-1753] The name 'slice_ucs_control_status_force_shutdown' you have specified is long. The Windows OS has path length limitations. It is recommended you use shorter names(less than 25 characters) to reduce the likelihood of issues when/if running on windows OS.
WARNING: [BD 41-1306] The connection to interface pin </ucs_control_status/gpio_ucs_control_status/gpio2_io_o> is being overridden by the user with net <gpio_ucs_control_status_net>. This pin will not be connected as a part of interface connection <GPIO2>.
WARNING: [BD 41-1306] The connection to interface pin </ucs_control_status/gpio_ucs_control_status/gpio_io_i> is being overridden by the user with net <gpio_ucs_status_concat_net>. This pin will not be connected as a part of interface connection <GPIO>.
WARNING: [BD 41-1753] The name 'fanout_aresetn_pcie_slr0_1' you have specified is long. The Windows OS has path length limitations. It is recommended you use shorter names(less than 25 characters) to reduce the likelihood of issues when/if running on windows OS.
WARNING: [BD 41-1753] The name 'fanout_aresetn_pcie_slr0_2' you have specified is long. The Windows OS has path length limitations. It is recommended you use shorter names(less than 25 characters) to reduce the likelihood of issues when/if running on windows OS.
WARNING: [BD 41-1753] The name 'fanout_aresetn_pcie_slr0_3' you have specified is long. The Windows OS has path length limitations. It is recommended you use shorter names(less than 25 characters) to reduce the likelihood of issues when/if running on windows OS.
WARNING: [BD 41-1753] The name 'fanout_aresetn_pcie_slr0_4' you have specified is long. The Windows OS has path length limitations. It is recommended you use shorter names(less than 25 characters) to reduce the likelihood of issues when/if running on windows OS.
WARNING: [BD 41-1753] The name 'fanout_aresetn_pcie_slr1_1' you have specified is long. The Windows OS has path length limitations. It is recommended you use shorter names(less than 25 characters) to reduce the likelihood of issues when/if running on windows OS.
WARNING: [BD 41-1753] The name 'fanout_aresetn_pcie_slr1_2' you have specified is long. The Windows OS has path length limitations. It is recommended you use shorter names(less than 25 characters) to reduce the likelihood of issues when/if running on windows OS.
WARNING: [BD 41-1753] The name 'fanout_aresetn_pcie_slr1_3' you have specified is long. The Windows OS has path length limitations. It is recommended you use shorter names(less than 25 characters) to reduce the likelihood of issues when/if running on windows OS.
WARNING: [BD 41-1753] The name 'fanout_aresetn_pcie_slr1_4' you have specified is long. The Windows OS has path length limitations. It is recommended you use shorter names(less than 25 characters) to reduce the likelihood of issues when/if running on windows OS.
WARNING: [BD 41-1753] The name 'fanout_aresetn_pcie_slr2_1' you have specified is long. The Windows OS has path length limitations. It is recommended you use shorter names(less than 25 characters) to reduce the likelihood of issues when/if running on windows OS.
WARNING: [BD 41-1753] The name 'fanout_aresetn_pcie_slr2_2' you have specified is long. The Windows OS has path length limitations. It is recommended you use shorter names(less than 25 characters) to reduce the likelihood of issues when/if running on windows OS.
WARNING: [BD 41-1753] The name 'fanout_aresetn_pcie_slr2_3' you have specified is long. The Windows OS has path length limitations. It is recommended you use shorter names(less than 25 characters) to reduce the likelihood of issues when/if running on windows OS.
WARNING: [BD 41-1753] The name 'fanout_aresetn_pcie_slr2_4' you have specified is long. The Windows OS has path length limitations. It is recommended you use shorter names(less than 25 characters) to reduce the likelihood of issues when/if running on windows OS.
WARNING: [BD 41-1753] The name 'fanout_aresetn_ctrl_slr0_1' you have specified is long. The Windows OS has path length limitations. It is recommended you use shorter names(less than 25 characters) to reduce the likelihood of issues when/if running on windows OS.
WARNING: [BD 41-1753] The name 'fanout_aresetn_ctrl_slr0_2' you have specified is long. The Windows OS has path length limitations. It is recommended you use shorter names(less than 25 characters) to reduce the likelihood of issues when/if running on windows OS.
WARNING: [BD 41-1753] The name 'fanout_aresetn_ctrl_slr0_3' you have specified is long. The Windows OS has path length limitations. It is recommended you use shorter names(less than 25 characters) to reduce the likelihood of issues when/if running on windows OS.
WARNING: [BD 41-1753] The name 'fanout_aresetn_ctrl_slr0_4' you have specified is long. The Windows OS has path length limitations. It is recommended you use shorter names(less than 25 characters) to reduce the likelihood of issues when/if running on windows OS.
WARNING: [BD 41-1753] The name 'fanout_aresetn_ctrl_slr1_1' you have specified is long. The Windows OS has path length limitations. It is recommended you use shorter names(less than 25 characters) to reduce the likelihood of issues when/if running on windows OS.
WARNING: [BD 41-1753] The name 'fanout_aresetn_ctrl_slr1_2' you have specified is long. The Windows OS has path length limitations. It is recommended you use shorter names(less than 25 characters) to reduce the likelihood of issues when/if running on windows OS.
WARNING: [BD 41-1753] The name 'fanout_aresetn_ctrl_slr1_3' you have specified is long. The Windows OS has path length limitations. It is recommended you use shorter names(less than 25 characters) to reduce the likelihood of issues when/if running on windows OS.
WARNING: [BD 41-1753] The name 'fanout_aresetn_ctrl_slr1_4' you have specified is long. The Windows OS has path length limitations. It is recommended you use shorter names(less than 25 characters) to reduce the likelihood of issues when/if running on windows OS.
WARNING: [BD 41-1753] The name 'fanout_aresetn_ctrl_slr2_1' you have specified is long. The Windows OS has path length limitations. It is recommended you use shorter names(less than 25 characters) to reduce the likelihood of issues when/if running on windows OS.
WARNING: [BD 41-1753] The name 'fanout_aresetn_ctrl_slr2_2' you have specified is long. The Windows OS has path length limitations. It is recommended you use shorter names(less than 25 characters) to reduce the likelihood of issues when/if running on windows OS.
WARNING: [BD 41-1753] The name 'fanout_aresetn_ctrl_slr2_3' you have specified is long. The Windows OS has path length limitations. It is recommended you use shorter names(less than 25 characters) to reduce the likelihood of issues when/if running on windows OS.
WARNING: [BD 41-1753] The name 'fanout_aresetn_ctrl_slr2_4' you have specified is long. The Windows OS has path length limitations. It is recommended you use shorter names(less than 25 characters) to reduce the likelihood of issues when/if running on windows OS.
expected floating-point number but got "Unable to get value from speedsfile for keyword MM"
ERROR: [IP_Flow 19-3476] Tcl error in create_gui procedure for BD Cell 'ulp_ucs/inst/clkwiz_hbm'. expected floating-point number but got "Unable to get value from speedsfile for keyword MM"
ERROR: [IP_Flow 19-3428] Failed to create Customization object ulp_ucs/inst/clkwiz_hbm
CRITICAL WARNING: [IP_Flow 19-5622] Failed to create IP instance 'bd_22c0_clkwiz_hbm_0'. Failed to customize IP instance 'bd_22c0_clkwiz_hbm_0'. Failed to load customization data
ERROR: [BD 41-1712] Create IP failed with errors
ERROR: [BD 5-7] Error: running create_bd_cell  -vlnv xilinx.com:ip:clk_wiz:6.0 -type ip -name clkwiz_hbm .
ERROR: [Common 17-39] 'create_bd_cell' failed due to earlier errors.
ERROR: [Ipptcl 7-5] XIT evaluation error: ERROR: [Common 17-39] 'create_bd_cell' failed due to earlier errors.

ERROR: [Common 17-39] 'xit::source_ipfile' failed due to earlier errors.
CRITICAL WARNING: [IP_Flow 19-1747] Failed to deliver file '/home/biloba/Documents/Repositories/A3D3-Neuro-Demo/LFADS-2023_12_19_U55C_Full_LFADS/build_dir.hw.xilinx_u55c_gen3x16_xdma_3_202210_1/link/vivado/vpl/.local/hw_platform/iprepo/ipdefs/other_ipdefs/shell_ucs_subsystem_v3_0/xit/update_contents.xit': ERROR: [Common 17-39] 'xit::source_ipfile' failed due to earlier errors.

ERROR: [IP_Flow 19-167] Failed to deliver one or more file(s).
ERROR: [IP_Flow 19-3541] IP Elaboration error: Failed to generate IP 'ulp_ucs'. Failed to generate 'Elaborate BD' outputs: Failed to elaborate IP.
ERROR: [BD 41-1689] Failed to generate IP 'ulp_ucs'. Failed to generate 'Elaborate BD' outputs: Failed to elaborate IP.
ERROR: [BD 41-595] Failed to add ip repository block <ulp_ucs>
Adding component instance block -- xilinx.com:ip:axi_register_slice:2.1 - axi_regslice_slr0
Adding component instance block -- xilinx.com:ip:axi_register_slice:2.1 - axi_regslice_slr1
Adding component instance block -- xilinx.com:ip:axi_register_slice:2.1 - axi_regslice_slr2
Adding component instance block -- xilinx.com:ip:proc_sys_reset:5.0 - proc_sys_reset_ctrl_slr0
Adding component instance block -- xilinx.com:ip:proc_sys_reset:5.0 - proc_sys_reset_ctrl_slr1
Adding component instance block -- xilinx.com:ip:proc_sys_reset:5.0 - proc_sys_reset_ctrl_slr2
Adding component instance block -- xilinx.com:ip:proc_sys_reset:5.0 - proc_sys_reset_kernel_slr0
Adding component instance block -- xilinx.com:ip:proc_sys_reset:5.0 - proc_sys_reset_kernel_slr1
Adding component instance block -- xilinx.com:ip:proc_sys_reset:5.0 - proc_sys_reset_kernel_slr2
Adding component instance block -- xilinx.com:ip:proc_sys_reset:5.0 - proc_sys_reset_kernel2_slr0
Adding component instance block -- xilinx.com:ip:proc_sys_reset:5.0 - proc_sys_reset_kernel2_slr1
Adding component instance block -- xilinx.com:ip:proc_sys_reset:5.0 - proc_sys_reset_kernel2_slr2
Adding component instance block -- xilinx.com:ip:proc_sys_reset:5.0 - proc_sys_reset_freerun_slr0
Adding component instance block -- xilinx.com:ip:proc_sys_reset:5.0 - proc_sys_reset_freerun_slr1
Adding component instance block -- xilinx.com:ip:proc_sys_reset:5.0 - proc_sys_reset_freerun_slr2
Adding component instance block -- xilinx.com:ip:axi_gpio:2.0 - axi_gpio_null
Adding component instance block -- xilinx.com:ip:axi_vip:1.1 - axi_vip_ctrl_userpf
Adding component instance block -- xilinx.com:ip:axi_interconnect:2.1 - interconnect_axilite_user
Adding component instance block -- xilinx.com:ip:axi_register_slice:2.1 - s00_regslice
Adding component instance block -- xilinx.com:ip:axi_clock_converter:2.1 - auto_cc
Adding component instance block -- xilinx.com:ip:axi_register_slice:2.1 - regslice_control_userpf
Adding component instance block -- xilinx.com:ip:axi_register_slice:2.1 - regslice_data
Adding component instance block -- xilinx.com:ip:axi_vip:1.1 - axi_vip_data
Adding component instance block -- xilinx.com:ip:axi_gpio:2.0 - axi_gpio_null
Adding component instance block -- xilinx.com:ip:axi_vip:1.1 - axi_vip_ctrl_userpf
Adding component instance block -- xilinx.com:ip:axi_interconnect:2.1 - interconnect_axilite_user
Adding component instance block -- xilinx.com:ip:axi_register_slice:2.1 - s00_regslice
Adding component instance block -- xilinx.com:ip:axi_clock_converter:2.1 - auto_cc
Adding component instance block -- xilinx.com:ip:axi_register_slice:2.1 - regslice_control_userpf
Adding component instance block -- xilinx.com:ip:axi_register_slice:2.1 - regslice_data
Adding component instance block -- xilinx.com:ip:axi_vip:1.1 - axi_vip_data
Adding component instance block -- xilinx.com:ip:axi_gpio:2.0 - axi_gpio_null
Adding component instance block -- xilinx.com:ip:axi_vip:1.1 - axi_vip_ctrl_userpf
Adding component instance block -- xilinx.com:ip:axi_interconnect:2.1 - interconnect_axilite_user
Adding component instance block -- xilinx.com:ip:axi_register_slice:2.1 - s00_regslice
Adding component instance block -- xilinx.com:ip:axi_clock_converter:2.1 - auto_cc
Adding component instance block -- xilinx.com:ip:axi_register_slice:2.1 - regslice_control_userpf
Adding component instance block -- xilinx.com:ip:axi_register_slice:2.1 - regslice_data
Adding component instance block -- xilinx.com:ip:axi_vip:1.1 - axi_vip_data
CRITICAL WARNING: [BD 41-2160] Unable to find cell <ulp_ucs> while setting up interface connections during loading of block design file.
CRITICAL WARNING: [BD 41-2164] Unable to find cell <ulp_ucs> while setting up net connections during loading of block design file.
CRITICAL WARNING: [BD 41-2164] Unable to find cell <ulp_ucs> while setting up net connections during loading of block design file.
CRITICAL WARNING: [BD 41-2164] Unable to find cell <ulp_ucs> while setting up net connections during loading of block design file.
CRITICAL WARNING: [BD 41-2164] Unable to find cell <ulp_ucs> while setting up net connections during loading of block design file.
CRITICAL WARNING: [BD 41-2164] Unable to find cell <ulp_ucs> while setting up net connections during loading of block design file.
CRITICAL WARNING: [BD 41-2164] Unable to find cell <ulp_ucs> while setting up net connections during loading of block design file.
CRITICAL WARNING: [BD 41-2164] Unable to find cell <ulp_ucs> while setting up net connections during loading of block design file.
CRITICAL WARNING: [BD 41-2164] Unable to find cell <ulp_ucs> while setting up net connections during loading of block design file.
CRITICAL WARNING: [BD 41-2164] Unable to find cell <ulp_ucs> while setting up net connections during loading of block design file.
CRITICAL WARNING: [BD 41-2164] Unable to find cell <ulp_ucs> while setting up net connections during loading of block design file.
CRITICAL WARNING: [BD 41-2164] Unable to find cell <ulp_ucs> while setting up net connections during loading of block design file.
CRITICAL WARNING: [BD 41-2164] Unable to find cell <ulp_ucs> while setting up net connections during loading of block design file.
CRITICAL WARNING: [BD 41-2164] Unable to find cell <ulp_ucs> while setting up net connections during loading of block design file.
CRITICAL WARNING: [BD 41-2164] Unable to find cell <ulp_ucs> while setting up net connections during loading of block design file.
CRITICAL WARNING: [BD 41-2164] Unable to find cell <ulp_ucs> while setting up net connections during loading of block design file.
CRITICAL WARNING: [BD 41-2164] Unable to find cell <ulp_ucs> while setting up net connections during loading of block design file.
CRITICAL WARNING: [BD 41-2164] Unable to find cell <ulp_ucs> while setting up net connections during loading of block design file.
CRITICAL WARNING: [BD 41-2164] Unable to find cell <ulp_ucs> while setting up net connections during loading of block design file.
CRITICAL WARNING: [BD 41-2164] Unable to find cell <ulp_ucs> while setting up net connections during loading of block design file.
CRITICAL WARNING: [BD 41-2164] Unable to find cell <ulp_ucs> while setting up net connections during loading of block design file.
CRITICAL WARNING: [BD 41-2164] Unable to find cell <ulp_ucs> while setting up net connections during loading of block design file.
CRITICAL WARNING: [BD 41-2164] Unable to find cell <ulp_ucs> while setting up net connections during loading of block design file.
CRITICAL WARNING: [BD 41-2164] Unable to find cell <ulp_ucs> while setting up net connections during loading of block design file.
WARNING: [BD 41-705] Could not load assignment of slave segment '/ulp_ucs/s_axi_ctrl_mgmt/Reg' into address space '/ii_level0_wire/ulp_m_axi_ctrl_mgmt_01'
ERROR: [BD 41-425] Failed to read Diagram <ulp> from block design file </home/biloba/Documents/Repositories/A3D3-Neuro-Demo/LFADS-2023_12_19_U55C_Full_LFADS/build_dir.hw.xilinx_u55c_gen3x16_xdma_3_202210_1/link/vivado/vpl/prj/prj.srcs/my_rm/bd/ulp/ulp.bd>
open_bd_design: Time (s): cpu = 00:00:08 ; elapsed = 00:00:09 . Memory (MB): peak = 2951.457 ; gain = 1388.371 ; free physical = 117554 ; free virtual = 125083
ERROR: caught error: ERROR: [Common 17-39] 'open_bd_design' failed due to earlier errors.

    while executing
"open_bd_design -auto_upgrade [get_files -all $bd_file]"
[18:57:26] Run vpl: Step create_bd: Failed
INFO: [OCL_UTIL] current step: vpl.create_bd failed. To rerun the existing project please use --from_step vpl.create_bd
Step failed: create_bd An error stack with function names and arguments may be available in the 'vivado.log'.
INFO: [Common 17-206] Exiting Vivado at Thu May 16 18:57:26 2024...
