INFO: [v++ 60-1306] Additional information associated with this v++ link can be found at:
	Reports: /home/biloba/Documents/Repositories/A3D3-Neuro-Demo/LFADS-2023_12_19_U55C_Full_LFADS/build_dir.sw_emu.xilinx_u55c_gen3x16_xdma_3_202210_1/reports/link
	Log files: /home/biloba/Documents/Repositories/A3D3-Neuro-Demo/LFADS-2023_12_19_U55C_Full_LFADS/build_dir.sw_emu.xilinx_u55c_gen3x16_xdma_3_202210_1/logs/link
WARNING: [v++ 60-2441] The option '--advanced.prop solution.hls_pre_tcl' is being deprecated. Please use '--hls.pre_tcl' option instead
INFO: [v++ 60-1548] Creating build summary session with primary output /home/biloba/Documents/Repositories/A3D3-Neuro-Demo/LFADS-2023_12_19_U55C_Full_LFADS/build_dir.sw_emu.xilinx_u55c_gen3x16_xdma_3_202210_1/alveo_hls4ml.xclbin.link_summary, at Mon May 20 10:31:40 2024
INFO: [v++ 60-1315] Creating rulecheck session with output '/home/biloba/Documents/Repositories/A3D3-Neuro-Demo/LFADS-2023_12_19_U55C_Full_LFADS/build_dir.sw_emu.xilinx_u55c_gen3x16_xdma_3_202210_1/reports/link/v++_link_alveo_hls4ml_guidance.html', at Mon May 20 10:31:40 2024
INFO: [v++ 60-895]   Target platform: /opt/xilinx/platforms/xilinx_u55c_gen3x16_xdma_3_202210_1/xilinx_u55c_gen3x16_xdma_3_202210_1.xpfm
INFO: [v++ 60-1578]   This platform contains Xilinx Shell Archive '/opt/xilinx/platforms/xilinx_u55c_gen3x16_xdma_3_202210_1/hw/hw.xsa'
INFO: [v++ 74-78] Compiler Version string: 2022.2
INFO: [v++ 60-629] Linking for software emulation target
INFO: [v++ 60-423]   Target device: xilinx_u55c_gen3x16_xdma_3_202210_1
INFO: [v++ 60-645] kernel flags are '-g -D MYPROJ=myproject -D IS_DENSE -I /home/biloba/Documents/Repositories/A3D3-Neuro-Demo/LFADS-2023_12_19_U55C_Full_LFADS/src -I /home/biloba/Documents/Repositories/A3D3-Neuro-Demo/LFADS-2023_12_19_U55C_Full_LFADS/src -I /home/biloba/Documents/Repositories/A3D3-Neuro-Demo/LFADS-2023_12_19_U55C_Full_LFADS/src/weights -I /home/biloba/Documents/Repositories/A3D3-Neuro-Demo/LFADS-2023_12_19_U55C_Full_LFADS/src/nnet_utils -std=c++11 -g'
INFO: [v++ 60-586] Created build_dir.sw_emu.xilinx_u55c_gen3x16_xdma_3_202210_1/alveo_hls4ml.xclbin
INFO: [v++ 60-1307] Run completed. Additional information can be found in:
	Guidance: /home/biloba/Documents/Repositories/A3D3-Neuro-Demo/LFADS-2023_12_19_U55C_Full_LFADS/build_dir.sw_emu.xilinx_u55c_gen3x16_xdma_3_202210_1/reports/link/v++_link_alveo_hls4ml_guidance.html
	Steps Log File: /home/biloba/Documents/Repositories/A3D3-Neuro-Demo/LFADS-2023_12_19_U55C_Full_LFADS/build_dir.sw_emu.xilinx_u55c_gen3x16_xdma_3_202210_1/logs/link/link.steps.log

INFO: [v++ 60-2343] Use the vitis_analyzer tool to visualize and navigate the relevant reports. Run the following command. 
    vitis_analyzer /home/biloba/Documents/Repositories/A3D3-Neuro-Demo/LFADS-2023_12_19_U55C_Full_LFADS/build_dir.sw_emu.xilinx_u55c_gen3x16_xdma_3_202210_1/alveo_hls4ml.xclbin.link_summary 
INFO: [v++ 60-791] Total elapsed time: 0h 0m 31s
INFO: [v++ 60-1653] Closing dispatch client.
