INFO: [v++ 60-1306] Additional information associated with this v++ link can be found at:
	Reports: /home/biloba/Documents/Repositories/A3D3-Neuro-Demo/LFADS-2023_12_19_U55C_Full_LFADS/build_dir.hw.xilinx_u55c_gen3x16_xdma_3_202210_1/reports/link
	Log files: /home/biloba/Documents/Repositories/A3D3-Neuro-Demo/LFADS-2023_12_19_U55C_Full_LFADS/build_dir.hw.xilinx_u55c_gen3x16_xdma_3_202210_1/logs/link
WARNING: [v++ 60-2441] The option '--advanced.prop solution.hls_pre_tcl' is being deprecated. Please use '--hls.pre_tcl' option instead
INFO: [v++ 60-1548] Creating build summary session with primary output /home/biloba/Documents/Repositories/A3D3-Neuro-Demo/LFADS-2023_12_19_U55C_Full_LFADS/build_dir.hw.xilinx_u55c_gen3x16_xdma_3_202210_1/alveo_hls4ml.xclbin.link_summary, at Thu May 16 18:56:11 2024
INFO: [v++ 60-1315] Creating rulecheck session with output '/home/biloba/Documents/Repositories/A3D3-Neuro-Demo/LFADS-2023_12_19_U55C_Full_LFADS/build_dir.hw.xilinx_u55c_gen3x16_xdma_3_202210_1/reports/link/v++_link_alveo_hls4ml_guidance.html', at Thu May 16 18:56:11 2024
INFO: [v++ 60-895]   Target platform: /opt/xilinx/platforms/xilinx_u55c_gen3x16_xdma_3_202210_1/xilinx_u55c_gen3x16_xdma_3_202210_1.xpfm
INFO: [v++ 60-1578]   This platform contains Xilinx Shell Archive '/opt/xilinx/platforms/xilinx_u55c_gen3x16_xdma_3_202210_1/hw/hw.xsa'
INFO: [v++ 74-78] Compiler Version string: 2022.2
INFO: [v++ 60-629] Linking for hardware target
INFO: [v++ 60-423]   Target device: xilinx_u55c_gen3x16_xdma_3_202210_1
INFO: [v++ 60-1332] Run 'run_link' status: Not started
INFO: [v++ 60-1443] [18:56:19] Run run_link: Step system_link: Started
INFO: [v++ 60-1453] Command Line: system_link --xo /home/biloba/Documents/Repositories/A3D3-Neuro-Demo/LFADS-2023_12_19_U55C_Full_LFADS/_x.hw.xilinx_u55c_gen3x16_xdma_3_202210_1/alveo_hls4ml.xo -keep --config /home/biloba/Documents/Repositories/A3D3-Neuro-Demo/LFADS-2023_12_19_U55C_Full_LFADS/build_dir.hw.xilinx_u55c_gen3x16_xdma_3_202210_1/link/int/syslinkConfig.ini --xpfm /opt/xilinx/platforms/xilinx_u55c_gen3x16_xdma_3_202210_1/xilinx_u55c_gen3x16_xdma_3_202210_1.xpfm --target hw --output_dir /home/biloba/Documents/Repositories/A3D3-Neuro-Demo/LFADS-2023_12_19_U55C_Full_LFADS/build_dir.hw.xilinx_u55c_gen3x16_xdma_3_202210_1/link/int --temp_dir /home/biloba/Documents/Repositories/A3D3-Neuro-Demo/LFADS-2023_12_19_U55C_Full_LFADS/build_dir.hw.xilinx_u55c_gen3x16_xdma_3_202210_1/link/sys_link
INFO: [v++ 60-1454] Run Directory: /home/biloba/Documents/Repositories/A3D3-Neuro-Demo/LFADS-2023_12_19_U55C_Full_LFADS/build_dir.hw.xilinx_u55c_gen3x16_xdma_3_202210_1/link/run_link
INFO: [SYSTEM_LINK 82-70] Extracting xo v3 file /home/biloba/Documents/Repositories/A3D3-Neuro-Demo/LFADS-2023_12_19_U55C_Full_LFADS/_x.hw.xilinx_u55c_gen3x16_xdma_3_202210_1/alveo_hls4ml.xo
INFO: [SYSTEM_LINK 82-53] Creating IP database /home/biloba/Documents/Repositories/A3D3-Neuro-Demo/LFADS-2023_12_19_U55C_Full_LFADS/build_dir.hw.xilinx_u55c_gen3x16_xdma_3_202210_1/link/sys_link/_sysl/.cdb/xd_ip_db.xml
INFO: [SYSTEM_LINK 82-38] [18:56:24] build_xd_ip_db started: /tools/Xilinx/Vitis/2022.2/bin/build_xd_ip_db -ip_search 0  -sds-pf /home/biloba/Documents/Repositories/A3D3-Neuro-Demo/LFADS-2023_12_19_U55C_Full_LFADS/build_dir.hw.xilinx_u55c_gen3x16_xdma_3_202210_1/link/sys_link/hw.hpfm -clkid 0 -ip /home/biloba/Documents/Repositories/A3D3-Neuro-Demo/LFADS-2023_12_19_U55C_Full_LFADS/build_dir.hw.xilinx_u55c_gen3x16_xdma_3_202210_1/link/sys_link/iprepo/xilinx_com_hls_alveo_hls4ml_1_0,alveo_hls4ml -o /home/biloba/Documents/Repositories/A3D3-Neuro-Demo/LFADS-2023_12_19_U55C_Full_LFADS/build_dir.hw.xilinx_u55c_gen3x16_xdma_3_202210_1/link/sys_link/_sysl/.cdb/xd_ip_db.xml
INFO: [SYSTEM_LINK 82-37] [18:56:31] build_xd_ip_db finished successfully
Time (s): cpu = 00:00:07 ; elapsed = 00:00:07 . Memory (MB): peak = 479.305 ; gain = 0.000 ; free physical = 120283 ; free virtual = 126803
INFO: [SYSTEM_LINK 82-51] Create system connectivity graph
INFO: [SYSTEM_LINK 82-102] Applying explicit connections to the system connectivity graph: /home/biloba/Documents/Repositories/A3D3-Neuro-Demo/LFADS-2023_12_19_U55C_Full_LFADS/build_dir.hw.xilinx_u55c_gen3x16_xdma_3_202210_1/link/sys_link/cfgraph/cfgen_cfgraph.xml
INFO: [SYSTEM_LINK 82-38] [18:56:31] cfgen started: /tools/Xilinx/Vitis/2022.2/bin/cfgen  -sp alveo_hls4ml_1.in1:HBM[0] -sp alveo_hls4ml_1.in2:HBM[1] -sp alveo_hls4ml_1.out:HBM[2] -dpa_mem_offload false -dmclkid 0 -r /home/biloba/Documents/Repositories/A3D3-Neuro-Demo/LFADS-2023_12_19_U55C_Full_LFADS/build_dir.hw.xilinx_u55c_gen3x16_xdma_3_202210_1/link/sys_link/_sysl/.cdb/xd_ip_db.xml -o /home/biloba/Documents/Repositories/A3D3-Neuro-Demo/LFADS-2023_12_19_U55C_Full_LFADS/build_dir.hw.xilinx_u55c_gen3x16_xdma_3_202210_1/link/sys_link/cfgraph/cfgen_cfgraph.xml
INFO: [CFGEN 83-0] Kernel Specs: 
INFO: [CFGEN 83-0]   kernel: alveo_hls4ml, num: 1  {alveo_hls4ml_1}
INFO: [CFGEN 83-0] Port Specs: 
INFO: [CFGEN 83-0]   kernel: alveo_hls4ml_1, k_port: in1, sptag: HBM[0]
INFO: [CFGEN 83-0]   kernel: alveo_hls4ml_1, k_port: in2, sptag: HBM[1]
INFO: [CFGEN 83-0]   kernel: alveo_hls4ml_1, k_port: out, sptag: HBM[2]
INFO: [SYSTEM_LINK 82-37] [18:56:41] cfgen finished successfully
Time (s): cpu = 00:00:10 ; elapsed = 00:00:10 . Memory (MB): peak = 479.305 ; gain = 0.000 ; free physical = 120274 ; free virtual = 126801
INFO: [SYSTEM_LINK 82-52] Create top-level block diagram
INFO: [SYSTEM_LINK 82-38] [18:56:41] cf2bd started: /tools/Xilinx/Vitis/2022.2/bin/cf2bd  --linux --trace_buffer 1024 --input_file /home/biloba/Documents/Repositories/A3D3-Neuro-Demo/LFADS-2023_12_19_U55C_Full_LFADS/build_dir.hw.xilinx_u55c_gen3x16_xdma_3_202210_1/link/sys_link/cfgraph/cfgen_cfgraph.xml --ip_db /home/biloba/Documents/Repositories/A3D3-Neuro-Demo/LFADS-2023_12_19_U55C_Full_LFADS/build_dir.hw.xilinx_u55c_gen3x16_xdma_3_202210_1/link/sys_link/_sysl/.cdb/xd_ip_db.xml --cf_name dr --working_dir /home/biloba/Documents/Repositories/A3D3-Neuro-Demo/LFADS-2023_12_19_U55C_Full_LFADS/build_dir.hw.xilinx_u55c_gen3x16_xdma_3_202210_1/link/sys_link/_sysl/.xsd --temp_dir /home/biloba/Documents/Repositories/A3D3-Neuro-Demo/LFADS-2023_12_19_U55C_Full_LFADS/build_dir.hw.xilinx_u55c_gen3x16_xdma_3_202210_1/link/sys_link --output_dir /home/biloba/Documents/Repositories/A3D3-Neuro-Demo/LFADS-2023_12_19_U55C_Full_LFADS/build_dir.hw.xilinx_u55c_gen3x16_xdma_3_202210_1/link/int --target_bd ulp.bd
INFO: [CF2BD 82-31] Launching cf2xd: cf2xd -linux -trace-buffer 1024 -i /home/biloba/Documents/Repositories/A3D3-Neuro-Demo/LFADS-2023_12_19_U55C_Full_LFADS/build_dir.hw.xilinx_u55c_gen3x16_xdma_3_202210_1/link/sys_link/cfgraph/cfgen_cfgraph.xml -r /home/biloba/Documents/Repositories/A3D3-Neuro-Demo/LFADS-2023_12_19_U55C_Full_LFADS/build_dir.hw.xilinx_u55c_gen3x16_xdma_3_202210_1/link/sys_link/_sysl/.cdb/xd_ip_db.xml -o dr.xml
INFO: [CF2BD 82-28] cf2xd finished successfully
INFO: [CF2BD 82-31] Launching cf_xsd: cf_xsd -disable-address-gen -bd ulp.bd -dn dr -dp /home/biloba/Documents/Repositories/A3D3-Neuro-Demo/LFADS-2023_12_19_U55C_Full_LFADS/build_dir.hw.xilinx_u55c_gen3x16_xdma_3_202210_1/link/sys_link/_sysl/.xsd
INFO: [CF2BD 82-28] cf_xsd finished successfully
INFO: [SYSTEM_LINK 82-37] [18:56:46] cf2bd finished successfully
Time (s): cpu = 00:00:04 ; elapsed = 00:00:05 . Memory (MB): peak = 479.305 ; gain = 0.000 ; free physical = 120277 ; free virtual = 126811
INFO: [v++ 60-1441] [18:56:46] Run run_link: Step system_link: Completed
Time (s): cpu = 00:00:26 ; elapsed = 00:00:27 . Memory (MB): peak = 552.387 ; gain = 0.000 ; free physical = 120427 ; free virtual = 126962
INFO: [v++ 60-1443] [18:56:46] Run run_link: Step cf2sw: Started
INFO: [v++ 60-1453] Command Line: cf2sw -sdsl /home/biloba/Documents/Repositories/A3D3-Neuro-Demo/LFADS-2023_12_19_U55C_Full_LFADS/build_dir.hw.xilinx_u55c_gen3x16_xdma_3_202210_1/link/int/sdsl.dat -rtd /home/biloba/Documents/Repositories/A3D3-Neuro-Demo/LFADS-2023_12_19_U55C_Full_LFADS/build_dir.hw.xilinx_u55c_gen3x16_xdma_3_202210_1/link/int/cf2sw.rtd -nofilter /home/biloba/Documents/Repositories/A3D3-Neuro-Demo/LFADS-2023_12_19_U55C_Full_LFADS/build_dir.hw.xilinx_u55c_gen3x16_xdma_3_202210_1/link/int/cf2sw_full.rtd -xclbin /home/biloba/Documents/Repositories/A3D3-Neuro-Demo/LFADS-2023_12_19_U55C_Full_LFADS/build_dir.hw.xilinx_u55c_gen3x16_xdma_3_202210_1/link/int/xclbin_orig.xml -o /home/biloba/Documents/Repositories/A3D3-Neuro-Demo/LFADS-2023_12_19_U55C_Full_LFADS/build_dir.hw.xilinx_u55c_gen3x16_xdma_3_202210_1/link/int/xclbin_orig.1.xml
INFO: [v++ 60-1454] Run Directory: /home/biloba/Documents/Repositories/A3D3-Neuro-Demo/LFADS-2023_12_19_U55C_Full_LFADS/build_dir.hw.xilinx_u55c_gen3x16_xdma_3_202210_1/link/run_link
INFO: [v++ 60-1441] [18:56:53] Run run_link: Step cf2sw: Completed
Time (s): cpu = 00:00:06 ; elapsed = 00:00:07 . Memory (MB): peak = 552.387 ; gain = 0.000 ; free physical = 120427 ; free virtual = 126960
INFO: [v++ 60-1443] [18:56:53] Run run_link: Step rtd2_system_diagram: Started
INFO: [v++ 60-1453] Command Line: rtd2SystemDiagram
INFO: [v++ 60-1454] Run Directory: /home/biloba/Documents/Repositories/A3D3-Neuro-Demo/LFADS-2023_12_19_U55C_Full_LFADS/build_dir.hw.xilinx_u55c_gen3x16_xdma_3_202210_1/link/run_link
INFO: [v++ 60-1441] [18:56:53] Run run_link: Step rtd2_system_diagram: Completed
Time (s): cpu = 00:00:00.01 ; elapsed = 00:00:00.8 . Memory (MB): peak = 552.387 ; gain = 0.000 ; free physical = 120366 ; free virtual = 126904
INFO: [v++ 60-1443] [18:56:53] Run run_link: Step vpl: Started
INFO: [v++ 60-1453] Command Line: vpl -t hw -f xilinx_u55c_gen3x16_xdma_3_202210_1 -s --kernel_frequency 199 --remote_ip_cache /home/biloba/Documents/Repositories/A3D3-Neuro-Demo/LFADS-2023_12_19_U55C_Full_LFADS/.ipcache --output_dir /home/biloba/Documents/Repositories/A3D3-Neuro-Demo/LFADS-2023_12_19_U55C_Full_LFADS/build_dir.hw.xilinx_u55c_gen3x16_xdma_3_202210_1/link/int --log_dir /home/biloba/Documents/Repositories/A3D3-Neuro-Demo/LFADS-2023_12_19_U55C_Full_LFADS/build_dir.hw.xilinx_u55c_gen3x16_xdma_3_202210_1/logs/link --report_dir /home/biloba/Documents/Repositories/A3D3-Neuro-Demo/LFADS-2023_12_19_U55C_Full_LFADS/build_dir.hw.xilinx_u55c_gen3x16_xdma_3_202210_1/reports/link --config /home/biloba/Documents/Repositories/A3D3-Neuro-Demo/LFADS-2023_12_19_U55C_Full_LFADS/build_dir.hw.xilinx_u55c_gen3x16_xdma_3_202210_1/link/int/vplConfig.ini -k /home/biloba/Documents/Repositories/A3D3-Neuro-Demo/LFADS-2023_12_19_U55C_Full_LFADS/build_dir.hw.xilinx_u55c_gen3x16_xdma_3_202210_1/link/int/kernel_info.dat --webtalk_flag Vitis --temp_dir /home/biloba/Documents/Repositories/A3D3-Neuro-Demo/LFADS-2023_12_19_U55C_Full_LFADS/build_dir.hw.xilinx_u55c_gen3x16_xdma_3_202210_1/link --no-info --iprepo /home/biloba/Documents/Repositories/A3D3-Neuro-Demo/LFADS-2023_12_19_U55C_Full_LFADS/build_dir.hw.xilinx_u55c_gen3x16_xdma_3_202210_1/link/int/xo/ip_repo/xilinx_com_hls_alveo_hls4ml_1_0 --messageDb /home/biloba/Documents/Repositories/A3D3-Neuro-Demo/LFADS-2023_12_19_U55C_Full_LFADS/build_dir.hw.xilinx_u55c_gen3x16_xdma_3_202210_1/link/run_link/vpl.pb /home/biloba/Documents/Repositories/A3D3-Neuro-Demo/LFADS-2023_12_19_U55C_Full_LFADS/build_dir.hw.xilinx_u55c_gen3x16_xdma_3_202210_1/link/int/dr.bd.tcl
INFO: [v++ 60-1454] Run Directory: /home/biloba/Documents/Repositories/A3D3-Neuro-Demo/LFADS-2023_12_19_U55C_Full_LFADS/build_dir.hw.xilinx_u55c_gen3x16_xdma_3_202210_1/link/run_link

****** vpl v2022.2 (64-bit)
  **** SW Build 3671529 on 2022-10-13-17:52:11
    ** Copyright 1986-2022 Xilinx, Inc. All Rights Reserved.

INFO: [VPL 60-839] Read in kernel information from file '/home/biloba/Documents/Repositories/A3D3-Neuro-Demo/LFADS-2023_12_19_U55C_Full_LFADS/build_dir.hw.xilinx_u55c_gen3x16_xdma_3_202210_1/link/int/kernel_info.dat'.
INFO: [VPL 74-78] Compiler Version string: 2022.2
INFO: [VPL 60-423]   Target device: xilinx_u55c_gen3x16_xdma_3_202210_1
INFO: [VPL 60-1032] Extracting hardware platform to /home/biloba/Documents/Repositories/A3D3-Neuro-Demo/LFADS-2023_12_19_U55C_Full_LFADS/build_dir.hw.xilinx_u55c_gen3x16_xdma_3_202210_1/link/vivado/vpl/.local/hw_platform
[18:57:08] Run vpl: Step create_project: Started
Creating Vivado project.
[18:57:14] Run vpl: Step create_project: Completed
[18:57:14] Run vpl: Step create_bd: Started
[18:57:26] Run vpl: Step create_bd: Failed
[18:57:26] Run vpl: FINISHED. Run Status: create_bd ERROR

===>The following messages were generated while  creating FPGA bitstream. Log file: /home/biloba/Documents/Repositories/A3D3-Neuro-Demo/LFADS-2023_12_19_U55C_Full_LFADS/build_dir.hw.xilinx_u55c_gen3x16_xdma_3_202210_1/link/vivado/vpl/runme.log :
ERROR: [VPL 19-3476] Tcl error in create_gui procedure for BD Cell 'ulp_ucs/inst/clkwiz_hbm'. expected floating-point number but got "Unable to get value from speedsfile for keyword MM"
ERROR: [VPL 19-3428] Failed to create Customization object ulp_ucs/inst/clkwiz_hbm
ERROR: [VPL 41-1712] Create IP failed with errors
ERROR: [VPL 5-7] Error: running create_bd_cell  -vlnv xilinx.com:ip:clk_wiz:6.0 -type ip -name clkwiz_hbm .
ERROR: [VPL 7-5] XIT evaluation error: ERROR: [Common 17-39] 'create_bd_cell' failed due to earlier errors.

ERROR: [VPL 19-167] Failed to deliver one or more file(s).
ERROR: [VPL 19-3541] IP Elaboration error: Failed to generate IP 'ulp_ucs'. Failed to generate 'Elaborate BD' outputs: Failed to elaborate IP.
ERROR: [VPL 41-1689] Failed to generate IP 'ulp_ucs'. Failed to generate 'Elaborate BD' outputs: Failed to elaborate IP.
ERROR: [VPL 41-595] Failed to add ip repository block <ulp_ucs>
ERROR: [VPL 41-425] Failed to read Diagram <ulp> from block design file </home/biloba/Documents/Repositories/A3D3-Neuro-Demo/LFADS-2023_12_19_U55C_Full_LFADS/build_dir.hw.xilinx_u55c_gen3x16_xdma_3_202210_1/link/vivado/vpl/prj/prj.srcs/my_rm/bd/ulp/ulp.bd>
ERROR: [VPL 60-773] In '/home/biloba/Documents/Repositories/A3D3-Neuro-Demo/LFADS-2023_12_19_U55C_Full_LFADS/build_dir.hw.xilinx_u55c_gen3x16_xdma_3_202210_1/link/vivado/vpl/vivado.log', caught Tcl error:  ERROR: [Common 17-39] 'open_bd_design' failed due to earlier errors.
ERROR: [VPL 60-704] Integration error, Step failed: create_bd An error stack with function names and arguments may be available in the 'vivado.log'.
ERROR: [VPL 60-1328] Vpl run 'vpl' failed
WARNING: [VPL 60-1142] Unable to read data from '/home/biloba/Documents/Repositories/A3D3-Neuro-Demo/LFADS-2023_12_19_U55C_Full_LFADS/build_dir.hw.xilinx_u55c_gen3x16_xdma_3_202210_1/link/vivado/vpl/output/generated_reports.log', generated reports will not be copied.
ERROR: [VPL 60-806] Failed to finish platform linker
INFO: [v++ 60-1442] [18:57:27] Run run_link: Step vpl: Failed
Time (s): cpu = 00:00:08 ; elapsed = 00:00:33 . Memory (MB): peak = 552.387 ; gain = 0.000 ; free physical = 117656 ; free virtual = 125191
ERROR: [v++ 60-661] v++ link run 'run_link' failed
ERROR: [v++ 60-626] Kernel link failed to complete
ERROR: [v++ 60-703] Failed to finish linking
INFO: [v++ 60-1653] Closing dispatch client.
