Thu May 16 17:53:50 2024: Running xcd server. This server was built by gradle.
Thu May 16 17:53:50 2024: Server was asked to start on port: '38257'
Thu May 16 17:53:50 2024: Server is using token UUID: 'b35bcdab-afed-479e-8257-6a47d8ded92b'
Thu May 16 17:53:50 2024: SESSION_MGR: creating session with session uuid: '6d04a3e9-ade5-4ab9-8d63-1f78fcd2ec76' and name 'default'
Thu May 16 17:53:50 2024: Attempting to start server on port '38257'
Thu May 16 17:53:50 2024: XCD main fifo: created main fifo '/tmp/xcdmainb35bcdab-afed-479e-8257-6a47d8ded92b', fd read = 13
Thu May 16 17:53:50 2024: Running Dispatch Server
Thu May 16 17:53:50 2024: Version 2.2.0
Thu May 16 17:53:59 2024: Dispatch Server: Accepted socket connection from client
Thu May 16 17:53:59 2024: Starting Socket connection
Thu May 16 17:53:59 2024: EXCHANGE_TOKEN received, server token: b35bcdab-afed-479e-8257-6a47d8ded92b, passed token: b35bcdab-afed-479e-8257-6a47d8ded92b
Thu May 16 17:53:59 2024: DISPATCH_HANDLER: Adding handler from function makeHandler in library libxv_system_diagram
Thu May 16 17:53:59 2024: SESSION_MGR: creating session with session uuid: 'c3828614-94fb-454c-8f41-db6f75887646' and name 'v++_compile_alveo_hls4ml'
Thu May 16 17:53:59 2024: KERNEL_SVC: creating session with uuid: 'c3828614-94fb-454c-8f41-db6f75887646' and name 'v++_compile_alveo_hls4ml'
Thu May 16 17:53:59 2024: GUIDANCE_SMGR: creating guidance session with uuid: 'c3828614-94fb-454c-8f41-db6f75887646' and name 'v++_compile_alveo_hls4ml'
Thu May 16 17:53:59 2024: SYSTEM_DIAGRAM: creating session with uuid: 'c3828614-94fb-454c-8f41-db6f75887646' and name 'v++_compile_alveo_hls4ml'
Thu May 16 17:54:08 2024: Dispatch Server: Accepted socket connection from client
Thu May 16 17:54:08 2024: Starting Socket connection
Thu May 16 18:38:19 2024: SESSION_MGR: closing session for UUID 'c3828614-94fb-454c-8f41-db6f75887646' with name 'v++_compile_alveo_hls4ml'
Thu May 16 18:38:19 2024: KERNEL_SVC: closing session for UUID 'c3828614-94fb-454c-8f41-db6f75887646' with name 'v++_compile_alveo_hls4ml'
Thu May 16 18:38:19 2024: GUIDANCE_SMGR: closing session for UUID 'c3828614-94fb-454c-8f41-db6f75887646' with name 'v++_compile_alveo_hls4ml'
Thu May 16 18:38:19 2024: SYSTEM_DIAGRAM: closing session for UUID 'c3828614-94fb-454c-8f41-db6f75887646' with name 'v++_compile_alveo_hls4ml'
Thu May 16 18:38:19 2024: STOP_SERVER received, server token: b35bcdab-afed-479e-8257-6a47d8ded92b, passed token: b35bcdab-afed-479e-8257-6a47d8ded92b
Thu May 16 18:38:19 2024: Socket received request to stop server.
Thu May 16 18:38:19 2024: Dispatch Server: do_await_stop
Thu May 16 18:38:19 2024: Dispatch Server: stopping mainFifo_
Thu May 16 18:38:19 2024: XCD main fifo: Stopping
Thu May 16 18:38:19 2024: XCD main fifo: do_read error code: Operation canceled
Thu May 16 18:38:19 2024: XCD main fifo: bytes_transferred: 0
Thu May 16 18:38:19 2024: SERVER: destructor for server bound to port 38257
Thu May 16 18:38:19 2024: XCD main fifo: Good unlink of /tmp/xcdmainb35bcdab-afed-479e-8257-6a47d8ded92b
Thu May 16 18:38:19 2024: Server exiting with status 0.
Thu May 16 18:38:19 2024: Closing log file.
Thu May 16 18:38:23 2024: Running xcd server. This server was built by gradle.
Thu May 16 18:38:23 2024: Server was asked to start on port: '39819'
Thu May 16 18:38:23 2024: Server is using token UUID: 'cd352a5d-af4e-42db-89ad-6cef36dc3b1d'
Thu May 16 18:38:23 2024: SESSION_MGR: creating session with session uuid: '6d04a3e9-ade5-4ab9-8d63-1f78fcd2ec76' and name 'default'
Thu May 16 18:38:23 2024: Attempting to start server on port '39819'
Thu May 16 18:38:23 2024: XCD main fifo: created main fifo '/tmp/xcdmaincd352a5d-af4e-42db-89ad-6cef36dc3b1d', fd read = 12
Thu May 16 18:38:23 2024: Running Dispatch Server
Thu May 16 18:38:23 2024: Version 2.2.0
Thu May 16 18:38:32 2024: Dispatch Server: Accepted socket connection from client
Thu May 16 18:38:32 2024: Starting Socket connection
Thu May 16 18:38:32 2024: EXCHANGE_TOKEN received, server token: cd352a5d-af4e-42db-89ad-6cef36dc3b1d, passed token: cd352a5d-af4e-42db-89ad-6cef36dc3b1d
Thu May 16 18:38:32 2024: DISPATCH_HANDLER: Adding handler from function makeHandler in library libxv_system_diagram
Thu May 16 18:38:32 2024: SESSION_MGR: creating session with session uuid: '5bfb677c-3e04-48d2-85d8-29221e55ccae' and name 'v++_link_alveo_hls4ml'
Thu May 16 18:38:32 2024: KERNEL_SVC: creating session with uuid: '5bfb677c-3e04-48d2-85d8-29221e55ccae' and name 'v++_link_alveo_hls4ml'
Thu May 16 18:38:32 2024: GUIDANCE_SMGR: creating guidance session with uuid: '5bfb677c-3e04-48d2-85d8-29221e55ccae' and name 'v++_link_alveo_hls4ml'
Thu May 16 18:38:32 2024: SYSTEM_DIAGRAM: creating session with uuid: '5bfb677c-3e04-48d2-85d8-29221e55ccae' and name 'v++_link_alveo_hls4ml'
Thu May 16 18:39:21 2024: Dispatch Server: Accepted socket connection from client
Thu May 16 18:39:21 2024: Starting Socket connection
Thu May 16 18:39:35 2024: Dispatch Server: Accepted socket connection from client
Thu May 16 18:39:35 2024: Starting Socket connection
Thu May 16 18:39:55 2024: SESSION_MGR: closing session for UUID '5bfb677c-3e04-48d2-85d8-29221e55ccae' with name 'v++_link_alveo_hls4ml'
Thu May 16 18:39:55 2024: KERNEL_SVC: closing session for UUID '5bfb677c-3e04-48d2-85d8-29221e55ccae' with name 'v++_link_alveo_hls4ml'
Thu May 16 18:39:55 2024: GUIDANCE_SMGR: closing session for UUID '5bfb677c-3e04-48d2-85d8-29221e55ccae' with name 'v++_link_alveo_hls4ml'
Thu May 16 18:39:55 2024: SYSTEM_DIAGRAM: closing session for UUID '5bfb677c-3e04-48d2-85d8-29221e55ccae' with name 'v++_link_alveo_hls4ml'
Thu May 16 18:39:55 2024: STOP_SERVER received, server token: cd352a5d-af4e-42db-89ad-6cef36dc3b1d, passed token: cd352a5d-af4e-42db-89ad-6cef36dc3b1d
Thu May 16 18:39:55 2024: DISPATCH_HANDLER: 2 connections are active. Stop request denied.
Thu May 16 18:56:02 2024: Running xcd server. This server was built by gradle.
Thu May 16 18:56:02 2024: Server was asked to start on port: '39101'
Thu May 16 18:56:02 2024: Server is using token UUID: '51c017d1-ffdb-4b8a-8dd4-aff3966701eb'
Thu May 16 18:56:02 2024: SESSION_MGR: creating session with session uuid: '6d04a3e9-ade5-4ab9-8d63-1f78fcd2ec76' and name 'default'
Thu May 16 18:56:02 2024: Attempting to start server on port '39101'
Thu May 16 18:56:02 2024: XCD main fifo: created main fifo '/tmp/xcdmain51c017d1-ffdb-4b8a-8dd4-aff3966701eb', fd read = 12
Thu May 16 18:56:02 2024: Running Dispatch Server
Thu May 16 18:56:02 2024: Version 2.2.0
Thu May 16 18:56:11 2024: Dispatch Server: Accepted socket connection from client
Thu May 16 18:56:11 2024: Starting Socket connection
Thu May 16 18:56:11 2024: EXCHANGE_TOKEN received, server token: 51c017d1-ffdb-4b8a-8dd4-aff3966701eb, passed token: 51c017d1-ffdb-4b8a-8dd4-aff3966701eb
Thu May 16 18:56:11 2024: DISPATCH_HANDLER: Adding handler from function makeHandler in library libxv_system_diagram
Thu May 16 18:56:11 2024: SESSION_MGR: creating session with session uuid: '03f468b2-11c4-47e0-b8dc-f0a9179f29e8' and name 'v++_link_alveo_hls4ml'
Thu May 16 18:56:11 2024: KERNEL_SVC: creating session with uuid: '03f468b2-11c4-47e0-b8dc-f0a9179f29e8' and name 'v++_link_alveo_hls4ml'
Thu May 16 18:56:11 2024: GUIDANCE_SMGR: creating guidance session with uuid: '03f468b2-11c4-47e0-b8dc-f0a9179f29e8' and name 'v++_link_alveo_hls4ml'
Thu May 16 18:56:11 2024: SYSTEM_DIAGRAM: creating session with uuid: '03f468b2-11c4-47e0-b8dc-f0a9179f29e8' and name 'v++_link_alveo_hls4ml'
Thu May 16 18:56:55 2024: Dispatch Server: Accepted socket connection from client
Thu May 16 18:56:55 2024: Starting Socket connection
Thu May 16 18:57:08 2024: Dispatch Server: Accepted socket connection from client
Thu May 16 18:57:08 2024: Starting Socket connection
Thu May 16 18:57:27 2024: SESSION_MGR: closing session for UUID '03f468b2-11c4-47e0-b8dc-f0a9179f29e8' with name 'v++_link_alveo_hls4ml'
Thu May 16 18:57:27 2024: KERNEL_SVC: closing session for UUID '03f468b2-11c4-47e0-b8dc-f0a9179f29e8' with name 'v++_link_alveo_hls4ml'
Thu May 16 18:57:27 2024: GUIDANCE_SMGR: closing session for UUID '03f468b2-11c4-47e0-b8dc-f0a9179f29e8' with name 'v++_link_alveo_hls4ml'
Thu May 16 18:57:27 2024: SYSTEM_DIAGRAM: closing session for UUID '03f468b2-11c4-47e0-b8dc-f0a9179f29e8' with name 'v++_link_alveo_hls4ml'
Thu May 16 18:57:27 2024: STOP_SERVER received, server token: 51c017d1-ffdb-4b8a-8dd4-aff3966701eb, passed token: 51c017d1-ffdb-4b8a-8dd4-aff3966701eb
Thu May 16 18:57:27 2024: DISPATCH_HANDLER: 2 connections are active. Stop request denied.
Mon May 20 10:28:08 2024: Running xcd server. This server was built by gradle.
Mon May 20 10:28:08 2024: Server was asked to start on port: '32845'
Mon May 20 10:28:08 2024: Server is using token UUID: 'd43a64bc-c3ba-4b2c-a720-e45a130dac7e'
Mon May 20 10:28:08 2024: SESSION_MGR: creating session with session uuid: '6d04a3e9-ade5-4ab9-8d63-1f78fcd2ec76' and name 'default'
Mon May 20 10:28:08 2024: Attempting to start server on port '32845'
Mon May 20 10:28:08 2024: XCD main fifo: created main fifo '/tmp/xcdmaind43a64bc-c3ba-4b2c-a720-e45a130dac7e', fd read = 13
Mon May 20 10:28:08 2024: Running Dispatch Server
Mon May 20 10:28:08 2024: Version 2.2.0
Mon May 20 10:28:17 2024: Dispatch Server: Accepted socket connection from client
Mon May 20 10:28:17 2024: Starting Socket connection
Mon May 20 10:28:17 2024: EXCHANGE_TOKEN received, server token: d43a64bc-c3ba-4b2c-a720-e45a130dac7e, passed token: d43a64bc-c3ba-4b2c-a720-e45a130dac7e
Mon May 20 10:28:17 2024: DISPATCH_HANDLER: Adding handler from function makeHandler in library libxv_system_diagram
Mon May 20 10:28:17 2024: SESSION_MGR: creating session with session uuid: '480a1256-d66c-4721-88a8-44cf9aa60388' and name 'v++_compile_alveo_hls4ml'
Mon May 20 10:28:17 2024: KERNEL_SVC: creating session with uuid: '480a1256-d66c-4721-88a8-44cf9aa60388' and name 'v++_compile_alveo_hls4ml'
Mon May 20 10:28:17 2024: GUIDANCE_SMGR: creating guidance session with uuid: '480a1256-d66c-4721-88a8-44cf9aa60388' and name 'v++_compile_alveo_hls4ml'
Mon May 20 10:28:17 2024: SYSTEM_DIAGRAM: creating session with uuid: '480a1256-d66c-4721-88a8-44cf9aa60388' and name 'v++_compile_alveo_hls4ml'
Mon May 20 10:28:26 2024: Dispatch Server: Accepted socket connection from client
Mon May 20 10:28:26 2024: Starting Socket connection
Mon May 20 10:31:27 2024: SESSION_MGR: closing session for UUID '480a1256-d66c-4721-88a8-44cf9aa60388' with name 'v++_compile_alveo_hls4ml'
Mon May 20 10:31:27 2024: KERNEL_SVC: closing session for UUID '480a1256-d66c-4721-88a8-44cf9aa60388' with name 'v++_compile_alveo_hls4ml'
Mon May 20 10:31:27 2024: GUIDANCE_SMGR: closing session for UUID '480a1256-d66c-4721-88a8-44cf9aa60388' with name 'v++_compile_alveo_hls4ml'
Mon May 20 10:31:28 2024: SYSTEM_DIAGRAM: closing session for UUID '480a1256-d66c-4721-88a8-44cf9aa60388' with name 'v++_compile_alveo_hls4ml'
Mon May 20 10:31:28 2024: STOP_SERVER received, server token: d43a64bc-c3ba-4b2c-a720-e45a130dac7e, passed token: d43a64bc-c3ba-4b2c-a720-e45a130dac7e
Mon May 20 10:31:28 2024: Socket received request to stop server.
Mon May 20 10:31:28 2024: Dispatch Server: do_await_stop
Mon May 20 10:31:28 2024: Dispatch Server: stopping mainFifo_
Mon May 20 10:31:28 2024: XCD main fifo: Stopping
Mon May 20 10:31:28 2024: XCD main fifo: do_read error code: Operation canceled
Mon May 20 10:31:28 2024: XCD main fifo: bytes_transferred: 0
Mon May 20 10:31:28 2024: SERVER: destructor for server bound to port 32845
Mon May 20 10:31:28 2024: XCD main fifo: Good unlink of /tmp/xcdmaind43a64bc-c3ba-4b2c-a720-e45a130dac7e
Mon May 20 10:31:28 2024: Server exiting with status 0.
Mon May 20 10:31:28 2024: Closing log file.
Mon May 20 10:31:31 2024: Running xcd server. This server was built by gradle.
Mon May 20 10:31:31 2024: Server was asked to start on port: '41693'
Mon May 20 10:31:31 2024: Server is using token UUID: '818b6f85-09f1-41d5-82e9-3c910a39494e'
Mon May 20 10:31:31 2024: SESSION_MGR: creating session with session uuid: '6d04a3e9-ade5-4ab9-8d63-1f78fcd2ec76' and name 'default'
Mon May 20 10:31:31 2024: Attempting to start server on port '41693'
Mon May 20 10:31:31 2024: XCD main fifo: created main fifo '/tmp/xcdmain818b6f85-09f1-41d5-82e9-3c910a39494e', fd read = 13
Mon May 20 10:31:31 2024: Running Dispatch Server
Mon May 20 10:31:31 2024: Version 2.2.0
Mon May 20 10:31:40 2024: Dispatch Server: Accepted socket connection from client
Mon May 20 10:31:40 2024: Starting Socket connection
Mon May 20 10:31:40 2024: EXCHANGE_TOKEN received, server token: 818b6f85-09f1-41d5-82e9-3c910a39494e, passed token: 818b6f85-09f1-41d5-82e9-3c910a39494e
Mon May 20 10:31:40 2024: DISPATCH_HANDLER: Adding handler from function makeHandler in library libxv_system_diagram
Mon May 20 10:31:40 2024: SESSION_MGR: creating session with session uuid: '2c2f0c03-111e-4000-bbec-cc902e778971' and name 'v++_link_alveo_hls4ml'
Mon May 20 10:31:40 2024: KERNEL_SVC: creating session with uuid: '2c2f0c03-111e-4000-bbec-cc902e778971' and name 'v++_link_alveo_hls4ml'
Mon May 20 10:31:40 2024: GUIDANCE_SMGR: creating guidance session with uuid: '2c2f0c03-111e-4000-bbec-cc902e778971' and name 'v++_link_alveo_hls4ml'
Mon May 20 10:31:40 2024: SYSTEM_DIAGRAM: creating session with uuid: '2c2f0c03-111e-4000-bbec-cc902e778971' and name 'v++_link_alveo_hls4ml'
Mon May 20 10:32:01 2024: SESSION_MGR: closing session for UUID '2c2f0c03-111e-4000-bbec-cc902e778971' with name 'v++_link_alveo_hls4ml'
Mon May 20 10:32:01 2024: KERNEL_SVC: closing session for UUID '2c2f0c03-111e-4000-bbec-cc902e778971' with name 'v++_link_alveo_hls4ml'
Mon May 20 10:32:01 2024: GUIDANCE_SMGR: closing session for UUID '2c2f0c03-111e-4000-bbec-cc902e778971' with name 'v++_link_alveo_hls4ml'
Mon May 20 10:32:01 2024: SYSTEM_DIAGRAM: closing session for UUID '2c2f0c03-111e-4000-bbec-cc902e778971' with name 'v++_link_alveo_hls4ml'
Mon May 20 10:32:01 2024: STOP_SERVER received, server token: 818b6f85-09f1-41d5-82e9-3c910a39494e, passed token: 818b6f85-09f1-41d5-82e9-3c910a39494e
Mon May 20 10:32:01 2024: Socket received request to stop server.
Mon May 20 10:32:01 2024: Dispatch Server: do_await_stop
Mon May 20 10:32:01 2024: Dispatch Server: stopping mainFifo_
Mon May 20 10:32:01 2024: XCD main fifo: Stopping
Mon May 20 10:32:01 2024: XCD main fifo: do_read error code: Operation canceled
Mon May 20 10:32:01 2024: XCD main fifo: bytes_transferred: 0
Mon May 20 10:32:01 2024: SERVER: destructor for server bound to port 41693
Mon May 20 10:32:01 2024: XCD main fifo: Good unlink of /tmp/xcdmain818b6f85-09f1-41d5-82e9-3c910a39494e
Mon May 20 10:32:01 2024: Server exiting with status 0.
Mon May 20 10:32:01 2024: Closing log file.
