INFO: [VRFC 10-163] Analyzing VHDL file "/home/biloba/Documents/A3D3-Neuro-Demo/LFADS-2023_12_19_U55C_Full_LFADS/build_dir.hw_emu.xilinx_u55c_gen3x16_xdma_3_202210_1/link/vivado/vpl/prj/prj.ip_user_files/bd/pfm_dynamic/ip/pfm_dynamic_psr_pfm_clk_0_2_0/sim/pfm_dynamic_psr_pfm_clk_0_2_0.vhd" into library xil_defaultlib
INFO: [VRFC 10-3107] analyzing entity 'pfm_dynamic_psr_pfm_clk_0_2_0'
INFO: [VRFC 10-163] Analyzing VHDL file "/home/biloba/Documents/A3D3-Neuro-Demo/LFADS-2023_12_19_U55C_Full_LFADS/build_dir.hw_emu.xilinx_u55c_gen3x16_xdma_3_202210_1/link/vivado/vpl/prj/prj.ip_user_files/bd/pfm_dynamic/ip/pfm_dynamic_psr_pfm_clk_0_3_0/sim/pfm_dynamic_psr_pfm_clk_0_3_0.vhd" into library xil_defaultlib
INFO: [VRFC 10-3107] analyzing entity 'pfm_dynamic_psr_pfm_clk_0_3_0'
INFO: [VRFC 10-163] Analyzing VHDL file "/home/biloba/Documents/A3D3-Neuro-Demo/LFADS-2023_12_19_U55C_Full_LFADS/build_dir.hw_emu.xilinx_u55c_gen3x16_xdma_3_202210_1/link/vivado/vpl/prj/prj.ip_user_files/bd/pfm_dynamic/ip/pfm_dynamic_psr_kernel2_clk_0_0/sim/pfm_dynamic_psr_kernel2_clk_0_0.vhd" into library xil_defaultlib
INFO: [VRFC 10-3107] analyzing entity 'pfm_dynamic_psr_kernel2_clk_0_0'
INFO: [VRFC 10-163] Analyzing VHDL file "/home/biloba/Documents/A3D3-Neuro-Demo/LFADS-2023_12_19_U55C_Full_LFADS/build_dir.hw_emu.xilinx_u55c_gen3x16_xdma_3_202210_1/link/vivado/vpl/prj/prj.ip_user_files/bd/pfm_dynamic/ip/pfm_dynamic_psr_kernel_clk_0_0/sim/pfm_dynamic_psr_kernel_clk_0_0.vhd" into library xil_defaultlib
INFO: [VRFC 10-3107] analyzing entity 'pfm_dynamic_psr_kernel_clk_0_0'
INFO: [VRFC 10-163] Analyzing VHDL file "/home/biloba/Documents/A3D3-Neuro-Demo/LFADS-2023_12_19_U55C_Full_LFADS/build_dir.hw_emu.xilinx_u55c_gen3x16_xdma_3_202210_1/link/vivado/vpl/prj/prj.ip_user_files/bd/pfm_dynamic/ip/pfm_dynamic_memory_subsystem_0/bd_0/ip/ip_0/sim/bd_d216_psr_aclk_SLR0_0.vhd" into library xil_defaultlib
INFO: [VRFC 10-3107] analyzing entity 'bd_d216_psr_aclk_SLR0_0'
INFO: [VRFC 10-163] Analyzing VHDL file "/home/biloba/Documents/A3D3-Neuro-Demo/LFADS-2023_12_19_U55C_Full_LFADS/build_dir.hw_emu.xilinx_u55c_gen3x16_xdma_3_202210_1/link/vivado/vpl/prj/prj.ip_user_files/bd/pfm_dynamic/ip/pfm_dynamic_memory_subsystem_0/bd_0/ip/ip_1/sim/bd_d216_psr_aclk_SLR1_0.vhd" into library xil_defaultlib
INFO: [VRFC 10-3107] analyzing entity 'bd_d216_psr_aclk_SLR1_0'
INFO: [VRFC 10-163] Analyzing VHDL file "/home/biloba/Documents/A3D3-Neuro-Demo/LFADS-2023_12_19_U55C_Full_LFADS/build_dir.hw_emu.xilinx_u55c_gen3x16_xdma_3_202210_1/link/vivado/vpl/prj/prj.ip_user_files/bd/pfm_dynamic/ip/pfm_dynamic_memory_subsystem_0/bd_0/ip/ip_2/sim/bd_d216_psr_aclk_SLR2_0.vhd" into library xil_defaultlib
INFO: [VRFC 10-3107] analyzing entity 'bd_d216_psr_aclk_SLR2_0'
INFO: [VRFC 10-163] Analyzing VHDL file "/home/biloba/Documents/A3D3-Neuro-Demo/LFADS-2023_12_19_U55C_Full_LFADS/build_dir.hw_emu.xilinx_u55c_gen3x16_xdma_3_202210_1/link/vivado/vpl/prj/prj.ip_user_files/bd/pfm_dynamic/ip/pfm_dynamic_hmss_0_0/bd_0/ip/ip_1/sim/bd_5dca_hbm_reset_sync_SLR0_0.vhd" into library xil_defaultlib
INFO: [VRFC 10-3107] analyzing entity 'bd_5dca_hbm_reset_sync_SLR0_0'
INFO: [VRFC 10-163] Analyzing VHDL file "/home/biloba/Documents/A3D3-Neuro-Demo/LFADS-2023_12_19_U55C_Full_LFADS/build_dir.hw_emu.xilinx_u55c_gen3x16_xdma_3_202210_1/link/vivado/vpl/prj/prj.ip_user_files/bd/pfm_dynamic/ip/pfm_dynamic_hmss_0_0/bd_0/ip/ip_2/sim/bd_5dca_hbm_reset_sync_SLR2_0.vhd" into library xil_defaultlib
INFO: [VRFC 10-3107] analyzing entity 'bd_5dca_hbm_reset_sync_SLR2_0'
INFO: [VRFC 10-163] Analyzing VHDL file "/home/biloba/Documents/A3D3-Neuro-Demo/LFADS-2023_12_19_U55C_Full_LFADS/build_dir.hw_emu.xilinx_u55c_gen3x16_xdma_3_202210_1/link/vivado/vpl/prj/prj.ip_user_files/bd/pfm_dynamic/ip/pfm_dynamic_hmss_0_0/bd_0/ip/ip_15/sim/bd_5dca_axi_apb_bridge_inst_0.vhd" into library xil_defaultlib
INFO: [VRFC 10-3107] analyzing entity 'bd_5dca_axi_apb_bridge_inst_0'
INFO: [VRFC 10-163] Analyzing VHDL file "/home/biloba/Documents/A3D3-Neuro-Demo/LFADS-2023_12_19_U55C_Full_LFADS/build_dir.hw_emu.xilinx_u55c_gen3x16_xdma_3_202210_1/link/vivado/vpl/prj/prj.ip_user_files/bd/pfm_dynamic/ip/pfm_dynamic_to_delete_kernel_ctrl_0_0/sim/pfm_dynamic_to_delete_kernel_ctrl_0_0.vhd" into library xil_defaultlib
INFO: [VRFC 10-3107] analyzing entity 'pfm_dynamic_to_delete_kernel_ctrl_0_0'
INFO: [VRFC 10-163] Analyzing VHDL file "/home/biloba/Documents/A3D3-Neuro-Demo/LFADS-2023_12_19_U55C_Full_LFADS/build_dir.hw_emu.xilinx_u55c_gen3x16_xdma_3_202210_1/link/vivado/vpl/prj/prj.ip_user_files/bd/pfm_dynamic/ip/pfm_dynamic_to_delete_kernel_ctrl_1_0/sim/pfm_dynamic_to_delete_kernel_ctrl_1_0.vhd" into library xil_defaultlib
INFO: [VRFC 10-3107] analyzing entity 'pfm_dynamic_to_delete_kernel_ctrl_1_0'
INFO: [VRFC 10-163] Analyzing VHDL file "/home/biloba/Documents/A3D3-Neuro-Demo/LFADS-2023_12_19_U55C_Full_LFADS/build_dir.hw_emu.xilinx_u55c_gen3x16_xdma_3_202210_1/link/vivado/vpl/prj/prj.ip_user_files/bd/pfm_dynamic/ip/pfm_dynamic_to_delete_kernel_ctrl_2_0/sim/pfm_dynamic_to_delete_kernel_ctrl_2_0.vhd" into library xil_defaultlib
INFO: [VRFC 10-3107] analyzing entity 'pfm_dynamic_to_delete_kernel_ctrl_2_0'
