/home/biloba/Documents/Repositories/A3D3-Neuro-Demo/LFADS-2023_12_19_U55C_Full_LFADS/_x.hw.xilinx_u55c_gen3x16_xdma_3_202210_1/alveo_hls4ml/alveo_hls4ml/alveo_hls4ml/solution/.autopilot/db/alveo_hls4ml.pp.0.cpp:28310:7: warning: Added loop label VITIS_LOOP_1211_1:   [xilinx-label-all-loops]
      for (i = 0; i < __N - 1; ++i) {
      ^~~
      VITIS_LOOP_1211_1: 
/home/biloba/Documents/Repositories/A3D3-Neuro-Demo/LFADS-2023_12_19_U55C_Full_LFADS/_x.hw.xilinx_u55c_gen3x16_xdma_3_202210_1/alveo_hls4ml/alveo_hls4ml/alveo_hls4ml/solution/.autopilot/db/alveo_hls4ml.pp.0.cpp:28310:7: note: FIX-IT applied suggested code changes
/home/biloba/Documents/Repositories/A3D3-Neuro-Demo/LFADS-2023_12_19_U55C_Full_LFADS/_x.hw.xilinx_u55c_gen3x16_xdma_3_202210_1/alveo_hls4ml/alveo_hls4ml/alveo_hls4ml/solution/.autopilot/db/alveo_hls4ml.pp.0.cpp:29284:5: warning: Added loop label VITIS_LOOP_676_1:   [xilinx-label-all-loops]
    for (unsigned i = low; i != high; ++i) {
    ^~~
    VITIS_LOOP_676_1: 
/home/biloba/Documents/Repositories/A3D3-Neuro-Demo/LFADS-2023_12_19_U55C_Full_LFADS/_x.hw.xilinx_u55c_gen3x16_xdma_3_202210_1/alveo_hls4ml/alveo_hls4ml/alveo_hls4ml/solution/.autopilot/db/alveo_hls4ml.pp.0.cpp:29284:5: note: FIX-IT applied suggested code changes
/home/biloba/Documents/Repositories/A3D3-Neuro-Demo/LFADS-2023_12_19_U55C_Full_LFADS/_x.hw.xilinx_u55c_gen3x16_xdma_3_202210_1/alveo_hls4ml/alveo_hls4ml/alveo_hls4ml/solution/.autopilot/db/alveo_hls4ml.pp.0.cpp:29298:5: warning: Added loop label VITIS_LOOP_690_1:   [xilinx-label-all-loops]
    for (unsigned i = low; i != high; ++i) {
    ^~~
    VITIS_LOOP_690_1: 
/home/biloba/Documents/Repositories/A3D3-Neuro-Demo/LFADS-2023_12_19_U55C_Full_LFADS/_x.hw.xilinx_u55c_gen3x16_xdma_3_202210_1/alveo_hls4ml/alveo_hls4ml/alveo_hls4ml/solution/.autopilot/db/alveo_hls4ml.pp.0.cpp:29298:5: note: FIX-IT applied suggested code changes
/home/biloba/Documents/Repositories/A3D3-Neuro-Demo/LFADS-2023_12_19_U55C_Full_LFADS/_x.hw.xilinx_u55c_gen3x16_xdma_3_202210_1/alveo_hls4ml/alveo_hls4ml/alveo_hls4ml/solution/.autopilot/db/alveo_hls4ml.pp.0.cpp:29312:5: warning: Added loop label VITIS_LOOP_704_1:   [xilinx-label-all-loops]
    for (unsigned i = low; i != high; ++i) {
    ^~~
    VITIS_LOOP_704_1: 
/home/biloba/Documents/Repositories/A3D3-Neuro-Demo/LFADS-2023_12_19_U55C_Full_LFADS/_x.hw.xilinx_u55c_gen3x16_xdma_3_202210_1/alveo_hls4ml/alveo_hls4ml/alveo_hls4ml/solution/.autopilot/db/alveo_hls4ml.pp.0.cpp:29312:5: note: FIX-IT applied suggested code changes
/home/biloba/Documents/Repositories/A3D3-Neuro-Demo/LFADS-2023_12_19_U55C_Full_LFADS/_x.hw.xilinx_u55c_gen3x16_xdma_3_202210_1/alveo_hls4ml/alveo_hls4ml/alveo_hls4ml/solution/.autopilot/db/alveo_hls4ml.pp.0.cpp:30911:7: warning: Added loop label VITIS_LOOP_1245_1:   [xilinx-label-all-loops]
      for (i = 0; i < __N - 1; ++i) {
      ^~~
      VITIS_LOOP_1245_1: 
/home/biloba/Documents/Repositories/A3D3-Neuro-Demo/LFADS-2023_12_19_U55C_Full_LFADS/_x.hw.xilinx_u55c_gen3x16_xdma_3_202210_1/alveo_hls4ml/alveo_hls4ml/alveo_hls4ml/solution/.autopilot/db/alveo_hls4ml.pp.0.cpp:30911:7: note: FIX-IT applied suggested code changes
/home/biloba/Documents/Repositories/A3D3-Neuro-Demo/LFADS-2023_12_19_U55C_Full_LFADS/_x.hw.xilinx_u55c_gen3x16_xdma_3_202210_1/alveo_hls4ml/alveo_hls4ml/alveo_hls4ml/solution/.autopilot/db/alveo_hls4ml.pp.0.cpp:32896:9: warning: Added loop label VITIS_LOOP_27_1:   [xilinx-label-all-loops]
        for (unsigned i = 0; i < N; i++) {
        ^~~
        VITIS_LOOP_27_1: 
/home/biloba/Documents/Repositories/A3D3-Neuro-Demo/LFADS-2023_12_19_U55C_Full_LFADS/_x.hw.xilinx_u55c_gen3x16_xdma_3_202210_1/alveo_hls4ml/alveo_hls4ml/alveo_hls4ml/solution/.autopilot/db/alveo_hls4ml.pp.0.cpp:32896:9: note: FIX-IT applied suggested code changes
/home/biloba/Documents/Repositories/A3D3-Neuro-Demo/LFADS-2023_12_19_U55C_Full_LFADS/_x.hw.xilinx_u55c_gen3x16_xdma_3_202210_1/alveo_hls4ml/alveo_hls4ml/alveo_hls4ml/solution/.autopilot/db/alveo_hls4ml.pp.0.cpp:33032:2: warning: Added loop label VITIS_LOOP_67_1:   [xilinx-label-all-loops]
 for(int i0 = 0; i0 < 73; i0++) {
 ^~~
 VITIS_LOOP_67_1: 
/home/biloba/Documents/Repositories/A3D3-Neuro-Demo/LFADS-2023_12_19_U55C_Full_LFADS/_x.hw.xilinx_u55c_gen3x16_xdma_3_202210_1/alveo_hls4ml/alveo_hls4ml/alveo_hls4ml/solution/.autopilot/db/alveo_hls4ml.pp.0.cpp:33032:2: note: FIX-IT applied suggested code changes
/home/biloba/Documents/Repositories/A3D3-Neuro-Demo/LFADS-2023_12_19_U55C_Full_LFADS/_x.hw.xilinx_u55c_gen3x16_xdma_3_202210_1/alveo_hls4ml/alveo_hls4ml/alveo_hls4ml/solution/.autopilot/db/alveo_hls4ml.pp.0.cpp:33033:9: warning: Added loop label VITIS_LOOP_68_2:   [xilinx-label-all-loops]
        for(int i1 = 0; i1 < 70; i1++) {
        ^~~
        VITIS_LOOP_68_2: 
/home/biloba/Documents/Repositories/A3D3-Neuro-Demo/LFADS-2023_12_19_U55C_Full_LFADS/_x.hw.xilinx_u55c_gen3x16_xdma_3_202210_1/alveo_hls4ml/alveo_hls4ml/alveo_hls4ml/solution/.autopilot/db/alveo_hls4ml.pp.0.cpp:33033:9: note: FIX-IT applied suggested code changes
/home/biloba/Documents/Repositories/A3D3-Neuro-Demo/LFADS-2023_12_19_U55C_Full_LFADS/_x.hw.xilinx_u55c_gen3x16_xdma_3_202210_1/alveo_hls4ml/alveo_hls4ml/alveo_hls4ml/solution/.autopilot/db/alveo_hls4ml.pp.0.cpp:33039:5: warning: Added loop label VITIS_LOOP_74_3:   [xilinx-label-all-loops]
    for(int i0 = 0; i0 < 73; i0++) {
    ^~~
    VITIS_LOOP_74_3: 
/home/biloba/Documents/Repositories/A3D3-Neuro-Demo/LFADS-2023_12_19_U55C_Full_LFADS/_x.hw.xilinx_u55c_gen3x16_xdma_3_202210_1/alveo_hls4ml/alveo_hls4ml/alveo_hls4ml/solution/.autopilot/db/alveo_hls4ml.pp.0.cpp:33039:5: note: FIX-IT applied suggested code changes
/home/biloba/Documents/Repositories/A3D3-Neuro-Demo/LFADS-2023_12_19_U55C_Full_LFADS/_x.hw.xilinx_u55c_gen3x16_xdma_3_202210_1/alveo_hls4ml/alveo_hls4ml/alveo_hls4ml/solution/.autopilot/db/alveo_hls4ml.pp.0.cpp:33040:9: warning: Added loop label VITIS_LOOP_75_4:   [xilinx-label-all-loops]
        for(int i1 = 0; i1 < 64; i1++) {
        ^~~
        VITIS_LOOP_75_4: 
/home/biloba/Documents/Repositories/A3D3-Neuro-Demo/LFADS-2023_12_19_U55C_Full_LFADS/_x.hw.xilinx_u55c_gen3x16_xdma_3_202210_1/alveo_hls4ml/alveo_hls4ml/alveo_hls4ml/solution/.autopilot/db/alveo_hls4ml.pp.0.cpp:33040:9: note: FIX-IT applied suggested code changes
/home/biloba/Documents/Repositories/A3D3-Neuro-Demo/LFADS-2023_12_19_U55C_Full_LFADS/_x.hw.xilinx_u55c_gen3x16_xdma_3_202210_1/alveo_hls4ml/alveo_hls4ml/alveo_hls4ml/solution/.autopilot/db/alveo_hls4ml.pp.0.cpp:33058:5: warning: Added loop label VITIS_LOOP_93_5:   [xilinx-label-all-loops]
    for(int i0 = 0; i0 < 73; i0++) {
    ^~~
    VITIS_LOOP_93_5: 
/home/biloba/Documents/Repositories/A3D3-Neuro-Demo/LFADS-2023_12_19_U55C_Full_LFADS/_x.hw.xilinx_u55c_gen3x16_xdma_3_202210_1/alveo_hls4ml/alveo_hls4ml/alveo_hls4ml/solution/.autopilot/db/alveo_hls4ml.pp.0.cpp:33058:5: note: FIX-IT applied suggested code changes
/home/biloba/Documents/Repositories/A3D3-Neuro-Demo/LFADS-2023_12_19_U55C_Full_LFADS/_x.hw.xilinx_u55c_gen3x16_xdma_3_202210_1/alveo_hls4ml/alveo_hls4ml/alveo_hls4ml/solution/.autopilot/db/alveo_hls4ml.pp.0.cpp:33059:9: warning: Added loop label VITIS_LOOP_94_6:   [xilinx-label-all-loops]
        for(int i1 = 0; i1 < 70; i1++) {
        ^~~
        VITIS_LOOP_94_6: 
/home/biloba/Documents/Repositories/A3D3-Neuro-Demo/LFADS-2023_12_19_U55C_Full_LFADS/_x.hw.xilinx_u55c_gen3x16_xdma_3_202210_1/alveo_hls4ml/alveo_hls4ml/alveo_hls4ml/solution/.autopilot/db/alveo_hls4ml.pp.0.cpp:33059:9: note: FIX-IT applied suggested code changes
