

================================================================
== Vitis HLS Report for 'Loop_VITIS_LOOP_67_1_proc39'
================================================================
* Date:           Thu May 16 18:02:19 2024

* Version:        2022.2 (Build 3670227 on Oct 13 2022)
* Project:        alveo_hls4ml
* Solution:       solution (Vitis Kernel Flow Target)
* Product family: virtexuplus
* Target device:  xcu55c-fsvh2892-2L-e


================================================================
== Performance Estimates
================================================================
+ Timing: 
    * Summary: 
    +--------+---------+----------+------------+
    |  Clock |  Target | Estimated| Uncertainty|
    +--------+---------+----------+------------+
    |ap_clk  |  4.00 ns|  2.920 ns|     1.08 ns|
    +--------+---------+----------+------------+

+ Latency: 
    * Summary: 
    +---------+---------+-----------+-----------+------+------+---------+
    |  Latency (cycles) |   Latency (absolute)  |   Interval  | Pipeline|
    |   min   |   max   |    min    |    max    |  min |  max |   Type  |
    +---------+---------+-----------+-----------+------+------+---------+
    |     5184|     5184|  20.736 us|  20.736 us|  5184|  5184|       no|
    +---------+---------+-----------+-----------+------+------+---------+

    + Detail: 
        * Instance: 
        N/A

        * Loop: 
        N/A

============================================================
+ Verbose Summary: Synthesis Manager
============================================================
InlineROM: 1
ExposeGlobal: 0
============================================================
+ Verbose Summary: CDFG Model
============================================================
IsTopModel: 0
ResetActiveHigh: 1
IsCombinational: 2
IsDatapathOnly: 0
HasWiredReturn: 1
HasMFsm: 0
HasVarLatency: 1
IsPipeline: 0
IsRtlPipelined: 0
IsInstanceOverlapped: 0
IsDontTouch: 0
HasImplIP: 0
IsGatedGlobalClock: 0


============================================================
+ Verbose Summary: Schedule
============================================================
* Number of FSM states : 72
* Pipeline : 0
* Dataflow Pipeline: 0

* FSM state transitions: 
1 --> 2 
2 --> 3 
3 --> 4 
4 --> 5 
5 --> 6 
6 --> 7 
7 --> 8 
8 --> 9 
9 --> 10 
10 --> 11 
11 --> 12 
12 --> 13 
13 --> 14 
14 --> 15 
15 --> 16 
16 --> 17 
17 --> 18 
18 --> 19 
19 --> 20 
20 --> 21 
21 --> 22 
22 --> 23 
23 --> 24 
24 --> 25 
25 --> 26 
26 --> 27 
27 --> 28 
28 --> 29 
29 --> 30 
30 --> 31 
31 --> 32 
32 --> 33 
33 --> 34 
34 --> 35 
35 --> 36 
36 --> 37 
37 --> 38 
38 --> 39 
39 --> 40 
40 --> 41 
41 --> 42 
42 --> 43 
43 --> 44 
44 --> 45 
45 --> 46 
46 --> 47 
47 --> 48 
48 --> 49 
49 --> 50 
50 --> 51 
51 --> 52 
52 --> 53 
53 --> 54 
54 --> 55 
55 --> 56 
56 --> 57 
57 --> 58 
58 --> 59 
59 --> 60 
60 --> 61 
61 --> 62 
62 --> 63 
63 --> 64 
64 --> 65 
65 --> 66 
66 --> 67 
67 --> 68 
68 --> 69 
69 --> 70 
70 --> 71 
71 --> 72 
72 --> 

* FSM state operations: 

State 1 <SV = 0> <Delay = 2.92>
ST_1 : Operation 73 [1/1] (0.00ns)   --->   "%in1_read = read i64 @_ssdm_op_Read.ap_auto.i64, i64 %in1" [/home/biloba/Documents/Repositories/A3D3-Neuro-Demo/LFADS-2023_12_19_U55C_Full_LFADS/src/alveo_hls4ml.cpp:38]   --->   Operation 73 'read' 'in1_read' <Predicate = true> <Delay = 0.00>
ST_1 : Operation 74 [1/1] (0.00ns)   --->   "%trunc_ln = partselect i62 @_ssdm_op_PartSelect.i62.i64.i32.i32, i64 %in1_read, i32 2, i32 63" [/home/biloba/Documents/Repositories/A3D3-Neuro-Demo/LFADS-2023_12_19_U55C_Full_LFADS/src/alveo_hls4ml.cpp:67]   --->   Operation 74 'partselect' 'trunc_ln' <Predicate = true> <Delay = 0.00>
ST_1 : Operation 75 [1/1] (0.00ns)   --->   "%sext_ln67 = sext i62 %trunc_ln" [/home/biloba/Documents/Repositories/A3D3-Neuro-Demo/LFADS-2023_12_19_U55C_Full_LFADS/src/alveo_hls4ml.cpp:67]   --->   Operation 75 'sext' 'sext_ln67' <Predicate = true> <Delay = 0.00>
ST_1 : Operation 76 [1/1] (0.00ns)   --->   "%gmem0_addr = getelementptr i32 %gmem0, i64 %sext_ln67" [/home/biloba/Documents/Repositories/A3D3-Neuro-Demo/LFADS-2023_12_19_U55C_Full_LFADS/src/alveo_hls4ml.cpp:67]   --->   Operation 76 'getelementptr' 'gmem0_addr' <Predicate = true> <Delay = 0.00>
ST_1 : Operation 77 [70/70] (2.92ns)   --->   "%empty = readreq i1 @_ssdm_op_ReadReq.m_axi.p1i32, i32 %gmem0_addr, i32 2555" [/home/biloba/Documents/Repositories/A3D3-Neuro-Demo/LFADS-2023_12_19_U55C_Full_LFADS/src/alveo_hls4ml.cpp:67]   --->   Operation 77 'readreq' 'empty' <Predicate = true> <Delay = 2.92> <CoreInst = "m_axi">   --->   Core 121 'm_axi' <Latency = 0> <II = 1> <Delay = 1.00> <Adapter> <Opcode : 'read' 'write' 'readreq' 'writereq' 'writeresp'>

State 2 <SV = 1> <Delay = 2.92>
ST_2 : Operation 78 [69/70] (2.92ns)   --->   "%empty = readreq i1 @_ssdm_op_ReadReq.m_axi.p1i32, i32 %gmem0_addr, i32 2555" [/home/biloba/Documents/Repositories/A3D3-Neuro-Demo/LFADS-2023_12_19_U55C_Full_LFADS/src/alveo_hls4ml.cpp:67]   --->   Operation 78 'readreq' 'empty' <Predicate = true> <Delay = 2.92> <CoreInst = "m_axi">   --->   Core 121 'm_axi' <Latency = 0> <II = 1> <Delay = 1.00> <Adapter> <Opcode : 'read' 'write' 'readreq' 'writereq' 'writeresp'>

State 3 <SV = 2> <Delay = 2.92>
ST_3 : Operation 79 [68/70] (2.92ns)   --->   "%empty = readreq i1 @_ssdm_op_ReadReq.m_axi.p1i32, i32 %gmem0_addr, i32 2555" [/home/biloba/Documents/Repositories/A3D3-Neuro-Demo/LFADS-2023_12_19_U55C_Full_LFADS/src/alveo_hls4ml.cpp:67]   --->   Operation 79 'readreq' 'empty' <Predicate = true> <Delay = 2.92> <CoreInst = "m_axi">   --->   Core 121 'm_axi' <Latency = 0> <II = 1> <Delay = 1.00> <Adapter> <Opcode : 'read' 'write' 'readreq' 'writereq' 'writeresp'>

State 4 <SV = 3> <Delay = 2.92>
ST_4 : Operation 80 [67/70] (2.92ns)   --->   "%empty = readreq i1 @_ssdm_op_ReadReq.m_axi.p1i32, i32 %gmem0_addr, i32 2555" [/home/biloba/Documents/Repositories/A3D3-Neuro-Demo/LFADS-2023_12_19_U55C_Full_LFADS/src/alveo_hls4ml.cpp:67]   --->   Operation 80 'readreq' 'empty' <Predicate = true> <Delay = 2.92> <CoreInst = "m_axi">   --->   Core 121 'm_axi' <Latency = 0> <II = 1> <Delay = 1.00> <Adapter> <Opcode : 'read' 'write' 'readreq' 'writereq' 'writeresp'>

State 5 <SV = 4> <Delay = 2.92>
ST_5 : Operation 81 [66/70] (2.92ns)   --->   "%empty = readreq i1 @_ssdm_op_ReadReq.m_axi.p1i32, i32 %gmem0_addr, i32 2555" [/home/biloba/Documents/Repositories/A3D3-Neuro-Demo/LFADS-2023_12_19_U55C_Full_LFADS/src/alveo_hls4ml.cpp:67]   --->   Operation 81 'readreq' 'empty' <Predicate = true> <Delay = 2.92> <CoreInst = "m_axi">   --->   Core 121 'm_axi' <Latency = 0> <II = 1> <Delay = 1.00> <Adapter> <Opcode : 'read' 'write' 'readreq' 'writereq' 'writeresp'>

State 6 <SV = 5> <Delay = 2.92>
ST_6 : Operation 82 [65/70] (2.92ns)   --->   "%empty = readreq i1 @_ssdm_op_ReadReq.m_axi.p1i32, i32 %gmem0_addr, i32 2555" [/home/biloba/Documents/Repositories/A3D3-Neuro-Demo/LFADS-2023_12_19_U55C_Full_LFADS/src/alveo_hls4ml.cpp:67]   --->   Operation 82 'readreq' 'empty' <Predicate = true> <Delay = 2.92> <CoreInst = "m_axi">   --->   Core 121 'm_axi' <Latency = 0> <II = 1> <Delay = 1.00> <Adapter> <Opcode : 'read' 'write' 'readreq' 'writereq' 'writeresp'>

State 7 <SV = 6> <Delay = 2.92>
ST_7 : Operation 83 [64/70] (2.92ns)   --->   "%empty = readreq i1 @_ssdm_op_ReadReq.m_axi.p1i32, i32 %gmem0_addr, i32 2555" [/home/biloba/Documents/Repositories/A3D3-Neuro-Demo/LFADS-2023_12_19_U55C_Full_LFADS/src/alveo_hls4ml.cpp:67]   --->   Operation 83 'readreq' 'empty' <Predicate = true> <Delay = 2.92> <CoreInst = "m_axi">   --->   Core 121 'm_axi' <Latency = 0> <II = 1> <Delay = 1.00> <Adapter> <Opcode : 'read' 'write' 'readreq' 'writereq' 'writeresp'>

State 8 <SV = 7> <Delay = 2.92>
ST_8 : Operation 84 [63/70] (2.92ns)   --->   "%empty = readreq i1 @_ssdm_op_ReadReq.m_axi.p1i32, i32 %gmem0_addr, i32 2555" [/home/biloba/Documents/Repositories/A3D3-Neuro-Demo/LFADS-2023_12_19_U55C_Full_LFADS/src/alveo_hls4ml.cpp:67]   --->   Operation 84 'readreq' 'empty' <Predicate = true> <Delay = 2.92> <CoreInst = "m_axi">   --->   Core 121 'm_axi' <Latency = 0> <II = 1> <Delay = 1.00> <Adapter> <Opcode : 'read' 'write' 'readreq' 'writereq' 'writeresp'>

State 9 <SV = 8> <Delay = 2.92>
ST_9 : Operation 85 [62/70] (2.92ns)   --->   "%empty = readreq i1 @_ssdm_op_ReadReq.m_axi.p1i32, i32 %gmem0_addr, i32 2555" [/home/biloba/Documents/Repositories/A3D3-Neuro-Demo/LFADS-2023_12_19_U55C_Full_LFADS/src/alveo_hls4ml.cpp:67]   --->   Operation 85 'readreq' 'empty' <Predicate = true> <Delay = 2.92> <CoreInst = "m_axi">   --->   Core 121 'm_axi' <Latency = 0> <II = 1> <Delay = 1.00> <Adapter> <Opcode : 'read' 'write' 'readreq' 'writereq' 'writeresp'>

State 10 <SV = 9> <Delay = 2.92>
ST_10 : Operation 86 [61/70] (2.92ns)   --->   "%empty = readreq i1 @_ssdm_op_ReadReq.m_axi.p1i32, i32 %gmem0_addr, i32 2555" [/home/biloba/Documents/Repositories/A3D3-Neuro-Demo/LFADS-2023_12_19_U55C_Full_LFADS/src/alveo_hls4ml.cpp:67]   --->   Operation 86 'readreq' 'empty' <Predicate = true> <Delay = 2.92> <CoreInst = "m_axi">   --->   Core 121 'm_axi' <Latency = 0> <II = 1> <Delay = 1.00> <Adapter> <Opcode : 'read' 'write' 'readreq' 'writereq' 'writeresp'>

State 11 <SV = 10> <Delay = 2.92>
ST_11 : Operation 87 [60/70] (2.92ns)   --->   "%empty = readreq i1 @_ssdm_op_ReadReq.m_axi.p1i32, i32 %gmem0_addr, i32 2555" [/home/biloba/Documents/Repositories/A3D3-Neuro-Demo/LFADS-2023_12_19_U55C_Full_LFADS/src/alveo_hls4ml.cpp:67]   --->   Operation 87 'readreq' 'empty' <Predicate = true> <Delay = 2.92> <CoreInst = "m_axi">   --->   Core 121 'm_axi' <Latency = 0> <II = 1> <Delay = 1.00> <Adapter> <Opcode : 'read' 'write' 'readreq' 'writereq' 'writeresp'>

State 12 <SV = 11> <Delay = 2.92>
ST_12 : Operation 88 [59/70] (2.92ns)   --->   "%empty = readreq i1 @_ssdm_op_ReadReq.m_axi.p1i32, i32 %gmem0_addr, i32 2555" [/home/biloba/Documents/Repositories/A3D3-Neuro-Demo/LFADS-2023_12_19_U55C_Full_LFADS/src/alveo_hls4ml.cpp:67]   --->   Operation 88 'readreq' 'empty' <Predicate = true> <Delay = 2.92> <CoreInst = "m_axi">   --->   Core 121 'm_axi' <Latency = 0> <II = 1> <Delay = 1.00> <Adapter> <Opcode : 'read' 'write' 'readreq' 'writereq' 'writeresp'>

State 13 <SV = 12> <Delay = 2.92>
ST_13 : Operation 89 [58/70] (2.92ns)   --->   "%empty = readreq i1 @_ssdm_op_ReadReq.m_axi.p1i32, i32 %gmem0_addr, i32 2555" [/home/biloba/Documents/Repositories/A3D3-Neuro-Demo/LFADS-2023_12_19_U55C_Full_LFADS/src/alveo_hls4ml.cpp:67]   --->   Operation 89 'readreq' 'empty' <Predicate = true> <Delay = 2.92> <CoreInst = "m_axi">   --->   Core 121 'm_axi' <Latency = 0> <II = 1> <Delay = 1.00> <Adapter> <Opcode : 'read' 'write' 'readreq' 'writereq' 'writeresp'>

State 14 <SV = 13> <Delay = 2.92>
ST_14 : Operation 90 [57/70] (2.92ns)   --->   "%empty = readreq i1 @_ssdm_op_ReadReq.m_axi.p1i32, i32 %gmem0_addr, i32 2555" [/home/biloba/Documents/Repositories/A3D3-Neuro-Demo/LFADS-2023_12_19_U55C_Full_LFADS/src/alveo_hls4ml.cpp:67]   --->   Operation 90 'readreq' 'empty' <Predicate = true> <Delay = 2.92> <CoreInst = "m_axi">   --->   Core 121 'm_axi' <Latency = 0> <II = 1> <Delay = 1.00> <Adapter> <Opcode : 'read' 'write' 'readreq' 'writereq' 'writeresp'>

State 15 <SV = 14> <Delay = 2.92>
ST_15 : Operation 91 [56/70] (2.92ns)   --->   "%empty = readreq i1 @_ssdm_op_ReadReq.m_axi.p1i32, i32 %gmem0_addr, i32 2555" [/home/biloba/Documents/Repositories/A3D3-Neuro-Demo/LFADS-2023_12_19_U55C_Full_LFADS/src/alveo_hls4ml.cpp:67]   --->   Operation 91 'readreq' 'empty' <Predicate = true> <Delay = 2.92> <CoreInst = "m_axi">   --->   Core 121 'm_axi' <Latency = 0> <II = 1> <Delay = 1.00> <Adapter> <Opcode : 'read' 'write' 'readreq' 'writereq' 'writeresp'>

State 16 <SV = 15> <Delay = 2.92>
ST_16 : Operation 92 [55/70] (2.92ns)   --->   "%empty = readreq i1 @_ssdm_op_ReadReq.m_axi.p1i32, i32 %gmem0_addr, i32 2555" [/home/biloba/Documents/Repositories/A3D3-Neuro-Demo/LFADS-2023_12_19_U55C_Full_LFADS/src/alveo_hls4ml.cpp:67]   --->   Operation 92 'readreq' 'empty' <Predicate = true> <Delay = 2.92> <CoreInst = "m_axi">   --->   Core 121 'm_axi' <Latency = 0> <II = 1> <Delay = 1.00> <Adapter> <Opcode : 'read' 'write' 'readreq' 'writereq' 'writeresp'>

State 17 <SV = 16> <Delay = 2.92>
ST_17 : Operation 93 [54/70] (2.92ns)   --->   "%empty = readreq i1 @_ssdm_op_ReadReq.m_axi.p1i32, i32 %gmem0_addr, i32 2555" [/home/biloba/Documents/Repositories/A3D3-Neuro-Demo/LFADS-2023_12_19_U55C_Full_LFADS/src/alveo_hls4ml.cpp:67]   --->   Operation 93 'readreq' 'empty' <Predicate = true> <Delay = 2.92> <CoreInst = "m_axi">   --->   Core 121 'm_axi' <Latency = 0> <II = 1> <Delay = 1.00> <Adapter> <Opcode : 'read' 'write' 'readreq' 'writereq' 'writeresp'>

State 18 <SV = 17> <Delay = 2.92>
ST_18 : Operation 94 [53/70] (2.92ns)   --->   "%empty = readreq i1 @_ssdm_op_ReadReq.m_axi.p1i32, i32 %gmem0_addr, i32 2555" [/home/biloba/Documents/Repositories/A3D3-Neuro-Demo/LFADS-2023_12_19_U55C_Full_LFADS/src/alveo_hls4ml.cpp:67]   --->   Operation 94 'readreq' 'empty' <Predicate = true> <Delay = 2.92> <CoreInst = "m_axi">   --->   Core 121 'm_axi' <Latency = 0> <II = 1> <Delay = 1.00> <Adapter> <Opcode : 'read' 'write' 'readreq' 'writereq' 'writeresp'>

State 19 <SV = 18> <Delay = 2.92>
ST_19 : Operation 95 [52/70] (2.92ns)   --->   "%empty = readreq i1 @_ssdm_op_ReadReq.m_axi.p1i32, i32 %gmem0_addr, i32 2555" [/home/biloba/Documents/Repositories/A3D3-Neuro-Demo/LFADS-2023_12_19_U55C_Full_LFADS/src/alveo_hls4ml.cpp:67]   --->   Operation 95 'readreq' 'empty' <Predicate = true> <Delay = 2.92> <CoreInst = "m_axi">   --->   Core 121 'm_axi' <Latency = 0> <II = 1> <Delay = 1.00> <Adapter> <Opcode : 'read' 'write' 'readreq' 'writereq' 'writeresp'>

State 20 <SV = 19> <Delay = 2.92>
ST_20 : Operation 96 [51/70] (2.92ns)   --->   "%empty = readreq i1 @_ssdm_op_ReadReq.m_axi.p1i32, i32 %gmem0_addr, i32 2555" [/home/biloba/Documents/Repositories/A3D3-Neuro-Demo/LFADS-2023_12_19_U55C_Full_LFADS/src/alveo_hls4ml.cpp:67]   --->   Operation 96 'readreq' 'empty' <Predicate = true> <Delay = 2.92> <CoreInst = "m_axi">   --->   Core 121 'm_axi' <Latency = 0> <II = 1> <Delay = 1.00> <Adapter> <Opcode : 'read' 'write' 'readreq' 'writereq' 'writeresp'>

State 21 <SV = 20> <Delay = 2.92>
ST_21 : Operation 97 [50/70] (2.92ns)   --->   "%empty = readreq i1 @_ssdm_op_ReadReq.m_axi.p1i32, i32 %gmem0_addr, i32 2555" [/home/biloba/Documents/Repositories/A3D3-Neuro-Demo/LFADS-2023_12_19_U55C_Full_LFADS/src/alveo_hls4ml.cpp:67]   --->   Operation 97 'readreq' 'empty' <Predicate = true> <Delay = 2.92> <CoreInst = "m_axi">   --->   Core 121 'm_axi' <Latency = 0> <II = 1> <Delay = 1.00> <Adapter> <Opcode : 'read' 'write' 'readreq' 'writereq' 'writeresp'>

State 22 <SV = 21> <Delay = 2.92>
ST_22 : Operation 98 [49/70] (2.92ns)   --->   "%empty = readreq i1 @_ssdm_op_ReadReq.m_axi.p1i32, i32 %gmem0_addr, i32 2555" [/home/biloba/Documents/Repositories/A3D3-Neuro-Demo/LFADS-2023_12_19_U55C_Full_LFADS/src/alveo_hls4ml.cpp:67]   --->   Operation 98 'readreq' 'empty' <Predicate = true> <Delay = 2.92> <CoreInst = "m_axi">   --->   Core 121 'm_axi' <Latency = 0> <II = 1> <Delay = 1.00> <Adapter> <Opcode : 'read' 'write' 'readreq' 'writereq' 'writeresp'>

State 23 <SV = 22> <Delay = 2.92>
ST_23 : Operation 99 [48/70] (2.92ns)   --->   "%empty = readreq i1 @_ssdm_op_ReadReq.m_axi.p1i32, i32 %gmem0_addr, i32 2555" [/home/biloba/Documents/Repositories/A3D3-Neuro-Demo/LFADS-2023_12_19_U55C_Full_LFADS/src/alveo_hls4ml.cpp:67]   --->   Operation 99 'readreq' 'empty' <Predicate = true> <Delay = 2.92> <CoreInst = "m_axi">   --->   Core 121 'm_axi' <Latency = 0> <II = 1> <Delay = 1.00> <Adapter> <Opcode : 'read' 'write' 'readreq' 'writereq' 'writeresp'>

State 24 <SV = 23> <Delay = 2.92>
ST_24 : Operation 100 [47/70] (2.92ns)   --->   "%empty = readreq i1 @_ssdm_op_ReadReq.m_axi.p1i32, i32 %gmem0_addr, i32 2555" [/home/biloba/Documents/Repositories/A3D3-Neuro-Demo/LFADS-2023_12_19_U55C_Full_LFADS/src/alveo_hls4ml.cpp:67]   --->   Operation 100 'readreq' 'empty' <Predicate = true> <Delay = 2.92> <CoreInst = "m_axi">   --->   Core 121 'm_axi' <Latency = 0> <II = 1> <Delay = 1.00> <Adapter> <Opcode : 'read' 'write' 'readreq' 'writereq' 'writeresp'>

State 25 <SV = 24> <Delay = 2.92>
ST_25 : Operation 101 [46/70] (2.92ns)   --->   "%empty = readreq i1 @_ssdm_op_ReadReq.m_axi.p1i32, i32 %gmem0_addr, i32 2555" [/home/biloba/Documents/Repositories/A3D3-Neuro-Demo/LFADS-2023_12_19_U55C_Full_LFADS/src/alveo_hls4ml.cpp:67]   --->   Operation 101 'readreq' 'empty' <Predicate = true> <Delay = 2.92> <CoreInst = "m_axi">   --->   Core 121 'm_axi' <Latency = 0> <II = 1> <Delay = 1.00> <Adapter> <Opcode : 'read' 'write' 'readreq' 'writereq' 'writeresp'>

State 26 <SV = 25> <Delay = 2.92>
ST_26 : Operation 102 [45/70] (2.92ns)   --->   "%empty = readreq i1 @_ssdm_op_ReadReq.m_axi.p1i32, i32 %gmem0_addr, i32 2555" [/home/biloba/Documents/Repositories/A3D3-Neuro-Demo/LFADS-2023_12_19_U55C_Full_LFADS/src/alveo_hls4ml.cpp:67]   --->   Operation 102 'readreq' 'empty' <Predicate = true> <Delay = 2.92> <CoreInst = "m_axi">   --->   Core 121 'm_axi' <Latency = 0> <II = 1> <Delay = 1.00> <Adapter> <Opcode : 'read' 'write' 'readreq' 'writereq' 'writeresp'>

State 27 <SV = 26> <Delay = 2.92>
ST_27 : Operation 103 [44/70] (2.92ns)   --->   "%empty = readreq i1 @_ssdm_op_ReadReq.m_axi.p1i32, i32 %gmem0_addr, i32 2555" [/home/biloba/Documents/Repositories/A3D3-Neuro-Demo/LFADS-2023_12_19_U55C_Full_LFADS/src/alveo_hls4ml.cpp:67]   --->   Operation 103 'readreq' 'empty' <Predicate = true> <Delay = 2.92> <CoreInst = "m_axi">   --->   Core 121 'm_axi' <Latency = 0> <II = 1> <Delay = 1.00> <Adapter> <Opcode : 'read' 'write' 'readreq' 'writereq' 'writeresp'>

State 28 <SV = 27> <Delay = 2.92>
ST_28 : Operation 104 [43/70] (2.92ns)   --->   "%empty = readreq i1 @_ssdm_op_ReadReq.m_axi.p1i32, i32 %gmem0_addr, i32 2555" [/home/biloba/Documents/Repositories/A3D3-Neuro-Demo/LFADS-2023_12_19_U55C_Full_LFADS/src/alveo_hls4ml.cpp:67]   --->   Operation 104 'readreq' 'empty' <Predicate = true> <Delay = 2.92> <CoreInst = "m_axi">   --->   Core 121 'm_axi' <Latency = 0> <II = 1> <Delay = 1.00> <Adapter> <Opcode : 'read' 'write' 'readreq' 'writereq' 'writeresp'>

State 29 <SV = 28> <Delay = 2.92>
ST_29 : Operation 105 [42/70] (2.92ns)   --->   "%empty = readreq i1 @_ssdm_op_ReadReq.m_axi.p1i32, i32 %gmem0_addr, i32 2555" [/home/biloba/Documents/Repositories/A3D3-Neuro-Demo/LFADS-2023_12_19_U55C_Full_LFADS/src/alveo_hls4ml.cpp:67]   --->   Operation 105 'readreq' 'empty' <Predicate = true> <Delay = 2.92> <CoreInst = "m_axi">   --->   Core 121 'm_axi' <Latency = 0> <II = 1> <Delay = 1.00> <Adapter> <Opcode : 'read' 'write' 'readreq' 'writereq' 'writeresp'>

State 30 <SV = 29> <Delay = 2.92>
ST_30 : Operation 106 [41/70] (2.92ns)   --->   "%empty = readreq i1 @_ssdm_op_ReadReq.m_axi.p1i32, i32 %gmem0_addr, i32 2555" [/home/biloba/Documents/Repositories/A3D3-Neuro-Demo/LFADS-2023_12_19_U55C_Full_LFADS/src/alveo_hls4ml.cpp:67]   --->   Operation 106 'readreq' 'empty' <Predicate = true> <Delay = 2.92> <CoreInst = "m_axi">   --->   Core 121 'm_axi' <Latency = 0> <II = 1> <Delay = 1.00> <Adapter> <Opcode : 'read' 'write' 'readreq' 'writereq' 'writeresp'>

State 31 <SV = 30> <Delay = 2.92>
ST_31 : Operation 107 [40/70] (2.92ns)   --->   "%empty = readreq i1 @_ssdm_op_ReadReq.m_axi.p1i32, i32 %gmem0_addr, i32 2555" [/home/biloba/Documents/Repositories/A3D3-Neuro-Demo/LFADS-2023_12_19_U55C_Full_LFADS/src/alveo_hls4ml.cpp:67]   --->   Operation 107 'readreq' 'empty' <Predicate = true> <Delay = 2.92> <CoreInst = "m_axi">   --->   Core 121 'm_axi' <Latency = 0> <II = 1> <Delay = 1.00> <Adapter> <Opcode : 'read' 'write' 'readreq' 'writereq' 'writeresp'>

State 32 <SV = 31> <Delay = 2.92>
ST_32 : Operation 108 [39/70] (2.92ns)   --->   "%empty = readreq i1 @_ssdm_op_ReadReq.m_axi.p1i32, i32 %gmem0_addr, i32 2555" [/home/biloba/Documents/Repositories/A3D3-Neuro-Demo/LFADS-2023_12_19_U55C_Full_LFADS/src/alveo_hls4ml.cpp:67]   --->   Operation 108 'readreq' 'empty' <Predicate = true> <Delay = 2.92> <CoreInst = "m_axi">   --->   Core 121 'm_axi' <Latency = 0> <II = 1> <Delay = 1.00> <Adapter> <Opcode : 'read' 'write' 'readreq' 'writereq' 'writeresp'>

State 33 <SV = 32> <Delay = 2.92>
ST_33 : Operation 109 [38/70] (2.92ns)   --->   "%empty = readreq i1 @_ssdm_op_ReadReq.m_axi.p1i32, i32 %gmem0_addr, i32 2555" [/home/biloba/Documents/Repositories/A3D3-Neuro-Demo/LFADS-2023_12_19_U55C_Full_LFADS/src/alveo_hls4ml.cpp:67]   --->   Operation 109 'readreq' 'empty' <Predicate = true> <Delay = 2.92> <CoreInst = "m_axi">   --->   Core 121 'm_axi' <Latency = 0> <II = 1> <Delay = 1.00> <Adapter> <Opcode : 'read' 'write' 'readreq' 'writereq' 'writeresp'>

State 34 <SV = 33> <Delay = 2.92>
ST_34 : Operation 110 [37/70] (2.92ns)   --->   "%empty = readreq i1 @_ssdm_op_ReadReq.m_axi.p1i32, i32 %gmem0_addr, i32 2555" [/home/biloba/Documents/Repositories/A3D3-Neuro-Demo/LFADS-2023_12_19_U55C_Full_LFADS/src/alveo_hls4ml.cpp:67]   --->   Operation 110 'readreq' 'empty' <Predicate = true> <Delay = 2.92> <CoreInst = "m_axi">   --->   Core 121 'm_axi' <Latency = 0> <II = 1> <Delay = 1.00> <Adapter> <Opcode : 'read' 'write' 'readreq' 'writereq' 'writeresp'>

State 35 <SV = 34> <Delay = 2.92>
ST_35 : Operation 111 [36/70] (2.92ns)   --->   "%empty = readreq i1 @_ssdm_op_ReadReq.m_axi.p1i32, i32 %gmem0_addr, i32 2555" [/home/biloba/Documents/Repositories/A3D3-Neuro-Demo/LFADS-2023_12_19_U55C_Full_LFADS/src/alveo_hls4ml.cpp:67]   --->   Operation 111 'readreq' 'empty' <Predicate = true> <Delay = 2.92> <CoreInst = "m_axi">   --->   Core 121 'm_axi' <Latency = 0> <II = 1> <Delay = 1.00> <Adapter> <Opcode : 'read' 'write' 'readreq' 'writereq' 'writeresp'>

State 36 <SV = 35> <Delay = 2.92>
ST_36 : Operation 112 [35/70] (2.92ns)   --->   "%empty = readreq i1 @_ssdm_op_ReadReq.m_axi.p1i32, i32 %gmem0_addr, i32 2555" [/home/biloba/Documents/Repositories/A3D3-Neuro-Demo/LFADS-2023_12_19_U55C_Full_LFADS/src/alveo_hls4ml.cpp:67]   --->   Operation 112 'readreq' 'empty' <Predicate = true> <Delay = 2.92> <CoreInst = "m_axi">   --->   Core 121 'm_axi' <Latency = 0> <II = 1> <Delay = 1.00> <Adapter> <Opcode : 'read' 'write' 'readreq' 'writereq' 'writeresp'>

State 37 <SV = 36> <Delay = 2.92>
ST_37 : Operation 113 [34/70] (2.92ns)   --->   "%empty = readreq i1 @_ssdm_op_ReadReq.m_axi.p1i32, i32 %gmem0_addr, i32 2555" [/home/biloba/Documents/Repositories/A3D3-Neuro-Demo/LFADS-2023_12_19_U55C_Full_LFADS/src/alveo_hls4ml.cpp:67]   --->   Operation 113 'readreq' 'empty' <Predicate = true> <Delay = 2.92> <CoreInst = "m_axi">   --->   Core 121 'm_axi' <Latency = 0> <II = 1> <Delay = 1.00> <Adapter> <Opcode : 'read' 'write' 'readreq' 'writereq' 'writeresp'>

State 38 <SV = 37> <Delay = 2.92>
ST_38 : Operation 114 [33/70] (2.92ns)   --->   "%empty = readreq i1 @_ssdm_op_ReadReq.m_axi.p1i32, i32 %gmem0_addr, i32 2555" [/home/biloba/Documents/Repositories/A3D3-Neuro-Demo/LFADS-2023_12_19_U55C_Full_LFADS/src/alveo_hls4ml.cpp:67]   --->   Operation 114 'readreq' 'empty' <Predicate = true> <Delay = 2.92> <CoreInst = "m_axi">   --->   Core 121 'm_axi' <Latency = 0> <II = 1> <Delay = 1.00> <Adapter> <Opcode : 'read' 'write' 'readreq' 'writereq' 'writeresp'>

State 39 <SV = 38> <Delay = 2.92>
ST_39 : Operation 115 [32/70] (2.92ns)   --->   "%empty = readreq i1 @_ssdm_op_ReadReq.m_axi.p1i32, i32 %gmem0_addr, i32 2555" [/home/biloba/Documents/Repositories/A3D3-Neuro-Demo/LFADS-2023_12_19_U55C_Full_LFADS/src/alveo_hls4ml.cpp:67]   --->   Operation 115 'readreq' 'empty' <Predicate = true> <Delay = 2.92> <CoreInst = "m_axi">   --->   Core 121 'm_axi' <Latency = 0> <II = 1> <Delay = 1.00> <Adapter> <Opcode : 'read' 'write' 'readreq' 'writereq' 'writeresp'>

State 40 <SV = 39> <Delay = 2.92>
ST_40 : Operation 116 [31/70] (2.92ns)   --->   "%empty = readreq i1 @_ssdm_op_ReadReq.m_axi.p1i32, i32 %gmem0_addr, i32 2555" [/home/biloba/Documents/Repositories/A3D3-Neuro-Demo/LFADS-2023_12_19_U55C_Full_LFADS/src/alveo_hls4ml.cpp:67]   --->   Operation 116 'readreq' 'empty' <Predicate = true> <Delay = 2.92> <CoreInst = "m_axi">   --->   Core 121 'm_axi' <Latency = 0> <II = 1> <Delay = 1.00> <Adapter> <Opcode : 'read' 'write' 'readreq' 'writereq' 'writeresp'>

State 41 <SV = 40> <Delay = 2.92>
ST_41 : Operation 117 [30/70] (2.92ns)   --->   "%empty = readreq i1 @_ssdm_op_ReadReq.m_axi.p1i32, i32 %gmem0_addr, i32 2555" [/home/biloba/Documents/Repositories/A3D3-Neuro-Demo/LFADS-2023_12_19_U55C_Full_LFADS/src/alveo_hls4ml.cpp:67]   --->   Operation 117 'readreq' 'empty' <Predicate = true> <Delay = 2.92> <CoreInst = "m_axi">   --->   Core 121 'm_axi' <Latency = 0> <II = 1> <Delay = 1.00> <Adapter> <Opcode : 'read' 'write' 'readreq' 'writereq' 'writeresp'>

State 42 <SV = 41> <Delay = 2.92>
ST_42 : Operation 118 [29/70] (2.92ns)   --->   "%empty = readreq i1 @_ssdm_op_ReadReq.m_axi.p1i32, i32 %gmem0_addr, i32 2555" [/home/biloba/Documents/Repositories/A3D3-Neuro-Demo/LFADS-2023_12_19_U55C_Full_LFADS/src/alveo_hls4ml.cpp:67]   --->   Operation 118 'readreq' 'empty' <Predicate = true> <Delay = 2.92> <CoreInst = "m_axi">   --->   Core 121 'm_axi' <Latency = 0> <II = 1> <Delay = 1.00> <Adapter> <Opcode : 'read' 'write' 'readreq' 'writereq' 'writeresp'>

State 43 <SV = 42> <Delay = 2.92>
ST_43 : Operation 119 [28/70] (2.92ns)   --->   "%empty = readreq i1 @_ssdm_op_ReadReq.m_axi.p1i32, i32 %gmem0_addr, i32 2555" [/home/biloba/Documents/Repositories/A3D3-Neuro-Demo/LFADS-2023_12_19_U55C_Full_LFADS/src/alveo_hls4ml.cpp:67]   --->   Operation 119 'readreq' 'empty' <Predicate = true> <Delay = 2.92> <CoreInst = "m_axi">   --->   Core 121 'm_axi' <Latency = 0> <II = 1> <Delay = 1.00> <Adapter> <Opcode : 'read' 'write' 'readreq' 'writereq' 'writeresp'>

State 44 <SV = 43> <Delay = 2.92>
ST_44 : Operation 120 [27/70] (2.92ns)   --->   "%empty = readreq i1 @_ssdm_op_ReadReq.m_axi.p1i32, i32 %gmem0_addr, i32 2555" [/home/biloba/Documents/Repositories/A3D3-Neuro-Demo/LFADS-2023_12_19_U55C_Full_LFADS/src/alveo_hls4ml.cpp:67]   --->   Operation 120 'readreq' 'empty' <Predicate = true> <Delay = 2.92> <CoreInst = "m_axi">   --->   Core 121 'm_axi' <Latency = 0> <II = 1> <Delay = 1.00> <Adapter> <Opcode : 'read' 'write' 'readreq' 'writereq' 'writeresp'>

State 45 <SV = 44> <Delay = 2.92>
ST_45 : Operation 121 [26/70] (2.92ns)   --->   "%empty = readreq i1 @_ssdm_op_ReadReq.m_axi.p1i32, i32 %gmem0_addr, i32 2555" [/home/biloba/Documents/Repositories/A3D3-Neuro-Demo/LFADS-2023_12_19_U55C_Full_LFADS/src/alveo_hls4ml.cpp:67]   --->   Operation 121 'readreq' 'empty' <Predicate = true> <Delay = 2.92> <CoreInst = "m_axi">   --->   Core 121 'm_axi' <Latency = 0> <II = 1> <Delay = 1.00> <Adapter> <Opcode : 'read' 'write' 'readreq' 'writereq' 'writeresp'>

State 46 <SV = 45> <Delay = 2.92>
ST_46 : Operation 122 [25/70] (2.92ns)   --->   "%empty = readreq i1 @_ssdm_op_ReadReq.m_axi.p1i32, i32 %gmem0_addr, i32 2555" [/home/biloba/Documents/Repositories/A3D3-Neuro-Demo/LFADS-2023_12_19_U55C_Full_LFADS/src/alveo_hls4ml.cpp:67]   --->   Operation 122 'readreq' 'empty' <Predicate = true> <Delay = 2.92> <CoreInst = "m_axi">   --->   Core 121 'm_axi' <Latency = 0> <II = 1> <Delay = 1.00> <Adapter> <Opcode : 'read' 'write' 'readreq' 'writereq' 'writeresp'>

State 47 <SV = 46> <Delay = 2.92>
ST_47 : Operation 123 [24/70] (2.92ns)   --->   "%empty = readreq i1 @_ssdm_op_ReadReq.m_axi.p1i32, i32 %gmem0_addr, i32 2555" [/home/biloba/Documents/Repositories/A3D3-Neuro-Demo/LFADS-2023_12_19_U55C_Full_LFADS/src/alveo_hls4ml.cpp:67]   --->   Operation 123 'readreq' 'empty' <Predicate = true> <Delay = 2.92> <CoreInst = "m_axi">   --->   Core 121 'm_axi' <Latency = 0> <II = 1> <Delay = 1.00> <Adapter> <Opcode : 'read' 'write' 'readreq' 'writereq' 'writeresp'>

State 48 <SV = 47> <Delay = 2.92>
ST_48 : Operation 124 [23/70] (2.92ns)   --->   "%empty = readreq i1 @_ssdm_op_ReadReq.m_axi.p1i32, i32 %gmem0_addr, i32 2555" [/home/biloba/Documents/Repositories/A3D3-Neuro-Demo/LFADS-2023_12_19_U55C_Full_LFADS/src/alveo_hls4ml.cpp:67]   --->   Operation 124 'readreq' 'empty' <Predicate = true> <Delay = 2.92> <CoreInst = "m_axi">   --->   Core 121 'm_axi' <Latency = 0> <II = 1> <Delay = 1.00> <Adapter> <Opcode : 'read' 'write' 'readreq' 'writereq' 'writeresp'>

State 49 <SV = 48> <Delay = 2.92>
ST_49 : Operation 125 [22/70] (2.92ns)   --->   "%empty = readreq i1 @_ssdm_op_ReadReq.m_axi.p1i32, i32 %gmem0_addr, i32 2555" [/home/biloba/Documents/Repositories/A3D3-Neuro-Demo/LFADS-2023_12_19_U55C_Full_LFADS/src/alveo_hls4ml.cpp:67]   --->   Operation 125 'readreq' 'empty' <Predicate = true> <Delay = 2.92> <CoreInst = "m_axi">   --->   Core 121 'm_axi' <Latency = 0> <II = 1> <Delay = 1.00> <Adapter> <Opcode : 'read' 'write' 'readreq' 'writereq' 'writeresp'>

State 50 <SV = 49> <Delay = 2.92>
ST_50 : Operation 126 [21/70] (2.92ns)   --->   "%empty = readreq i1 @_ssdm_op_ReadReq.m_axi.p1i32, i32 %gmem0_addr, i32 2555" [/home/biloba/Documents/Repositories/A3D3-Neuro-Demo/LFADS-2023_12_19_U55C_Full_LFADS/src/alveo_hls4ml.cpp:67]   --->   Operation 126 'readreq' 'empty' <Predicate = true> <Delay = 2.92> <CoreInst = "m_axi">   --->   Core 121 'm_axi' <Latency = 0> <II = 1> <Delay = 1.00> <Adapter> <Opcode : 'read' 'write' 'readreq' 'writereq' 'writeresp'>

State 51 <SV = 50> <Delay = 2.92>
ST_51 : Operation 127 [20/70] (2.92ns)   --->   "%empty = readreq i1 @_ssdm_op_ReadReq.m_axi.p1i32, i32 %gmem0_addr, i32 2555" [/home/biloba/Documents/Repositories/A3D3-Neuro-Demo/LFADS-2023_12_19_U55C_Full_LFADS/src/alveo_hls4ml.cpp:67]   --->   Operation 127 'readreq' 'empty' <Predicate = true> <Delay = 2.92> <CoreInst = "m_axi">   --->   Core 121 'm_axi' <Latency = 0> <II = 1> <Delay = 1.00> <Adapter> <Opcode : 'read' 'write' 'readreq' 'writereq' 'writeresp'>

State 52 <SV = 51> <Delay = 2.92>
ST_52 : Operation 128 [19/70] (2.92ns)   --->   "%empty = readreq i1 @_ssdm_op_ReadReq.m_axi.p1i32, i32 %gmem0_addr, i32 2555" [/home/biloba/Documents/Repositories/A3D3-Neuro-Demo/LFADS-2023_12_19_U55C_Full_LFADS/src/alveo_hls4ml.cpp:67]   --->   Operation 128 'readreq' 'empty' <Predicate = true> <Delay = 2.92> <CoreInst = "m_axi">   --->   Core 121 'm_axi' <Latency = 0> <II = 1> <Delay = 1.00> <Adapter> <Opcode : 'read' 'write' 'readreq' 'writereq' 'writeresp'>

State 53 <SV = 52> <Delay = 2.92>
ST_53 : Operation 129 [18/70] (2.92ns)   --->   "%empty = readreq i1 @_ssdm_op_ReadReq.m_axi.p1i32, i32 %gmem0_addr, i32 2555" [/home/biloba/Documents/Repositories/A3D3-Neuro-Demo/LFADS-2023_12_19_U55C_Full_LFADS/src/alveo_hls4ml.cpp:67]   --->   Operation 129 'readreq' 'empty' <Predicate = true> <Delay = 2.92> <CoreInst = "m_axi">   --->   Core 121 'm_axi' <Latency = 0> <II = 1> <Delay = 1.00> <Adapter> <Opcode : 'read' 'write' 'readreq' 'writereq' 'writeresp'>

State 54 <SV = 53> <Delay = 2.92>
ST_54 : Operation 130 [17/70] (2.92ns)   --->   "%empty = readreq i1 @_ssdm_op_ReadReq.m_axi.p1i32, i32 %gmem0_addr, i32 2555" [/home/biloba/Documents/Repositories/A3D3-Neuro-Demo/LFADS-2023_12_19_U55C_Full_LFADS/src/alveo_hls4ml.cpp:67]   --->   Operation 130 'readreq' 'empty' <Predicate = true> <Delay = 2.92> <CoreInst = "m_axi">   --->   Core 121 'm_axi' <Latency = 0> <II = 1> <Delay = 1.00> <Adapter> <Opcode : 'read' 'write' 'readreq' 'writereq' 'writeresp'>

State 55 <SV = 54> <Delay = 2.92>
ST_55 : Operation 131 [16/70] (2.92ns)   --->   "%empty = readreq i1 @_ssdm_op_ReadReq.m_axi.p1i32, i32 %gmem0_addr, i32 2555" [/home/biloba/Documents/Repositories/A3D3-Neuro-Demo/LFADS-2023_12_19_U55C_Full_LFADS/src/alveo_hls4ml.cpp:67]   --->   Operation 131 'readreq' 'empty' <Predicate = true> <Delay = 2.92> <CoreInst = "m_axi">   --->   Core 121 'm_axi' <Latency = 0> <II = 1> <Delay = 1.00> <Adapter> <Opcode : 'read' 'write' 'readreq' 'writereq' 'writeresp'>

State 56 <SV = 55> <Delay = 2.92>
ST_56 : Operation 132 [15/70] (2.92ns)   --->   "%empty = readreq i1 @_ssdm_op_ReadReq.m_axi.p1i32, i32 %gmem0_addr, i32 2555" [/home/biloba/Documents/Repositories/A3D3-Neuro-Demo/LFADS-2023_12_19_U55C_Full_LFADS/src/alveo_hls4ml.cpp:67]   --->   Operation 132 'readreq' 'empty' <Predicate = true> <Delay = 2.92> <CoreInst = "m_axi">   --->   Core 121 'm_axi' <Latency = 0> <II = 1> <Delay = 1.00> <Adapter> <Opcode : 'read' 'write' 'readreq' 'writereq' 'writeresp'>

State 57 <SV = 56> <Delay = 2.92>
ST_57 : Operation 133 [14/70] (2.92ns)   --->   "%empty = readreq i1 @_ssdm_op_ReadReq.m_axi.p1i32, i32 %gmem0_addr, i32 2555" [/home/biloba/Documents/Repositories/A3D3-Neuro-Demo/LFADS-2023_12_19_U55C_Full_LFADS/src/alveo_hls4ml.cpp:67]   --->   Operation 133 'readreq' 'empty' <Predicate = true> <Delay = 2.92> <CoreInst = "m_axi">   --->   Core 121 'm_axi' <Latency = 0> <II = 1> <Delay = 1.00> <Adapter> <Opcode : 'read' 'write' 'readreq' 'writereq' 'writeresp'>

State 58 <SV = 57> <Delay = 2.92>
ST_58 : Operation 134 [13/70] (2.92ns)   --->   "%empty = readreq i1 @_ssdm_op_ReadReq.m_axi.p1i32, i32 %gmem0_addr, i32 2555" [/home/biloba/Documents/Repositories/A3D3-Neuro-Demo/LFADS-2023_12_19_U55C_Full_LFADS/src/alveo_hls4ml.cpp:67]   --->   Operation 134 'readreq' 'empty' <Predicate = true> <Delay = 2.92> <CoreInst = "m_axi">   --->   Core 121 'm_axi' <Latency = 0> <II = 1> <Delay = 1.00> <Adapter> <Opcode : 'read' 'write' 'readreq' 'writereq' 'writeresp'>

State 59 <SV = 58> <Delay = 2.92>
ST_59 : Operation 135 [12/70] (2.92ns)   --->   "%empty = readreq i1 @_ssdm_op_ReadReq.m_axi.p1i32, i32 %gmem0_addr, i32 2555" [/home/biloba/Documents/Repositories/A3D3-Neuro-Demo/LFADS-2023_12_19_U55C_Full_LFADS/src/alveo_hls4ml.cpp:67]   --->   Operation 135 'readreq' 'empty' <Predicate = true> <Delay = 2.92> <CoreInst = "m_axi">   --->   Core 121 'm_axi' <Latency = 0> <II = 1> <Delay = 1.00> <Adapter> <Opcode : 'read' 'write' 'readreq' 'writereq' 'writeresp'>

State 60 <SV = 59> <Delay = 2.92>
ST_60 : Operation 136 [11/70] (2.92ns)   --->   "%empty = readreq i1 @_ssdm_op_ReadReq.m_axi.p1i32, i32 %gmem0_addr, i32 2555" [/home/biloba/Documents/Repositories/A3D3-Neuro-Demo/LFADS-2023_12_19_U55C_Full_LFADS/src/alveo_hls4ml.cpp:67]   --->   Operation 136 'readreq' 'empty' <Predicate = true> <Delay = 2.92> <CoreInst = "m_axi">   --->   Core 121 'm_axi' <Latency = 0> <II = 1> <Delay = 1.00> <Adapter> <Opcode : 'read' 'write' 'readreq' 'writereq' 'writeresp'>

State 61 <SV = 60> <Delay = 2.92>
ST_61 : Operation 137 [10/70] (2.92ns)   --->   "%empty = readreq i1 @_ssdm_op_ReadReq.m_axi.p1i32, i32 %gmem0_addr, i32 2555" [/home/biloba/Documents/Repositories/A3D3-Neuro-Demo/LFADS-2023_12_19_U55C_Full_LFADS/src/alveo_hls4ml.cpp:67]   --->   Operation 137 'readreq' 'empty' <Predicate = true> <Delay = 2.92> <CoreInst = "m_axi">   --->   Core 121 'm_axi' <Latency = 0> <II = 1> <Delay = 1.00> <Adapter> <Opcode : 'read' 'write' 'readreq' 'writereq' 'writeresp'>

State 62 <SV = 61> <Delay = 2.92>
ST_62 : Operation 138 [9/70] (2.92ns)   --->   "%empty = readreq i1 @_ssdm_op_ReadReq.m_axi.p1i32, i32 %gmem0_addr, i32 2555" [/home/biloba/Documents/Repositories/A3D3-Neuro-Demo/LFADS-2023_12_19_U55C_Full_LFADS/src/alveo_hls4ml.cpp:67]   --->   Operation 138 'readreq' 'empty' <Predicate = true> <Delay = 2.92> <CoreInst = "m_axi">   --->   Core 121 'm_axi' <Latency = 0> <II = 1> <Delay = 1.00> <Adapter> <Opcode : 'read' 'write' 'readreq' 'writereq' 'writeresp'>

State 63 <SV = 62> <Delay = 2.92>
ST_63 : Operation 139 [8/70] (2.92ns)   --->   "%empty = readreq i1 @_ssdm_op_ReadReq.m_axi.p1i32, i32 %gmem0_addr, i32 2555" [/home/biloba/Documents/Repositories/A3D3-Neuro-Demo/LFADS-2023_12_19_U55C_Full_LFADS/src/alveo_hls4ml.cpp:67]   --->   Operation 139 'readreq' 'empty' <Predicate = true> <Delay = 2.92> <CoreInst = "m_axi">   --->   Core 121 'm_axi' <Latency = 0> <II = 1> <Delay = 1.00> <Adapter> <Opcode : 'read' 'write' 'readreq' 'writereq' 'writeresp'>

State 64 <SV = 63> <Delay = 2.92>
ST_64 : Operation 140 [7/70] (2.92ns)   --->   "%empty = readreq i1 @_ssdm_op_ReadReq.m_axi.p1i32, i32 %gmem0_addr, i32 2555" [/home/biloba/Documents/Repositories/A3D3-Neuro-Demo/LFADS-2023_12_19_U55C_Full_LFADS/src/alveo_hls4ml.cpp:67]   --->   Operation 140 'readreq' 'empty' <Predicate = true> <Delay = 2.92> <CoreInst = "m_axi">   --->   Core 121 'm_axi' <Latency = 0> <II = 1> <Delay = 1.00> <Adapter> <Opcode : 'read' 'write' 'readreq' 'writereq' 'writeresp'>

State 65 <SV = 64> <Delay = 2.92>
ST_65 : Operation 141 [6/70] (2.92ns)   --->   "%empty = readreq i1 @_ssdm_op_ReadReq.m_axi.p1i32, i32 %gmem0_addr, i32 2555" [/home/biloba/Documents/Repositories/A3D3-Neuro-Demo/LFADS-2023_12_19_U55C_Full_LFADS/src/alveo_hls4ml.cpp:67]   --->   Operation 141 'readreq' 'empty' <Predicate = true> <Delay = 2.92> <CoreInst = "m_axi">   --->   Core 121 'm_axi' <Latency = 0> <II = 1> <Delay = 1.00> <Adapter> <Opcode : 'read' 'write' 'readreq' 'writereq' 'writeresp'>

State 66 <SV = 65> <Delay = 2.92>
ST_66 : Operation 142 [5/70] (2.92ns)   --->   "%empty = readreq i1 @_ssdm_op_ReadReq.m_axi.p1i32, i32 %gmem0_addr, i32 2555" [/home/biloba/Documents/Repositories/A3D3-Neuro-Demo/LFADS-2023_12_19_U55C_Full_LFADS/src/alveo_hls4ml.cpp:67]   --->   Operation 142 'readreq' 'empty' <Predicate = true> <Delay = 2.92> <CoreInst = "m_axi">   --->   Core 121 'm_axi' <Latency = 0> <II = 1> <Delay = 1.00> <Adapter> <Opcode : 'read' 'write' 'readreq' 'writereq' 'writeresp'>

State 67 <SV = 66> <Delay = 2.92>
ST_67 : Operation 143 [4/70] (2.92ns)   --->   "%empty = readreq i1 @_ssdm_op_ReadReq.m_axi.p1i32, i32 %gmem0_addr, i32 2555" [/home/biloba/Documents/Repositories/A3D3-Neuro-Demo/LFADS-2023_12_19_U55C_Full_LFADS/src/alveo_hls4ml.cpp:67]   --->   Operation 143 'readreq' 'empty' <Predicate = true> <Delay = 2.92> <CoreInst = "m_axi">   --->   Core 121 'm_axi' <Latency = 0> <II = 1> <Delay = 1.00> <Adapter> <Opcode : 'read' 'write' 'readreq' 'writereq' 'writeresp'>

State 68 <SV = 67> <Delay = 2.92>
ST_68 : Operation 144 [3/70] (2.92ns)   --->   "%empty = readreq i1 @_ssdm_op_ReadReq.m_axi.p1i32, i32 %gmem0_addr, i32 2555" [/home/biloba/Documents/Repositories/A3D3-Neuro-Demo/LFADS-2023_12_19_U55C_Full_LFADS/src/alveo_hls4ml.cpp:67]   --->   Operation 144 'readreq' 'empty' <Predicate = true> <Delay = 2.92> <CoreInst = "m_axi">   --->   Core 121 'm_axi' <Latency = 0> <II = 1> <Delay = 1.00> <Adapter> <Opcode : 'read' 'write' 'readreq' 'writereq' 'writeresp'>

State 69 <SV = 68> <Delay = 2.92>
ST_69 : Operation 145 [2/70] (2.92ns)   --->   "%empty = readreq i1 @_ssdm_op_ReadReq.m_axi.p1i32, i32 %gmem0_addr, i32 2555" [/home/biloba/Documents/Repositories/A3D3-Neuro-Demo/LFADS-2023_12_19_U55C_Full_LFADS/src/alveo_hls4ml.cpp:67]   --->   Operation 145 'readreq' 'empty' <Predicate = true> <Delay = 2.92> <CoreInst = "m_axi">   --->   Core 121 'm_axi' <Latency = 0> <II = 1> <Delay = 1.00> <Adapter> <Opcode : 'read' 'write' 'readreq' 'writereq' 'writeresp'>

State 70 <SV = 69> <Delay = 2.92>
ST_70 : Operation 146 [1/70] (2.92ns)   --->   "%empty = readreq i1 @_ssdm_op_ReadReq.m_axi.p1i32, i32 %gmem0_addr, i32 2555" [/home/biloba/Documents/Repositories/A3D3-Neuro-Demo/LFADS-2023_12_19_U55C_Full_LFADS/src/alveo_hls4ml.cpp:67]   --->   Operation 146 'readreq' 'empty' <Predicate = true> <Delay = 2.92> <CoreInst = "m_axi">   --->   Core 121 'm_axi' <Latency = 0> <II = 1> <Delay = 1.00> <Adapter> <Opcode : 'read' 'write' 'readreq' 'writereq' 'writeresp'>

State 71 <SV = 70> <Delay = 0.00>
ST_71 : Operation 147 [1/1] (0.00ns)   --->   "%empty_3045 = wait i32 @_ssdm_op_Wait"   --->   Operation 147 'wait' 'empty_3045' <Predicate = true> <Delay = 0.00>
ST_71 : Operation 148 [2/2] (0.00ns)   --->   "%call_ln67 = call void @Loop_VITIS_LOOP_67_1_proc39_Pipeline_VITIS_LOOP_67_1_VITIS_LOOP_68_2, i32 %gmem0, i62 %trunc_ln, i16 %in_stream1_0, i16 %in_stream1_1, i16 %in_stream1_2, i16 %in_stream1_3, i16 %in_stream1_4, i16 %in_stream1_5, i16 %in_stream1_6, i16 %in_stream1_7, i16 %in_stream1_8, i16 %in_stream1_9, i16 %in_stream1_10, i16 %in_stream1_11, i16 %in_stream1_12, i16 %in_stream1_13, i16 %in_stream1_14, i16 %in_stream1_15, i16 %in_stream1_16, i16 %in_stream1_17, i16 %in_stream1_18, i16 %in_stream1_19, i16 %in_stream1_20, i16 %in_stream1_21, i16 %in_stream1_22, i16 %in_stream1_23, i16 %in_stream1_24, i16 %in_stream1_25, i16 %in_stream1_26, i16 %in_stream1_27, i16 %in_stream1_28, i16 %in_stream1_29, i16 %in_stream1_30, i16 %in_stream1_31, i16 %in_stream1_32, i16 %in_stream1_33, i16 %in_stream1_34, i16 %in_stream1_35, i16 %in_stream1_36, i16 %in_stream1_37, i16 %in_stream1_38, i16 %in_stream1_39, i16 %in_stream1_40, i16 %in_stream1_41, i16 %in_stream1_42, i16 %in_stream1_43, i16 %in_stream1_44, i16 %in_stream1_45, i16 %in_stream1_46, i16 %in_stream1_47, i16 %in_stream1_48, i16 %in_stream1_49, i16 %in_stream1_50, i16 %in_stream1_51, i16 %in_stream1_52, i16 %in_stream1_53, i16 %in_stream1_54, i16 %in_stream1_55, i16 %in_stream1_56, i16 %in_stream1_57, i16 %in_stream1_58, i16 %in_stream1_59, i16 %in_stream1_60, i16 %in_stream1_61, i16 %in_stream1_62, i16 %in_stream1_63, i16 %in_stream1_64, i16 %in_stream1_65, i16 %in_stream1_66, i16 %in_stream1_67, i16 %in_stream1_68, i16 %in_stream1_69" [/home/biloba/Documents/Repositories/A3D3-Neuro-Demo/LFADS-2023_12_19_U55C_Full_LFADS/src/alveo_hls4ml.cpp:67]   --->   Operation 148 'call' 'call_ln67' <Predicate = true> <Delay = 0.00> <CoreType = "Generic">   --->   Core 0 '' <Latency = 0> <II = 1> <Delay = 1.00> <Generic> <Opcode : >

State 72 <SV = 71> <Delay = 0.00>
ST_72 : Operation 149 [1/1] (0.00ns)   --->   "%specinterface_ln0 = specinterface void @_ssdm_op_SpecInterface, i16 %in_stream1_69, void @empty_8, i32 0, i32 0, void @empty_14, i32 0, i32 0, void @empty_14, void @empty_14, void @empty_14, i32 0, i32 0, i32 0, i32 0, void @empty_14, void @empty_14, i32 4294967295, i32 0"   --->   Operation 149 'specinterface' 'specinterface_ln0' <Predicate = true> <Delay = 0.00>
ST_72 : Operation 150 [1/1] (0.00ns)   --->   "%specinterface_ln0 = specinterface void @_ssdm_op_SpecInterface, i16 %in_stream1_68, void @empty_8, i32 0, i32 0, void @empty_14, i32 0, i32 0, void @empty_14, void @empty_14, void @empty_14, i32 0, i32 0, i32 0, i32 0, void @empty_14, void @empty_14, i32 4294967295, i32 0"   --->   Operation 150 'specinterface' 'specinterface_ln0' <Predicate = true> <Delay = 0.00>
ST_72 : Operation 151 [1/1] (0.00ns)   --->   "%specinterface_ln0 = specinterface void @_ssdm_op_SpecInterface, i16 %in_stream1_67, void @empty_8, i32 0, i32 0, void @empty_14, i32 0, i32 0, void @empty_14, void @empty_14, void @empty_14, i32 0, i32 0, i32 0, i32 0, void @empty_14, void @empty_14, i32 4294967295, i32 0"   --->   Operation 151 'specinterface' 'specinterface_ln0' <Predicate = true> <Delay = 0.00>
ST_72 : Operation 152 [1/1] (0.00ns)   --->   "%specinterface_ln0 = specinterface void @_ssdm_op_SpecInterface, i16 %in_stream1_66, void @empty_8, i32 0, i32 0, void @empty_14, i32 0, i32 0, void @empty_14, void @empty_14, void @empty_14, i32 0, i32 0, i32 0, i32 0, void @empty_14, void @empty_14, i32 4294967295, i32 0"   --->   Operation 152 'specinterface' 'specinterface_ln0' <Predicate = true> <Delay = 0.00>
ST_72 : Operation 153 [1/1] (0.00ns)   --->   "%specinterface_ln0 = specinterface void @_ssdm_op_SpecInterface, i16 %in_stream1_65, void @empty_8, i32 0, i32 0, void @empty_14, i32 0, i32 0, void @empty_14, void @empty_14, void @empty_14, i32 0, i32 0, i32 0, i32 0, void @empty_14, void @empty_14, i32 4294967295, i32 0"   --->   Operation 153 'specinterface' 'specinterface_ln0' <Predicate = true> <Delay = 0.00>
ST_72 : Operation 154 [1/1] (0.00ns)   --->   "%specinterface_ln0 = specinterface void @_ssdm_op_SpecInterface, i16 %in_stream1_64, void @empty_8, i32 0, i32 0, void @empty_14, i32 0, i32 0, void @empty_14, void @empty_14, void @empty_14, i32 0, i32 0, i32 0, i32 0, void @empty_14, void @empty_14, i32 4294967295, i32 0"   --->   Operation 154 'specinterface' 'specinterface_ln0' <Predicate = true> <Delay = 0.00>
ST_72 : Operation 155 [1/1] (0.00ns)   --->   "%specinterface_ln0 = specinterface void @_ssdm_op_SpecInterface, i16 %in_stream1_63, void @empty_8, i32 0, i32 0, void @empty_14, i32 0, i32 0, void @empty_14, void @empty_14, void @empty_14, i32 0, i32 0, i32 0, i32 0, void @empty_14, void @empty_14, i32 4294967295, i32 0"   --->   Operation 155 'specinterface' 'specinterface_ln0' <Predicate = true> <Delay = 0.00>
ST_72 : Operation 156 [1/1] (0.00ns)   --->   "%specinterface_ln0 = specinterface void @_ssdm_op_SpecInterface, i16 %in_stream1_62, void @empty_8, i32 0, i32 0, void @empty_14, i32 0, i32 0, void @empty_14, void @empty_14, void @empty_14, i32 0, i32 0, i32 0, i32 0, void @empty_14, void @empty_14, i32 4294967295, i32 0"   --->   Operation 156 'specinterface' 'specinterface_ln0' <Predicate = true> <Delay = 0.00>
ST_72 : Operation 157 [1/1] (0.00ns)   --->   "%specinterface_ln0 = specinterface void @_ssdm_op_SpecInterface, i16 %in_stream1_61, void @empty_8, i32 0, i32 0, void @empty_14, i32 0, i32 0, void @empty_14, void @empty_14, void @empty_14, i32 0, i32 0, i32 0, i32 0, void @empty_14, void @empty_14, i32 4294967295, i32 0"   --->   Operation 157 'specinterface' 'specinterface_ln0' <Predicate = true> <Delay = 0.00>
ST_72 : Operation 158 [1/1] (0.00ns)   --->   "%specinterface_ln0 = specinterface void @_ssdm_op_SpecInterface, i16 %in_stream1_60, void @empty_8, i32 0, i32 0, void @empty_14, i32 0, i32 0, void @empty_14, void @empty_14, void @empty_14, i32 0, i32 0, i32 0, i32 0, void @empty_14, void @empty_14, i32 4294967295, i32 0"   --->   Operation 158 'specinterface' 'specinterface_ln0' <Predicate = true> <Delay = 0.00>
ST_72 : Operation 159 [1/1] (0.00ns)   --->   "%specinterface_ln0 = specinterface void @_ssdm_op_SpecInterface, i16 %in_stream1_59, void @empty_8, i32 0, i32 0, void @empty_14, i32 0, i32 0, void @empty_14, void @empty_14, void @empty_14, i32 0, i32 0, i32 0, i32 0, void @empty_14, void @empty_14, i32 4294967295, i32 0"   --->   Operation 159 'specinterface' 'specinterface_ln0' <Predicate = true> <Delay = 0.00>
ST_72 : Operation 160 [1/1] (0.00ns)   --->   "%specinterface_ln0 = specinterface void @_ssdm_op_SpecInterface, i16 %in_stream1_58, void @empty_8, i32 0, i32 0, void @empty_14, i32 0, i32 0, void @empty_14, void @empty_14, void @empty_14, i32 0, i32 0, i32 0, i32 0, void @empty_14, void @empty_14, i32 4294967295, i32 0"   --->   Operation 160 'specinterface' 'specinterface_ln0' <Predicate = true> <Delay = 0.00>
ST_72 : Operation 161 [1/1] (0.00ns)   --->   "%specinterface_ln0 = specinterface void @_ssdm_op_SpecInterface, i16 %in_stream1_57, void @empty_8, i32 0, i32 0, void @empty_14, i32 0, i32 0, void @empty_14, void @empty_14, void @empty_14, i32 0, i32 0, i32 0, i32 0, void @empty_14, void @empty_14, i32 4294967295, i32 0"   --->   Operation 161 'specinterface' 'specinterface_ln0' <Predicate = true> <Delay = 0.00>
ST_72 : Operation 162 [1/1] (0.00ns)   --->   "%specinterface_ln0 = specinterface void @_ssdm_op_SpecInterface, i16 %in_stream1_56, void @empty_8, i32 0, i32 0, void @empty_14, i32 0, i32 0, void @empty_14, void @empty_14, void @empty_14, i32 0, i32 0, i32 0, i32 0, void @empty_14, void @empty_14, i32 4294967295, i32 0"   --->   Operation 162 'specinterface' 'specinterface_ln0' <Predicate = true> <Delay = 0.00>
ST_72 : Operation 163 [1/1] (0.00ns)   --->   "%specinterface_ln0 = specinterface void @_ssdm_op_SpecInterface, i16 %in_stream1_55, void @empty_8, i32 0, i32 0, void @empty_14, i32 0, i32 0, void @empty_14, void @empty_14, void @empty_14, i32 0, i32 0, i32 0, i32 0, void @empty_14, void @empty_14, i32 4294967295, i32 0"   --->   Operation 163 'specinterface' 'specinterface_ln0' <Predicate = true> <Delay = 0.00>
ST_72 : Operation 164 [1/1] (0.00ns)   --->   "%specinterface_ln0 = specinterface void @_ssdm_op_SpecInterface, i16 %in_stream1_54, void @empty_8, i32 0, i32 0, void @empty_14, i32 0, i32 0, void @empty_14, void @empty_14, void @empty_14, i32 0, i32 0, i32 0, i32 0, void @empty_14, void @empty_14, i32 4294967295, i32 0"   --->   Operation 164 'specinterface' 'specinterface_ln0' <Predicate = true> <Delay = 0.00>
ST_72 : Operation 165 [1/1] (0.00ns)   --->   "%specinterface_ln0 = specinterface void @_ssdm_op_SpecInterface, i16 %in_stream1_53, void @empty_8, i32 0, i32 0, void @empty_14, i32 0, i32 0, void @empty_14, void @empty_14, void @empty_14, i32 0, i32 0, i32 0, i32 0, void @empty_14, void @empty_14, i32 4294967295, i32 0"   --->   Operation 165 'specinterface' 'specinterface_ln0' <Predicate = true> <Delay = 0.00>
ST_72 : Operation 166 [1/1] (0.00ns)   --->   "%specinterface_ln0 = specinterface void @_ssdm_op_SpecInterface, i16 %in_stream1_52, void @empty_8, i32 0, i32 0, void @empty_14, i32 0, i32 0, void @empty_14, void @empty_14, void @empty_14, i32 0, i32 0, i32 0, i32 0, void @empty_14, void @empty_14, i32 4294967295, i32 0"   --->   Operation 166 'specinterface' 'specinterface_ln0' <Predicate = true> <Delay = 0.00>
ST_72 : Operation 167 [1/1] (0.00ns)   --->   "%specinterface_ln0 = specinterface void @_ssdm_op_SpecInterface, i16 %in_stream1_51, void @empty_8, i32 0, i32 0, void @empty_14, i32 0, i32 0, void @empty_14, void @empty_14, void @empty_14, i32 0, i32 0, i32 0, i32 0, void @empty_14, void @empty_14, i32 4294967295, i32 0"   --->   Operation 167 'specinterface' 'specinterface_ln0' <Predicate = true> <Delay = 0.00>
ST_72 : Operation 168 [1/1] (0.00ns)   --->   "%specinterface_ln0 = specinterface void @_ssdm_op_SpecInterface, i16 %in_stream1_50, void @empty_8, i32 0, i32 0, void @empty_14, i32 0, i32 0, void @empty_14, void @empty_14, void @empty_14, i32 0, i32 0, i32 0, i32 0, void @empty_14, void @empty_14, i32 4294967295, i32 0"   --->   Operation 168 'specinterface' 'specinterface_ln0' <Predicate = true> <Delay = 0.00>
ST_72 : Operation 169 [1/1] (0.00ns)   --->   "%specinterface_ln0 = specinterface void @_ssdm_op_SpecInterface, i16 %in_stream1_49, void @empty_8, i32 0, i32 0, void @empty_14, i32 0, i32 0, void @empty_14, void @empty_14, void @empty_14, i32 0, i32 0, i32 0, i32 0, void @empty_14, void @empty_14, i32 4294967295, i32 0"   --->   Operation 169 'specinterface' 'specinterface_ln0' <Predicate = true> <Delay = 0.00>
ST_72 : Operation 170 [1/1] (0.00ns)   --->   "%specinterface_ln0 = specinterface void @_ssdm_op_SpecInterface, i16 %in_stream1_48, void @empty_8, i32 0, i32 0, void @empty_14, i32 0, i32 0, void @empty_14, void @empty_14, void @empty_14, i32 0, i32 0, i32 0, i32 0, void @empty_14, void @empty_14, i32 4294967295, i32 0"   --->   Operation 170 'specinterface' 'specinterface_ln0' <Predicate = true> <Delay = 0.00>
ST_72 : Operation 171 [1/1] (0.00ns)   --->   "%specinterface_ln0 = specinterface void @_ssdm_op_SpecInterface, i16 %in_stream1_47, void @empty_8, i32 0, i32 0, void @empty_14, i32 0, i32 0, void @empty_14, void @empty_14, void @empty_14, i32 0, i32 0, i32 0, i32 0, void @empty_14, void @empty_14, i32 4294967295, i32 0"   --->   Operation 171 'specinterface' 'specinterface_ln0' <Predicate = true> <Delay = 0.00>
ST_72 : Operation 172 [1/1] (0.00ns)   --->   "%specinterface_ln0 = specinterface void @_ssdm_op_SpecInterface, i16 %in_stream1_46, void @empty_8, i32 0, i32 0, void @empty_14, i32 0, i32 0, void @empty_14, void @empty_14, void @empty_14, i32 0, i32 0, i32 0, i32 0, void @empty_14, void @empty_14, i32 4294967295, i32 0"   --->   Operation 172 'specinterface' 'specinterface_ln0' <Predicate = true> <Delay = 0.00>
ST_72 : Operation 173 [1/1] (0.00ns)   --->   "%specinterface_ln0 = specinterface void @_ssdm_op_SpecInterface, i16 %in_stream1_45, void @empty_8, i32 0, i32 0, void @empty_14, i32 0, i32 0, void @empty_14, void @empty_14, void @empty_14, i32 0, i32 0, i32 0, i32 0, void @empty_14, void @empty_14, i32 4294967295, i32 0"   --->   Operation 173 'specinterface' 'specinterface_ln0' <Predicate = true> <Delay = 0.00>
ST_72 : Operation 174 [1/1] (0.00ns)   --->   "%specinterface_ln0 = specinterface void @_ssdm_op_SpecInterface, i16 %in_stream1_44, void @empty_8, i32 0, i32 0, void @empty_14, i32 0, i32 0, void @empty_14, void @empty_14, void @empty_14, i32 0, i32 0, i32 0, i32 0, void @empty_14, void @empty_14, i32 4294967295, i32 0"   --->   Operation 174 'specinterface' 'specinterface_ln0' <Predicate = true> <Delay = 0.00>
ST_72 : Operation 175 [1/1] (0.00ns)   --->   "%specinterface_ln0 = specinterface void @_ssdm_op_SpecInterface, i16 %in_stream1_43, void @empty_8, i32 0, i32 0, void @empty_14, i32 0, i32 0, void @empty_14, void @empty_14, void @empty_14, i32 0, i32 0, i32 0, i32 0, void @empty_14, void @empty_14, i32 4294967295, i32 0"   --->   Operation 175 'specinterface' 'specinterface_ln0' <Predicate = true> <Delay = 0.00>
ST_72 : Operation 176 [1/1] (0.00ns)   --->   "%specinterface_ln0 = specinterface void @_ssdm_op_SpecInterface, i16 %in_stream1_42, void @empty_8, i32 0, i32 0, void @empty_14, i32 0, i32 0, void @empty_14, void @empty_14, void @empty_14, i32 0, i32 0, i32 0, i32 0, void @empty_14, void @empty_14, i32 4294967295, i32 0"   --->   Operation 176 'specinterface' 'specinterface_ln0' <Predicate = true> <Delay = 0.00>
ST_72 : Operation 177 [1/1] (0.00ns)   --->   "%specinterface_ln0 = specinterface void @_ssdm_op_SpecInterface, i16 %in_stream1_41, void @empty_8, i32 0, i32 0, void @empty_14, i32 0, i32 0, void @empty_14, void @empty_14, void @empty_14, i32 0, i32 0, i32 0, i32 0, void @empty_14, void @empty_14, i32 4294967295, i32 0"   --->   Operation 177 'specinterface' 'specinterface_ln0' <Predicate = true> <Delay = 0.00>
ST_72 : Operation 178 [1/1] (0.00ns)   --->   "%specinterface_ln0 = specinterface void @_ssdm_op_SpecInterface, i16 %in_stream1_40, void @empty_8, i32 0, i32 0, void @empty_14, i32 0, i32 0, void @empty_14, void @empty_14, void @empty_14, i32 0, i32 0, i32 0, i32 0, void @empty_14, void @empty_14, i32 4294967295, i32 0"   --->   Operation 178 'specinterface' 'specinterface_ln0' <Predicate = true> <Delay = 0.00>
ST_72 : Operation 179 [1/1] (0.00ns)   --->   "%specinterface_ln0 = specinterface void @_ssdm_op_SpecInterface, i16 %in_stream1_39, void @empty_8, i32 0, i32 0, void @empty_14, i32 0, i32 0, void @empty_14, void @empty_14, void @empty_14, i32 0, i32 0, i32 0, i32 0, void @empty_14, void @empty_14, i32 4294967295, i32 0"   --->   Operation 179 'specinterface' 'specinterface_ln0' <Predicate = true> <Delay = 0.00>
ST_72 : Operation 180 [1/1] (0.00ns)   --->   "%specinterface_ln0 = specinterface void @_ssdm_op_SpecInterface, i16 %in_stream1_38, void @empty_8, i32 0, i32 0, void @empty_14, i32 0, i32 0, void @empty_14, void @empty_14, void @empty_14, i32 0, i32 0, i32 0, i32 0, void @empty_14, void @empty_14, i32 4294967295, i32 0"   --->   Operation 180 'specinterface' 'specinterface_ln0' <Predicate = true> <Delay = 0.00>
ST_72 : Operation 181 [1/1] (0.00ns)   --->   "%specinterface_ln0 = specinterface void @_ssdm_op_SpecInterface, i16 %in_stream1_37, void @empty_8, i32 0, i32 0, void @empty_14, i32 0, i32 0, void @empty_14, void @empty_14, void @empty_14, i32 0, i32 0, i32 0, i32 0, void @empty_14, void @empty_14, i32 4294967295, i32 0"   --->   Operation 181 'specinterface' 'specinterface_ln0' <Predicate = true> <Delay = 0.00>
ST_72 : Operation 182 [1/1] (0.00ns)   --->   "%specinterface_ln0 = specinterface void @_ssdm_op_SpecInterface, i16 %in_stream1_36, void @empty_8, i32 0, i32 0, void @empty_14, i32 0, i32 0, void @empty_14, void @empty_14, void @empty_14, i32 0, i32 0, i32 0, i32 0, void @empty_14, void @empty_14, i32 4294967295, i32 0"   --->   Operation 182 'specinterface' 'specinterface_ln0' <Predicate = true> <Delay = 0.00>
ST_72 : Operation 183 [1/1] (0.00ns)   --->   "%specinterface_ln0 = specinterface void @_ssdm_op_SpecInterface, i16 %in_stream1_35, void @empty_8, i32 0, i32 0, void @empty_14, i32 0, i32 0, void @empty_14, void @empty_14, void @empty_14, i32 0, i32 0, i32 0, i32 0, void @empty_14, void @empty_14, i32 4294967295, i32 0"   --->   Operation 183 'specinterface' 'specinterface_ln0' <Predicate = true> <Delay = 0.00>
ST_72 : Operation 184 [1/1] (0.00ns)   --->   "%specinterface_ln0 = specinterface void @_ssdm_op_SpecInterface, i16 %in_stream1_34, void @empty_8, i32 0, i32 0, void @empty_14, i32 0, i32 0, void @empty_14, void @empty_14, void @empty_14, i32 0, i32 0, i32 0, i32 0, void @empty_14, void @empty_14, i32 4294967295, i32 0"   --->   Operation 184 'specinterface' 'specinterface_ln0' <Predicate = true> <Delay = 0.00>
ST_72 : Operation 185 [1/1] (0.00ns)   --->   "%specinterface_ln0 = specinterface void @_ssdm_op_SpecInterface, i16 %in_stream1_33, void @empty_8, i32 0, i32 0, void @empty_14, i32 0, i32 0, void @empty_14, void @empty_14, void @empty_14, i32 0, i32 0, i32 0, i32 0, void @empty_14, void @empty_14, i32 4294967295, i32 0"   --->   Operation 185 'specinterface' 'specinterface_ln0' <Predicate = true> <Delay = 0.00>
ST_72 : Operation 186 [1/1] (0.00ns)   --->   "%specinterface_ln0 = specinterface void @_ssdm_op_SpecInterface, i16 %in_stream1_32, void @empty_8, i32 0, i32 0, void @empty_14, i32 0, i32 0, void @empty_14, void @empty_14, void @empty_14, i32 0, i32 0, i32 0, i32 0, void @empty_14, void @empty_14, i32 4294967295, i32 0"   --->   Operation 186 'specinterface' 'specinterface_ln0' <Predicate = true> <Delay = 0.00>
ST_72 : Operation 187 [1/1] (0.00ns)   --->   "%specinterface_ln0 = specinterface void @_ssdm_op_SpecInterface, i16 %in_stream1_31, void @empty_8, i32 0, i32 0, void @empty_14, i32 0, i32 0, void @empty_14, void @empty_14, void @empty_14, i32 0, i32 0, i32 0, i32 0, void @empty_14, void @empty_14, i32 4294967295, i32 0"   --->   Operation 187 'specinterface' 'specinterface_ln0' <Predicate = true> <Delay = 0.00>
ST_72 : Operation 188 [1/1] (0.00ns)   --->   "%specinterface_ln0 = specinterface void @_ssdm_op_SpecInterface, i16 %in_stream1_30, void @empty_8, i32 0, i32 0, void @empty_14, i32 0, i32 0, void @empty_14, void @empty_14, void @empty_14, i32 0, i32 0, i32 0, i32 0, void @empty_14, void @empty_14, i32 4294967295, i32 0"   --->   Operation 188 'specinterface' 'specinterface_ln0' <Predicate = true> <Delay = 0.00>
ST_72 : Operation 189 [1/1] (0.00ns)   --->   "%specinterface_ln0 = specinterface void @_ssdm_op_SpecInterface, i16 %in_stream1_29, void @empty_8, i32 0, i32 0, void @empty_14, i32 0, i32 0, void @empty_14, void @empty_14, void @empty_14, i32 0, i32 0, i32 0, i32 0, void @empty_14, void @empty_14, i32 4294967295, i32 0"   --->   Operation 189 'specinterface' 'specinterface_ln0' <Predicate = true> <Delay = 0.00>
ST_72 : Operation 190 [1/1] (0.00ns)   --->   "%specinterface_ln0 = specinterface void @_ssdm_op_SpecInterface, i16 %in_stream1_28, void @empty_8, i32 0, i32 0, void @empty_14, i32 0, i32 0, void @empty_14, void @empty_14, void @empty_14, i32 0, i32 0, i32 0, i32 0, void @empty_14, void @empty_14, i32 4294967295, i32 0"   --->   Operation 190 'specinterface' 'specinterface_ln0' <Predicate = true> <Delay = 0.00>
ST_72 : Operation 191 [1/1] (0.00ns)   --->   "%specinterface_ln0 = specinterface void @_ssdm_op_SpecInterface, i16 %in_stream1_27, void @empty_8, i32 0, i32 0, void @empty_14, i32 0, i32 0, void @empty_14, void @empty_14, void @empty_14, i32 0, i32 0, i32 0, i32 0, void @empty_14, void @empty_14, i32 4294967295, i32 0"   --->   Operation 191 'specinterface' 'specinterface_ln0' <Predicate = true> <Delay = 0.00>
ST_72 : Operation 192 [1/1] (0.00ns)   --->   "%specinterface_ln0 = specinterface void @_ssdm_op_SpecInterface, i16 %in_stream1_26, void @empty_8, i32 0, i32 0, void @empty_14, i32 0, i32 0, void @empty_14, void @empty_14, void @empty_14, i32 0, i32 0, i32 0, i32 0, void @empty_14, void @empty_14, i32 4294967295, i32 0"   --->   Operation 192 'specinterface' 'specinterface_ln0' <Predicate = true> <Delay = 0.00>
ST_72 : Operation 193 [1/1] (0.00ns)   --->   "%specinterface_ln0 = specinterface void @_ssdm_op_SpecInterface, i16 %in_stream1_25, void @empty_8, i32 0, i32 0, void @empty_14, i32 0, i32 0, void @empty_14, void @empty_14, void @empty_14, i32 0, i32 0, i32 0, i32 0, void @empty_14, void @empty_14, i32 4294967295, i32 0"   --->   Operation 193 'specinterface' 'specinterface_ln0' <Predicate = true> <Delay = 0.00>
ST_72 : Operation 194 [1/1] (0.00ns)   --->   "%specinterface_ln0 = specinterface void @_ssdm_op_SpecInterface, i16 %in_stream1_24, void @empty_8, i32 0, i32 0, void @empty_14, i32 0, i32 0, void @empty_14, void @empty_14, void @empty_14, i32 0, i32 0, i32 0, i32 0, void @empty_14, void @empty_14, i32 4294967295, i32 0"   --->   Operation 194 'specinterface' 'specinterface_ln0' <Predicate = true> <Delay = 0.00>
ST_72 : Operation 195 [1/1] (0.00ns)   --->   "%specinterface_ln0 = specinterface void @_ssdm_op_SpecInterface, i16 %in_stream1_23, void @empty_8, i32 0, i32 0, void @empty_14, i32 0, i32 0, void @empty_14, void @empty_14, void @empty_14, i32 0, i32 0, i32 0, i32 0, void @empty_14, void @empty_14, i32 4294967295, i32 0"   --->   Operation 195 'specinterface' 'specinterface_ln0' <Predicate = true> <Delay = 0.00>
ST_72 : Operation 196 [1/1] (0.00ns)   --->   "%specinterface_ln0 = specinterface void @_ssdm_op_SpecInterface, i16 %in_stream1_22, void @empty_8, i32 0, i32 0, void @empty_14, i32 0, i32 0, void @empty_14, void @empty_14, void @empty_14, i32 0, i32 0, i32 0, i32 0, void @empty_14, void @empty_14, i32 4294967295, i32 0"   --->   Operation 196 'specinterface' 'specinterface_ln0' <Predicate = true> <Delay = 0.00>
ST_72 : Operation 197 [1/1] (0.00ns)   --->   "%specinterface_ln0 = specinterface void @_ssdm_op_SpecInterface, i16 %in_stream1_21, void @empty_8, i32 0, i32 0, void @empty_14, i32 0, i32 0, void @empty_14, void @empty_14, void @empty_14, i32 0, i32 0, i32 0, i32 0, void @empty_14, void @empty_14, i32 4294967295, i32 0"   --->   Operation 197 'specinterface' 'specinterface_ln0' <Predicate = true> <Delay = 0.00>
ST_72 : Operation 198 [1/1] (0.00ns)   --->   "%specinterface_ln0 = specinterface void @_ssdm_op_SpecInterface, i16 %in_stream1_20, void @empty_8, i32 0, i32 0, void @empty_14, i32 0, i32 0, void @empty_14, void @empty_14, void @empty_14, i32 0, i32 0, i32 0, i32 0, void @empty_14, void @empty_14, i32 4294967295, i32 0"   --->   Operation 198 'specinterface' 'specinterface_ln0' <Predicate = true> <Delay = 0.00>
ST_72 : Operation 199 [1/1] (0.00ns)   --->   "%specinterface_ln0 = specinterface void @_ssdm_op_SpecInterface, i16 %in_stream1_19, void @empty_8, i32 0, i32 0, void @empty_14, i32 0, i32 0, void @empty_14, void @empty_14, void @empty_14, i32 0, i32 0, i32 0, i32 0, void @empty_14, void @empty_14, i32 4294967295, i32 0"   --->   Operation 199 'specinterface' 'specinterface_ln0' <Predicate = true> <Delay = 0.00>
ST_72 : Operation 200 [1/1] (0.00ns)   --->   "%specinterface_ln0 = specinterface void @_ssdm_op_SpecInterface, i16 %in_stream1_18, void @empty_8, i32 0, i32 0, void @empty_14, i32 0, i32 0, void @empty_14, void @empty_14, void @empty_14, i32 0, i32 0, i32 0, i32 0, void @empty_14, void @empty_14, i32 4294967295, i32 0"   --->   Operation 200 'specinterface' 'specinterface_ln0' <Predicate = true> <Delay = 0.00>
ST_72 : Operation 201 [1/1] (0.00ns)   --->   "%specinterface_ln0 = specinterface void @_ssdm_op_SpecInterface, i16 %in_stream1_17, void @empty_8, i32 0, i32 0, void @empty_14, i32 0, i32 0, void @empty_14, void @empty_14, void @empty_14, i32 0, i32 0, i32 0, i32 0, void @empty_14, void @empty_14, i32 4294967295, i32 0"   --->   Operation 201 'specinterface' 'specinterface_ln0' <Predicate = true> <Delay = 0.00>
ST_72 : Operation 202 [1/1] (0.00ns)   --->   "%specinterface_ln0 = specinterface void @_ssdm_op_SpecInterface, i16 %in_stream1_16, void @empty_8, i32 0, i32 0, void @empty_14, i32 0, i32 0, void @empty_14, void @empty_14, void @empty_14, i32 0, i32 0, i32 0, i32 0, void @empty_14, void @empty_14, i32 4294967295, i32 0"   --->   Operation 202 'specinterface' 'specinterface_ln0' <Predicate = true> <Delay = 0.00>
ST_72 : Operation 203 [1/1] (0.00ns)   --->   "%specinterface_ln0 = specinterface void @_ssdm_op_SpecInterface, i16 %in_stream1_15, void @empty_8, i32 0, i32 0, void @empty_14, i32 0, i32 0, void @empty_14, void @empty_14, void @empty_14, i32 0, i32 0, i32 0, i32 0, void @empty_14, void @empty_14, i32 4294967295, i32 0"   --->   Operation 203 'specinterface' 'specinterface_ln0' <Predicate = true> <Delay = 0.00>
ST_72 : Operation 204 [1/1] (0.00ns)   --->   "%specinterface_ln0 = specinterface void @_ssdm_op_SpecInterface, i16 %in_stream1_14, void @empty_8, i32 0, i32 0, void @empty_14, i32 0, i32 0, void @empty_14, void @empty_14, void @empty_14, i32 0, i32 0, i32 0, i32 0, void @empty_14, void @empty_14, i32 4294967295, i32 0"   --->   Operation 204 'specinterface' 'specinterface_ln0' <Predicate = true> <Delay = 0.00>
ST_72 : Operation 205 [1/1] (0.00ns)   --->   "%specinterface_ln0 = specinterface void @_ssdm_op_SpecInterface, i16 %in_stream1_13, void @empty_8, i32 0, i32 0, void @empty_14, i32 0, i32 0, void @empty_14, void @empty_14, void @empty_14, i32 0, i32 0, i32 0, i32 0, void @empty_14, void @empty_14, i32 4294967295, i32 0"   --->   Operation 205 'specinterface' 'specinterface_ln0' <Predicate = true> <Delay = 0.00>
ST_72 : Operation 206 [1/1] (0.00ns)   --->   "%specinterface_ln0 = specinterface void @_ssdm_op_SpecInterface, i16 %in_stream1_12, void @empty_8, i32 0, i32 0, void @empty_14, i32 0, i32 0, void @empty_14, void @empty_14, void @empty_14, i32 0, i32 0, i32 0, i32 0, void @empty_14, void @empty_14, i32 4294967295, i32 0"   --->   Operation 206 'specinterface' 'specinterface_ln0' <Predicate = true> <Delay = 0.00>
ST_72 : Operation 207 [1/1] (0.00ns)   --->   "%specinterface_ln0 = specinterface void @_ssdm_op_SpecInterface, i16 %in_stream1_11, void @empty_8, i32 0, i32 0, void @empty_14, i32 0, i32 0, void @empty_14, void @empty_14, void @empty_14, i32 0, i32 0, i32 0, i32 0, void @empty_14, void @empty_14, i32 4294967295, i32 0"   --->   Operation 207 'specinterface' 'specinterface_ln0' <Predicate = true> <Delay = 0.00>
ST_72 : Operation 208 [1/1] (0.00ns)   --->   "%specinterface_ln0 = specinterface void @_ssdm_op_SpecInterface, i16 %in_stream1_10, void @empty_8, i32 0, i32 0, void @empty_14, i32 0, i32 0, void @empty_14, void @empty_14, void @empty_14, i32 0, i32 0, i32 0, i32 0, void @empty_14, void @empty_14, i32 4294967295, i32 0"   --->   Operation 208 'specinterface' 'specinterface_ln0' <Predicate = true> <Delay = 0.00>
ST_72 : Operation 209 [1/1] (0.00ns)   --->   "%specinterface_ln0 = specinterface void @_ssdm_op_SpecInterface, i16 %in_stream1_9, void @empty_8, i32 0, i32 0, void @empty_14, i32 0, i32 0, void @empty_14, void @empty_14, void @empty_14, i32 0, i32 0, i32 0, i32 0, void @empty_14, void @empty_14, i32 4294967295, i32 0"   --->   Operation 209 'specinterface' 'specinterface_ln0' <Predicate = true> <Delay = 0.00>
ST_72 : Operation 210 [1/1] (0.00ns)   --->   "%specinterface_ln0 = specinterface void @_ssdm_op_SpecInterface, i16 %in_stream1_8, void @empty_8, i32 0, i32 0, void @empty_14, i32 0, i32 0, void @empty_14, void @empty_14, void @empty_14, i32 0, i32 0, i32 0, i32 0, void @empty_14, void @empty_14, i32 4294967295, i32 0"   --->   Operation 210 'specinterface' 'specinterface_ln0' <Predicate = true> <Delay = 0.00>
ST_72 : Operation 211 [1/1] (0.00ns)   --->   "%specinterface_ln0 = specinterface void @_ssdm_op_SpecInterface, i16 %in_stream1_7, void @empty_8, i32 0, i32 0, void @empty_14, i32 0, i32 0, void @empty_14, void @empty_14, void @empty_14, i32 0, i32 0, i32 0, i32 0, void @empty_14, void @empty_14, i32 4294967295, i32 0"   --->   Operation 211 'specinterface' 'specinterface_ln0' <Predicate = true> <Delay = 0.00>
ST_72 : Operation 212 [1/1] (0.00ns)   --->   "%specinterface_ln0 = specinterface void @_ssdm_op_SpecInterface, i16 %in_stream1_6, void @empty_8, i32 0, i32 0, void @empty_14, i32 0, i32 0, void @empty_14, void @empty_14, void @empty_14, i32 0, i32 0, i32 0, i32 0, void @empty_14, void @empty_14, i32 4294967295, i32 0"   --->   Operation 212 'specinterface' 'specinterface_ln0' <Predicate = true> <Delay = 0.00>
ST_72 : Operation 213 [1/1] (0.00ns)   --->   "%specinterface_ln0 = specinterface void @_ssdm_op_SpecInterface, i16 %in_stream1_5, void @empty_8, i32 0, i32 0, void @empty_14, i32 0, i32 0, void @empty_14, void @empty_14, void @empty_14, i32 0, i32 0, i32 0, i32 0, void @empty_14, void @empty_14, i32 4294967295, i32 0"   --->   Operation 213 'specinterface' 'specinterface_ln0' <Predicate = true> <Delay = 0.00>
ST_72 : Operation 214 [1/1] (0.00ns)   --->   "%specinterface_ln0 = specinterface void @_ssdm_op_SpecInterface, i16 %in_stream1_4, void @empty_8, i32 0, i32 0, void @empty_14, i32 0, i32 0, void @empty_14, void @empty_14, void @empty_14, i32 0, i32 0, i32 0, i32 0, void @empty_14, void @empty_14, i32 4294967295, i32 0"   --->   Operation 214 'specinterface' 'specinterface_ln0' <Predicate = true> <Delay = 0.00>
ST_72 : Operation 215 [1/1] (0.00ns)   --->   "%specinterface_ln0 = specinterface void @_ssdm_op_SpecInterface, i16 %in_stream1_3, void @empty_8, i32 0, i32 0, void @empty_14, i32 0, i32 0, void @empty_14, void @empty_14, void @empty_14, i32 0, i32 0, i32 0, i32 0, void @empty_14, void @empty_14, i32 4294967295, i32 0"   --->   Operation 215 'specinterface' 'specinterface_ln0' <Predicate = true> <Delay = 0.00>
ST_72 : Operation 216 [1/1] (0.00ns)   --->   "%specinterface_ln0 = specinterface void @_ssdm_op_SpecInterface, i16 %in_stream1_2, void @empty_8, i32 0, i32 0, void @empty_14, i32 0, i32 0, void @empty_14, void @empty_14, void @empty_14, i32 0, i32 0, i32 0, i32 0, void @empty_14, void @empty_14, i32 4294967295, i32 0"   --->   Operation 216 'specinterface' 'specinterface_ln0' <Predicate = true> <Delay = 0.00>
ST_72 : Operation 217 [1/1] (0.00ns)   --->   "%specinterface_ln0 = specinterface void @_ssdm_op_SpecInterface, i16 %in_stream1_1, void @empty_8, i32 0, i32 0, void @empty_14, i32 0, i32 0, void @empty_14, void @empty_14, void @empty_14, i32 0, i32 0, i32 0, i32 0, void @empty_14, void @empty_14, i32 4294967295, i32 0"   --->   Operation 217 'specinterface' 'specinterface_ln0' <Predicate = true> <Delay = 0.00>
ST_72 : Operation 218 [1/1] (0.00ns)   --->   "%specinterface_ln0 = specinterface void @_ssdm_op_SpecInterface, i16 %in_stream1_0, void @empty_8, i32 0, i32 0, void @empty_14, i32 0, i32 0, void @empty_14, void @empty_14, void @empty_14, i32 0, i32 0, i32 0, i32 0, void @empty_14, void @empty_14, i32 4294967295, i32 0"   --->   Operation 218 'specinterface' 'specinterface_ln0' <Predicate = true> <Delay = 0.00>
ST_72 : Operation 219 [1/1] (0.00ns)   --->   "%specinterface_ln0 = specinterface void @_ssdm_op_SpecInterface, i32 %gmem0, void @empty_20, i32 0, i32 0, void @empty_14, i32 64, i32 0, void @empty_15, void @empty_18, void @empty_14, i32 16, i32 16, i32 16, i32 16, void @empty_14, void @empty_14, i32 4294967295, i32 0"   --->   Operation 219 'specinterface' 'specinterface_ln0' <Predicate = true> <Delay = 0.00>
ST_72 : Operation 220 [1/2] (0.00ns)   --->   "%call_ln67 = call void @Loop_VITIS_LOOP_67_1_proc39_Pipeline_VITIS_LOOP_67_1_VITIS_LOOP_68_2, i32 %gmem0, i62 %trunc_ln, i16 %in_stream1_0, i16 %in_stream1_1, i16 %in_stream1_2, i16 %in_stream1_3, i16 %in_stream1_4, i16 %in_stream1_5, i16 %in_stream1_6, i16 %in_stream1_7, i16 %in_stream1_8, i16 %in_stream1_9, i16 %in_stream1_10, i16 %in_stream1_11, i16 %in_stream1_12, i16 %in_stream1_13, i16 %in_stream1_14, i16 %in_stream1_15, i16 %in_stream1_16, i16 %in_stream1_17, i16 %in_stream1_18, i16 %in_stream1_19, i16 %in_stream1_20, i16 %in_stream1_21, i16 %in_stream1_22, i16 %in_stream1_23, i16 %in_stream1_24, i16 %in_stream1_25, i16 %in_stream1_26, i16 %in_stream1_27, i16 %in_stream1_28, i16 %in_stream1_29, i16 %in_stream1_30, i16 %in_stream1_31, i16 %in_stream1_32, i16 %in_stream1_33, i16 %in_stream1_34, i16 %in_stream1_35, i16 %in_stream1_36, i16 %in_stream1_37, i16 %in_stream1_38, i16 %in_stream1_39, i16 %in_stream1_40, i16 %in_stream1_41, i16 %in_stream1_42, i16 %in_stream1_43, i16 %in_stream1_44, i16 %in_stream1_45, i16 %in_stream1_46, i16 %in_stream1_47, i16 %in_stream1_48, i16 %in_stream1_49, i16 %in_stream1_50, i16 %in_stream1_51, i16 %in_stream1_52, i16 %in_stream1_53, i16 %in_stream1_54, i16 %in_stream1_55, i16 %in_stream1_56, i16 %in_stream1_57, i16 %in_stream1_58, i16 %in_stream1_59, i16 %in_stream1_60, i16 %in_stream1_61, i16 %in_stream1_62, i16 %in_stream1_63, i16 %in_stream1_64, i16 %in_stream1_65, i16 %in_stream1_66, i16 %in_stream1_67, i16 %in_stream1_68, i16 %in_stream1_69" [/home/biloba/Documents/Repositories/A3D3-Neuro-Demo/LFADS-2023_12_19_U55C_Full_LFADS/src/alveo_hls4ml.cpp:67]   --->   Operation 220 'call' 'call_ln67' <Predicate = true> <Delay = 0.00> <CoreType = "Generic">   --->   Core 0 '' <Latency = 0> <II = 1> <Delay = 1.00> <Generic> <Opcode : >
ST_72 : Operation 221 [1/1] (0.00ns)   --->   "%ret_ln0 = ret"   --->   Operation 221 'ret' 'ret_ln0' <Predicate = true> <Delay = 0.00>


============================================================
+ Verbose Summary: Timing violations
============================================================
Target clock period: 4ns, clock uncertainty: 1.08ns.

 <State 1>: 2.92ns
The critical path consists of the following:
	wire read operation ('in1_read', /home/biloba/Documents/Repositories/A3D3-Neuro-Demo/LFADS-2023_12_19_U55C_Full_LFADS/src/alveo_hls4ml.cpp:38) on port 'in1' (/home/biloba/Documents/Repositories/A3D3-Neuro-Demo/LFADS-2023_12_19_U55C_Full_LFADS/src/alveo_hls4ml.cpp:38) [144]  (0 ns)
	'getelementptr' operation ('gmem0_addr', /home/biloba/Documents/Repositories/A3D3-Neuro-Demo/LFADS-2023_12_19_U55C_Full_LFADS/src/alveo_hls4ml.cpp:67) [147]  (0 ns)
	bus request operation ('empty', /home/biloba/Documents/Repositories/A3D3-Neuro-Demo/LFADS-2023_12_19_U55C_Full_LFADS/src/alveo_hls4ml.cpp:67) on port 'gmem0' (/home/biloba/Documents/Repositories/A3D3-Neuro-Demo/LFADS-2023_12_19_U55C_Full_LFADS/src/alveo_hls4ml.cpp:67) [148]  (2.92 ns)

 <State 2>: 2.92ns
The critical path consists of the following:
	bus request operation ('empty', /home/biloba/Documents/Repositories/A3D3-Neuro-Demo/LFADS-2023_12_19_U55C_Full_LFADS/src/alveo_hls4ml.cpp:67) on port 'gmem0' (/home/biloba/Documents/Repositories/A3D3-Neuro-Demo/LFADS-2023_12_19_U55C_Full_LFADS/src/alveo_hls4ml.cpp:67) [148]  (2.92 ns)

 <State 3>: 2.92ns
The critical path consists of the following:
	bus request operation ('empty', /home/biloba/Documents/Repositories/A3D3-Neuro-Demo/LFADS-2023_12_19_U55C_Full_LFADS/src/alveo_hls4ml.cpp:67) on port 'gmem0' (/home/biloba/Documents/Repositories/A3D3-Neuro-Demo/LFADS-2023_12_19_U55C_Full_LFADS/src/alveo_hls4ml.cpp:67) [148]  (2.92 ns)

 <State 4>: 2.92ns
The critical path consists of the following:
	bus request operation ('empty', /home/biloba/Documents/Repositories/A3D3-Neuro-Demo/LFADS-2023_12_19_U55C_Full_LFADS/src/alveo_hls4ml.cpp:67) on port 'gmem0' (/home/biloba/Documents/Repositories/A3D3-Neuro-Demo/LFADS-2023_12_19_U55C_Full_LFADS/src/alveo_hls4ml.cpp:67) [148]  (2.92 ns)

 <State 5>: 2.92ns
The critical path consists of the following:
	bus request operation ('empty', /home/biloba/Documents/Repositories/A3D3-Neuro-Demo/LFADS-2023_12_19_U55C_Full_LFADS/src/alveo_hls4ml.cpp:67) on port 'gmem0' (/home/biloba/Documents/Repositories/A3D3-Neuro-Demo/LFADS-2023_12_19_U55C_Full_LFADS/src/alveo_hls4ml.cpp:67) [148]  (2.92 ns)

 <State 6>: 2.92ns
The critical path consists of the following:
	bus request operation ('empty', /home/biloba/Documents/Repositories/A3D3-Neuro-Demo/LFADS-2023_12_19_U55C_Full_LFADS/src/alveo_hls4ml.cpp:67) on port 'gmem0' (/home/biloba/Documents/Repositories/A3D3-Neuro-Demo/LFADS-2023_12_19_U55C_Full_LFADS/src/alveo_hls4ml.cpp:67) [148]  (2.92 ns)

 <State 7>: 2.92ns
The critical path consists of the following:
	bus request operation ('empty', /home/biloba/Documents/Repositories/A3D3-Neuro-Demo/LFADS-2023_12_19_U55C_Full_LFADS/src/alveo_hls4ml.cpp:67) on port 'gmem0' (/home/biloba/Documents/Repositories/A3D3-Neuro-Demo/LFADS-2023_12_19_U55C_Full_LFADS/src/alveo_hls4ml.cpp:67) [148]  (2.92 ns)

 <State 8>: 2.92ns
The critical path consists of the following:
	bus request operation ('empty', /home/biloba/Documents/Repositories/A3D3-Neuro-Demo/LFADS-2023_12_19_U55C_Full_LFADS/src/alveo_hls4ml.cpp:67) on port 'gmem0' (/home/biloba/Documents/Repositories/A3D3-Neuro-Demo/LFADS-2023_12_19_U55C_Full_LFADS/src/alveo_hls4ml.cpp:67) [148]  (2.92 ns)

 <State 9>: 2.92ns
The critical path consists of the following:
	bus request operation ('empty', /home/biloba/Documents/Repositories/A3D3-Neuro-Demo/LFADS-2023_12_19_U55C_Full_LFADS/src/alveo_hls4ml.cpp:67) on port 'gmem0' (/home/biloba/Documents/Repositories/A3D3-Neuro-Demo/LFADS-2023_12_19_U55C_Full_LFADS/src/alveo_hls4ml.cpp:67) [148]  (2.92 ns)

 <State 10>: 2.92ns
The critical path consists of the following:
	bus request operation ('empty', /home/biloba/Documents/Repositories/A3D3-Neuro-Demo/LFADS-2023_12_19_U55C_Full_LFADS/src/alveo_hls4ml.cpp:67) on port 'gmem0' (/home/biloba/Documents/Repositories/A3D3-Neuro-Demo/LFADS-2023_12_19_U55C_Full_LFADS/src/alveo_hls4ml.cpp:67) [148]  (2.92 ns)

 <State 11>: 2.92ns
The critical path consists of the following:
	bus request operation ('empty', /home/biloba/Documents/Repositories/A3D3-Neuro-Demo/LFADS-2023_12_19_U55C_Full_LFADS/src/alveo_hls4ml.cpp:67) on port 'gmem0' (/home/biloba/Documents/Repositories/A3D3-Neuro-Demo/LFADS-2023_12_19_U55C_Full_LFADS/src/alveo_hls4ml.cpp:67) [148]  (2.92 ns)

 <State 12>: 2.92ns
The critical path consists of the following:
	bus request operation ('empty', /home/biloba/Documents/Repositories/A3D3-Neuro-Demo/LFADS-2023_12_19_U55C_Full_LFADS/src/alveo_hls4ml.cpp:67) on port 'gmem0' (/home/biloba/Documents/Repositories/A3D3-Neuro-Demo/LFADS-2023_12_19_U55C_Full_LFADS/src/alveo_hls4ml.cpp:67) [148]  (2.92 ns)

 <State 13>: 2.92ns
The critical path consists of the following:
	bus request operation ('empty', /home/biloba/Documents/Repositories/A3D3-Neuro-Demo/LFADS-2023_12_19_U55C_Full_LFADS/src/alveo_hls4ml.cpp:67) on port 'gmem0' (/home/biloba/Documents/Repositories/A3D3-Neuro-Demo/LFADS-2023_12_19_U55C_Full_LFADS/src/alveo_hls4ml.cpp:67) [148]  (2.92 ns)

 <State 14>: 2.92ns
The critical path consists of the following:
	bus request operation ('empty', /home/biloba/Documents/Repositories/A3D3-Neuro-Demo/LFADS-2023_12_19_U55C_Full_LFADS/src/alveo_hls4ml.cpp:67) on port 'gmem0' (/home/biloba/Documents/Repositories/A3D3-Neuro-Demo/LFADS-2023_12_19_U55C_Full_LFADS/src/alveo_hls4ml.cpp:67) [148]  (2.92 ns)

 <State 15>: 2.92ns
The critical path consists of the following:
	bus request operation ('empty', /home/biloba/Documents/Repositories/A3D3-Neuro-Demo/LFADS-2023_12_19_U55C_Full_LFADS/src/alveo_hls4ml.cpp:67) on port 'gmem0' (/home/biloba/Documents/Repositories/A3D3-Neuro-Demo/LFADS-2023_12_19_U55C_Full_LFADS/src/alveo_hls4ml.cpp:67) [148]  (2.92 ns)

 <State 16>: 2.92ns
The critical path consists of the following:
	bus request operation ('empty', /home/biloba/Documents/Repositories/A3D3-Neuro-Demo/LFADS-2023_12_19_U55C_Full_LFADS/src/alveo_hls4ml.cpp:67) on port 'gmem0' (/home/biloba/Documents/Repositories/A3D3-Neuro-Demo/LFADS-2023_12_19_U55C_Full_LFADS/src/alveo_hls4ml.cpp:67) [148]  (2.92 ns)

 <State 17>: 2.92ns
The critical path consists of the following:
	bus request operation ('empty', /home/biloba/Documents/Repositories/A3D3-Neuro-Demo/LFADS-2023_12_19_U55C_Full_LFADS/src/alveo_hls4ml.cpp:67) on port 'gmem0' (/home/biloba/Documents/Repositories/A3D3-Neuro-Demo/LFADS-2023_12_19_U55C_Full_LFADS/src/alveo_hls4ml.cpp:67) [148]  (2.92 ns)

 <State 18>: 2.92ns
The critical path consists of the following:
	bus request operation ('empty', /home/biloba/Documents/Repositories/A3D3-Neuro-Demo/LFADS-2023_12_19_U55C_Full_LFADS/src/alveo_hls4ml.cpp:67) on port 'gmem0' (/home/biloba/Documents/Repositories/A3D3-Neuro-Demo/LFADS-2023_12_19_U55C_Full_LFADS/src/alveo_hls4ml.cpp:67) [148]  (2.92 ns)

 <State 19>: 2.92ns
The critical path consists of the following:
	bus request operation ('empty', /home/biloba/Documents/Repositories/A3D3-Neuro-Demo/LFADS-2023_12_19_U55C_Full_LFADS/src/alveo_hls4ml.cpp:67) on port 'gmem0' (/home/biloba/Documents/Repositories/A3D3-Neuro-Demo/LFADS-2023_12_19_U55C_Full_LFADS/src/alveo_hls4ml.cpp:67) [148]  (2.92 ns)

 <State 20>: 2.92ns
The critical path consists of the following:
	bus request operation ('empty', /home/biloba/Documents/Repositories/A3D3-Neuro-Demo/LFADS-2023_12_19_U55C_Full_LFADS/src/alveo_hls4ml.cpp:67) on port 'gmem0' (/home/biloba/Documents/Repositories/A3D3-Neuro-Demo/LFADS-2023_12_19_U55C_Full_LFADS/src/alveo_hls4ml.cpp:67) [148]  (2.92 ns)

 <State 21>: 2.92ns
The critical path consists of the following:
	bus request operation ('empty', /home/biloba/Documents/Repositories/A3D3-Neuro-Demo/LFADS-2023_12_19_U55C_Full_LFADS/src/alveo_hls4ml.cpp:67) on port 'gmem0' (/home/biloba/Documents/Repositories/A3D3-Neuro-Demo/LFADS-2023_12_19_U55C_Full_LFADS/src/alveo_hls4ml.cpp:67) [148]  (2.92 ns)

 <State 22>: 2.92ns
The critical path consists of the following:
	bus request operation ('empty', /home/biloba/Documents/Repositories/A3D3-Neuro-Demo/LFADS-2023_12_19_U55C_Full_LFADS/src/alveo_hls4ml.cpp:67) on port 'gmem0' (/home/biloba/Documents/Repositories/A3D3-Neuro-Demo/LFADS-2023_12_19_U55C_Full_LFADS/src/alveo_hls4ml.cpp:67) [148]  (2.92 ns)

 <State 23>: 2.92ns
The critical path consists of the following:
	bus request operation ('empty', /home/biloba/Documents/Repositories/A3D3-Neuro-Demo/LFADS-2023_12_19_U55C_Full_LFADS/src/alveo_hls4ml.cpp:67) on port 'gmem0' (/home/biloba/Documents/Repositories/A3D3-Neuro-Demo/LFADS-2023_12_19_U55C_Full_LFADS/src/alveo_hls4ml.cpp:67) [148]  (2.92 ns)

 <State 24>: 2.92ns
The critical path consists of the following:
	bus request operation ('empty', /home/biloba/Documents/Repositories/A3D3-Neuro-Demo/LFADS-2023_12_19_U55C_Full_LFADS/src/alveo_hls4ml.cpp:67) on port 'gmem0' (/home/biloba/Documents/Repositories/A3D3-Neuro-Demo/LFADS-2023_12_19_U55C_Full_LFADS/src/alveo_hls4ml.cpp:67) [148]  (2.92 ns)

 <State 25>: 2.92ns
The critical path consists of the following:
	bus request operation ('empty', /home/biloba/Documents/Repositories/A3D3-Neuro-Demo/LFADS-2023_12_19_U55C_Full_LFADS/src/alveo_hls4ml.cpp:67) on port 'gmem0' (/home/biloba/Documents/Repositories/A3D3-Neuro-Demo/LFADS-2023_12_19_U55C_Full_LFADS/src/alveo_hls4ml.cpp:67) [148]  (2.92 ns)

 <State 26>: 2.92ns
The critical path consists of the following:
	bus request operation ('empty', /home/biloba/Documents/Repositories/A3D3-Neuro-Demo/LFADS-2023_12_19_U55C_Full_LFADS/src/alveo_hls4ml.cpp:67) on port 'gmem0' (/home/biloba/Documents/Repositories/A3D3-Neuro-Demo/LFADS-2023_12_19_U55C_Full_LFADS/src/alveo_hls4ml.cpp:67) [148]  (2.92 ns)

 <State 27>: 2.92ns
The critical path consists of the following:
	bus request operation ('empty', /home/biloba/Documents/Repositories/A3D3-Neuro-Demo/LFADS-2023_12_19_U55C_Full_LFADS/src/alveo_hls4ml.cpp:67) on port 'gmem0' (/home/biloba/Documents/Repositories/A3D3-Neuro-Demo/LFADS-2023_12_19_U55C_Full_LFADS/src/alveo_hls4ml.cpp:67) [148]  (2.92 ns)

 <State 28>: 2.92ns
The critical path consists of the following:
	bus request operation ('empty', /home/biloba/Documents/Repositories/A3D3-Neuro-Demo/LFADS-2023_12_19_U55C_Full_LFADS/src/alveo_hls4ml.cpp:67) on port 'gmem0' (/home/biloba/Documents/Repositories/A3D3-Neuro-Demo/LFADS-2023_12_19_U55C_Full_LFADS/src/alveo_hls4ml.cpp:67) [148]  (2.92 ns)

 <State 29>: 2.92ns
The critical path consists of the following:
	bus request operation ('empty', /home/biloba/Documents/Repositories/A3D3-Neuro-Demo/LFADS-2023_12_19_U55C_Full_LFADS/src/alveo_hls4ml.cpp:67) on port 'gmem0' (/home/biloba/Documents/Repositories/A3D3-Neuro-Demo/LFADS-2023_12_19_U55C_Full_LFADS/src/alveo_hls4ml.cpp:67) [148]  (2.92 ns)

 <State 30>: 2.92ns
The critical path consists of the following:
	bus request operation ('empty', /home/biloba/Documents/Repositories/A3D3-Neuro-Demo/LFADS-2023_12_19_U55C_Full_LFADS/src/alveo_hls4ml.cpp:67) on port 'gmem0' (/home/biloba/Documents/Repositories/A3D3-Neuro-Demo/LFADS-2023_12_19_U55C_Full_LFADS/src/alveo_hls4ml.cpp:67) [148]  (2.92 ns)

 <State 31>: 2.92ns
The critical path consists of the following:
	bus request operation ('empty', /home/biloba/Documents/Repositories/A3D3-Neuro-Demo/LFADS-2023_12_19_U55C_Full_LFADS/src/alveo_hls4ml.cpp:67) on port 'gmem0' (/home/biloba/Documents/Repositories/A3D3-Neuro-Demo/LFADS-2023_12_19_U55C_Full_LFADS/src/alveo_hls4ml.cpp:67) [148]  (2.92 ns)

 <State 32>: 2.92ns
The critical path consists of the following:
	bus request operation ('empty', /home/biloba/Documents/Repositories/A3D3-Neuro-Demo/LFADS-2023_12_19_U55C_Full_LFADS/src/alveo_hls4ml.cpp:67) on port 'gmem0' (/home/biloba/Documents/Repositories/A3D3-Neuro-Demo/LFADS-2023_12_19_U55C_Full_LFADS/src/alveo_hls4ml.cpp:67) [148]  (2.92 ns)

 <State 33>: 2.92ns
The critical path consists of the following:
	bus request operation ('empty', /home/biloba/Documents/Repositories/A3D3-Neuro-Demo/LFADS-2023_12_19_U55C_Full_LFADS/src/alveo_hls4ml.cpp:67) on port 'gmem0' (/home/biloba/Documents/Repositories/A3D3-Neuro-Demo/LFADS-2023_12_19_U55C_Full_LFADS/src/alveo_hls4ml.cpp:67) [148]  (2.92 ns)

 <State 34>: 2.92ns
The critical path consists of the following:
	bus request operation ('empty', /home/biloba/Documents/Repositories/A3D3-Neuro-Demo/LFADS-2023_12_19_U55C_Full_LFADS/src/alveo_hls4ml.cpp:67) on port 'gmem0' (/home/biloba/Documents/Repositories/A3D3-Neuro-Demo/LFADS-2023_12_19_U55C_Full_LFADS/src/alveo_hls4ml.cpp:67) [148]  (2.92 ns)

 <State 35>: 2.92ns
The critical path consists of the following:
	bus request operation ('empty', /home/biloba/Documents/Repositories/A3D3-Neuro-Demo/LFADS-2023_12_19_U55C_Full_LFADS/src/alveo_hls4ml.cpp:67) on port 'gmem0' (/home/biloba/Documents/Repositories/A3D3-Neuro-Demo/LFADS-2023_12_19_U55C_Full_LFADS/src/alveo_hls4ml.cpp:67) [148]  (2.92 ns)

 <State 36>: 2.92ns
The critical path consists of the following:
	bus request operation ('empty', /home/biloba/Documents/Repositories/A3D3-Neuro-Demo/LFADS-2023_12_19_U55C_Full_LFADS/src/alveo_hls4ml.cpp:67) on port 'gmem0' (/home/biloba/Documents/Repositories/A3D3-Neuro-Demo/LFADS-2023_12_19_U55C_Full_LFADS/src/alveo_hls4ml.cpp:67) [148]  (2.92 ns)

 <State 37>: 2.92ns
The critical path consists of the following:
	bus request operation ('empty', /home/biloba/Documents/Repositories/A3D3-Neuro-Demo/LFADS-2023_12_19_U55C_Full_LFADS/src/alveo_hls4ml.cpp:67) on port 'gmem0' (/home/biloba/Documents/Repositories/A3D3-Neuro-Demo/LFADS-2023_12_19_U55C_Full_LFADS/src/alveo_hls4ml.cpp:67) [148]  (2.92 ns)

 <State 38>: 2.92ns
The critical path consists of the following:
	bus request operation ('empty', /home/biloba/Documents/Repositories/A3D3-Neuro-Demo/LFADS-2023_12_19_U55C_Full_LFADS/src/alveo_hls4ml.cpp:67) on port 'gmem0' (/home/biloba/Documents/Repositories/A3D3-Neuro-Demo/LFADS-2023_12_19_U55C_Full_LFADS/src/alveo_hls4ml.cpp:67) [148]  (2.92 ns)

 <State 39>: 2.92ns
The critical path consists of the following:
	bus request operation ('empty', /home/biloba/Documents/Repositories/A3D3-Neuro-Demo/LFADS-2023_12_19_U55C_Full_LFADS/src/alveo_hls4ml.cpp:67) on port 'gmem0' (/home/biloba/Documents/Repositories/A3D3-Neuro-Demo/LFADS-2023_12_19_U55C_Full_LFADS/src/alveo_hls4ml.cpp:67) [148]  (2.92 ns)

 <State 40>: 2.92ns
The critical path consists of the following:
	bus request operation ('empty', /home/biloba/Documents/Repositories/A3D3-Neuro-Demo/LFADS-2023_12_19_U55C_Full_LFADS/src/alveo_hls4ml.cpp:67) on port 'gmem0' (/home/biloba/Documents/Repositories/A3D3-Neuro-Demo/LFADS-2023_12_19_U55C_Full_LFADS/src/alveo_hls4ml.cpp:67) [148]  (2.92 ns)

 <State 41>: 2.92ns
The critical path consists of the following:
	bus request operation ('empty', /home/biloba/Documents/Repositories/A3D3-Neuro-Demo/LFADS-2023_12_19_U55C_Full_LFADS/src/alveo_hls4ml.cpp:67) on port 'gmem0' (/home/biloba/Documents/Repositories/A3D3-Neuro-Demo/LFADS-2023_12_19_U55C_Full_LFADS/src/alveo_hls4ml.cpp:67) [148]  (2.92 ns)

 <State 42>: 2.92ns
The critical path consists of the following:
	bus request operation ('empty', /home/biloba/Documents/Repositories/A3D3-Neuro-Demo/LFADS-2023_12_19_U55C_Full_LFADS/src/alveo_hls4ml.cpp:67) on port 'gmem0' (/home/biloba/Documents/Repositories/A3D3-Neuro-Demo/LFADS-2023_12_19_U55C_Full_LFADS/src/alveo_hls4ml.cpp:67) [148]  (2.92 ns)

 <State 43>: 2.92ns
The critical path consists of the following:
	bus request operation ('empty', /home/biloba/Documents/Repositories/A3D3-Neuro-Demo/LFADS-2023_12_19_U55C_Full_LFADS/src/alveo_hls4ml.cpp:67) on port 'gmem0' (/home/biloba/Documents/Repositories/A3D3-Neuro-Demo/LFADS-2023_12_19_U55C_Full_LFADS/src/alveo_hls4ml.cpp:67) [148]  (2.92 ns)

 <State 44>: 2.92ns
The critical path consists of the following:
	bus request operation ('empty', /home/biloba/Documents/Repositories/A3D3-Neuro-Demo/LFADS-2023_12_19_U55C_Full_LFADS/src/alveo_hls4ml.cpp:67) on port 'gmem0' (/home/biloba/Documents/Repositories/A3D3-Neuro-Demo/LFADS-2023_12_19_U55C_Full_LFADS/src/alveo_hls4ml.cpp:67) [148]  (2.92 ns)

 <State 45>: 2.92ns
The critical path consists of the following:
	bus request operation ('empty', /home/biloba/Documents/Repositories/A3D3-Neuro-Demo/LFADS-2023_12_19_U55C_Full_LFADS/src/alveo_hls4ml.cpp:67) on port 'gmem0' (/home/biloba/Documents/Repositories/A3D3-Neuro-Demo/LFADS-2023_12_19_U55C_Full_LFADS/src/alveo_hls4ml.cpp:67) [148]  (2.92 ns)

 <State 46>: 2.92ns
The critical path consists of the following:
	bus request operation ('empty', /home/biloba/Documents/Repositories/A3D3-Neuro-Demo/LFADS-2023_12_19_U55C_Full_LFADS/src/alveo_hls4ml.cpp:67) on port 'gmem0' (/home/biloba/Documents/Repositories/A3D3-Neuro-Demo/LFADS-2023_12_19_U55C_Full_LFADS/src/alveo_hls4ml.cpp:67) [148]  (2.92 ns)

 <State 47>: 2.92ns
The critical path consists of the following:
	bus request operation ('empty', /home/biloba/Documents/Repositories/A3D3-Neuro-Demo/LFADS-2023_12_19_U55C_Full_LFADS/src/alveo_hls4ml.cpp:67) on port 'gmem0' (/home/biloba/Documents/Repositories/A3D3-Neuro-Demo/LFADS-2023_12_19_U55C_Full_LFADS/src/alveo_hls4ml.cpp:67) [148]  (2.92 ns)

 <State 48>: 2.92ns
The critical path consists of the following:
	bus request operation ('empty', /home/biloba/Documents/Repositories/A3D3-Neuro-Demo/LFADS-2023_12_19_U55C_Full_LFADS/src/alveo_hls4ml.cpp:67) on port 'gmem0' (/home/biloba/Documents/Repositories/A3D3-Neuro-Demo/LFADS-2023_12_19_U55C_Full_LFADS/src/alveo_hls4ml.cpp:67) [148]  (2.92 ns)

 <State 49>: 2.92ns
The critical path consists of the following:
	bus request operation ('empty', /home/biloba/Documents/Repositories/A3D3-Neuro-Demo/LFADS-2023_12_19_U55C_Full_LFADS/src/alveo_hls4ml.cpp:67) on port 'gmem0' (/home/biloba/Documents/Repositories/A3D3-Neuro-Demo/LFADS-2023_12_19_U55C_Full_LFADS/src/alveo_hls4ml.cpp:67) [148]  (2.92 ns)

 <State 50>: 2.92ns
The critical path consists of the following:
	bus request operation ('empty', /home/biloba/Documents/Repositories/A3D3-Neuro-Demo/LFADS-2023_12_19_U55C_Full_LFADS/src/alveo_hls4ml.cpp:67) on port 'gmem0' (/home/biloba/Documents/Repositories/A3D3-Neuro-Demo/LFADS-2023_12_19_U55C_Full_LFADS/src/alveo_hls4ml.cpp:67) [148]  (2.92 ns)

 <State 51>: 2.92ns
The critical path consists of the following:
	bus request operation ('empty', /home/biloba/Documents/Repositories/A3D3-Neuro-Demo/LFADS-2023_12_19_U55C_Full_LFADS/src/alveo_hls4ml.cpp:67) on port 'gmem0' (/home/biloba/Documents/Repositories/A3D3-Neuro-Demo/LFADS-2023_12_19_U55C_Full_LFADS/src/alveo_hls4ml.cpp:67) [148]  (2.92 ns)

 <State 52>: 2.92ns
The critical path consists of the following:
	bus request operation ('empty', /home/biloba/Documents/Repositories/A3D3-Neuro-Demo/LFADS-2023_12_19_U55C_Full_LFADS/src/alveo_hls4ml.cpp:67) on port 'gmem0' (/home/biloba/Documents/Repositories/A3D3-Neuro-Demo/LFADS-2023_12_19_U55C_Full_LFADS/src/alveo_hls4ml.cpp:67) [148]  (2.92 ns)

 <State 53>: 2.92ns
The critical path consists of the following:
	bus request operation ('empty', /home/biloba/Documents/Repositories/A3D3-Neuro-Demo/LFADS-2023_12_19_U55C_Full_LFADS/src/alveo_hls4ml.cpp:67) on port 'gmem0' (/home/biloba/Documents/Repositories/A3D3-Neuro-Demo/LFADS-2023_12_19_U55C_Full_LFADS/src/alveo_hls4ml.cpp:67) [148]  (2.92 ns)

 <State 54>: 2.92ns
The critical path consists of the following:
	bus request operation ('empty', /home/biloba/Documents/Repositories/A3D3-Neuro-Demo/LFADS-2023_12_19_U55C_Full_LFADS/src/alveo_hls4ml.cpp:67) on port 'gmem0' (/home/biloba/Documents/Repositories/A3D3-Neuro-Demo/LFADS-2023_12_19_U55C_Full_LFADS/src/alveo_hls4ml.cpp:67) [148]  (2.92 ns)

 <State 55>: 2.92ns
The critical path consists of the following:
	bus request operation ('empty', /home/biloba/Documents/Repositories/A3D3-Neuro-Demo/LFADS-2023_12_19_U55C_Full_LFADS/src/alveo_hls4ml.cpp:67) on port 'gmem0' (/home/biloba/Documents/Repositories/A3D3-Neuro-Demo/LFADS-2023_12_19_U55C_Full_LFADS/src/alveo_hls4ml.cpp:67) [148]  (2.92 ns)

 <State 56>: 2.92ns
The critical path consists of the following:
	bus request operation ('empty', /home/biloba/Documents/Repositories/A3D3-Neuro-Demo/LFADS-2023_12_19_U55C_Full_LFADS/src/alveo_hls4ml.cpp:67) on port 'gmem0' (/home/biloba/Documents/Repositories/A3D3-Neuro-Demo/LFADS-2023_12_19_U55C_Full_LFADS/src/alveo_hls4ml.cpp:67) [148]  (2.92 ns)

 <State 57>: 2.92ns
The critical path consists of the following:
	bus request operation ('empty', /home/biloba/Documents/Repositories/A3D3-Neuro-Demo/LFADS-2023_12_19_U55C_Full_LFADS/src/alveo_hls4ml.cpp:67) on port 'gmem0' (/home/biloba/Documents/Repositories/A3D3-Neuro-Demo/LFADS-2023_12_19_U55C_Full_LFADS/src/alveo_hls4ml.cpp:67) [148]  (2.92 ns)

 <State 58>: 2.92ns
The critical path consists of the following:
	bus request operation ('empty', /home/biloba/Documents/Repositories/A3D3-Neuro-Demo/LFADS-2023_12_19_U55C_Full_LFADS/src/alveo_hls4ml.cpp:67) on port 'gmem0' (/home/biloba/Documents/Repositories/A3D3-Neuro-Demo/LFADS-2023_12_19_U55C_Full_LFADS/src/alveo_hls4ml.cpp:67) [148]  (2.92 ns)

 <State 59>: 2.92ns
The critical path consists of the following:
	bus request operation ('empty', /home/biloba/Documents/Repositories/A3D3-Neuro-Demo/LFADS-2023_12_19_U55C_Full_LFADS/src/alveo_hls4ml.cpp:67) on port 'gmem0' (/home/biloba/Documents/Repositories/A3D3-Neuro-Demo/LFADS-2023_12_19_U55C_Full_LFADS/src/alveo_hls4ml.cpp:67) [148]  (2.92 ns)

 <State 60>: 2.92ns
The critical path consists of the following:
	bus request operation ('empty', /home/biloba/Documents/Repositories/A3D3-Neuro-Demo/LFADS-2023_12_19_U55C_Full_LFADS/src/alveo_hls4ml.cpp:67) on port 'gmem0' (/home/biloba/Documents/Repositories/A3D3-Neuro-Demo/LFADS-2023_12_19_U55C_Full_LFADS/src/alveo_hls4ml.cpp:67) [148]  (2.92 ns)

 <State 61>: 2.92ns
The critical path consists of the following:
	bus request operation ('empty', /home/biloba/Documents/Repositories/A3D3-Neuro-Demo/LFADS-2023_12_19_U55C_Full_LFADS/src/alveo_hls4ml.cpp:67) on port 'gmem0' (/home/biloba/Documents/Repositories/A3D3-Neuro-Demo/LFADS-2023_12_19_U55C_Full_LFADS/src/alveo_hls4ml.cpp:67) [148]  (2.92 ns)

 <State 62>: 2.92ns
The critical path consists of the following:
	bus request operation ('empty', /home/biloba/Documents/Repositories/A3D3-Neuro-Demo/LFADS-2023_12_19_U55C_Full_LFADS/src/alveo_hls4ml.cpp:67) on port 'gmem0' (/home/biloba/Documents/Repositories/A3D3-Neuro-Demo/LFADS-2023_12_19_U55C_Full_LFADS/src/alveo_hls4ml.cpp:67) [148]  (2.92 ns)

 <State 63>: 2.92ns
The critical path consists of the following:
	bus request operation ('empty', /home/biloba/Documents/Repositories/A3D3-Neuro-Demo/LFADS-2023_12_19_U55C_Full_LFADS/src/alveo_hls4ml.cpp:67) on port 'gmem0' (/home/biloba/Documents/Repositories/A3D3-Neuro-Demo/LFADS-2023_12_19_U55C_Full_LFADS/src/alveo_hls4ml.cpp:67) [148]  (2.92 ns)

 <State 64>: 2.92ns
The critical path consists of the following:
	bus request operation ('empty', /home/biloba/Documents/Repositories/A3D3-Neuro-Demo/LFADS-2023_12_19_U55C_Full_LFADS/src/alveo_hls4ml.cpp:67) on port 'gmem0' (/home/biloba/Documents/Repositories/A3D3-Neuro-Demo/LFADS-2023_12_19_U55C_Full_LFADS/src/alveo_hls4ml.cpp:67) [148]  (2.92 ns)

 <State 65>: 2.92ns
The critical path consists of the following:
	bus request operation ('empty', /home/biloba/Documents/Repositories/A3D3-Neuro-Demo/LFADS-2023_12_19_U55C_Full_LFADS/src/alveo_hls4ml.cpp:67) on port 'gmem0' (/home/biloba/Documents/Repositories/A3D3-Neuro-Demo/LFADS-2023_12_19_U55C_Full_LFADS/src/alveo_hls4ml.cpp:67) [148]  (2.92 ns)

 <State 66>: 2.92ns
The critical path consists of the following:
	bus request operation ('empty', /home/biloba/Documents/Repositories/A3D3-Neuro-Demo/LFADS-2023_12_19_U55C_Full_LFADS/src/alveo_hls4ml.cpp:67) on port 'gmem0' (/home/biloba/Documents/Repositories/A3D3-Neuro-Demo/LFADS-2023_12_19_U55C_Full_LFADS/src/alveo_hls4ml.cpp:67) [148]  (2.92 ns)

 <State 67>: 2.92ns
The critical path consists of the following:
	bus request operation ('empty', /home/biloba/Documents/Repositories/A3D3-Neuro-Demo/LFADS-2023_12_19_U55C_Full_LFADS/src/alveo_hls4ml.cpp:67) on port 'gmem0' (/home/biloba/Documents/Repositories/A3D3-Neuro-Demo/LFADS-2023_12_19_U55C_Full_LFADS/src/alveo_hls4ml.cpp:67) [148]  (2.92 ns)

 <State 68>: 2.92ns
The critical path consists of the following:
	bus request operation ('empty', /home/biloba/Documents/Repositories/A3D3-Neuro-Demo/LFADS-2023_12_19_U55C_Full_LFADS/src/alveo_hls4ml.cpp:67) on port 'gmem0' (/home/biloba/Documents/Repositories/A3D3-Neuro-Demo/LFADS-2023_12_19_U55C_Full_LFADS/src/alveo_hls4ml.cpp:67) [148]  (2.92 ns)

 <State 69>: 2.92ns
The critical path consists of the following:
	bus request operation ('empty', /home/biloba/Documents/Repositories/A3D3-Neuro-Demo/LFADS-2023_12_19_U55C_Full_LFADS/src/alveo_hls4ml.cpp:67) on port 'gmem0' (/home/biloba/Documents/Repositories/A3D3-Neuro-Demo/LFADS-2023_12_19_U55C_Full_LFADS/src/alveo_hls4ml.cpp:67) [148]  (2.92 ns)

 <State 70>: 2.92ns
The critical path consists of the following:
	bus request operation ('empty', /home/biloba/Documents/Repositories/A3D3-Neuro-Demo/LFADS-2023_12_19_U55C_Full_LFADS/src/alveo_hls4ml.cpp:67) on port 'gmem0' (/home/biloba/Documents/Repositories/A3D3-Neuro-Demo/LFADS-2023_12_19_U55C_Full_LFADS/src/alveo_hls4ml.cpp:67) [148]  (2.92 ns)

 <State 71>: 0ns
The critical path consists of the following:

 <State 72>: 0ns
The critical path consists of the following:


============================================================
+ Verbose Summary: Binding
============================================================
N/A
* FSMD analyzer results:
  - Output states:
 - Input state : 
  - Chain level:
	State 1
	State 2
	State 3
	State 4
	State 5
	State 6
	State 7
	State 8
	State 9
	State 10
	State 11
	State 12
	State 13
	State 14
	State 15
	State 16
	State 17
	State 18
	State 19
	State 20
	State 21
	State 22
	State 23
	State 24
	State 25
	State 26
	State 27
	State 28
	State 29
	State 30
	State 31
	State 32
	State 33
	State 34
	State 35
	State 36
	State 37
	State 38
	State 39
	State 40
	State 41
	State 42
	State 43
	State 44
	State 45
	State 46
	State 47
	State 48
	State 49
	State 50
	State 51
	State 52
	State 53
	State 54
	State 55
	State 56
	State 57
	State 58
	State 59
	State 60
	State 61
	State 62
	State 63
	State 64
	State 65
	State 66
	State 67
	State 68
	State 69
	State 70
	State 71
	State 72


============================================================
+ Verbose Summary: Datapath Resource usage 
============================================================
N/A
