

================================================================
== Vitis HLS Report for 'pointwise_conv_1d_cl_ap_fixed_ap_fixed_16_6_5_3_0_config26_s'
================================================================
* Date:           Thu May 16 18:08:26 2024

* Version:        2022.2 (Build 3670227 on Oct 13 2022)
* Project:        alveo_hls4ml
* Solution:       solution (Vitis Kernel Flow Target)
* Product family: virtexuplus
* Target device:  xcu55c-fsvh2892-2L-e


================================================================
== Performance Estimates
================================================================
+ Timing: 
    * Summary: 
    +--------+---------+----------+------------+
    |  Clock |  Target | Estimated| Uncertainty|
    +--------+---------+----------+------------+
    |ap_clk  |  4.00 ns|  2.731 ns|     1.08 ns|
    +--------+---------+----------+------------+

+ Latency: 
    * Summary: 
    +---------+---------+-----------+-----------+------+------+---------+
    |  Latency (cycles) |   Latency (absolute)  |   Interval  | Pipeline|
    |   min   |   max   |    min    |    max    |  min |  max |   Type  |
    +---------+---------+-----------+-----------+------+------+---------+
    |     5038|     5111|  20.152 us|  20.444 us|  5038|  5111|       no|
    +---------+---------+-----------+-----------+------+------+---------+

    + Detail: 
        * Instance: 
        N/A

        * Loop: 
        +------------------+---------+---------+----------+-----------+-----------+------+----------+
        |                  |  Latency (cycles) | Iteration|  Initiation Interval  | Trip |          |
        |     Loop Name    |   min   |   max   |  Latency |  achieved |   target  | Count| Pipelined|
        +------------------+---------+---------+----------+-----------+-----------+------+----------+
        |- ReadInputWidth  |     5037|     5110|   69 ~ 70|          -|          -|    73|        no|
        +------------------+---------+---------+----------+-----------+-----------+------+----------+

============================================================
+ Verbose Summary: Synthesis Manager
============================================================
InlineROM: 1
ExposeGlobal: 0
============================================================
+ Verbose Summary: CDFG Model
============================================================
IsTopModel: 0
ResetActiveHigh: 1
IsCombinational: 2
IsDatapathOnly: 0
HasWiredReturn: 1
HasMFsm: 0
HasVarLatency: 1
IsPipeline: 0
IsRtlPipelined: 0
IsInstanceOverlapped: 0
IsDontTouch: 0
HasImplIP: 0
IsGatedGlobalClock: 0


============================================================
+ Verbose Summary: Schedule
============================================================
* Number of FSM states : 4
* Pipeline : 0
* Dataflow Pipeline: 0

* FSM state transitions: 
1 --> 2 
2 --> 3 
3 --> 4 
4 --> 2 

* FSM state operations: 

State 1 <SV = 0> <Delay = 0.38>
ST_1 : Operation 5 [1/1] (0.00ns)   --->   "%i_iw = alloca i32 1"   --->   Operation 5 'alloca' 'i_iw' <Predicate = true> <Delay = 0.00>
ST_1 : Operation 6 [1/1] (0.00ns)   --->   "%specinterface_ln0 = specinterface void @_ssdm_op_SpecInterface, i16 %layer26_out_3, void @empty_8, i32 0, i32 0, void @empty_14, i32 0, i32 0, void @empty_14, void @empty_14, void @empty_14, i32 0, i32 0, i32 0, i32 0, void @empty_14, void @empty_14, i32 4294967295, i32 0"   --->   Operation 6 'specinterface' 'specinterface_ln0' <Predicate = true> <Delay = 0.00>
ST_1 : Operation 7 [1/1] (0.00ns)   --->   "%specinterface_ln0 = specinterface void @_ssdm_op_SpecInterface, i16 %layer26_out_2, void @empty_8, i32 0, i32 0, void @empty_14, i32 0, i32 0, void @empty_14, void @empty_14, void @empty_14, i32 0, i32 0, i32 0, i32 0, void @empty_14, void @empty_14, i32 4294967295, i32 0"   --->   Operation 7 'specinterface' 'specinterface_ln0' <Predicate = true> <Delay = 0.00>
ST_1 : Operation 8 [1/1] (0.00ns)   --->   "%specinterface_ln0 = specinterface void @_ssdm_op_SpecInterface, i16 %layer26_out_1, void @empty_8, i32 0, i32 0, void @empty_14, i32 0, i32 0, void @empty_14, void @empty_14, void @empty_14, i32 0, i32 0, i32 0, i32 0, void @empty_14, void @empty_14, i32 4294967295, i32 0"   --->   Operation 8 'specinterface' 'specinterface_ln0' <Predicate = true> <Delay = 0.00>
ST_1 : Operation 9 [1/1] (0.00ns)   --->   "%specinterface_ln0 = specinterface void @_ssdm_op_SpecInterface, i16 %layer26_out_0, void @empty_8, i32 0, i32 0, void @empty_14, i32 0, i32 0, void @empty_14, void @empty_14, void @empty_14, i32 0, i32 0, i32 0, i32 0, void @empty_14, void @empty_14, i32 4294967295, i32 0"   --->   Operation 9 'specinterface' 'specinterface_ln0' <Predicate = true> <Delay = 0.00>
ST_1 : Operation 10 [1/1] (0.00ns)   --->   "%specinterface_ln0 = specinterface void @_ssdm_op_SpecInterface, i16 %layer20_out_63, void @empty_8, i32 0, i32 0, void @empty_14, i32 0, i32 0, void @empty_14, void @empty_14, void @empty_14, i32 0, i32 0, i32 0, i32 0, void @empty_14, void @empty_14, i32 4294967295, i32 0"   --->   Operation 10 'specinterface' 'specinterface_ln0' <Predicate = true> <Delay = 0.00>
ST_1 : Operation 11 [1/1] (0.00ns)   --->   "%specinterface_ln0 = specinterface void @_ssdm_op_SpecInterface, i16 %layer20_out_62, void @empty_8, i32 0, i32 0, void @empty_14, i32 0, i32 0, void @empty_14, void @empty_14, void @empty_14, i32 0, i32 0, i32 0, i32 0, void @empty_14, void @empty_14, i32 4294967295, i32 0"   --->   Operation 11 'specinterface' 'specinterface_ln0' <Predicate = true> <Delay = 0.00>
ST_1 : Operation 12 [1/1] (0.00ns)   --->   "%specinterface_ln0 = specinterface void @_ssdm_op_SpecInterface, i16 %layer20_out_61, void @empty_8, i32 0, i32 0, void @empty_14, i32 0, i32 0, void @empty_14, void @empty_14, void @empty_14, i32 0, i32 0, i32 0, i32 0, void @empty_14, void @empty_14, i32 4294967295, i32 0"   --->   Operation 12 'specinterface' 'specinterface_ln0' <Predicate = true> <Delay = 0.00>
ST_1 : Operation 13 [1/1] (0.00ns)   --->   "%specinterface_ln0 = specinterface void @_ssdm_op_SpecInterface, i16 %layer20_out_60, void @empty_8, i32 0, i32 0, void @empty_14, i32 0, i32 0, void @empty_14, void @empty_14, void @empty_14, i32 0, i32 0, i32 0, i32 0, void @empty_14, void @empty_14, i32 4294967295, i32 0"   --->   Operation 13 'specinterface' 'specinterface_ln0' <Predicate = true> <Delay = 0.00>
ST_1 : Operation 14 [1/1] (0.00ns)   --->   "%specinterface_ln0 = specinterface void @_ssdm_op_SpecInterface, i16 %layer20_out_59, void @empty_8, i32 0, i32 0, void @empty_14, i32 0, i32 0, void @empty_14, void @empty_14, void @empty_14, i32 0, i32 0, i32 0, i32 0, void @empty_14, void @empty_14, i32 4294967295, i32 0"   --->   Operation 14 'specinterface' 'specinterface_ln0' <Predicate = true> <Delay = 0.00>
ST_1 : Operation 15 [1/1] (0.00ns)   --->   "%specinterface_ln0 = specinterface void @_ssdm_op_SpecInterface, i16 %layer20_out_58, void @empty_8, i32 0, i32 0, void @empty_14, i32 0, i32 0, void @empty_14, void @empty_14, void @empty_14, i32 0, i32 0, i32 0, i32 0, void @empty_14, void @empty_14, i32 4294967295, i32 0"   --->   Operation 15 'specinterface' 'specinterface_ln0' <Predicate = true> <Delay = 0.00>
ST_1 : Operation 16 [1/1] (0.00ns)   --->   "%specinterface_ln0 = specinterface void @_ssdm_op_SpecInterface, i16 %layer20_out_57, void @empty_8, i32 0, i32 0, void @empty_14, i32 0, i32 0, void @empty_14, void @empty_14, void @empty_14, i32 0, i32 0, i32 0, i32 0, void @empty_14, void @empty_14, i32 4294967295, i32 0"   --->   Operation 16 'specinterface' 'specinterface_ln0' <Predicate = true> <Delay = 0.00>
ST_1 : Operation 17 [1/1] (0.00ns)   --->   "%specinterface_ln0 = specinterface void @_ssdm_op_SpecInterface, i16 %layer20_out_56, void @empty_8, i32 0, i32 0, void @empty_14, i32 0, i32 0, void @empty_14, void @empty_14, void @empty_14, i32 0, i32 0, i32 0, i32 0, void @empty_14, void @empty_14, i32 4294967295, i32 0"   --->   Operation 17 'specinterface' 'specinterface_ln0' <Predicate = true> <Delay = 0.00>
ST_1 : Operation 18 [1/1] (0.00ns)   --->   "%specinterface_ln0 = specinterface void @_ssdm_op_SpecInterface, i16 %layer20_out_55, void @empty_8, i32 0, i32 0, void @empty_14, i32 0, i32 0, void @empty_14, void @empty_14, void @empty_14, i32 0, i32 0, i32 0, i32 0, void @empty_14, void @empty_14, i32 4294967295, i32 0"   --->   Operation 18 'specinterface' 'specinterface_ln0' <Predicate = true> <Delay = 0.00>
ST_1 : Operation 19 [1/1] (0.00ns)   --->   "%specinterface_ln0 = specinterface void @_ssdm_op_SpecInterface, i16 %layer20_out_54, void @empty_8, i32 0, i32 0, void @empty_14, i32 0, i32 0, void @empty_14, void @empty_14, void @empty_14, i32 0, i32 0, i32 0, i32 0, void @empty_14, void @empty_14, i32 4294967295, i32 0"   --->   Operation 19 'specinterface' 'specinterface_ln0' <Predicate = true> <Delay = 0.00>
ST_1 : Operation 20 [1/1] (0.00ns)   --->   "%specinterface_ln0 = specinterface void @_ssdm_op_SpecInterface, i16 %layer20_out_53, void @empty_8, i32 0, i32 0, void @empty_14, i32 0, i32 0, void @empty_14, void @empty_14, void @empty_14, i32 0, i32 0, i32 0, i32 0, void @empty_14, void @empty_14, i32 4294967295, i32 0"   --->   Operation 20 'specinterface' 'specinterface_ln0' <Predicate = true> <Delay = 0.00>
ST_1 : Operation 21 [1/1] (0.00ns)   --->   "%specinterface_ln0 = specinterface void @_ssdm_op_SpecInterface, i16 %layer20_out_52, void @empty_8, i32 0, i32 0, void @empty_14, i32 0, i32 0, void @empty_14, void @empty_14, void @empty_14, i32 0, i32 0, i32 0, i32 0, void @empty_14, void @empty_14, i32 4294967295, i32 0"   --->   Operation 21 'specinterface' 'specinterface_ln0' <Predicate = true> <Delay = 0.00>
ST_1 : Operation 22 [1/1] (0.00ns)   --->   "%specinterface_ln0 = specinterface void @_ssdm_op_SpecInterface, i16 %layer20_out_51, void @empty_8, i32 0, i32 0, void @empty_14, i32 0, i32 0, void @empty_14, void @empty_14, void @empty_14, i32 0, i32 0, i32 0, i32 0, void @empty_14, void @empty_14, i32 4294967295, i32 0"   --->   Operation 22 'specinterface' 'specinterface_ln0' <Predicate = true> <Delay = 0.00>
ST_1 : Operation 23 [1/1] (0.00ns)   --->   "%specinterface_ln0 = specinterface void @_ssdm_op_SpecInterface, i16 %layer20_out_50, void @empty_8, i32 0, i32 0, void @empty_14, i32 0, i32 0, void @empty_14, void @empty_14, void @empty_14, i32 0, i32 0, i32 0, i32 0, void @empty_14, void @empty_14, i32 4294967295, i32 0"   --->   Operation 23 'specinterface' 'specinterface_ln0' <Predicate = true> <Delay = 0.00>
ST_1 : Operation 24 [1/1] (0.00ns)   --->   "%specinterface_ln0 = specinterface void @_ssdm_op_SpecInterface, i16 %layer20_out_49, void @empty_8, i32 0, i32 0, void @empty_14, i32 0, i32 0, void @empty_14, void @empty_14, void @empty_14, i32 0, i32 0, i32 0, i32 0, void @empty_14, void @empty_14, i32 4294967295, i32 0"   --->   Operation 24 'specinterface' 'specinterface_ln0' <Predicate = true> <Delay = 0.00>
ST_1 : Operation 25 [1/1] (0.00ns)   --->   "%specinterface_ln0 = specinterface void @_ssdm_op_SpecInterface, i16 %layer20_out_48, void @empty_8, i32 0, i32 0, void @empty_14, i32 0, i32 0, void @empty_14, void @empty_14, void @empty_14, i32 0, i32 0, i32 0, i32 0, void @empty_14, void @empty_14, i32 4294967295, i32 0"   --->   Operation 25 'specinterface' 'specinterface_ln0' <Predicate = true> <Delay = 0.00>
ST_1 : Operation 26 [1/1] (0.00ns)   --->   "%specinterface_ln0 = specinterface void @_ssdm_op_SpecInterface, i16 %layer20_out_47, void @empty_8, i32 0, i32 0, void @empty_14, i32 0, i32 0, void @empty_14, void @empty_14, void @empty_14, i32 0, i32 0, i32 0, i32 0, void @empty_14, void @empty_14, i32 4294967295, i32 0"   --->   Operation 26 'specinterface' 'specinterface_ln0' <Predicate = true> <Delay = 0.00>
ST_1 : Operation 27 [1/1] (0.00ns)   --->   "%specinterface_ln0 = specinterface void @_ssdm_op_SpecInterface, i16 %layer20_out_46, void @empty_8, i32 0, i32 0, void @empty_14, i32 0, i32 0, void @empty_14, void @empty_14, void @empty_14, i32 0, i32 0, i32 0, i32 0, void @empty_14, void @empty_14, i32 4294967295, i32 0"   --->   Operation 27 'specinterface' 'specinterface_ln0' <Predicate = true> <Delay = 0.00>
ST_1 : Operation 28 [1/1] (0.00ns)   --->   "%specinterface_ln0 = specinterface void @_ssdm_op_SpecInterface, i16 %layer20_out_45, void @empty_8, i32 0, i32 0, void @empty_14, i32 0, i32 0, void @empty_14, void @empty_14, void @empty_14, i32 0, i32 0, i32 0, i32 0, void @empty_14, void @empty_14, i32 4294967295, i32 0"   --->   Operation 28 'specinterface' 'specinterface_ln0' <Predicate = true> <Delay = 0.00>
ST_1 : Operation 29 [1/1] (0.00ns)   --->   "%specinterface_ln0 = specinterface void @_ssdm_op_SpecInterface, i16 %layer20_out_44, void @empty_8, i32 0, i32 0, void @empty_14, i32 0, i32 0, void @empty_14, void @empty_14, void @empty_14, i32 0, i32 0, i32 0, i32 0, void @empty_14, void @empty_14, i32 4294967295, i32 0"   --->   Operation 29 'specinterface' 'specinterface_ln0' <Predicate = true> <Delay = 0.00>
ST_1 : Operation 30 [1/1] (0.00ns)   --->   "%specinterface_ln0 = specinterface void @_ssdm_op_SpecInterface, i16 %layer20_out_43, void @empty_8, i32 0, i32 0, void @empty_14, i32 0, i32 0, void @empty_14, void @empty_14, void @empty_14, i32 0, i32 0, i32 0, i32 0, void @empty_14, void @empty_14, i32 4294967295, i32 0"   --->   Operation 30 'specinterface' 'specinterface_ln0' <Predicate = true> <Delay = 0.00>
ST_1 : Operation 31 [1/1] (0.00ns)   --->   "%specinterface_ln0 = specinterface void @_ssdm_op_SpecInterface, i16 %layer20_out_42, void @empty_8, i32 0, i32 0, void @empty_14, i32 0, i32 0, void @empty_14, void @empty_14, void @empty_14, i32 0, i32 0, i32 0, i32 0, void @empty_14, void @empty_14, i32 4294967295, i32 0"   --->   Operation 31 'specinterface' 'specinterface_ln0' <Predicate = true> <Delay = 0.00>
ST_1 : Operation 32 [1/1] (0.00ns)   --->   "%specinterface_ln0 = specinterface void @_ssdm_op_SpecInterface, i16 %layer20_out_41, void @empty_8, i32 0, i32 0, void @empty_14, i32 0, i32 0, void @empty_14, void @empty_14, void @empty_14, i32 0, i32 0, i32 0, i32 0, void @empty_14, void @empty_14, i32 4294967295, i32 0"   --->   Operation 32 'specinterface' 'specinterface_ln0' <Predicate = true> <Delay = 0.00>
ST_1 : Operation 33 [1/1] (0.00ns)   --->   "%specinterface_ln0 = specinterface void @_ssdm_op_SpecInterface, i16 %layer20_out_40, void @empty_8, i32 0, i32 0, void @empty_14, i32 0, i32 0, void @empty_14, void @empty_14, void @empty_14, i32 0, i32 0, i32 0, i32 0, void @empty_14, void @empty_14, i32 4294967295, i32 0"   --->   Operation 33 'specinterface' 'specinterface_ln0' <Predicate = true> <Delay = 0.00>
ST_1 : Operation 34 [1/1] (0.00ns)   --->   "%specinterface_ln0 = specinterface void @_ssdm_op_SpecInterface, i16 %layer20_out_39, void @empty_8, i32 0, i32 0, void @empty_14, i32 0, i32 0, void @empty_14, void @empty_14, void @empty_14, i32 0, i32 0, i32 0, i32 0, void @empty_14, void @empty_14, i32 4294967295, i32 0"   --->   Operation 34 'specinterface' 'specinterface_ln0' <Predicate = true> <Delay = 0.00>
ST_1 : Operation 35 [1/1] (0.00ns)   --->   "%specinterface_ln0 = specinterface void @_ssdm_op_SpecInterface, i16 %layer20_out_38, void @empty_8, i32 0, i32 0, void @empty_14, i32 0, i32 0, void @empty_14, void @empty_14, void @empty_14, i32 0, i32 0, i32 0, i32 0, void @empty_14, void @empty_14, i32 4294967295, i32 0"   --->   Operation 35 'specinterface' 'specinterface_ln0' <Predicate = true> <Delay = 0.00>
ST_1 : Operation 36 [1/1] (0.00ns)   --->   "%specinterface_ln0 = specinterface void @_ssdm_op_SpecInterface, i16 %layer20_out_37, void @empty_8, i32 0, i32 0, void @empty_14, i32 0, i32 0, void @empty_14, void @empty_14, void @empty_14, i32 0, i32 0, i32 0, i32 0, void @empty_14, void @empty_14, i32 4294967295, i32 0"   --->   Operation 36 'specinterface' 'specinterface_ln0' <Predicate = true> <Delay = 0.00>
ST_1 : Operation 37 [1/1] (0.00ns)   --->   "%specinterface_ln0 = specinterface void @_ssdm_op_SpecInterface, i16 %layer20_out_36, void @empty_8, i32 0, i32 0, void @empty_14, i32 0, i32 0, void @empty_14, void @empty_14, void @empty_14, i32 0, i32 0, i32 0, i32 0, void @empty_14, void @empty_14, i32 4294967295, i32 0"   --->   Operation 37 'specinterface' 'specinterface_ln0' <Predicate = true> <Delay = 0.00>
ST_1 : Operation 38 [1/1] (0.00ns)   --->   "%specinterface_ln0 = specinterface void @_ssdm_op_SpecInterface, i16 %layer20_out_35, void @empty_8, i32 0, i32 0, void @empty_14, i32 0, i32 0, void @empty_14, void @empty_14, void @empty_14, i32 0, i32 0, i32 0, i32 0, void @empty_14, void @empty_14, i32 4294967295, i32 0"   --->   Operation 38 'specinterface' 'specinterface_ln0' <Predicate = true> <Delay = 0.00>
ST_1 : Operation 39 [1/1] (0.00ns)   --->   "%specinterface_ln0 = specinterface void @_ssdm_op_SpecInterface, i16 %layer20_out_34, void @empty_8, i32 0, i32 0, void @empty_14, i32 0, i32 0, void @empty_14, void @empty_14, void @empty_14, i32 0, i32 0, i32 0, i32 0, void @empty_14, void @empty_14, i32 4294967295, i32 0"   --->   Operation 39 'specinterface' 'specinterface_ln0' <Predicate = true> <Delay = 0.00>
ST_1 : Operation 40 [1/1] (0.00ns)   --->   "%specinterface_ln0 = specinterface void @_ssdm_op_SpecInterface, i16 %layer20_out_33, void @empty_8, i32 0, i32 0, void @empty_14, i32 0, i32 0, void @empty_14, void @empty_14, void @empty_14, i32 0, i32 0, i32 0, i32 0, void @empty_14, void @empty_14, i32 4294967295, i32 0"   --->   Operation 40 'specinterface' 'specinterface_ln0' <Predicate = true> <Delay = 0.00>
ST_1 : Operation 41 [1/1] (0.00ns)   --->   "%specinterface_ln0 = specinterface void @_ssdm_op_SpecInterface, i16 %layer20_out_32, void @empty_8, i32 0, i32 0, void @empty_14, i32 0, i32 0, void @empty_14, void @empty_14, void @empty_14, i32 0, i32 0, i32 0, i32 0, void @empty_14, void @empty_14, i32 4294967295, i32 0"   --->   Operation 41 'specinterface' 'specinterface_ln0' <Predicate = true> <Delay = 0.00>
ST_1 : Operation 42 [1/1] (0.00ns)   --->   "%specinterface_ln0 = specinterface void @_ssdm_op_SpecInterface, i16 %layer20_out_31, void @empty_8, i32 0, i32 0, void @empty_14, i32 0, i32 0, void @empty_14, void @empty_14, void @empty_14, i32 0, i32 0, i32 0, i32 0, void @empty_14, void @empty_14, i32 4294967295, i32 0"   --->   Operation 42 'specinterface' 'specinterface_ln0' <Predicate = true> <Delay = 0.00>
ST_1 : Operation 43 [1/1] (0.00ns)   --->   "%specinterface_ln0 = specinterface void @_ssdm_op_SpecInterface, i16 %layer20_out_30, void @empty_8, i32 0, i32 0, void @empty_14, i32 0, i32 0, void @empty_14, void @empty_14, void @empty_14, i32 0, i32 0, i32 0, i32 0, void @empty_14, void @empty_14, i32 4294967295, i32 0"   --->   Operation 43 'specinterface' 'specinterface_ln0' <Predicate = true> <Delay = 0.00>
ST_1 : Operation 44 [1/1] (0.00ns)   --->   "%specinterface_ln0 = specinterface void @_ssdm_op_SpecInterface, i16 %layer20_out_29, void @empty_8, i32 0, i32 0, void @empty_14, i32 0, i32 0, void @empty_14, void @empty_14, void @empty_14, i32 0, i32 0, i32 0, i32 0, void @empty_14, void @empty_14, i32 4294967295, i32 0"   --->   Operation 44 'specinterface' 'specinterface_ln0' <Predicate = true> <Delay = 0.00>
ST_1 : Operation 45 [1/1] (0.00ns)   --->   "%specinterface_ln0 = specinterface void @_ssdm_op_SpecInterface, i16 %layer20_out_28, void @empty_8, i32 0, i32 0, void @empty_14, i32 0, i32 0, void @empty_14, void @empty_14, void @empty_14, i32 0, i32 0, i32 0, i32 0, void @empty_14, void @empty_14, i32 4294967295, i32 0"   --->   Operation 45 'specinterface' 'specinterface_ln0' <Predicate = true> <Delay = 0.00>
ST_1 : Operation 46 [1/1] (0.00ns)   --->   "%specinterface_ln0 = specinterface void @_ssdm_op_SpecInterface, i16 %layer20_out_27, void @empty_8, i32 0, i32 0, void @empty_14, i32 0, i32 0, void @empty_14, void @empty_14, void @empty_14, i32 0, i32 0, i32 0, i32 0, void @empty_14, void @empty_14, i32 4294967295, i32 0"   --->   Operation 46 'specinterface' 'specinterface_ln0' <Predicate = true> <Delay = 0.00>
ST_1 : Operation 47 [1/1] (0.00ns)   --->   "%specinterface_ln0 = specinterface void @_ssdm_op_SpecInterface, i16 %layer20_out_26, void @empty_8, i32 0, i32 0, void @empty_14, i32 0, i32 0, void @empty_14, void @empty_14, void @empty_14, i32 0, i32 0, i32 0, i32 0, void @empty_14, void @empty_14, i32 4294967295, i32 0"   --->   Operation 47 'specinterface' 'specinterface_ln0' <Predicate = true> <Delay = 0.00>
ST_1 : Operation 48 [1/1] (0.00ns)   --->   "%specinterface_ln0 = specinterface void @_ssdm_op_SpecInterface, i16 %layer20_out_25, void @empty_8, i32 0, i32 0, void @empty_14, i32 0, i32 0, void @empty_14, void @empty_14, void @empty_14, i32 0, i32 0, i32 0, i32 0, void @empty_14, void @empty_14, i32 4294967295, i32 0"   --->   Operation 48 'specinterface' 'specinterface_ln0' <Predicate = true> <Delay = 0.00>
ST_1 : Operation 49 [1/1] (0.00ns)   --->   "%specinterface_ln0 = specinterface void @_ssdm_op_SpecInterface, i16 %layer20_out_24, void @empty_8, i32 0, i32 0, void @empty_14, i32 0, i32 0, void @empty_14, void @empty_14, void @empty_14, i32 0, i32 0, i32 0, i32 0, void @empty_14, void @empty_14, i32 4294967295, i32 0"   --->   Operation 49 'specinterface' 'specinterface_ln0' <Predicate = true> <Delay = 0.00>
ST_1 : Operation 50 [1/1] (0.00ns)   --->   "%specinterface_ln0 = specinterface void @_ssdm_op_SpecInterface, i16 %layer20_out_23, void @empty_8, i32 0, i32 0, void @empty_14, i32 0, i32 0, void @empty_14, void @empty_14, void @empty_14, i32 0, i32 0, i32 0, i32 0, void @empty_14, void @empty_14, i32 4294967295, i32 0"   --->   Operation 50 'specinterface' 'specinterface_ln0' <Predicate = true> <Delay = 0.00>
ST_1 : Operation 51 [1/1] (0.00ns)   --->   "%specinterface_ln0 = specinterface void @_ssdm_op_SpecInterface, i16 %layer20_out_22, void @empty_8, i32 0, i32 0, void @empty_14, i32 0, i32 0, void @empty_14, void @empty_14, void @empty_14, i32 0, i32 0, i32 0, i32 0, void @empty_14, void @empty_14, i32 4294967295, i32 0"   --->   Operation 51 'specinterface' 'specinterface_ln0' <Predicate = true> <Delay = 0.00>
ST_1 : Operation 52 [1/1] (0.00ns)   --->   "%specinterface_ln0 = specinterface void @_ssdm_op_SpecInterface, i16 %layer20_out_21, void @empty_8, i32 0, i32 0, void @empty_14, i32 0, i32 0, void @empty_14, void @empty_14, void @empty_14, i32 0, i32 0, i32 0, i32 0, void @empty_14, void @empty_14, i32 4294967295, i32 0"   --->   Operation 52 'specinterface' 'specinterface_ln0' <Predicate = true> <Delay = 0.00>
ST_1 : Operation 53 [1/1] (0.00ns)   --->   "%specinterface_ln0 = specinterface void @_ssdm_op_SpecInterface, i16 %layer20_out_20, void @empty_8, i32 0, i32 0, void @empty_14, i32 0, i32 0, void @empty_14, void @empty_14, void @empty_14, i32 0, i32 0, i32 0, i32 0, void @empty_14, void @empty_14, i32 4294967295, i32 0"   --->   Operation 53 'specinterface' 'specinterface_ln0' <Predicate = true> <Delay = 0.00>
ST_1 : Operation 54 [1/1] (0.00ns)   --->   "%specinterface_ln0 = specinterface void @_ssdm_op_SpecInterface, i16 %layer20_out_19, void @empty_8, i32 0, i32 0, void @empty_14, i32 0, i32 0, void @empty_14, void @empty_14, void @empty_14, i32 0, i32 0, i32 0, i32 0, void @empty_14, void @empty_14, i32 4294967295, i32 0"   --->   Operation 54 'specinterface' 'specinterface_ln0' <Predicate = true> <Delay = 0.00>
ST_1 : Operation 55 [1/1] (0.00ns)   --->   "%specinterface_ln0 = specinterface void @_ssdm_op_SpecInterface, i16 %layer20_out_18, void @empty_8, i32 0, i32 0, void @empty_14, i32 0, i32 0, void @empty_14, void @empty_14, void @empty_14, i32 0, i32 0, i32 0, i32 0, void @empty_14, void @empty_14, i32 4294967295, i32 0"   --->   Operation 55 'specinterface' 'specinterface_ln0' <Predicate = true> <Delay = 0.00>
ST_1 : Operation 56 [1/1] (0.00ns)   --->   "%specinterface_ln0 = specinterface void @_ssdm_op_SpecInterface, i16 %layer20_out_17, void @empty_8, i32 0, i32 0, void @empty_14, i32 0, i32 0, void @empty_14, void @empty_14, void @empty_14, i32 0, i32 0, i32 0, i32 0, void @empty_14, void @empty_14, i32 4294967295, i32 0"   --->   Operation 56 'specinterface' 'specinterface_ln0' <Predicate = true> <Delay = 0.00>
ST_1 : Operation 57 [1/1] (0.00ns)   --->   "%specinterface_ln0 = specinterface void @_ssdm_op_SpecInterface, i16 %layer20_out_16, void @empty_8, i32 0, i32 0, void @empty_14, i32 0, i32 0, void @empty_14, void @empty_14, void @empty_14, i32 0, i32 0, i32 0, i32 0, void @empty_14, void @empty_14, i32 4294967295, i32 0"   --->   Operation 57 'specinterface' 'specinterface_ln0' <Predicate = true> <Delay = 0.00>
ST_1 : Operation 58 [1/1] (0.00ns)   --->   "%specinterface_ln0 = specinterface void @_ssdm_op_SpecInterface, i16 %layer20_out_15, void @empty_8, i32 0, i32 0, void @empty_14, i32 0, i32 0, void @empty_14, void @empty_14, void @empty_14, i32 0, i32 0, i32 0, i32 0, void @empty_14, void @empty_14, i32 4294967295, i32 0"   --->   Operation 58 'specinterface' 'specinterface_ln0' <Predicate = true> <Delay = 0.00>
ST_1 : Operation 59 [1/1] (0.00ns)   --->   "%specinterface_ln0 = specinterface void @_ssdm_op_SpecInterface, i16 %layer20_out_14, void @empty_8, i32 0, i32 0, void @empty_14, i32 0, i32 0, void @empty_14, void @empty_14, void @empty_14, i32 0, i32 0, i32 0, i32 0, void @empty_14, void @empty_14, i32 4294967295, i32 0"   --->   Operation 59 'specinterface' 'specinterface_ln0' <Predicate = true> <Delay = 0.00>
ST_1 : Operation 60 [1/1] (0.00ns)   --->   "%specinterface_ln0 = specinterface void @_ssdm_op_SpecInterface, i16 %layer20_out_13, void @empty_8, i32 0, i32 0, void @empty_14, i32 0, i32 0, void @empty_14, void @empty_14, void @empty_14, i32 0, i32 0, i32 0, i32 0, void @empty_14, void @empty_14, i32 4294967295, i32 0"   --->   Operation 60 'specinterface' 'specinterface_ln0' <Predicate = true> <Delay = 0.00>
ST_1 : Operation 61 [1/1] (0.00ns)   --->   "%specinterface_ln0 = specinterface void @_ssdm_op_SpecInterface, i16 %layer20_out_12, void @empty_8, i32 0, i32 0, void @empty_14, i32 0, i32 0, void @empty_14, void @empty_14, void @empty_14, i32 0, i32 0, i32 0, i32 0, void @empty_14, void @empty_14, i32 4294967295, i32 0"   --->   Operation 61 'specinterface' 'specinterface_ln0' <Predicate = true> <Delay = 0.00>
ST_1 : Operation 62 [1/1] (0.00ns)   --->   "%specinterface_ln0 = specinterface void @_ssdm_op_SpecInterface, i16 %layer20_out_11, void @empty_8, i32 0, i32 0, void @empty_14, i32 0, i32 0, void @empty_14, void @empty_14, void @empty_14, i32 0, i32 0, i32 0, i32 0, void @empty_14, void @empty_14, i32 4294967295, i32 0"   --->   Operation 62 'specinterface' 'specinterface_ln0' <Predicate = true> <Delay = 0.00>
ST_1 : Operation 63 [1/1] (0.00ns)   --->   "%specinterface_ln0 = specinterface void @_ssdm_op_SpecInterface, i16 %layer20_out_10, void @empty_8, i32 0, i32 0, void @empty_14, i32 0, i32 0, void @empty_14, void @empty_14, void @empty_14, i32 0, i32 0, i32 0, i32 0, void @empty_14, void @empty_14, i32 4294967295, i32 0"   --->   Operation 63 'specinterface' 'specinterface_ln0' <Predicate = true> <Delay = 0.00>
ST_1 : Operation 64 [1/1] (0.00ns)   --->   "%specinterface_ln0 = specinterface void @_ssdm_op_SpecInterface, i16 %layer20_out_9, void @empty_8, i32 0, i32 0, void @empty_14, i32 0, i32 0, void @empty_14, void @empty_14, void @empty_14, i32 0, i32 0, i32 0, i32 0, void @empty_14, void @empty_14, i32 4294967295, i32 0"   --->   Operation 64 'specinterface' 'specinterface_ln0' <Predicate = true> <Delay = 0.00>
ST_1 : Operation 65 [1/1] (0.00ns)   --->   "%specinterface_ln0 = specinterface void @_ssdm_op_SpecInterface, i16 %layer20_out_8, void @empty_8, i32 0, i32 0, void @empty_14, i32 0, i32 0, void @empty_14, void @empty_14, void @empty_14, i32 0, i32 0, i32 0, i32 0, void @empty_14, void @empty_14, i32 4294967295, i32 0"   --->   Operation 65 'specinterface' 'specinterface_ln0' <Predicate = true> <Delay = 0.00>
ST_1 : Operation 66 [1/1] (0.00ns)   --->   "%specinterface_ln0 = specinterface void @_ssdm_op_SpecInterface, i16 %layer20_out_7, void @empty_8, i32 0, i32 0, void @empty_14, i32 0, i32 0, void @empty_14, void @empty_14, void @empty_14, i32 0, i32 0, i32 0, i32 0, void @empty_14, void @empty_14, i32 4294967295, i32 0"   --->   Operation 66 'specinterface' 'specinterface_ln0' <Predicate = true> <Delay = 0.00>
ST_1 : Operation 67 [1/1] (0.00ns)   --->   "%specinterface_ln0 = specinterface void @_ssdm_op_SpecInterface, i16 %layer20_out_6, void @empty_8, i32 0, i32 0, void @empty_14, i32 0, i32 0, void @empty_14, void @empty_14, void @empty_14, i32 0, i32 0, i32 0, i32 0, void @empty_14, void @empty_14, i32 4294967295, i32 0"   --->   Operation 67 'specinterface' 'specinterface_ln0' <Predicate = true> <Delay = 0.00>
ST_1 : Operation 68 [1/1] (0.00ns)   --->   "%specinterface_ln0 = specinterface void @_ssdm_op_SpecInterface, i16 %layer20_out_5, void @empty_8, i32 0, i32 0, void @empty_14, i32 0, i32 0, void @empty_14, void @empty_14, void @empty_14, i32 0, i32 0, i32 0, i32 0, void @empty_14, void @empty_14, i32 4294967295, i32 0"   --->   Operation 68 'specinterface' 'specinterface_ln0' <Predicate = true> <Delay = 0.00>
ST_1 : Operation 69 [1/1] (0.00ns)   --->   "%specinterface_ln0 = specinterface void @_ssdm_op_SpecInterface, i16 %layer20_out_4, void @empty_8, i32 0, i32 0, void @empty_14, i32 0, i32 0, void @empty_14, void @empty_14, void @empty_14, i32 0, i32 0, i32 0, i32 0, void @empty_14, void @empty_14, i32 4294967295, i32 0"   --->   Operation 69 'specinterface' 'specinterface_ln0' <Predicate = true> <Delay = 0.00>
ST_1 : Operation 70 [1/1] (0.00ns)   --->   "%specinterface_ln0 = specinterface void @_ssdm_op_SpecInterface, i16 %layer20_out_3, void @empty_8, i32 0, i32 0, void @empty_14, i32 0, i32 0, void @empty_14, void @empty_14, void @empty_14, i32 0, i32 0, i32 0, i32 0, void @empty_14, void @empty_14, i32 4294967295, i32 0"   --->   Operation 70 'specinterface' 'specinterface_ln0' <Predicate = true> <Delay = 0.00>
ST_1 : Operation 71 [1/1] (0.00ns)   --->   "%specinterface_ln0 = specinterface void @_ssdm_op_SpecInterface, i16 %layer20_out_2, void @empty_8, i32 0, i32 0, void @empty_14, i32 0, i32 0, void @empty_14, void @empty_14, void @empty_14, i32 0, i32 0, i32 0, i32 0, void @empty_14, void @empty_14, i32 4294967295, i32 0"   --->   Operation 71 'specinterface' 'specinterface_ln0' <Predicate = true> <Delay = 0.00>
ST_1 : Operation 72 [1/1] (0.00ns)   --->   "%specinterface_ln0 = specinterface void @_ssdm_op_SpecInterface, i16 %layer20_out_1, void @empty_8, i32 0, i32 0, void @empty_14, i32 0, i32 0, void @empty_14, void @empty_14, void @empty_14, i32 0, i32 0, i32 0, i32 0, void @empty_14, void @empty_14, i32 4294967295, i32 0"   --->   Operation 72 'specinterface' 'specinterface_ln0' <Predicate = true> <Delay = 0.00>
ST_1 : Operation 73 [1/1] (0.00ns)   --->   "%specinterface_ln0 = specinterface void @_ssdm_op_SpecInterface, i16 %layer20_out_0, void @empty_8, i32 0, i32 0, void @empty_14, i32 0, i32 0, void @empty_14, void @empty_14, void @empty_14, i32 0, i32 0, i32 0, i32 0, void @empty_14, void @empty_14, i32 4294967295, i32 0"   --->   Operation 73 'specinterface' 'specinterface_ln0' <Predicate = true> <Delay = 0.00>
ST_1 : Operation 74 [1/1] (0.38ns)   --->   "%store_ln59 = store i7 0, i7 %i_iw" [/home/biloba/Documents/Repositories/A3D3-Neuro-Demo/LFADS-2023_12_19_U55C_Full_LFADS/src/nnet_utils/nnet_sepconv1d_array_stream.h:59]   --->   Operation 74 'store' 'store_ln59' <Predicate = true> <Delay = 0.38>
ST_1 : Operation 75 [1/1] (0.00ns)   --->   "%br_ln59 = br void %for.body16.i" [/home/biloba/Documents/Repositories/A3D3-Neuro-Demo/LFADS-2023_12_19_U55C_Full_LFADS/src/nnet_utils/nnet_sepconv1d_array_stream.h:59]   --->   Operation 75 'br' 'br_ln59' <Predicate = true> <Delay = 0.00>

State 2 <SV = 1> <Delay = 1.09>
ST_2 : Operation 76 [1/1] (0.00ns)   --->   "%i_iw_3 = load i7 %i_iw" [/home/biloba/Documents/Repositories/A3D3-Neuro-Demo/LFADS-2023_12_19_U55C_Full_LFADS/src/nnet_utils/nnet_sepconv1d_array_stream.h:59]   --->   Operation 76 'load' 'i_iw_3' <Predicate = true> <Delay = 0.00>
ST_2 : Operation 77 [1/1] (0.59ns)   --->   "%icmp_ln59 = icmp_eq  i7 %i_iw_3, i7 73" [/home/biloba/Documents/Repositories/A3D3-Neuro-Demo/LFADS-2023_12_19_U55C_Full_LFADS/src/nnet_utils/nnet_sepconv1d_array_stream.h:59]   --->   Operation 77 'icmp' 'icmp_ln59' <Predicate = true> <Delay = 0.59> <CoreInst = "Cmp">   --->   Core 9 'Cmp' <Latency = 0> <II = 1> <Delay = 0.59> <FuncUnit> <Opcode : 'icmp'> <InPorts = 2> <OutPorts = 1>
ST_2 : Operation 78 [1/1] (0.00ns)   --->   "%empty = speclooptripcount i32 @_ssdm_op_SpecLoopTripCount, i64 73, i64 73, i64 73"   --->   Operation 78 'speclooptripcount' 'empty' <Predicate = true> <Delay = 0.00>
ST_2 : Operation 79 [1/1] (0.70ns)   --->   "%i_iw_4 = add i7 %i_iw_3, i7 1" [/home/biloba/Documents/Repositories/A3D3-Neuro-Demo/LFADS-2023_12_19_U55C_Full_LFADS/src/nnet_utils/nnet_sepconv1d_array_stream.h:59]   --->   Operation 79 'add' 'i_iw_4' <Predicate = true> <Delay = 0.70> <CoreInst = "Adder">   --->   Core 1 'Adder' <Latency = 0> <II = 1> <Delay = 0.70> <FuncUnit> <Opcode : 'add' 'sub'> <InPorts = 2> <OutPorts = 1>
ST_2 : Operation 80 [1/1] (0.00ns)   --->   "%br_ln59 = br i1 %icmp_ln59, void %for.body16.i.split, void %for.end25" [/home/biloba/Documents/Repositories/A3D3-Neuro-Demo/LFADS-2023_12_19_U55C_Full_LFADS/src/nnet_utils/nnet_sepconv1d_array_stream.h:59]   --->   Operation 80 'br' 'br_ln59' <Predicate = true> <Delay = 0.00>
ST_2 : Operation 81 [1/1] (0.38ns)   --->   "%store_ln59 = store i7 %i_iw_4, i7 %i_iw" [/home/biloba/Documents/Repositories/A3D3-Neuro-Demo/LFADS-2023_12_19_U55C_Full_LFADS/src/nnet_utils/nnet_sepconv1d_array_stream.h:59]   --->   Operation 81 'store' 'store_ln59' <Predicate = (!icmp_ln59)> <Delay = 0.38>
ST_2 : Operation 82 [1/1] (0.00ns)   --->   "%ret_ln77 = ret" [/home/biloba/Documents/Repositories/A3D3-Neuro-Demo/LFADS-2023_12_19_U55C_Full_LFADS/src/nnet_utils/nnet_sepconv1d_array_stream.h:77]   --->   Operation 82 'ret' 'ret_ln77' <Predicate = (icmp_ln59)> <Delay = 0.00>

State 3 <SV = 2> <Delay = 2.73>
ST_3 : Operation 83 [1/1] (1.05ns)   --->   "%data_save_V = read i16 @_ssdm_op_Read.ap_fifo.volatile.i16P0A, i16 %layer20_out_0" [/home/biloba/Documents/Repositories/A3D3-Neuro-Demo/LFADS-2023_12_19_U55C_Full_LFADS/src/nnet_utils/nnet_sepconv1d_array_stream.h:67]   --->   Operation 83 'read' 'data_save_V' <Predicate = true> <Delay = 1.05> <CoreInst = "FIFO">   --->   Core 78 'FIFO' <Latency = 0> <II = 1> <Delay = 1.05> <Storage> <Opcode : 'read' 'write' 'nbread' 'nbwrite'> <Ports = 0> <Width = 16> <Depth = 73> <FIFO>
ST_3 : Operation 84 [1/1] (1.05ns)   --->   "%data_save_V_4 = read i16 @_ssdm_op_Read.ap_fifo.volatile.i16P0A, i16 %layer20_out_1" [/home/biloba/Documents/Repositories/A3D3-Neuro-Demo/LFADS-2023_12_19_U55C_Full_LFADS/src/nnet_utils/nnet_sepconv1d_array_stream.h:67]   --->   Operation 84 'read' 'data_save_V_4' <Predicate = true> <Delay = 1.05> <CoreInst = "FIFO">   --->   Core 78 'FIFO' <Latency = 0> <II = 1> <Delay = 1.05> <Storage> <Opcode : 'read' 'write' 'nbread' 'nbwrite'> <Ports = 0> <Width = 16> <Depth = 73> <FIFO>
ST_3 : Operation 85 [1/1] (1.05ns)   --->   "%data_save_V_5 = read i16 @_ssdm_op_Read.ap_fifo.volatile.i16P0A, i16 %layer20_out_2" [/home/biloba/Documents/Repositories/A3D3-Neuro-Demo/LFADS-2023_12_19_U55C_Full_LFADS/src/nnet_utils/nnet_sepconv1d_array_stream.h:67]   --->   Operation 85 'read' 'data_save_V_5' <Predicate = true> <Delay = 1.05> <CoreInst = "FIFO">   --->   Core 78 'FIFO' <Latency = 0> <II = 1> <Delay = 1.05> <Storage> <Opcode : 'read' 'write' 'nbread' 'nbwrite'> <Ports = 0> <Width = 16> <Depth = 73> <FIFO>
ST_3 : Operation 86 [1/1] (1.05ns)   --->   "%data_save_V_6 = read i16 @_ssdm_op_Read.ap_fifo.volatile.i16P0A, i16 %layer20_out_3" [/home/biloba/Documents/Repositories/A3D3-Neuro-Demo/LFADS-2023_12_19_U55C_Full_LFADS/src/nnet_utils/nnet_sepconv1d_array_stream.h:67]   --->   Operation 86 'read' 'data_save_V_6' <Predicate = true> <Delay = 1.05> <CoreInst = "FIFO">   --->   Core 78 'FIFO' <Latency = 0> <II = 1> <Delay = 1.05> <Storage> <Opcode : 'read' 'write' 'nbread' 'nbwrite'> <Ports = 0> <Width = 16> <Depth = 73> <FIFO>
ST_3 : Operation 87 [1/1] (1.05ns)   --->   "%data_save_V_7 = read i16 @_ssdm_op_Read.ap_fifo.volatile.i16P0A, i16 %layer20_out_4" [/home/biloba/Documents/Repositories/A3D3-Neuro-Demo/LFADS-2023_12_19_U55C_Full_LFADS/src/nnet_utils/nnet_sepconv1d_array_stream.h:67]   --->   Operation 87 'read' 'data_save_V_7' <Predicate = true> <Delay = 1.05> <CoreInst = "FIFO">   --->   Core 78 'FIFO' <Latency = 0> <II = 1> <Delay = 1.05> <Storage> <Opcode : 'read' 'write' 'nbread' 'nbwrite'> <Ports = 0> <Width = 16> <Depth = 73> <FIFO>
ST_3 : Operation 88 [1/1] (1.05ns)   --->   "%data_save_V_8 = read i16 @_ssdm_op_Read.ap_fifo.volatile.i16P0A, i16 %layer20_out_5" [/home/biloba/Documents/Repositories/A3D3-Neuro-Demo/LFADS-2023_12_19_U55C_Full_LFADS/src/nnet_utils/nnet_sepconv1d_array_stream.h:67]   --->   Operation 88 'read' 'data_save_V_8' <Predicate = true> <Delay = 1.05> <CoreInst = "FIFO">   --->   Core 78 'FIFO' <Latency = 0> <II = 1> <Delay = 1.05> <Storage> <Opcode : 'read' 'write' 'nbread' 'nbwrite'> <Ports = 0> <Width = 16> <Depth = 73> <FIFO>
ST_3 : Operation 89 [1/1] (1.05ns)   --->   "%data_save_V_9 = read i16 @_ssdm_op_Read.ap_fifo.volatile.i16P0A, i16 %layer20_out_6" [/home/biloba/Documents/Repositories/A3D3-Neuro-Demo/LFADS-2023_12_19_U55C_Full_LFADS/src/nnet_utils/nnet_sepconv1d_array_stream.h:67]   --->   Operation 89 'read' 'data_save_V_9' <Predicate = true> <Delay = 1.05> <CoreInst = "FIFO">   --->   Core 78 'FIFO' <Latency = 0> <II = 1> <Delay = 1.05> <Storage> <Opcode : 'read' 'write' 'nbread' 'nbwrite'> <Ports = 0> <Width = 16> <Depth = 73> <FIFO>
ST_3 : Operation 90 [1/1] (1.05ns)   --->   "%data_save_V_10 = read i16 @_ssdm_op_Read.ap_fifo.volatile.i16P0A, i16 %layer20_out_7" [/home/biloba/Documents/Repositories/A3D3-Neuro-Demo/LFADS-2023_12_19_U55C_Full_LFADS/src/nnet_utils/nnet_sepconv1d_array_stream.h:67]   --->   Operation 90 'read' 'data_save_V_10' <Predicate = true> <Delay = 1.05> <CoreInst = "FIFO">   --->   Core 78 'FIFO' <Latency = 0> <II = 1> <Delay = 1.05> <Storage> <Opcode : 'read' 'write' 'nbread' 'nbwrite'> <Ports = 0> <Width = 16> <Depth = 73> <FIFO>
ST_3 : Operation 91 [1/1] (1.05ns)   --->   "%data_save_V_11 = read i16 @_ssdm_op_Read.ap_fifo.volatile.i16P0A, i16 %layer20_out_8" [/home/biloba/Documents/Repositories/A3D3-Neuro-Demo/LFADS-2023_12_19_U55C_Full_LFADS/src/nnet_utils/nnet_sepconv1d_array_stream.h:67]   --->   Operation 91 'read' 'data_save_V_11' <Predicate = true> <Delay = 1.05> <CoreInst = "FIFO">   --->   Core 78 'FIFO' <Latency = 0> <II = 1> <Delay = 1.05> <Storage> <Opcode : 'read' 'write' 'nbread' 'nbwrite'> <Ports = 0> <Width = 16> <Depth = 73> <FIFO>
ST_3 : Operation 92 [1/1] (1.05ns)   --->   "%data_save_V_12 = read i16 @_ssdm_op_Read.ap_fifo.volatile.i16P0A, i16 %layer20_out_9" [/home/biloba/Documents/Repositories/A3D3-Neuro-Demo/LFADS-2023_12_19_U55C_Full_LFADS/src/nnet_utils/nnet_sepconv1d_array_stream.h:67]   --->   Operation 92 'read' 'data_save_V_12' <Predicate = true> <Delay = 1.05> <CoreInst = "FIFO">   --->   Core 78 'FIFO' <Latency = 0> <II = 1> <Delay = 1.05> <Storage> <Opcode : 'read' 'write' 'nbread' 'nbwrite'> <Ports = 0> <Width = 16> <Depth = 73> <FIFO>
ST_3 : Operation 93 [1/1] (1.05ns)   --->   "%data_save_V_13 = read i16 @_ssdm_op_Read.ap_fifo.volatile.i16P0A, i16 %layer20_out_10" [/home/biloba/Documents/Repositories/A3D3-Neuro-Demo/LFADS-2023_12_19_U55C_Full_LFADS/src/nnet_utils/nnet_sepconv1d_array_stream.h:67]   --->   Operation 93 'read' 'data_save_V_13' <Predicate = true> <Delay = 1.05> <CoreInst = "FIFO">   --->   Core 78 'FIFO' <Latency = 0> <II = 1> <Delay = 1.05> <Storage> <Opcode : 'read' 'write' 'nbread' 'nbwrite'> <Ports = 0> <Width = 16> <Depth = 73> <FIFO>
ST_3 : Operation 94 [1/1] (1.05ns)   --->   "%data_save_V_14 = read i16 @_ssdm_op_Read.ap_fifo.volatile.i16P0A, i16 %layer20_out_11" [/home/biloba/Documents/Repositories/A3D3-Neuro-Demo/LFADS-2023_12_19_U55C_Full_LFADS/src/nnet_utils/nnet_sepconv1d_array_stream.h:67]   --->   Operation 94 'read' 'data_save_V_14' <Predicate = true> <Delay = 1.05> <CoreInst = "FIFO">   --->   Core 78 'FIFO' <Latency = 0> <II = 1> <Delay = 1.05> <Storage> <Opcode : 'read' 'write' 'nbread' 'nbwrite'> <Ports = 0> <Width = 16> <Depth = 73> <FIFO>
ST_3 : Operation 95 [1/1] (1.05ns)   --->   "%data_save_V_15 = read i16 @_ssdm_op_Read.ap_fifo.volatile.i16P0A, i16 %layer20_out_12" [/home/biloba/Documents/Repositories/A3D3-Neuro-Demo/LFADS-2023_12_19_U55C_Full_LFADS/src/nnet_utils/nnet_sepconv1d_array_stream.h:67]   --->   Operation 95 'read' 'data_save_V_15' <Predicate = true> <Delay = 1.05> <CoreInst = "FIFO">   --->   Core 78 'FIFO' <Latency = 0> <II = 1> <Delay = 1.05> <Storage> <Opcode : 'read' 'write' 'nbread' 'nbwrite'> <Ports = 0> <Width = 16> <Depth = 73> <FIFO>
ST_3 : Operation 96 [1/1] (1.05ns)   --->   "%data_save_V_16 = read i16 @_ssdm_op_Read.ap_fifo.volatile.i16P0A, i16 %layer20_out_13" [/home/biloba/Documents/Repositories/A3D3-Neuro-Demo/LFADS-2023_12_19_U55C_Full_LFADS/src/nnet_utils/nnet_sepconv1d_array_stream.h:67]   --->   Operation 96 'read' 'data_save_V_16' <Predicate = true> <Delay = 1.05> <CoreInst = "FIFO">   --->   Core 78 'FIFO' <Latency = 0> <II = 1> <Delay = 1.05> <Storage> <Opcode : 'read' 'write' 'nbread' 'nbwrite'> <Ports = 0> <Width = 16> <Depth = 73> <FIFO>
ST_3 : Operation 97 [1/1] (1.05ns)   --->   "%data_save_V_17 = read i16 @_ssdm_op_Read.ap_fifo.volatile.i16P0A, i16 %layer20_out_14" [/home/biloba/Documents/Repositories/A3D3-Neuro-Demo/LFADS-2023_12_19_U55C_Full_LFADS/src/nnet_utils/nnet_sepconv1d_array_stream.h:67]   --->   Operation 97 'read' 'data_save_V_17' <Predicate = true> <Delay = 1.05> <CoreInst = "FIFO">   --->   Core 78 'FIFO' <Latency = 0> <II = 1> <Delay = 1.05> <Storage> <Opcode : 'read' 'write' 'nbread' 'nbwrite'> <Ports = 0> <Width = 16> <Depth = 73> <FIFO>
ST_3 : Operation 98 [1/1] (1.05ns)   --->   "%data_save_V_18 = read i16 @_ssdm_op_Read.ap_fifo.volatile.i16P0A, i16 %layer20_out_15" [/home/biloba/Documents/Repositories/A3D3-Neuro-Demo/LFADS-2023_12_19_U55C_Full_LFADS/src/nnet_utils/nnet_sepconv1d_array_stream.h:67]   --->   Operation 98 'read' 'data_save_V_18' <Predicate = true> <Delay = 1.05> <CoreInst = "FIFO">   --->   Core 78 'FIFO' <Latency = 0> <II = 1> <Delay = 1.05> <Storage> <Opcode : 'read' 'write' 'nbread' 'nbwrite'> <Ports = 0> <Width = 16> <Depth = 73> <FIFO>
ST_3 : Operation 99 [1/1] (1.05ns)   --->   "%data_save_V_19 = read i16 @_ssdm_op_Read.ap_fifo.volatile.i16P0A, i16 %layer20_out_16" [/home/biloba/Documents/Repositories/A3D3-Neuro-Demo/LFADS-2023_12_19_U55C_Full_LFADS/src/nnet_utils/nnet_sepconv1d_array_stream.h:67]   --->   Operation 99 'read' 'data_save_V_19' <Predicate = true> <Delay = 1.05> <CoreInst = "FIFO">   --->   Core 78 'FIFO' <Latency = 0> <II = 1> <Delay = 1.05> <Storage> <Opcode : 'read' 'write' 'nbread' 'nbwrite'> <Ports = 0> <Width = 16> <Depth = 73> <FIFO>
ST_3 : Operation 100 [1/1] (1.05ns)   --->   "%data_save_V_20 = read i16 @_ssdm_op_Read.ap_fifo.volatile.i16P0A, i16 %layer20_out_17" [/home/biloba/Documents/Repositories/A3D3-Neuro-Demo/LFADS-2023_12_19_U55C_Full_LFADS/src/nnet_utils/nnet_sepconv1d_array_stream.h:67]   --->   Operation 100 'read' 'data_save_V_20' <Predicate = true> <Delay = 1.05> <CoreInst = "FIFO">   --->   Core 78 'FIFO' <Latency = 0> <II = 1> <Delay = 1.05> <Storage> <Opcode : 'read' 'write' 'nbread' 'nbwrite'> <Ports = 0> <Width = 16> <Depth = 73> <FIFO>
ST_3 : Operation 101 [1/1] (1.05ns)   --->   "%data_save_V_21 = read i16 @_ssdm_op_Read.ap_fifo.volatile.i16P0A, i16 %layer20_out_18" [/home/biloba/Documents/Repositories/A3D3-Neuro-Demo/LFADS-2023_12_19_U55C_Full_LFADS/src/nnet_utils/nnet_sepconv1d_array_stream.h:67]   --->   Operation 101 'read' 'data_save_V_21' <Predicate = true> <Delay = 1.05> <CoreInst = "FIFO">   --->   Core 78 'FIFO' <Latency = 0> <II = 1> <Delay = 1.05> <Storage> <Opcode : 'read' 'write' 'nbread' 'nbwrite'> <Ports = 0> <Width = 16> <Depth = 73> <FIFO>
ST_3 : Operation 102 [1/1] (1.05ns)   --->   "%data_save_V_22 = read i16 @_ssdm_op_Read.ap_fifo.volatile.i16P0A, i16 %layer20_out_19" [/home/biloba/Documents/Repositories/A3D3-Neuro-Demo/LFADS-2023_12_19_U55C_Full_LFADS/src/nnet_utils/nnet_sepconv1d_array_stream.h:67]   --->   Operation 102 'read' 'data_save_V_22' <Predicate = true> <Delay = 1.05> <CoreInst = "FIFO">   --->   Core 78 'FIFO' <Latency = 0> <II = 1> <Delay = 1.05> <Storage> <Opcode : 'read' 'write' 'nbread' 'nbwrite'> <Ports = 0> <Width = 16> <Depth = 73> <FIFO>
ST_3 : Operation 103 [1/1] (1.05ns)   --->   "%data_save_V_23 = read i16 @_ssdm_op_Read.ap_fifo.volatile.i16P0A, i16 %layer20_out_20" [/home/biloba/Documents/Repositories/A3D3-Neuro-Demo/LFADS-2023_12_19_U55C_Full_LFADS/src/nnet_utils/nnet_sepconv1d_array_stream.h:67]   --->   Operation 103 'read' 'data_save_V_23' <Predicate = true> <Delay = 1.05> <CoreInst = "FIFO">   --->   Core 78 'FIFO' <Latency = 0> <II = 1> <Delay = 1.05> <Storage> <Opcode : 'read' 'write' 'nbread' 'nbwrite'> <Ports = 0> <Width = 16> <Depth = 73> <FIFO>
ST_3 : Operation 104 [1/1] (1.05ns)   --->   "%data_save_V_24 = read i16 @_ssdm_op_Read.ap_fifo.volatile.i16P0A, i16 %layer20_out_21" [/home/biloba/Documents/Repositories/A3D3-Neuro-Demo/LFADS-2023_12_19_U55C_Full_LFADS/src/nnet_utils/nnet_sepconv1d_array_stream.h:67]   --->   Operation 104 'read' 'data_save_V_24' <Predicate = true> <Delay = 1.05> <CoreInst = "FIFO">   --->   Core 78 'FIFO' <Latency = 0> <II = 1> <Delay = 1.05> <Storage> <Opcode : 'read' 'write' 'nbread' 'nbwrite'> <Ports = 0> <Width = 16> <Depth = 73> <FIFO>
ST_3 : Operation 105 [1/1] (1.05ns)   --->   "%data_save_V_25 = read i16 @_ssdm_op_Read.ap_fifo.volatile.i16P0A, i16 %layer20_out_22" [/home/biloba/Documents/Repositories/A3D3-Neuro-Demo/LFADS-2023_12_19_U55C_Full_LFADS/src/nnet_utils/nnet_sepconv1d_array_stream.h:67]   --->   Operation 105 'read' 'data_save_V_25' <Predicate = true> <Delay = 1.05> <CoreInst = "FIFO">   --->   Core 78 'FIFO' <Latency = 0> <II = 1> <Delay = 1.05> <Storage> <Opcode : 'read' 'write' 'nbread' 'nbwrite'> <Ports = 0> <Width = 16> <Depth = 73> <FIFO>
ST_3 : Operation 106 [1/1] (1.05ns)   --->   "%data_save_V_26 = read i16 @_ssdm_op_Read.ap_fifo.volatile.i16P0A, i16 %layer20_out_23" [/home/biloba/Documents/Repositories/A3D3-Neuro-Demo/LFADS-2023_12_19_U55C_Full_LFADS/src/nnet_utils/nnet_sepconv1d_array_stream.h:67]   --->   Operation 106 'read' 'data_save_V_26' <Predicate = true> <Delay = 1.05> <CoreInst = "FIFO">   --->   Core 78 'FIFO' <Latency = 0> <II = 1> <Delay = 1.05> <Storage> <Opcode : 'read' 'write' 'nbread' 'nbwrite'> <Ports = 0> <Width = 16> <Depth = 73> <FIFO>
ST_3 : Operation 107 [1/1] (1.05ns)   --->   "%data_save_V_27 = read i16 @_ssdm_op_Read.ap_fifo.volatile.i16P0A, i16 %layer20_out_24" [/home/biloba/Documents/Repositories/A3D3-Neuro-Demo/LFADS-2023_12_19_U55C_Full_LFADS/src/nnet_utils/nnet_sepconv1d_array_stream.h:67]   --->   Operation 107 'read' 'data_save_V_27' <Predicate = true> <Delay = 1.05> <CoreInst = "FIFO">   --->   Core 78 'FIFO' <Latency = 0> <II = 1> <Delay = 1.05> <Storage> <Opcode : 'read' 'write' 'nbread' 'nbwrite'> <Ports = 0> <Width = 16> <Depth = 73> <FIFO>
ST_3 : Operation 108 [1/1] (1.05ns)   --->   "%data_save_V_28 = read i16 @_ssdm_op_Read.ap_fifo.volatile.i16P0A, i16 %layer20_out_25" [/home/biloba/Documents/Repositories/A3D3-Neuro-Demo/LFADS-2023_12_19_U55C_Full_LFADS/src/nnet_utils/nnet_sepconv1d_array_stream.h:67]   --->   Operation 108 'read' 'data_save_V_28' <Predicate = true> <Delay = 1.05> <CoreInst = "FIFO">   --->   Core 78 'FIFO' <Latency = 0> <II = 1> <Delay = 1.05> <Storage> <Opcode : 'read' 'write' 'nbread' 'nbwrite'> <Ports = 0> <Width = 16> <Depth = 73> <FIFO>
ST_3 : Operation 109 [1/1] (1.05ns)   --->   "%data_save_V_29 = read i16 @_ssdm_op_Read.ap_fifo.volatile.i16P0A, i16 %layer20_out_26" [/home/biloba/Documents/Repositories/A3D3-Neuro-Demo/LFADS-2023_12_19_U55C_Full_LFADS/src/nnet_utils/nnet_sepconv1d_array_stream.h:67]   --->   Operation 109 'read' 'data_save_V_29' <Predicate = true> <Delay = 1.05> <CoreInst = "FIFO">   --->   Core 78 'FIFO' <Latency = 0> <II = 1> <Delay = 1.05> <Storage> <Opcode : 'read' 'write' 'nbread' 'nbwrite'> <Ports = 0> <Width = 16> <Depth = 73> <FIFO>
ST_3 : Operation 110 [1/1] (1.05ns)   --->   "%data_save_V_30 = read i16 @_ssdm_op_Read.ap_fifo.volatile.i16P0A, i16 %layer20_out_27" [/home/biloba/Documents/Repositories/A3D3-Neuro-Demo/LFADS-2023_12_19_U55C_Full_LFADS/src/nnet_utils/nnet_sepconv1d_array_stream.h:67]   --->   Operation 110 'read' 'data_save_V_30' <Predicate = true> <Delay = 1.05> <CoreInst = "FIFO">   --->   Core 78 'FIFO' <Latency = 0> <II = 1> <Delay = 1.05> <Storage> <Opcode : 'read' 'write' 'nbread' 'nbwrite'> <Ports = 0> <Width = 16> <Depth = 73> <FIFO>
ST_3 : Operation 111 [1/1] (1.05ns)   --->   "%data_save_V_31 = read i16 @_ssdm_op_Read.ap_fifo.volatile.i16P0A, i16 %layer20_out_28" [/home/biloba/Documents/Repositories/A3D3-Neuro-Demo/LFADS-2023_12_19_U55C_Full_LFADS/src/nnet_utils/nnet_sepconv1d_array_stream.h:67]   --->   Operation 111 'read' 'data_save_V_31' <Predicate = true> <Delay = 1.05> <CoreInst = "FIFO">   --->   Core 78 'FIFO' <Latency = 0> <II = 1> <Delay = 1.05> <Storage> <Opcode : 'read' 'write' 'nbread' 'nbwrite'> <Ports = 0> <Width = 16> <Depth = 73> <FIFO>
ST_3 : Operation 112 [1/1] (1.05ns)   --->   "%data_save_V_32 = read i16 @_ssdm_op_Read.ap_fifo.volatile.i16P0A, i16 %layer20_out_29" [/home/biloba/Documents/Repositories/A3D3-Neuro-Demo/LFADS-2023_12_19_U55C_Full_LFADS/src/nnet_utils/nnet_sepconv1d_array_stream.h:67]   --->   Operation 112 'read' 'data_save_V_32' <Predicate = true> <Delay = 1.05> <CoreInst = "FIFO">   --->   Core 78 'FIFO' <Latency = 0> <II = 1> <Delay = 1.05> <Storage> <Opcode : 'read' 'write' 'nbread' 'nbwrite'> <Ports = 0> <Width = 16> <Depth = 73> <FIFO>
ST_3 : Operation 113 [1/1] (1.05ns)   --->   "%data_save_V_33 = read i16 @_ssdm_op_Read.ap_fifo.volatile.i16P0A, i16 %layer20_out_30" [/home/biloba/Documents/Repositories/A3D3-Neuro-Demo/LFADS-2023_12_19_U55C_Full_LFADS/src/nnet_utils/nnet_sepconv1d_array_stream.h:67]   --->   Operation 113 'read' 'data_save_V_33' <Predicate = true> <Delay = 1.05> <CoreInst = "FIFO">   --->   Core 78 'FIFO' <Latency = 0> <II = 1> <Delay = 1.05> <Storage> <Opcode : 'read' 'write' 'nbread' 'nbwrite'> <Ports = 0> <Width = 16> <Depth = 73> <FIFO>
ST_3 : Operation 114 [1/1] (1.05ns)   --->   "%data_save_V_34 = read i16 @_ssdm_op_Read.ap_fifo.volatile.i16P0A, i16 %layer20_out_31" [/home/biloba/Documents/Repositories/A3D3-Neuro-Demo/LFADS-2023_12_19_U55C_Full_LFADS/src/nnet_utils/nnet_sepconv1d_array_stream.h:67]   --->   Operation 114 'read' 'data_save_V_34' <Predicate = true> <Delay = 1.05> <CoreInst = "FIFO">   --->   Core 78 'FIFO' <Latency = 0> <II = 1> <Delay = 1.05> <Storage> <Opcode : 'read' 'write' 'nbread' 'nbwrite'> <Ports = 0> <Width = 16> <Depth = 73> <FIFO>
ST_3 : Operation 115 [1/1] (1.05ns)   --->   "%data_save_V_35 = read i16 @_ssdm_op_Read.ap_fifo.volatile.i16P0A, i16 %layer20_out_32" [/home/biloba/Documents/Repositories/A3D3-Neuro-Demo/LFADS-2023_12_19_U55C_Full_LFADS/src/nnet_utils/nnet_sepconv1d_array_stream.h:67]   --->   Operation 115 'read' 'data_save_V_35' <Predicate = true> <Delay = 1.05> <CoreInst = "FIFO">   --->   Core 78 'FIFO' <Latency = 0> <II = 1> <Delay = 1.05> <Storage> <Opcode : 'read' 'write' 'nbread' 'nbwrite'> <Ports = 0> <Width = 16> <Depth = 73> <FIFO>
ST_3 : Operation 116 [1/1] (1.05ns)   --->   "%data_save_V_36 = read i16 @_ssdm_op_Read.ap_fifo.volatile.i16P0A, i16 %layer20_out_33" [/home/biloba/Documents/Repositories/A3D3-Neuro-Demo/LFADS-2023_12_19_U55C_Full_LFADS/src/nnet_utils/nnet_sepconv1d_array_stream.h:67]   --->   Operation 116 'read' 'data_save_V_36' <Predicate = true> <Delay = 1.05> <CoreInst = "FIFO">   --->   Core 78 'FIFO' <Latency = 0> <II = 1> <Delay = 1.05> <Storage> <Opcode : 'read' 'write' 'nbread' 'nbwrite'> <Ports = 0> <Width = 16> <Depth = 73> <FIFO>
ST_3 : Operation 117 [1/1] (1.05ns)   --->   "%data_save_V_37 = read i16 @_ssdm_op_Read.ap_fifo.volatile.i16P0A, i16 %layer20_out_34" [/home/biloba/Documents/Repositories/A3D3-Neuro-Demo/LFADS-2023_12_19_U55C_Full_LFADS/src/nnet_utils/nnet_sepconv1d_array_stream.h:67]   --->   Operation 117 'read' 'data_save_V_37' <Predicate = true> <Delay = 1.05> <CoreInst = "FIFO">   --->   Core 78 'FIFO' <Latency = 0> <II = 1> <Delay = 1.05> <Storage> <Opcode : 'read' 'write' 'nbread' 'nbwrite'> <Ports = 0> <Width = 16> <Depth = 73> <FIFO>
ST_3 : Operation 118 [1/1] (1.05ns)   --->   "%data_save_V_38 = read i16 @_ssdm_op_Read.ap_fifo.volatile.i16P0A, i16 %layer20_out_35" [/home/biloba/Documents/Repositories/A3D3-Neuro-Demo/LFADS-2023_12_19_U55C_Full_LFADS/src/nnet_utils/nnet_sepconv1d_array_stream.h:67]   --->   Operation 118 'read' 'data_save_V_38' <Predicate = true> <Delay = 1.05> <CoreInst = "FIFO">   --->   Core 78 'FIFO' <Latency = 0> <II = 1> <Delay = 1.05> <Storage> <Opcode : 'read' 'write' 'nbread' 'nbwrite'> <Ports = 0> <Width = 16> <Depth = 73> <FIFO>
ST_3 : Operation 119 [1/1] (1.05ns)   --->   "%data_save_V_39 = read i16 @_ssdm_op_Read.ap_fifo.volatile.i16P0A, i16 %layer20_out_36" [/home/biloba/Documents/Repositories/A3D3-Neuro-Demo/LFADS-2023_12_19_U55C_Full_LFADS/src/nnet_utils/nnet_sepconv1d_array_stream.h:67]   --->   Operation 119 'read' 'data_save_V_39' <Predicate = true> <Delay = 1.05> <CoreInst = "FIFO">   --->   Core 78 'FIFO' <Latency = 0> <II = 1> <Delay = 1.05> <Storage> <Opcode : 'read' 'write' 'nbread' 'nbwrite'> <Ports = 0> <Width = 16> <Depth = 73> <FIFO>
ST_3 : Operation 120 [1/1] (1.05ns)   --->   "%data_save_V_40 = read i16 @_ssdm_op_Read.ap_fifo.volatile.i16P0A, i16 %layer20_out_37" [/home/biloba/Documents/Repositories/A3D3-Neuro-Demo/LFADS-2023_12_19_U55C_Full_LFADS/src/nnet_utils/nnet_sepconv1d_array_stream.h:67]   --->   Operation 120 'read' 'data_save_V_40' <Predicate = true> <Delay = 1.05> <CoreInst = "FIFO">   --->   Core 78 'FIFO' <Latency = 0> <II = 1> <Delay = 1.05> <Storage> <Opcode : 'read' 'write' 'nbread' 'nbwrite'> <Ports = 0> <Width = 16> <Depth = 73> <FIFO>
ST_3 : Operation 121 [1/1] (1.05ns)   --->   "%data_save_V_41 = read i16 @_ssdm_op_Read.ap_fifo.volatile.i16P0A, i16 %layer20_out_38" [/home/biloba/Documents/Repositories/A3D3-Neuro-Demo/LFADS-2023_12_19_U55C_Full_LFADS/src/nnet_utils/nnet_sepconv1d_array_stream.h:67]   --->   Operation 121 'read' 'data_save_V_41' <Predicate = true> <Delay = 1.05> <CoreInst = "FIFO">   --->   Core 78 'FIFO' <Latency = 0> <II = 1> <Delay = 1.05> <Storage> <Opcode : 'read' 'write' 'nbread' 'nbwrite'> <Ports = 0> <Width = 16> <Depth = 73> <FIFO>
ST_3 : Operation 122 [1/1] (1.05ns)   --->   "%data_save_V_42 = read i16 @_ssdm_op_Read.ap_fifo.volatile.i16P0A, i16 %layer20_out_39" [/home/biloba/Documents/Repositories/A3D3-Neuro-Demo/LFADS-2023_12_19_U55C_Full_LFADS/src/nnet_utils/nnet_sepconv1d_array_stream.h:67]   --->   Operation 122 'read' 'data_save_V_42' <Predicate = true> <Delay = 1.05> <CoreInst = "FIFO">   --->   Core 78 'FIFO' <Latency = 0> <II = 1> <Delay = 1.05> <Storage> <Opcode : 'read' 'write' 'nbread' 'nbwrite'> <Ports = 0> <Width = 16> <Depth = 73> <FIFO>
ST_3 : Operation 123 [1/1] (1.05ns)   --->   "%data_save_V_43 = read i16 @_ssdm_op_Read.ap_fifo.volatile.i16P0A, i16 %layer20_out_40" [/home/biloba/Documents/Repositories/A3D3-Neuro-Demo/LFADS-2023_12_19_U55C_Full_LFADS/src/nnet_utils/nnet_sepconv1d_array_stream.h:67]   --->   Operation 123 'read' 'data_save_V_43' <Predicate = true> <Delay = 1.05> <CoreInst = "FIFO">   --->   Core 78 'FIFO' <Latency = 0> <II = 1> <Delay = 1.05> <Storage> <Opcode : 'read' 'write' 'nbread' 'nbwrite'> <Ports = 0> <Width = 16> <Depth = 73> <FIFO>
ST_3 : Operation 124 [1/1] (1.05ns)   --->   "%data_save_V_44 = read i16 @_ssdm_op_Read.ap_fifo.volatile.i16P0A, i16 %layer20_out_41" [/home/biloba/Documents/Repositories/A3D3-Neuro-Demo/LFADS-2023_12_19_U55C_Full_LFADS/src/nnet_utils/nnet_sepconv1d_array_stream.h:67]   --->   Operation 124 'read' 'data_save_V_44' <Predicate = true> <Delay = 1.05> <CoreInst = "FIFO">   --->   Core 78 'FIFO' <Latency = 0> <II = 1> <Delay = 1.05> <Storage> <Opcode : 'read' 'write' 'nbread' 'nbwrite'> <Ports = 0> <Width = 16> <Depth = 73> <FIFO>
ST_3 : Operation 125 [1/1] (1.05ns)   --->   "%data_save_V_45 = read i16 @_ssdm_op_Read.ap_fifo.volatile.i16P0A, i16 %layer20_out_42" [/home/biloba/Documents/Repositories/A3D3-Neuro-Demo/LFADS-2023_12_19_U55C_Full_LFADS/src/nnet_utils/nnet_sepconv1d_array_stream.h:67]   --->   Operation 125 'read' 'data_save_V_45' <Predicate = true> <Delay = 1.05> <CoreInst = "FIFO">   --->   Core 78 'FIFO' <Latency = 0> <II = 1> <Delay = 1.05> <Storage> <Opcode : 'read' 'write' 'nbread' 'nbwrite'> <Ports = 0> <Width = 16> <Depth = 73> <FIFO>
ST_3 : Operation 126 [1/1] (1.05ns)   --->   "%data_save_V_46 = read i16 @_ssdm_op_Read.ap_fifo.volatile.i16P0A, i16 %layer20_out_43" [/home/biloba/Documents/Repositories/A3D3-Neuro-Demo/LFADS-2023_12_19_U55C_Full_LFADS/src/nnet_utils/nnet_sepconv1d_array_stream.h:67]   --->   Operation 126 'read' 'data_save_V_46' <Predicate = true> <Delay = 1.05> <CoreInst = "FIFO">   --->   Core 78 'FIFO' <Latency = 0> <II = 1> <Delay = 1.05> <Storage> <Opcode : 'read' 'write' 'nbread' 'nbwrite'> <Ports = 0> <Width = 16> <Depth = 73> <FIFO>
ST_3 : Operation 127 [1/1] (1.05ns)   --->   "%data_save_V_47 = read i16 @_ssdm_op_Read.ap_fifo.volatile.i16P0A, i16 %layer20_out_44" [/home/biloba/Documents/Repositories/A3D3-Neuro-Demo/LFADS-2023_12_19_U55C_Full_LFADS/src/nnet_utils/nnet_sepconv1d_array_stream.h:67]   --->   Operation 127 'read' 'data_save_V_47' <Predicate = true> <Delay = 1.05> <CoreInst = "FIFO">   --->   Core 78 'FIFO' <Latency = 0> <II = 1> <Delay = 1.05> <Storage> <Opcode : 'read' 'write' 'nbread' 'nbwrite'> <Ports = 0> <Width = 16> <Depth = 73> <FIFO>
ST_3 : Operation 128 [1/1] (1.05ns)   --->   "%data_save_V_48 = read i16 @_ssdm_op_Read.ap_fifo.volatile.i16P0A, i16 %layer20_out_45" [/home/biloba/Documents/Repositories/A3D3-Neuro-Demo/LFADS-2023_12_19_U55C_Full_LFADS/src/nnet_utils/nnet_sepconv1d_array_stream.h:67]   --->   Operation 128 'read' 'data_save_V_48' <Predicate = true> <Delay = 1.05> <CoreInst = "FIFO">   --->   Core 78 'FIFO' <Latency = 0> <II = 1> <Delay = 1.05> <Storage> <Opcode : 'read' 'write' 'nbread' 'nbwrite'> <Ports = 0> <Width = 16> <Depth = 73> <FIFO>
ST_3 : Operation 129 [1/1] (1.05ns)   --->   "%data_save_V_49 = read i16 @_ssdm_op_Read.ap_fifo.volatile.i16P0A, i16 %layer20_out_46" [/home/biloba/Documents/Repositories/A3D3-Neuro-Demo/LFADS-2023_12_19_U55C_Full_LFADS/src/nnet_utils/nnet_sepconv1d_array_stream.h:67]   --->   Operation 129 'read' 'data_save_V_49' <Predicate = true> <Delay = 1.05> <CoreInst = "FIFO">   --->   Core 78 'FIFO' <Latency = 0> <II = 1> <Delay = 1.05> <Storage> <Opcode : 'read' 'write' 'nbread' 'nbwrite'> <Ports = 0> <Width = 16> <Depth = 73> <FIFO>
ST_3 : Operation 130 [1/1] (1.05ns)   --->   "%data_save_V_50 = read i16 @_ssdm_op_Read.ap_fifo.volatile.i16P0A, i16 %layer20_out_47" [/home/biloba/Documents/Repositories/A3D3-Neuro-Demo/LFADS-2023_12_19_U55C_Full_LFADS/src/nnet_utils/nnet_sepconv1d_array_stream.h:67]   --->   Operation 130 'read' 'data_save_V_50' <Predicate = true> <Delay = 1.05> <CoreInst = "FIFO">   --->   Core 78 'FIFO' <Latency = 0> <II = 1> <Delay = 1.05> <Storage> <Opcode : 'read' 'write' 'nbread' 'nbwrite'> <Ports = 0> <Width = 16> <Depth = 73> <FIFO>
ST_3 : Operation 131 [1/1] (1.05ns)   --->   "%data_save_V_51 = read i16 @_ssdm_op_Read.ap_fifo.volatile.i16P0A, i16 %layer20_out_48" [/home/biloba/Documents/Repositories/A3D3-Neuro-Demo/LFADS-2023_12_19_U55C_Full_LFADS/src/nnet_utils/nnet_sepconv1d_array_stream.h:67]   --->   Operation 131 'read' 'data_save_V_51' <Predicate = true> <Delay = 1.05> <CoreInst = "FIFO">   --->   Core 78 'FIFO' <Latency = 0> <II = 1> <Delay = 1.05> <Storage> <Opcode : 'read' 'write' 'nbread' 'nbwrite'> <Ports = 0> <Width = 16> <Depth = 73> <FIFO>
ST_3 : Operation 132 [1/1] (1.05ns)   --->   "%data_save_V_52 = read i16 @_ssdm_op_Read.ap_fifo.volatile.i16P0A, i16 %layer20_out_49" [/home/biloba/Documents/Repositories/A3D3-Neuro-Demo/LFADS-2023_12_19_U55C_Full_LFADS/src/nnet_utils/nnet_sepconv1d_array_stream.h:67]   --->   Operation 132 'read' 'data_save_V_52' <Predicate = true> <Delay = 1.05> <CoreInst = "FIFO">   --->   Core 78 'FIFO' <Latency = 0> <II = 1> <Delay = 1.05> <Storage> <Opcode : 'read' 'write' 'nbread' 'nbwrite'> <Ports = 0> <Width = 16> <Depth = 73> <FIFO>
ST_3 : Operation 133 [1/1] (1.05ns)   --->   "%data_save_V_53 = read i16 @_ssdm_op_Read.ap_fifo.volatile.i16P0A, i16 %layer20_out_50" [/home/biloba/Documents/Repositories/A3D3-Neuro-Demo/LFADS-2023_12_19_U55C_Full_LFADS/src/nnet_utils/nnet_sepconv1d_array_stream.h:67]   --->   Operation 133 'read' 'data_save_V_53' <Predicate = true> <Delay = 1.05> <CoreInst = "FIFO">   --->   Core 78 'FIFO' <Latency = 0> <II = 1> <Delay = 1.05> <Storage> <Opcode : 'read' 'write' 'nbread' 'nbwrite'> <Ports = 0> <Width = 16> <Depth = 73> <FIFO>
ST_3 : Operation 134 [1/1] (1.05ns)   --->   "%data_save_V_54 = read i16 @_ssdm_op_Read.ap_fifo.volatile.i16P0A, i16 %layer20_out_51" [/home/biloba/Documents/Repositories/A3D3-Neuro-Demo/LFADS-2023_12_19_U55C_Full_LFADS/src/nnet_utils/nnet_sepconv1d_array_stream.h:67]   --->   Operation 134 'read' 'data_save_V_54' <Predicate = true> <Delay = 1.05> <CoreInst = "FIFO">   --->   Core 78 'FIFO' <Latency = 0> <II = 1> <Delay = 1.05> <Storage> <Opcode : 'read' 'write' 'nbread' 'nbwrite'> <Ports = 0> <Width = 16> <Depth = 73> <FIFO>
ST_3 : Operation 135 [1/1] (1.05ns)   --->   "%data_save_V_55 = read i16 @_ssdm_op_Read.ap_fifo.volatile.i16P0A, i16 %layer20_out_52" [/home/biloba/Documents/Repositories/A3D3-Neuro-Demo/LFADS-2023_12_19_U55C_Full_LFADS/src/nnet_utils/nnet_sepconv1d_array_stream.h:67]   --->   Operation 135 'read' 'data_save_V_55' <Predicate = true> <Delay = 1.05> <CoreInst = "FIFO">   --->   Core 78 'FIFO' <Latency = 0> <II = 1> <Delay = 1.05> <Storage> <Opcode : 'read' 'write' 'nbread' 'nbwrite'> <Ports = 0> <Width = 16> <Depth = 73> <FIFO>
ST_3 : Operation 136 [1/1] (1.05ns)   --->   "%data_save_V_56 = read i16 @_ssdm_op_Read.ap_fifo.volatile.i16P0A, i16 %layer20_out_53" [/home/biloba/Documents/Repositories/A3D3-Neuro-Demo/LFADS-2023_12_19_U55C_Full_LFADS/src/nnet_utils/nnet_sepconv1d_array_stream.h:67]   --->   Operation 136 'read' 'data_save_V_56' <Predicate = true> <Delay = 1.05> <CoreInst = "FIFO">   --->   Core 78 'FIFO' <Latency = 0> <II = 1> <Delay = 1.05> <Storage> <Opcode : 'read' 'write' 'nbread' 'nbwrite'> <Ports = 0> <Width = 16> <Depth = 73> <FIFO>
ST_3 : Operation 137 [1/1] (1.05ns)   --->   "%data_save_V_57 = read i16 @_ssdm_op_Read.ap_fifo.volatile.i16P0A, i16 %layer20_out_54" [/home/biloba/Documents/Repositories/A3D3-Neuro-Demo/LFADS-2023_12_19_U55C_Full_LFADS/src/nnet_utils/nnet_sepconv1d_array_stream.h:67]   --->   Operation 137 'read' 'data_save_V_57' <Predicate = true> <Delay = 1.05> <CoreInst = "FIFO">   --->   Core 78 'FIFO' <Latency = 0> <II = 1> <Delay = 1.05> <Storage> <Opcode : 'read' 'write' 'nbread' 'nbwrite'> <Ports = 0> <Width = 16> <Depth = 73> <FIFO>
ST_3 : Operation 138 [1/1] (1.05ns)   --->   "%data_save_V_58 = read i16 @_ssdm_op_Read.ap_fifo.volatile.i16P0A, i16 %layer20_out_55" [/home/biloba/Documents/Repositories/A3D3-Neuro-Demo/LFADS-2023_12_19_U55C_Full_LFADS/src/nnet_utils/nnet_sepconv1d_array_stream.h:67]   --->   Operation 138 'read' 'data_save_V_58' <Predicate = true> <Delay = 1.05> <CoreInst = "FIFO">   --->   Core 78 'FIFO' <Latency = 0> <II = 1> <Delay = 1.05> <Storage> <Opcode : 'read' 'write' 'nbread' 'nbwrite'> <Ports = 0> <Width = 16> <Depth = 73> <FIFO>
ST_3 : Operation 139 [1/1] (1.05ns)   --->   "%data_save_V_59 = read i16 @_ssdm_op_Read.ap_fifo.volatile.i16P0A, i16 %layer20_out_56" [/home/biloba/Documents/Repositories/A3D3-Neuro-Demo/LFADS-2023_12_19_U55C_Full_LFADS/src/nnet_utils/nnet_sepconv1d_array_stream.h:67]   --->   Operation 139 'read' 'data_save_V_59' <Predicate = true> <Delay = 1.05> <CoreInst = "FIFO">   --->   Core 78 'FIFO' <Latency = 0> <II = 1> <Delay = 1.05> <Storage> <Opcode : 'read' 'write' 'nbread' 'nbwrite'> <Ports = 0> <Width = 16> <Depth = 73> <FIFO>
ST_3 : Operation 140 [1/1] (1.05ns)   --->   "%data_save_V_60 = read i16 @_ssdm_op_Read.ap_fifo.volatile.i16P0A, i16 %layer20_out_57" [/home/biloba/Documents/Repositories/A3D3-Neuro-Demo/LFADS-2023_12_19_U55C_Full_LFADS/src/nnet_utils/nnet_sepconv1d_array_stream.h:67]   --->   Operation 140 'read' 'data_save_V_60' <Predicate = true> <Delay = 1.05> <CoreInst = "FIFO">   --->   Core 78 'FIFO' <Latency = 0> <II = 1> <Delay = 1.05> <Storage> <Opcode : 'read' 'write' 'nbread' 'nbwrite'> <Ports = 0> <Width = 16> <Depth = 73> <FIFO>
ST_3 : Operation 141 [1/1] (1.05ns)   --->   "%data_save_V_61 = read i16 @_ssdm_op_Read.ap_fifo.volatile.i16P0A, i16 %layer20_out_58" [/home/biloba/Documents/Repositories/A3D3-Neuro-Demo/LFADS-2023_12_19_U55C_Full_LFADS/src/nnet_utils/nnet_sepconv1d_array_stream.h:67]   --->   Operation 141 'read' 'data_save_V_61' <Predicate = true> <Delay = 1.05> <CoreInst = "FIFO">   --->   Core 78 'FIFO' <Latency = 0> <II = 1> <Delay = 1.05> <Storage> <Opcode : 'read' 'write' 'nbread' 'nbwrite'> <Ports = 0> <Width = 16> <Depth = 73> <FIFO>
ST_3 : Operation 142 [1/1] (1.05ns)   --->   "%data_save_V_62 = read i16 @_ssdm_op_Read.ap_fifo.volatile.i16P0A, i16 %layer20_out_59" [/home/biloba/Documents/Repositories/A3D3-Neuro-Demo/LFADS-2023_12_19_U55C_Full_LFADS/src/nnet_utils/nnet_sepconv1d_array_stream.h:67]   --->   Operation 142 'read' 'data_save_V_62' <Predicate = true> <Delay = 1.05> <CoreInst = "FIFO">   --->   Core 78 'FIFO' <Latency = 0> <II = 1> <Delay = 1.05> <Storage> <Opcode : 'read' 'write' 'nbread' 'nbwrite'> <Ports = 0> <Width = 16> <Depth = 73> <FIFO>
ST_3 : Operation 143 [1/1] (1.05ns)   --->   "%data_save_V_63 = read i16 @_ssdm_op_Read.ap_fifo.volatile.i16P0A, i16 %layer20_out_60" [/home/biloba/Documents/Repositories/A3D3-Neuro-Demo/LFADS-2023_12_19_U55C_Full_LFADS/src/nnet_utils/nnet_sepconv1d_array_stream.h:67]   --->   Operation 143 'read' 'data_save_V_63' <Predicate = true> <Delay = 1.05> <CoreInst = "FIFO">   --->   Core 78 'FIFO' <Latency = 0> <II = 1> <Delay = 1.05> <Storage> <Opcode : 'read' 'write' 'nbread' 'nbwrite'> <Ports = 0> <Width = 16> <Depth = 73> <FIFO>
ST_3 : Operation 144 [1/1] (1.05ns)   --->   "%data_save_V_64 = read i16 @_ssdm_op_Read.ap_fifo.volatile.i16P0A, i16 %layer20_out_61" [/home/biloba/Documents/Repositories/A3D3-Neuro-Demo/LFADS-2023_12_19_U55C_Full_LFADS/src/nnet_utils/nnet_sepconv1d_array_stream.h:67]   --->   Operation 144 'read' 'data_save_V_64' <Predicate = true> <Delay = 1.05> <CoreInst = "FIFO">   --->   Core 78 'FIFO' <Latency = 0> <II = 1> <Delay = 1.05> <Storage> <Opcode : 'read' 'write' 'nbread' 'nbwrite'> <Ports = 0> <Width = 16> <Depth = 73> <FIFO>
ST_3 : Operation 145 [1/1] (1.05ns)   --->   "%data_save_V_65 = read i16 @_ssdm_op_Read.ap_fifo.volatile.i16P0A, i16 %layer20_out_62" [/home/biloba/Documents/Repositories/A3D3-Neuro-Demo/LFADS-2023_12_19_U55C_Full_LFADS/src/nnet_utils/nnet_sepconv1d_array_stream.h:67]   --->   Operation 145 'read' 'data_save_V_65' <Predicate = true> <Delay = 1.05> <CoreInst = "FIFO">   --->   Core 78 'FIFO' <Latency = 0> <II = 1> <Delay = 1.05> <Storage> <Opcode : 'read' 'write' 'nbread' 'nbwrite'> <Ports = 0> <Width = 16> <Depth = 73> <FIFO>
ST_3 : Operation 146 [1/1] (1.05ns)   --->   "%data_save_V_66 = read i16 @_ssdm_op_Read.ap_fifo.volatile.i16P0A, i16 %layer20_out_63" [/home/biloba/Documents/Repositories/A3D3-Neuro-Demo/LFADS-2023_12_19_U55C_Full_LFADS/src/nnet_utils/nnet_sepconv1d_array_stream.h:67]   --->   Operation 146 'read' 'data_save_V_66' <Predicate = true> <Delay = 1.05> <CoreInst = "FIFO">   --->   Core 78 'FIFO' <Latency = 0> <II = 1> <Delay = 1.05> <Storage> <Opcode : 'read' 'write' 'nbread' 'nbwrite'> <Ports = 0> <Width = 16> <Depth = 73> <FIFO>
ST_3 : Operation 147 [2/2] (1.67ns)   --->   "%call_ret = call i64 @dense_resource<ap_fixed,ap_fixed<16,6,5,3,0>,config26_mult>, i16 %data_save_V, i16 %data_save_V_4, i16 %data_save_V_5, i16 %data_save_V_6, i16 %data_save_V_7, i16 %data_save_V_8, i16 %data_save_V_9, i16 %data_save_V_10, i16 %data_save_V_11, i16 %data_save_V_12, i16 %data_save_V_13, i16 %data_save_V_14, i16 %data_save_V_15, i16 %data_save_V_16, i16 %data_save_V_17, i16 %data_save_V_18, i16 %data_save_V_19, i16 %data_save_V_20, i16 %data_save_V_21, i16 %data_save_V_22, i16 %data_save_V_23, i16 %data_save_V_24, i16 %data_save_V_25, i16 %data_save_V_26, i16 %data_save_V_27, i16 %data_save_V_28, i16 %data_save_V_29, i16 %data_save_V_30, i16 %data_save_V_31, i16 %data_save_V_32, i16 %data_save_V_33, i16 %data_save_V_34, i16 %data_save_V_35, i16 %data_save_V_36, i16 %data_save_V_37, i16 %data_save_V_38, i16 %data_save_V_39, i16 %data_save_V_40, i16 %data_save_V_41, i16 %data_save_V_42, i16 %data_save_V_43, i16 %data_save_V_44, i16 %data_save_V_45, i16 %data_save_V_46, i16 %data_save_V_47, i16 %data_save_V_48, i16 %data_save_V_49, i16 %data_save_V_50, i16 %data_save_V_51, i16 %data_save_V_52, i16 %data_save_V_53, i16 %data_save_V_54, i16 %data_save_V_55, i16 %data_save_V_56, i16 %data_save_V_57, i16 %data_save_V_58, i16 %data_save_V_59, i16 %data_save_V_60, i16 %data_save_V_61, i16 %data_save_V_62, i16 %data_save_V_63, i16 %data_save_V_64, i16 %data_save_V_65, i16 %data_save_V_66" [/home/biloba/Documents/Repositories/A3D3-Neuro-Demo/LFADS-2023_12_19_U55C_Full_LFADS/src/nnet_utils/nnet_sepconv1d_array_stream.h:34]   --->   Operation 147 'call' 'call_ret' <Predicate = true> <Delay = 1.67> <CoreType = "Generic">   --->   Core 0 '' <Latency = 0> <II = 1> <Delay = 1.00> <Generic> <Opcode : >

State 4 <SV = 3> <Delay = 2.37>
ST_4 : Operation 148 [1/1] (0.00ns)   --->   "%specloopname_ln59 = specloopname void @_ssdm_op_SpecLoopName, void @empty_3" [/home/biloba/Documents/Repositories/A3D3-Neuro-Demo/LFADS-2023_12_19_U55C_Full_LFADS/src/nnet_utils/nnet_sepconv1d_array_stream.h:59]   --->   Operation 148 'specloopname' 'specloopname_ln59' <Predicate = true> <Delay = 0.00>
ST_4 : Operation 149 [1/2] (1.32ns)   --->   "%call_ret = call i64 @dense_resource<ap_fixed,ap_fixed<16,6,5,3,0>,config26_mult>, i16 %data_save_V, i16 %data_save_V_4, i16 %data_save_V_5, i16 %data_save_V_6, i16 %data_save_V_7, i16 %data_save_V_8, i16 %data_save_V_9, i16 %data_save_V_10, i16 %data_save_V_11, i16 %data_save_V_12, i16 %data_save_V_13, i16 %data_save_V_14, i16 %data_save_V_15, i16 %data_save_V_16, i16 %data_save_V_17, i16 %data_save_V_18, i16 %data_save_V_19, i16 %data_save_V_20, i16 %data_save_V_21, i16 %data_save_V_22, i16 %data_save_V_23, i16 %data_save_V_24, i16 %data_save_V_25, i16 %data_save_V_26, i16 %data_save_V_27, i16 %data_save_V_28, i16 %data_save_V_29, i16 %data_save_V_30, i16 %data_save_V_31, i16 %data_save_V_32, i16 %data_save_V_33, i16 %data_save_V_34, i16 %data_save_V_35, i16 %data_save_V_36, i16 %data_save_V_37, i16 %data_save_V_38, i16 %data_save_V_39, i16 %data_save_V_40, i16 %data_save_V_41, i16 %data_save_V_42, i16 %data_save_V_43, i16 %data_save_V_44, i16 %data_save_V_45, i16 %data_save_V_46, i16 %data_save_V_47, i16 %data_save_V_48, i16 %data_save_V_49, i16 %data_save_V_50, i16 %data_save_V_51, i16 %data_save_V_52, i16 %data_save_V_53, i16 %data_save_V_54, i16 %data_save_V_55, i16 %data_save_V_56, i16 %data_save_V_57, i16 %data_save_V_58, i16 %data_save_V_59, i16 %data_save_V_60, i16 %data_save_V_61, i16 %data_save_V_62, i16 %data_save_V_63, i16 %data_save_V_64, i16 %data_save_V_65, i16 %data_save_V_66" [/home/biloba/Documents/Repositories/A3D3-Neuro-Demo/LFADS-2023_12_19_U55C_Full_LFADS/src/nnet_utils/nnet_sepconv1d_array_stream.h:34]   --->   Operation 149 'call' 'call_ret' <Predicate = true> <Delay = 1.32> <CoreType = "Generic">   --->   Core 0 '' <Latency = 0> <II = 1> <Delay = 1.00> <Generic> <Opcode : >
ST_4 : Operation 150 [1/1] (0.00ns)   --->   "%res_V = extractvalue i64 %call_ret" [/home/biloba/Documents/Repositories/A3D3-Neuro-Demo/LFADS-2023_12_19_U55C_Full_LFADS/src/nnet_utils/nnet_sepconv1d_array_stream.h:34]   --->   Operation 150 'extractvalue' 'res_V' <Predicate = true> <Delay = 0.00>
ST_4 : Operation 151 [1/1] (0.00ns)   --->   "%res_V_70 = extractvalue i64 %call_ret" [/home/biloba/Documents/Repositories/A3D3-Neuro-Demo/LFADS-2023_12_19_U55C_Full_LFADS/src/nnet_utils/nnet_sepconv1d_array_stream.h:34]   --->   Operation 151 'extractvalue' 'res_V_70' <Predicate = true> <Delay = 0.00>
ST_4 : Operation 152 [1/1] (0.00ns)   --->   "%res_V_71 = extractvalue i64 %call_ret" [/home/biloba/Documents/Repositories/A3D3-Neuro-Demo/LFADS-2023_12_19_U55C_Full_LFADS/src/nnet_utils/nnet_sepconv1d_array_stream.h:34]   --->   Operation 152 'extractvalue' 'res_V_71' <Predicate = true> <Delay = 0.00>
ST_4 : Operation 153 [1/1] (0.00ns)   --->   "%res_V_72 = extractvalue i64 %call_ret" [/home/biloba/Documents/Repositories/A3D3-Neuro-Demo/LFADS-2023_12_19_U55C_Full_LFADS/src/nnet_utils/nnet_sepconv1d_array_stream.h:34]   --->   Operation 153 'extractvalue' 'res_V_72' <Predicate = true> <Delay = 0.00>
ST_4 : Operation 154 [1/1] (1.05ns)   --->   "%write_ln39 = write void @_ssdm_op_Write.ap_fifo.volatile.i16P0A, i16 %layer26_out_0, i16 %res_V" [/home/biloba/Documents/Repositories/A3D3-Neuro-Demo/LFADS-2023_12_19_U55C_Full_LFADS/src/nnet_utils/nnet_sepconv1d_array_stream.h:39]   --->   Operation 154 'write' 'write_ln39' <Predicate = true> <Delay = 1.05> <CoreInst = "FIFO">   --->   Core 78 'FIFO' <Latency = 0> <II = 1> <Delay = 1.05> <Storage> <Opcode : 'read' 'write' 'nbread' 'nbwrite'> <Ports = 0> <Width = 16> <Depth = 73> <FIFO>
ST_4 : Operation 155 [1/1] (1.05ns)   --->   "%write_ln39 = write void @_ssdm_op_Write.ap_fifo.volatile.i16P0A, i16 %layer26_out_1, i16 %res_V_70" [/home/biloba/Documents/Repositories/A3D3-Neuro-Demo/LFADS-2023_12_19_U55C_Full_LFADS/src/nnet_utils/nnet_sepconv1d_array_stream.h:39]   --->   Operation 155 'write' 'write_ln39' <Predicate = true> <Delay = 1.05> <CoreInst = "FIFO">   --->   Core 78 'FIFO' <Latency = 0> <II = 1> <Delay = 1.05> <Storage> <Opcode : 'read' 'write' 'nbread' 'nbwrite'> <Ports = 0> <Width = 16> <Depth = 73> <FIFO>
ST_4 : Operation 156 [1/1] (1.05ns)   --->   "%write_ln39 = write void @_ssdm_op_Write.ap_fifo.volatile.i16P0A, i16 %layer26_out_2, i16 %res_V_71" [/home/biloba/Documents/Repositories/A3D3-Neuro-Demo/LFADS-2023_12_19_U55C_Full_LFADS/src/nnet_utils/nnet_sepconv1d_array_stream.h:39]   --->   Operation 156 'write' 'write_ln39' <Predicate = true> <Delay = 1.05> <CoreInst = "FIFO">   --->   Core 78 'FIFO' <Latency = 0> <II = 1> <Delay = 1.05> <Storage> <Opcode : 'read' 'write' 'nbread' 'nbwrite'> <Ports = 0> <Width = 16> <Depth = 73> <FIFO>
ST_4 : Operation 157 [1/1] (1.05ns)   --->   "%write_ln39 = write void @_ssdm_op_Write.ap_fifo.volatile.i16P0A, i16 %layer26_out_3, i16 %res_V_72" [/home/biloba/Documents/Repositories/A3D3-Neuro-Demo/LFADS-2023_12_19_U55C_Full_LFADS/src/nnet_utils/nnet_sepconv1d_array_stream.h:39]   --->   Operation 157 'write' 'write_ln39' <Predicate = true> <Delay = 1.05> <CoreInst = "FIFO">   --->   Core 78 'FIFO' <Latency = 0> <II = 1> <Delay = 1.05> <Storage> <Opcode : 'read' 'write' 'nbread' 'nbwrite'> <Ports = 0> <Width = 16> <Depth = 73> <FIFO>
ST_4 : Operation 158 [1/1] (0.00ns)   --->   "%br_ln59 = br void %for.body16.i" [/home/biloba/Documents/Repositories/A3D3-Neuro-Demo/LFADS-2023_12_19_U55C_Full_LFADS/src/nnet_utils/nnet_sepconv1d_array_stream.h:59]   --->   Operation 158 'br' 'br_ln59' <Predicate = true> <Delay = 0.00>


============================================================
+ Verbose Summary: Timing violations
============================================================
Target clock period: 4ns, clock uncertainty: 1.08ns.

 <State 1>: 0.387ns
The critical path consists of the following:
	'alloca' operation ('i_iw') [69]  (0 ns)
	'store' operation ('store_ln59', /home/biloba/Documents/Repositories/A3D3-Neuro-Demo/LFADS-2023_12_19_U55C_Full_LFADS/src/nnet_utils/nnet_sepconv1d_array_stream.h:59) of constant 0 on local variable 'i_iw' [138]  (0.387 ns)

 <State 2>: 1.09ns
The critical path consists of the following:
	'load' operation ('i_iw', /home/biloba/Documents/Repositories/A3D3-Neuro-Demo/LFADS-2023_12_19_U55C_Full_LFADS/src/nnet_utils/nnet_sepconv1d_array_stream.h:59) on local variable 'i_iw' [141]  (0 ns)
	'add' operation ('i_iw', /home/biloba/Documents/Repositories/A3D3-Neuro-Demo/LFADS-2023_12_19_U55C_Full_LFADS/src/nnet_utils/nnet_sepconv1d_array_stream.h:59) [144]  (0.706 ns)
	'store' operation ('store_ln59', /home/biloba/Documents/Repositories/A3D3-Neuro-Demo/LFADS-2023_12_19_U55C_Full_LFADS/src/nnet_utils/nnet_sepconv1d_array_stream.h:59) of variable 'i_iw', /home/biloba/Documents/Repositories/A3D3-Neuro-Demo/LFADS-2023_12_19_U55C_Full_LFADS/src/nnet_utils/nnet_sepconv1d_array_stream.h:59 on local variable 'i_iw' [221]  (0.387 ns)

 <State 3>: 2.73ns
The critical path consists of the following:
	fifo read operation ('data_save.V', /home/biloba/Documents/Repositories/A3D3-Neuro-Demo/LFADS-2023_12_19_U55C_Full_LFADS/src/nnet_utils/nnet_sepconv1d_array_stream.h:67) on port 'layer20_out_0' (/home/biloba/Documents/Repositories/A3D3-Neuro-Demo/LFADS-2023_12_19_U55C_Full_LFADS/src/nnet_utils/nnet_sepconv1d_array_stream.h:67) [148]  (1.06 ns)
	'call' operation ('call_ret', /home/biloba/Documents/Repositories/A3D3-Neuro-Demo/LFADS-2023_12_19_U55C_Full_LFADS/src/nnet_utils/nnet_sepconv1d_array_stream.h:34) to 'dense_resource<ap_fixed,ap_fixed<16,6,5,3,0>,config26_mult>' [212]  (1.67 ns)

 <State 4>: 2.38ns
The critical path consists of the following:
	'call' operation ('call_ret', /home/biloba/Documents/Repositories/A3D3-Neuro-Demo/LFADS-2023_12_19_U55C_Full_LFADS/src/nnet_utils/nnet_sepconv1d_array_stream.h:34) to 'dense_resource<ap_fixed,ap_fixed<16,6,5,3,0>,config26_mult>' [212]  (1.32 ns)
	fifo write operation ('write_ln39', /home/biloba/Documents/Repositories/A3D3-Neuro-Demo/LFADS-2023_12_19_U55C_Full_LFADS/src/nnet_utils/nnet_sepconv1d_array_stream.h:39) on port 'layer26_out_0' (/home/biloba/Documents/Repositories/A3D3-Neuro-Demo/LFADS-2023_12_19_U55C_Full_LFADS/src/nnet_utils/nnet_sepconv1d_array_stream.h:39) [217]  (1.06 ns)


============================================================
+ Verbose Summary: Binding
============================================================
N/A
* FSMD analyzer results:
  - Output states:
 - Input state : 
  - Chain level:
	State 1
	State 2
	State 3
	State 4


============================================================
+ Verbose Summary: Datapath Resource usage 
============================================================
N/A
